2018-07-22T09:35:18.511Z - error:  Error: No such file: C:\repos\nus-cs2103\website-base\schedule\week 1\index-flat.md
Missing reference in C:\repos\nus-cs2103\website-base\schedule\index-flat.md
    at Parser._preprocess (C:\Users\damithch\AppData\Roaming\npm\node_modules\markbind-cli\lib\markbind\lib\parser.js:136:21)
    at element.children.element.children.map.e (C:\Users\damithch\AppData\Roaming\npm\node_modules\markbind-cli\lib\markbind\lib\parser.js:245:57)
    at Array.map (<anonymous>)
    at Parser._preprocess (C:\Users\damithch\AppData\Roaming\npm\node_modules\markbind-cli\lib\markbind\lib\parser.js:245:43)
    at element.children.element.children.map.e (C:\Users\damithch\AppData\Roaming\npm\node_modules\markbind-cli\lib\markbind\lib\parser.js:245:57)
    at Array.map (<anonymous>)
    at Parser._preprocess (C:\Users\damithch\AppData\Roaming\npm\node_modules\markbind-cli\lib\markbind\lib\parser.js:245:43)
    at element.children.element.children.map.e (C:\Users\damithch\AppData\Roaming\npm\node_modules\markbind-cli\lib\markbind\lib\parser.js:245:57)
    at Array.map (<anonymous>)
    at Parser._preprocess (C:\Users\damithch\AppData\Roaming\npm\node_modules\markbind-cli\lib\markbind\lib\parser.js:245:43)
    at element.children.element.children.map.e (C:\Users\damithch\AppData\Roaming\npm\node_modules\markbind-cli\lib\markbind\lib\parser.js:245:57)
    at Array.map (<anonymous>)
    at Parser._preprocess (C:\Users\damithch\AppData\Roaming\npm\node_modules\markbind-cli\lib\markbind\lib\parser.js:245:43)
    at element.children.element.children.map.e (C:\Users\damithch\AppData\Roaming\npm\node_modules\markbind-cli\lib\markbind\lib\parser.js:230:57)
    at Array.map (<anonymous>)
    at Parser._preprocess (C:\Users\damithch\AppData\Roaming\npm\node_modules\markbind-cli\lib\markbind\lib\parser.js:230:43)
2018-07-22T09:35:18.511Z - error:  Error: No such file: C:\repos\nus-cs2103\website-base\schedule\week 2\index-flat.md
Missing reference in C:\repos\nus-cs2103\website-base\schedule\index-flat.md
    at Parser._preprocess (C:\Users\damithch\AppData\Roaming\npm\node_modules\markbind-cli\lib\markbind\lib\parser.js:136:21)
    at element.children.element.children.map.e (C:\Users\damithch\AppData\Roaming\npm\node_modules\markbind-cli\lib\markbind\lib\parser.js:245:57)
    at Array.map (<anonymous>)
    at Parser._preprocess (C:\Users\damithch\AppData\Roaming\npm\node_modules\markbind-cli\lib\markbind\lib\parser.js:245:43)
    at element.children.element.children.map.e (C:\Users\damithch\AppData\Roaming\npm\node_modules\markbind-cli\lib\markbind\lib\parser.js:245:57)
    at Array.map (<anonymous>)
    at Parser._preprocess (C:\Users\damithch\AppData\Roaming\npm\node_modules\markbind-cli\lib\markbind\lib\parser.js:245:43)
    at element.children.element.children.map.e (C:\Users\damithch\AppData\Roaming\npm\node_modules\markbind-cli\lib\markbind\lib\parser.js:245:57)
    at Array.map (<anonymous>)
    at Parser._preprocess (C:\Users\damithch\AppData\Roaming\npm\node_modules\markbind-cli\lib\markbind\lib\parser.js:245:43)
    at element.children.element.children.map.e (C:\Users\damithch\AppData\Roaming\npm\node_modules\markbind-cli\lib\markbind\lib\parser.js:245:57)
    at Array.map (<anonymous>)
    at Parser._preprocess (C:\Users\damithch\AppData\Roaming\npm\node_modules\markbind-cli\lib\markbind\lib\parser.js:245:43)
    at element.children.element.children.map.e (C:\Users\damithch\AppData\Roaming\npm\node_modules\markbind-cli\lib\markbind\lib\parser.js:245:57)
    at Array.map (<anonymous>)
    at Parser._preprocess (C:\Users\damithch\AppData\Roaming\npm\node_modules\markbind-cli\lib\markbind\lib\parser.js:245:43)
2018-07-22T09:35:20.493Z - error:  Error: No such file: C:\repos\nus-cs2103\website-base\schedule\week 1\index-flat.md
Missing reference in C:\repos\nus-cs2103\website-base\schedule\index-flat.md
    at Parser._preprocess (C:\Users\damithch\AppData\Roaming\npm\node_modules\markbind-cli\lib\markbind\lib\parser.js:136:21)
    at element.children.element.children.map.e (C:\Users\damithch\AppData\Roaming\npm\node_modules\markbind-cli\lib\markbind\lib\parser.js:245:57)
    at Array.map (<anonymous>)
    at Parser._preprocess (C:\Users\damithch\AppData\Roaming\npm\node_modules\markbind-cli\lib\markbind\lib\parser.js:245:43)
    at element.children.element.children.map.e (C:\Users\damithch\AppData\Roaming\npm\node_modules\markbind-cli\lib\markbind\lib\parser.js:245:57)
    at Array.map (<anonymous>)
    at Parser._preprocess (C:\Users\damithch\AppData\Roaming\npm\node_modules\markbind-cli\lib\markbind\lib\parser.js:245:43)
    at element.children.element.children.map.e (C:\Users\damithch\AppData\Roaming\npm\node_modules\markbind-cli\lib\markbind\lib\parser.js:245:57)
    at Array.map (<anonymous>)
    at Parser._preprocess (C:\Users\damithch\AppData\Roaming\npm\node_modules\markbind-cli\lib\markbind\lib\parser.js:245:43)
    at element.children.element.children.map.e (C:\Users\damithch\AppData\Roaming\npm\node_modules\markbind-cli\lib\markbind\lib\parser.js:245:57)
    at Array.map (<anonymous>)
    at Parser._preprocess (C:\Users\damithch\AppData\Roaming\npm\node_modules\markbind-cli\lib\markbind\lib\parser.js:245:43)
    at dom.map (C:\Users\damithch\AppData\Roaming\npm\node_modules\markbind-cli\lib\markbind\lib\parser.js:345:28)
    at Array.map (<anonymous>)
    at DomHandler.htmlparser.DomHandler [as _callback] (C:\Users\damithch\AppData\Roaming\npm\node_modules\markbind-cli\lib\markbind\lib\parser.js:342:25)
2018-07-22T09:35:20.493Z - error:  Error: No such file: C:\repos\nus-cs2103\website-base\schedule\week 2\index-flat.md
Missing reference in C:\repos\nus-cs2103\website-base\schedule\index-flat.md
    at Parser._preprocess (C:\Users\damithch\AppData\Roaming\npm\node_modules\markbind-cli\lib\markbind\lib\parser.js:136:21)
    at element.children.element.children.map.e (C:\Users\damithch\AppData\Roaming\npm\node_modules\markbind-cli\lib\markbind\lib\parser.js:245:57)
    at Array.map (<anonymous>)
    at Parser._preprocess (C:\Users\damithch\AppData\Roaming\npm\node_modules\markbind-cli\lib\markbind\lib\parser.js:245:43)
    at element.children.element.children.map.e (C:\Users\damithch\AppData\Roaming\npm\node_modules\markbind-cli\lib\markbind\lib\parser.js:245:57)
    at Array.map (<anonymous>)
    at Parser._preprocess (C:\Users\damithch\AppData\Roaming\npm\node_modules\markbind-cli\lib\markbind\lib\parser.js:245:43)
    at element.children.element.children.map.e (C:\Users\damithch\AppData\Roaming\npm\node_modules\markbind-cli\lib\markbind\lib\parser.js:245:57)
    at Array.map (<anonymous>)
    at Parser._preprocess (C:\Users\damithch\AppData\Roaming\npm\node_modules\markbind-cli\lib\markbind\lib\parser.js:245:43)
    at element.children.element.children.map.e (C:\Users\damithch\AppData\Roaming\npm\node_modules\markbind-cli\lib\markbind\lib\parser.js:245:57)
    at Array.map (<anonymous>)
    at Parser._preprocess (C:\Users\damithch\AppData\Roaming\npm\node_modules\markbind-cli\lib\markbind\lib\parser.js:245:43)
    at element.children.element.children.map.e (C:\Users\damithch\AppData\Roaming\npm\node_modules\markbind-cli\lib\markbind\lib\parser.js:245:57)
    at Array.map (<anonymous>)
    at Parser._preprocess (C:\Users\damithch\AppData\Roaming\npm\node_modules\markbind-cli\lib\markbind\lib\parser.js:245:43)
2018-07-22T09:36:20.844Z - info: Pages built
2018-07-22T09:36:20.905Z - info: Site data built
2018-07-22T09:36:20.905Z - info: Generate Site durationMs=89321
2018-07-22T09:36:20.936Z - info: Serving "C:\repos\nus-cs2103\website-base\_site" at http://127.0.0.1:8080
2018-07-22T09:36:20.936Z - info: Press CTRL+C to stop ...
2018-07-22T09:36:51.876Z - info: Reload for file change: C:\repos\nus-cs2103\website-base\schedule\index-flat.md
2018-07-22T09:36:52.946Z - verbose: Rebuild affected paths: C:\repos\nus-cs2103\website-base\schedule\index-flat.md
2018-07-22T09:36:52.950Z - info: Rebuilding 2 pages
2018-07-22T09:36:54.993Z - info: Reload for file change: C:\repos\nus-cs2103\website-base\schedule\index-flat.md
2018-07-22T09:37:14.620Z - info: Pages rebuilt
2018-07-22T09:37:14.640Z - info: Site data built
2018-07-22T09:37:14.860Z - verbose: Rebuild affected paths: C:\repos\nus-cs2103\website-base\schedule\index-flat.md
2018-07-22T09:37:14.860Z - info: Rebuilding 2 pages
2018-07-22T09:37:34.458Z - info: Pages rebuilt
2018-07-22T09:37:34.486Z - info: Site data built
2018-07-22T09:38:24.310Z - info: Reload for file deletion: C:\repos\nus-cs2103\website-base\schedule\index-flat.md
2018-07-22T09:38:25.312Z - verbose: Rebuild affected paths: C:\repos\nus-cs2103\website-base\schedule\index-flat.md
2018-07-22T09:38:25.312Z - info: Rebuilding 2 pages
2018-07-22T09:38:45.274Z - info: Pages rebuilt
2018-07-22T09:38:45.298Z - info: Site data built
2018-07-22T09:42:22.630Z - info: Reload for file add: C:\repos\nus-cs2103\website-base\schedule\index-flat.md
2018-07-22T09:42:23.638Z - verbose: Rebuild affected paths: C:\repos\nus-cs2103\website-base\schedule\index-flat.md
2018-07-22T09:42:23.642Z - info: Rebuilding 2 pages
2018-07-22T09:42:27.873Z - info: Pages rebuilt
2018-07-22T09:42:27.888Z - info: Site data built
2018-07-22T09:43:00.636Z - info: Reload for file change: C:\repos\nus-cs2103\website-base\schedule\index-flat.md
2018-07-22T09:43:01.651Z - verbose: Rebuild affected paths: C:\repos\nus-cs2103\website-base\schedule\index-flat.md
2018-07-22T09:43:01.655Z - info: Rebuilding 2 pages
2018-07-22T09:43:05.265Z - info: Pages rebuilt
2018-07-22T09:43:05.273Z - info: Site data built
2018-07-22T09:43:37.829Z - info: Reload for file change: C:\repos\nus-cs2103\website-base\schedule\index-flat.md
2018-07-22T09:43:38.834Z - verbose: Rebuild affected paths: C:\repos\nus-cs2103\website-base\schedule\index-flat.md
2018-07-22T09:43:38.834Z - info: Rebuilding 2 pages
2018-07-22T09:43:42.412Z - info: Pages rebuilt
2018-07-22T09:43:42.416Z - info: Site data built
2018-07-22T09:45:20.483Z - info: Reload for file change: C:\repos\nus-cs2103\website-base\schedule\index-flat.md
2018-07-22T09:45:21.491Z - verbose: Rebuild affected paths: C:\repos\nus-cs2103\website-base\schedule\index-flat.md
2018-07-22T09:45:21.531Z - info: Rebuilding 2 pages
2018-07-22T09:45:25.965Z - info: Pages rebuilt
2018-07-22T09:45:25.969Z - info: Site data built
2018-07-22T09:46:50.000Z - info: Reload for file change: C:\repos\nus-cs2103\website-base\schedule\index-flat.md
2018-07-22T09:46:51.007Z - verbose: Rebuild affected paths: C:\repos\nus-cs2103\website-base\schedule\index-flat.md
2018-07-22T09:46:51.007Z - info: Rebuilding 2 pages
2018-07-22T09:46:55.370Z - info: Pages rebuilt
2018-07-22T09:46:55.374Z - info: Site data built
2018-07-22T09:47:24.127Z - info: Reload for file change: C:\repos\nus-cs2103\website-base\schedule\index-flat.md
2018-07-22T09:47:25.138Z - verbose: Rebuild affected paths: C:\repos\nus-cs2103\website-base\schedule\index-flat.md
2018-07-22T09:47:25.142Z - info: Rebuilding 2 pages
2018-07-22T09:47:29.237Z - info: Pages rebuilt
2018-07-22T09:47:29.241Z - info: Site data built
2018-07-22T09:48:05.065Z - info: Reload for file change: C:\repos\nus-cs2103\website-base\schedule\index-flat.md
2018-07-22T09:48:05.113Z - info: Reload for file change: C:\repos\nus-cs2103\website-base\schedule\index.md
2018-07-22T09:48:06.073Z - verbose: Rebuild affected paths: C:\repos\nus-cs2103\website-base\schedule\index-flat.md,C:\repos\nus-cs2103\website-base\schedule\index.md
2018-07-22T09:48:06.077Z - info: Rebuilding 4 pages
2018-07-22T09:48:06.197Z - error:  Template render error: (unknown path)
  SyntaxError: Invalid or unexpected token
Error while preprocessing 'C:\repos\nus-cs2103\website-base\index.md'
    at Object._prettifyError (C:\Users\damithch\AppData\Roaming\npm\node_modules\markbind-cli\node_modules\nunjucks\src\lib.js:36:11)
    at Template.render (C:\Users\damithch\AppData\Roaming\npm\node_modules\markbind-cli\node_modules\nunjucks\src\environment.js:524:21)
    at Environment.renderString (C:\Users\damithch\AppData\Roaming\npm\node_modules\markbind-cli\node_modules\nunjucks\src\environment.js:362:17)
    at Object.renderString (C:\Users\damithch\AppData\Roaming\npm\node_modules\markbind-cli\node_modules\nunjucks\index.js:98:14)
    at Parser._preprocess (C:\Users\damithch\AppData\Roaming\npm\node_modules\markbind-cli\lib\markbind\lib\parser.js:192:28)
    at dom.map (C:\Users\damithch\AppData\Roaming\npm\node_modules\markbind-cli\lib\markbind\lib\parser.js:345:28)
    at Array.map (<anonymous>)
    at DomHandler.htmlparser.DomHandler [as _callback] (C:\Users\damithch\AppData\Roaming\npm\node_modules\markbind-cli\lib\markbind\lib\parser.js:342:25)
    at DomHandler._handleCallback.DomHandler.onerror (C:\Users\damithch\AppData\Roaming\npm\node_modules\markbind-cli\node_modules\domhandler\index.js:52:8)
    at DomHandler.onend (C:\Users\damithch\AppData\Roaming\npm\node_modules\markbind-cli\node_modules\domhandler\index.js:46:7)
    at Parser.onend (C:\Users\damithch\AppData\Roaming\npm\node_modules\markbind-cli\node_modules\htmlparser2\lib\Parser.js:310:32)
    at Tokenizer._finish (C:\Users\damithch\AppData\Roaming\npm\node_modules\markbind-cli\node_modules\htmlparser2\lib\Tokenizer.js:853:12)
    at Tokenizer.end (C:\Users\damithch\AppData\Roaming\npm\node_modules\markbind-cli\node_modules\htmlparser2\lib\Tokenizer.js:844:25)
    at Parser.end (C:\Users\damithch\AppData\Roaming\npm\node_modules\markbind-cli\node_modules\htmlparser2\lib\Parser.js:338:18)
    at Parser.parseComplete (C:\Users\damithch\AppData\Roaming\npm\node_modules\markbind-cli\node_modules\htmlparser2\lib\Parser.js:330:7)
    at fs.readFile (C:\Users\damithch\AppData\Roaming\npm\node_modules\markbind-cli\lib\markbind\lib\parser.js:381:16)
2018-07-22T09:48:07.481Z - error: uncaughtException: (unknown path)
  SyntaxError: Invalid or unexpected token date=Sun Jul 22 2018 17:48:07 GMT+0800 (Malay Peninsula Standard Time), pid=6008, uid=null, gid=null, cwd=C:\repos\nus-cs2103\website-base, execPath=C:\Program Files\nodejs\node.exe, version=v8.9.4, argv=[C:\Program Files\nodejs\node.exe, C:\Users\damithch\AppData\Roaming\npm\node_modules\markbind-cli\index.js, serve], rss=161705984, heapTotal=169914368, heapUsed=117479024, external=196299, loadavg=[0, 0, 0], uptime=193496.0104956
Template render error: (unknown path)
  SyntaxError: Invalid or unexpected token
    at Object._prettifyError (C:\Users\damithch\AppData\Roaming\npm\node_modules\markbind-cli\node_modules\nunjucks\src\lib.js:36:11)
    at Template.render (C:\Users\damithch\AppData\Roaming\npm\node_modules\markbind-cli\node_modules\nunjucks\src\environment.js:524:21)
    at Environment.renderString (C:\Users\damithch\AppData\Roaming\npm\node_modules\markbind-cli\node_modules\nunjucks\src\environment.js:362:17)
    at Object.renderString (C:\Users\damithch\AppData\Roaming\npm\node_modules\markbind-cli\node_modules\nunjucks\index.js:98:14)
    at fs.readFile (C:\Users\damithch\AppData\Roaming\npm\node_modules\markbind-cli\lib\markbind\lib\parser.js:377:36)
    at FSReqWrap.readFileAfterClose [as oncomplete] (fs.js:511:3)
2018-07-22T09:48:08.578Z - info: Reload for file change: C:\repos\nus-cs2103\website-base\schedule\index.md
2018-07-22T09:50:23.144Z - info: Pages built
2018-07-22T09:50:23.225Z - info: Site data built
2018-07-22T09:50:23.239Z - info: Generate Site durationMs=110925
2018-07-22T09:50:23.260Z - info: Serving "C:\repos\nus-cs2103\website-base\_site" at http://127.0.0.1:8080
2018-07-22T09:50:23.261Z - info: Press CTRL+C to stop ...
2018-07-22T09:52:19.461Z - info: Reload for file change: C:\repos\nus-cs2103\website-base\schedule\index-flat.md
2018-07-22T09:52:20.473Z - verbose: Rebuild affected paths: C:\repos\nus-cs2103\website-base\schedule\index-flat.md
2018-07-22T09:52:20.481Z - info: Rebuilding 2 pages
2018-07-22T09:52:25.472Z - info: Pages rebuilt
2018-07-22T09:52:25.484Z - info: Site data built
2018-07-22T10:27:31.029Z - info: Pages built
2018-07-22T10:27:31.109Z - info: Site data built
2018-07-22T10:27:31.121Z - info: Generate Site durationMs=91031
2018-07-22T10:27:31.141Z - info: Serving "C:\repos\nus-cs2103\website-base\_site" at http://127.0.0.1:8080
2018-07-22T10:27:31.141Z - info: Press CTRL+C to stop ...
2018-07-22T10:31:25.453Z - info: Reload for file change: C:\repos\nus-cs2103\website-base\common\outcomes.njk
2018-07-22T10:31:26.501Z - info: Assets built
2018-07-22T10:32:01.160Z - error: uncaughtException: Cannot read property 'toString' of null date=Sun Jul 22 2018 18:32:01 GMT+0800 (Malay Peninsula Standard Time), pid=1904, uid=null, gid=null, cwd=C:\repos\nus-cs2103\website-base, execPath=C:\Program Files\nodejs\node.exe, version=v8.9.4, argv=[C:\Program Files\nodejs\node.exe, C:\Users\damithch\AppData\Roaming\npm\node_modules\markbind-cli\index.js, serve], rss=155140096, heapTotal=132030464, heapUsed=66664336, external=296594, loadavg=[0, 0, 0], uptime=196129.6968818
TypeError: Cannot read property 'toString' of null
    at fs.readFile (C:\Users\damithch\AppData\Roaming\npm\node_modules\markbind-cli\lib\markbind\lib\parser.js:381:42)
    at FSReqWrap.readFileAfterClose [as oncomplete] (fs.js:511:3)
2018-07-22T10:34:18.188Z - info: Pages built
2018-07-22T10:34:18.258Z - info: Site data built
2018-07-22T10:34:18.271Z - info: Generate Site durationMs=105559
2018-07-22T10:34:18.290Z - info: Serving "C:\repos\nus-cs2103\website-base\_site" at http://127.0.0.1:8080
2018-07-22T10:34:18.291Z - info: Press CTRL+C to stop ...
2018-07-22T10:42:23.274Z - info: Reload for file change: C:\repos\nus-cs2103\website-base\common\outcomes.njk
2018-07-22T10:42:24.322Z - info: Assets built
2018-07-22T10:44:13.390Z - info: Pages built
2018-07-22T10:44:13.478Z - info: Site data built
2018-07-22T10:44:13.494Z - info: Generate Site durationMs=94318
2018-07-22T10:44:13.510Z - info: Serving "C:\repos\nus-cs2103\website-base\_site" at http://127.0.0.1:8080
2018-07-22T10:44:13.510Z - info: Press CTRL+C to stop ...
2018-07-22T10:44:15.478Z - info: Reload for file change: C:\repos\nus-cs2103\website-base\common\schedule-flat.njk
2018-07-22T10:44:18.446Z - info: Assets built
2018-07-22T10:48:09.948Z - info: Reload for file change: C:\repos\nus-cs2103\website-base\common\schedule-flat.njk
2018-07-22T10:48:11.004Z - info: Assets built
2018-07-22T10:49:55.565Z - info: Pages built
2018-07-22T10:49:55.641Z - info: Site data built
2018-07-22T10:49:55.653Z - info: Generate Site durationMs=87711
2018-07-22T10:49:55.673Z - info: Serving "C:\repos\nus-cs2103\website-base\_site" at http://127.0.0.1:8080
2018-07-22T10:49:55.673Z - info: Press CTRL+C to stop ...
2018-07-22T11:00:11.726Z - info: Pages built
2018-07-22T11:00:11.840Z - info: Site data built
2018-07-22T11:00:11.841Z - info: Build success!
2018-07-22T11:00:11.841Z - info: Generate Site durationMs=97940
2018-07-22T11:00:44.769Z - info: Deployed!
2018-07-22T11:12:18.610Z - info: Pages built
2018-07-22T11:12:18.710Z - info: Site data built
2018-07-22T11:12:18.722Z - info: Generate Site durationMs=102842
2018-07-22T11:12:18.746Z - info: Serving "C:\repos\nus-cs2103\website-base\_site" at http://127.0.0.1:8080
2018-07-22T11:12:18.746Z - info: Press CTRL+C to stop ...
2018-07-22T11:14:40.237Z - info: Reload for file change: C:\repos\nus-cs2103\website-base\book\about\usage.md
2018-07-22T11:14:41.260Z - verbose: Rebuild affected paths: C:\repos\nus-cs2103\website-base\book\about\usage.md
2018-07-22T11:14:41.260Z - info: Rebuilding 3 pages
2018-07-22T11:15:02.139Z - info: Pages rebuilt
2018-07-22T11:15:02.203Z - info: Site data built
