2018-06-28T13:45:44.316Z - info: Pages built
2018-06-28T13:45:44.369Z - info: Site data built
2018-06-28T13:45:44.377Z - info: Generate Site durationMs=44302
2018-06-28T13:45:44.396Z - info: Serving "C:\repos\nus-cs2103\website-base\_site" at http://127.0.0.1:8080
2018-06-28T13:45:44.396Z - info: Press CTRL+C to stop ...
2018-06-28T14:06:25.245Z - info: Reload for file change: C:\repos\nus-cs2103\website-base\schedule\week3\tutorial.md
2018-06-28T14:06:25.268Z - info: Reload for file change: C:\repos\nus-cs2103\website-base\admin\project-v15rc.md
2018-06-28T14:06:25.272Z - info: Reload for file change: C:\repos\nus-cs2103\website-base\admin\project-v15.md
2018-06-28T14:06:25.302Z - info: Reload for file change: C:\repos\nus-cs2103\website-base\admin\preliminaries.md
2018-06-28T14:06:25.316Z - info: Reload for file change: C:\repos\nus-cs2103\website-base\admin\appendixE-gitHub.md
2018-06-28T14:06:25.389Z - info: Reload for file change: C:\repos\nus-cs2103\website-base\admin\project-v10.md
2018-06-28T14:06:25.390Z - info: Reload for file change: C:\repos\nus-cs2103\website-base\admin\project-v11.md
2018-06-28T14:06:25.395Z - info: Reload for file change: C:\repos\nus-cs2103\website-base\book\modeling\introduction\what\text.md
2018-06-28T14:06:25.400Z - info: Reload for file change: C:\repos\nus-cs2103\website-base\schedule\evidence\project.md
2018-06-28T14:06:25.420Z - info: Reload for file change: C:\repos\nus-cs2103\website-base\schedule\evidence\submission.md
2018-06-28T14:06:25.439Z - info: Reload for file change: C:\repos\nus-cs2103\website-base\schedule\evidence\submission-PR.md
2018-06-28T14:06:25.441Z - info: Reload for file deletion: C:\repos\nus-cs2103\website-base\schedule\evidence\submission-PR.md
2018-06-28T14:06:25.449Z - info: Reload for file change: C:\repos\nus-cs2103\website-base\admin\project-v12.md
2018-06-28T14:06:25.465Z - info: Reload for file add: C:\repos\nus-cs2103\website-base\schedule\evidence\submission-PR.md
2018-06-28T14:06:25.467Z - info: Reload for file change: C:\repos\nus-cs2103\website-base\book\_markbind\variables.md
2018-06-28T14:06:25.491Z - info: Reload for file change: C:\repos\nus-cs2103\website-base\book\principles\separationOfConcernsPrinciple\text.md
2018-06-28T14:06:25.504Z - info: Reload for file change: C:\repos\nus-cs2103\website-base\admin\tutorials.md
2018-06-28T14:06:25.516Z - info: Reload for file change: C:\repos\nus-cs2103\website-base\book\modeling\modelingASolution\basic\text.md
2018-06-28T14:06:25.524Z - info: Reload for file change: C:\repos\nus-cs2103\website-base\schedule\evidence\submission-AB3.md
2018-06-28T14:06:25.541Z - info: Reload for file deletion: C:\repos\nus-cs2103\website-base\book\principles\liskovSubstitutionPrinciple\text.md
2018-06-28T14:06:25.542Z - info: Reload for file add: C:\repos\nus-cs2103\website-base\book\principles\liskovSubstitutionPrinciple\text.md
2018-06-28T14:06:25.582Z - info: Reload for file deletion: C:\repos\nus-cs2103\website-base\book\testCaseDesign\more\testingUseCases\text.md
2018-06-28T14:06:25.582Z - info: Reload for file deletion: C:\repos\nus-cs2103\website-base\admin\project-product.md
2018-06-28T14:06:25.582Z - info: Reload for file deletion: C:\repos\nus-cs2103\website-base\admin\teams.md
2018-06-28T14:06:25.593Z - info: Reload for file add: C:\repos\nus-cs2103\website-base\admin\project-product.md
2018-06-28T14:06:25.594Z - info: Reload for file add: C:\repos\nus-cs2103\website-base\admin\teams.md
2018-06-28T14:06:25.596Z - info: Reload for file change: C:\repos\nus-cs2103\website-base\book\oopDesign\inheritance\dynamicAndStaticBinding\text.md
2018-06-28T14:06:25.611Z - info: Reload for file change: C:\repos\nus-cs2103\website-base\schedule\evidence\designApproaches.md
2018-06-28T14:06:25.635Z - info: Reload for file deletion: C:\repos\nus-cs2103\website-base\schedule\overview\typicalWeek.md
2018-06-28T14:06:25.648Z - info: Reload for file deletion: C:\repos\nus-cs2103\website-base\admin\project-v14.md
2018-06-28T14:06:25.663Z - info: Reload for file deletion: C:\repos\nus-cs2103\website-base\admin\project-assessment.md
2018-06-28T14:06:25.665Z - info: Reload for file add: C:\repos\nus-cs2103\website-base\admin\project-assessment.md
2018-06-28T14:06:25.666Z - info: Reload for file add: C:\repos\nus-cs2103\website-base\admin\project-v14.md
2018-06-28T14:06:25.670Z - info: Reload for file change: C:\repos\nus-cs2103\website-base\admin\appendixB-policies.md
2018-06-28T14:06:25.682Z - info: Reload for file change: C:\repos\nus-cs2103\website-base\book\gitAndGithub\pull\text.md
2018-06-28T14:06:25.696Z - info: Reload for file change: C:\repos\nus-cs2103\website-base\admin\project-v13.md
2018-06-28T14:06:26.258Z - verbose: Rebuild affected paths: C:\repos\nus-cs2103\website-base\schedule\week3\tutorial.md,C:\repos\nus-cs2103\website-base\admin\project-v15rc.md,C:\repos\nus-cs2103\website-base\admin\project-v15.md,C:\repos\nus-cs2103\website-base\admin\preliminaries.md,C:\repos\nus-cs2103\website-base\admin\appendixE-gitHub.md,C:\repos\nus-cs2103\website-base\admin\project-v10.md,C:\repos\nus-cs2103\website-base\admin\project-v11.md,C:\repos\nus-cs2103\website-base\book\modeling\introduction\what\text.md,C:\repos\nus-cs2103\website-base\schedule\evidence\project.md,C:\repos\nus-cs2103\website-base\schedule\evidence\submission.md,C:\repos\nus-cs2103\website-base\schedule\evidence\submission-PR.md,C:\repos\nus-cs2103\website-base\admin\project-v12.md,C:\repos\nus-cs2103\website-base\book\_markbind\variables.md,C:\repos\nus-cs2103\website-base\book\principles\separationOfConcernsPrinciple\text.md,C:\repos\nus-cs2103\website-base\admin\tutorials.md,C:\repos\nus-cs2103\website-base\book\modeling\modelingASolution\basic\text.md,C:\repos\nus-cs2103\website-base\schedule\evidence\submission-AB3.md,C:\repos\nus-cs2103\website-base\book\principles\liskovSubstitutionPrinciple\text.md,C:\repos\nus-cs2103\website-base\book\testCaseDesign\more\testingUseCases\text.md,C:\repos\nus-cs2103\website-base\admin\project-product.md,C:\repos\nus-cs2103\website-base\admin\teams.md,C:\repos\nus-cs2103\website-base\book\oopDesign\inheritance\dynamicAndStaticBinding\text.md,C:\repos\nus-cs2103\website-base\schedule\evidence\designApproaches.md,C:\repos\nus-cs2103\website-base\schedule\overview\typicalWeek.md,C:\repos\nus-cs2103\website-base\admin\project-v14.md,C:\repos\nus-cs2103\website-base\admin\project-assessment.md,C:\repos\nus-cs2103\website-base\admin\appendixB-policies.md,C:\repos\nus-cs2103\website-base\book\gitAndGithub\pull\text.md,C:\repos\nus-cs2103\website-base\admin\project-v13.md
2018-06-28T14:06:26.269Z - info: Rebuilding 40 pages
2018-06-28T14:06:56.178Z - info: Pages rebuilt
2018-06-28T14:06:56.184Z - info: Site data built
2018-06-28T14:41:16.113Z - info: Pages built
2018-06-28T14:41:16.161Z - info: Site data built
2018-06-28T14:41:16.173Z - info: Generate Site durationMs=47471
2018-06-28T14:41:16.190Z - info: Serving "C:\repos\nus-cs2103\website-base\_site" at http://127.0.0.1:8080
2018-06-28T14:41:16.190Z - info: Press CTRL+C to stop ...
2018-06-28T14:44:18.793Z - info: Reload for file change: C:\repos\nus-cs2103\website-base\_markbind\variables.md
2018-06-28T14:44:18.907Z - info: Reload for file deletion: C:\repos\nus-cs2103\website-base\book\_markbind\variables.md
2018-06-28T14:44:19.796Z - verbose: Rebuild affected paths: C:\repos\nus-cs2103\website-base\_markbind\variables.md,C:\repos\nus-cs2103\website-base\book\_markbind\variables.md
2018-06-28T14:44:19.797Z - info: Rebuilding 0 pages
2018-06-28T14:44:19.798Z - info: Pages rebuilt
2018-06-28T14:44:19.806Z - info: Site data built
2018-06-28T14:45:15.813Z - info: Pages built
2018-06-28T14:45:15.855Z - info: Site data built
2018-06-28T14:45:15.867Z - info: Generate Site durationMs=45676
2018-06-28T14:45:15.881Z - info: Serving "C:\repos\nus-cs2103\website-base\_site" at http://127.0.0.1:8080
2018-06-28T14:45:15.881Z - info: Press CTRL+C to stop ...
2018-06-28T14:52:55.906Z - info: Pages built
2018-06-28T14:52:55.951Z - info: Site data built
2018-06-28T14:52:55.961Z - info: Generate Site durationMs=44963
2018-06-28T14:52:55.974Z - info: Serving "C:\repos\nus-cs2103\website-base\_site" at http://127.0.0.1:8080
2018-06-28T14:52:55.974Z - info: Press CTRL+C to stop ...
2018-06-28T14:58:36.054Z - info: Reload for file deletion: C:\repos\nus-cs2103\website-base\book\_markbind\variables.md
2018-06-28T14:58:37.068Z - verbose: Rebuild affected paths: C:\repos\nus-cs2103\website-base\book\_markbind\variables.md
2018-06-28T14:58:37.071Z - info: Rebuilding 0 pages
2018-06-28T14:58:37.073Z - info: Pages rebuilt
2018-06-28T14:58:37.101Z - info: Site data built
2018-06-28T14:59:28.716Z - info: Pages built
2018-06-28T14:59:28.776Z - info: Site data built
2018-06-28T14:59:28.785Z - info: Generate Site durationMs=44164
2018-06-28T14:59:28.797Z - info: Serving "C:\repos\nus-cs2103\website-base\_site" at http://127.0.0.1:8080
2018-06-28T14:59:28.798Z - info: Press CTRL+C to stop ...
2018-06-28T15:02:14.019Z - info: Reload for file change: C:\repos\nus-cs2103\website-base\_markbind\variables.md
2018-06-28T15:02:14.024Z - info: Reload for file change: C:\repos\nus-cs2103\website-base\book\about\usage.md
2018-06-28T15:02:15.022Z - verbose: Rebuild affected paths: C:\repos\nus-cs2103\website-base\_markbind\variables.md,C:\repos\nus-cs2103\website-base\book\about\usage.md
2018-06-28T15:02:15.023Z - info: Rebuilding 3 pages
2018-06-28T15:02:27.084Z - info: Pages rebuilt
2018-06-28T15:02:27.099Z - info: Site data built
2018-06-28T15:04:44.748Z - info: Reload for file change: C:\repos\nus-cs2103\website-base\book\_markbind\variables.md
2018-06-28T15:04:44.830Z - info: Reload for file deletion: C:\repos\nus-cs2103\website-base\_markbind\variables.md
2018-06-28T15:04:45.752Z - verbose: Rebuild affected paths: C:\repos\nus-cs2103\website-base\book\_markbind\variables.md,C:\repos\nus-cs2103\website-base\_markbind\variables.md
2018-06-28T15:04:45.752Z - info: Rebuilding 0 pages
2018-06-28T15:04:45.753Z - info: Pages rebuilt
2018-06-28T15:04:45.760Z - info: Site data built
2018-06-28T15:05:47.407Z - info: Pages built
2018-06-28T15:05:47.467Z - info: Site data built
2018-06-28T15:05:47.483Z - info: Generate Site durationMs=47450
2018-06-28T15:05:47.499Z - info: Serving "C:\repos\nus-cs2103\website-base\_site" at http://127.0.0.1:8080
2018-06-28T15:05:47.499Z - info: Press CTRL+C to stop ...
