2018-07-10T13:47:50.328Z - info: Pages built
2018-07-10T13:47:50.372Z - info: Site data built
2018-07-10T13:47:50.386Z - info: Generate Site durationMs=68760
2018-07-10T13:47:50.404Z - info: Serving "C:\repos\nus-cs2103\website-base\_site" at http://127.0.0.1:8080
2018-07-10T13:47:50.404Z - info: Press CTRL+C to stop ...
2018-07-10T13:49:50.287Z - info: Reload for file change: C:\repos\nus-cs2103\website-base\book\oopDesign\inheritance\what\text.md
2018-07-10T13:49:51.293Z - verbose: Rebuild affected paths: C:\repos\nus-cs2103\website-base\book\oopDesign\inheritance\what\text.md
2018-07-10T13:49:51.298Z - info: Rebuilding 6 pages
2018-07-10T13:50:05.639Z - info: Pages rebuilt
2018-07-10T13:50:05.670Z - info: Site data built
2018-07-10T13:52:04.302Z - info: Reload for file change: C:\repos\nus-cs2103\website-base\book\oopDesign\inheritance\what\text.md
2018-07-10T13:52:05.306Z - verbose: Rebuild affected paths: C:\repos\nus-cs2103\website-base\book\oopDesign\inheritance\what\text.md
2018-07-10T13:52:05.317Z - info: Rebuilding 6 pages
2018-07-10T13:52:19.846Z - info: Pages rebuilt
2018-07-10T13:52:19.870Z - info: Site data built
2018-07-10T13:54:22.677Z - info: Reload for file change: C:\repos\nus-cs2103\website-base\book\oopDesign\inheritance\what\text.md
2018-07-10T13:54:23.680Z - verbose: Rebuild affected paths: C:\repos\nus-cs2103\website-base\book\oopDesign\inheritance\what\text.md
2018-07-10T13:54:23.690Z - info: Rebuilding 6 pages
2018-07-10T13:54:37.885Z - info: Pages rebuilt
2018-07-10T13:54:37.924Z - info: Site data built
2018-07-10T14:02:12.973Z - info: Reload for file change: C:\repos\nus-cs2103\website-base\book\oopDesign\inheritance\what\text.md
2018-07-10T14:02:13.981Z - verbose: Rebuild affected paths: C:\repos\nus-cs2103\website-base\book\oopDesign\inheritance\what\text.md
2018-07-10T14:02:13.987Z - info: Rebuilding 6 pages
2018-07-10T14:02:27.621Z - info: Pages rebuilt
2018-07-10T14:02:27.646Z - info: Site data built
2018-07-10T14:03:21.809Z - info: Reload for file deletion: C:\repos\nus-cs2103\website-base\book\oopDesign\inheritance\what\images\boardSquare.png
2018-07-10T14:03:21.809Z - info: Reload for file deletion: C:\repos\nus-cs2103\website-base\book\oopDesign\inheritance\what\images\manWoman.png
2018-07-10T14:03:21.809Z - info: Reload for file deletion: C:\repos\nus-cs2103\website-base\book\oopDesign\inheritance\what\images\report.png
2018-07-10T14:03:21.809Z - info: Reload for file deletion: C:\repos\nus-cs2103\website-base\book\oopDesign\inheritance\what\images\studentStaff.png
2018-07-10T14:03:22.820Z - info: Assets removed
2018-07-10T14:04:05.547Z - info: Reload for file change: C:\repos\nus-cs2103\website-base\book\diagrams\oop\inheritance\what\studentStaff.pptx
2018-07-10T14:04:06.105Z - info: Reload for file change: C:\repos\nus-cs2103\website-base\book\diagrams\oop\inheritance\what\boardSquare.pptx
2018-07-10T14:04:06.106Z - info: Reload for file change: C:\repos\nus-cs2103\website-base\book\diagrams\oop\inheritance\what\inheritanceTreesExamples.pptx
2018-07-10T14:04:06.108Z - info: Reload for file change: C:\repos\nus-cs2103\website-base\book\diagrams\oop\inheritance\what\manWoman.pptx
2018-07-10T14:04:06.109Z - info: Reload for file change: C:\repos\nus-cs2103\website-base\book\diagrams\oop\inheritance\what\notation.pptx
2018-07-10T14:04:06.110Z - info: Reload for file change: C:\repos\nus-cs2103\website-base\book\diagrams\oop\inheritance\what\report.pptx
2018-07-10T14:04:06.562Z - info: Assets built
2018-07-10T14:04:11.297Z - info: Reload for file deletion: C:\repos\nus-cs2103\website-base\book\diagrams\oop\inheritance\what\boardSquare.pptx
2018-07-10T14:04:11.297Z - info: Reload for file deletion: C:\repos\nus-cs2103\website-base\book\diagrams\oop\inheritance\what\manWoman.pptx
2018-07-10T14:04:11.297Z - info: Reload for file deletion: C:\repos\nus-cs2103\website-base\book\diagrams\oop\inheritance\what\notation.pptx
2018-07-10T14:04:11.297Z - info: Reload for file deletion: C:\repos\nus-cs2103\website-base\book\diagrams\oop\inheritance\what\report.pptx
2018-07-10T14:04:11.297Z - info: Reload for file deletion: C:\repos\nus-cs2103\website-base\book\diagrams\oop\inheritance\what\studentStaff.pptx
2018-07-10T14:04:12.301Z - info: Assets removed
2018-07-10T14:05:10.209Z - info: Reload for file change: C:\repos\nus-cs2103\website-base\book\oopDesign\inheritance\what\text.md
2018-07-10T14:05:11.214Z - verbose: Rebuild affected paths: C:\repos\nus-cs2103\website-base\book\oopDesign\inheritance\what\text.md
2018-07-10T14:05:11.219Z - info: Rebuilding 6 pages
2018-07-10T14:05:14.889Z - info: Reload for file change: C:\repos\nus-cs2103\website-base\book\oopDesign\inheritance\what\exercises.md
2018-07-10T14:05:14.900Z - info: Reload for file change: C:\repos\nus-cs2103\website-base\book\oopDesign\inheritance\what\q-tick-incorrectStatement.md
2018-07-10T14:05:24.835Z - info: Pages rebuilt
2018-07-10T14:05:24.861Z - info: Site data built
2018-07-10T14:05:25.066Z - verbose: Rebuild affected paths: C:\repos\nus-cs2103\website-base\book\oopDesign\inheritance\what\exercises.md,C:\repos\nus-cs2103\website-base\book\oopDesign\inheritance\what\q-tick-incorrectStatement.md
2018-07-10T14:05:25.067Z - info: Rebuilding 5 pages
2018-07-10T14:05:38.421Z - info: Pages rebuilt
2018-07-10T14:05:38.469Z - info: Site data built
2018-07-10T14:08:03.268Z - info: Reload for file change: C:\repos\nus-cs2103\website-base\book\oopDesign\inheritance\overriding\text.md
2018-07-10T14:08:04.279Z - verbose: Rebuild affected paths: C:\repos\nus-cs2103\website-base\book\oopDesign\inheritance\overriding\text.md
2018-07-10T14:08:04.284Z - info: Rebuilding 6 pages
2018-07-10T14:08:16.286Z - info: Reload for file deletion: C:\repos\nus-cs2103\website-base\book\oopDesign\inheritance\overriding\images\report.png
2018-07-10T14:08:17.532Z - info: Assets removed
2018-07-10T14:08:18.456Z - info: Pages rebuilt
2018-07-10T14:08:18.490Z - info: Site data built
2018-07-10T14:08:29.719Z - info: Reload for file change: C:\repos\nus-cs2103\website-base\book\diagrams\oop\inheritance\overriding\report.pptx
2018-07-10T14:08:30.720Z - info: Assets built
2018-07-10T14:08:37.557Z - info: Reload for file deletion: C:\repos\nus-cs2103\website-base\book\diagrams\oop\inheritance\overriding\report.pptx
2018-07-10T14:08:38.564Z - info: Assets removed
2018-07-10T14:14:52.184Z - info: Reload for file change: C:\repos\nus-cs2103\website-base\book\oopDesign\inheritance\overloading\text.md
2018-07-10T14:14:52.262Z - info: Reload for file deletion: C:\repos\nus-cs2103\website-base\book\oopDesign\inheritance\interfaces\text.md
2018-07-10T14:14:53.198Z - verbose: Rebuild affected paths: C:\repos\nus-cs2103\website-base\book\oopDesign\inheritance\overloading\text.md,C:\repos\nus-cs2103\website-base\book\oopDesign\inheritance\interfaces\text.md
2018-07-10T14:14:53.198Z - info: Rebuilding 6 pages
2018-07-10T14:15:07.117Z - info: Pages rebuilt
2018-07-10T14:15:07.146Z - info: Site data built
2018-07-10T14:15:23.784Z - info: Reload for file deletion: C:\repos\nus-cs2103\website-base\book\diagrams\oop\inheritance\interfaces\staff.pptx
2018-07-10T14:15:23.784Z - info: Reload for file deletion: C:\repos\nus-cs2103\website-base\book\diagrams\oop\inheritance\interfaces\studentStaff.pptx
2018-07-10T14:15:24.786Z - info: Assets removed
2018-07-10T14:18:25.366Z - info: Reload for file change: C:\repos\nus-cs2103\website-base\book\oopDesign\inheritance\abstractClasses\text.md
2018-07-10T14:18:26.382Z - verbose: Rebuild affected paths: C:\repos\nus-cs2103\website-base\book\oopDesign\inheritance\abstractClasses\text.md
2018-07-10T14:18:26.384Z - info: Rebuilding 6 pages
2018-07-10T14:18:39.833Z - info: Pages rebuilt
2018-07-10T14:18:39.870Z - info: Site data built
2018-07-10T14:18:52.668Z - info: Reload for file deletion: C:\repos\nus-cs2103\website-base\book\oopDesign\inheritance\abstractClasses\images\account.png
2018-07-10T14:18:53.670Z - info: Assets removed
2018-07-10T14:19:07.086Z - info: Reload for file deletion: C:\repos\nus-cs2103\website-base\book\diagrams\oop\inheritance\abstractClasses\account.pptx
2018-07-10T14:19:08.088Z - info: Assets removed
2018-07-10T14:23:23.922Z - info: Reload for file deletion: C:\repos\nus-cs2103\website-base\book\oopDesign\inheritance\dynamicAndStaticBinding\images\staff.png
2018-07-10T14:23:24.925Z - info: Assets removed
2018-07-10T14:23:26.711Z - info: Reload for file change: C:\repos\nus-cs2103\website-base\book\oopDesign\inheritance\dynamicAndStaticBinding\text.md
2018-07-10T14:23:27.729Z - verbose: Rebuild affected paths: C:\repos\nus-cs2103\website-base\book\oopDesign\inheritance\dynamicAndStaticBinding\text.md
2018-07-10T14:23:27.729Z - info: Rebuilding 6 pages
2018-07-10T14:23:31.915Z - info: Reload for file deletion: C:\repos\nus-cs2103\website-base\book\diagrams\oop\inheritance\dynamicAndStaticBinding\staff.pptx
2018-07-10T14:23:33.288Z - info: Assets removed
2018-07-10T14:23:41.944Z - info: Pages rebuilt
2018-07-10T14:23:41.954Z - info: Site data built
2018-07-10T14:26:24.456Z - info: Reload for file change: C:\repos\nus-cs2103\website-base\book\oopDesign\inheritance\text.md
2018-07-10T14:26:24.491Z - info: Reload for file change: C:\repos\nus-cs2103\website-base\se-book-adapted\config.njk
2018-07-10T14:26:24.610Z - info: Reload for file deletion: C:\repos\nus-cs2103\website-base\se-book-adapted\config.njk
2018-07-10T14:26:25.465Z - verbose: Rebuild affected paths: C:\repos\nus-cs2103\website-base\book\oopDesign\inheritance\text.md
2018-07-10T14:26:25.481Z - info: Rebuilding 3 pages
2018-07-10T14:26:28.763Z - info: Assets removed
2018-07-10T14:26:28.775Z - info: Assets built
2018-07-10T14:26:30.661Z - info: Pages rebuilt
2018-07-10T14:26:30.675Z - info: Site data built
2018-07-10T14:26:48.306Z - error: uncaughtException: Cannot read property 'toString' of null date=Tue Jul 10 2018 22:26:48 GMT+0800 (Malay Peninsula Standard Time), pid=15104, uid=null, gid=null, cwd=C:\repos\nus-cs2103\website-base, execPath=C:\Program Files\nodejs\node.exe, version=v8.9.4, argv=[C:\Program Files\nodejs\node.exe, C:\Users\damithch\AppData\Roaming\npm\node_modules\markbind-cli\index.js, serve], rss=90996736, heapTotal=67555328, heapUsed=31461840, external=423683, loadavg=[0, 0, 0], uptime=110855.8762335
TypeError: Cannot read property 'toString' of null
    at fs.readFile (C:\Users\damithch\AppData\Roaming\npm\node_modules\markbind-cli\lib\markbind\lib\parser.js:423:42)
    at FSReqWrap.readFileAfterClose [as oncomplete] (fs.js:511:3)
2018-07-10T14:26:48.362Z - error: uncaughtException: Cannot read property 'toString' of null date=Tue Jul 10 2018 22:26:48 GMT+0800 (Malay Peninsula Standard Time), pid=15104, uid=null, gid=null, cwd=C:\repos\nus-cs2103\website-base, execPath=C:\Program Files\nodejs\node.exe, version=v8.9.4, argv=[C:\Program Files\nodejs\node.exe, C:\Users\damithch\AppData\Roaming\npm\node_modules\markbind-cli\index.js, serve], rss=91222016, heapTotal=68079616, heapUsed=31902216, external=423707, loadavg=[0, 0, 0], uptime=110855.9338621
TypeError: Cannot read property 'toString' of null
    at fs.readFile (C:\Users\damithch\AppData\Roaming\npm\node_modules\markbind-cli\lib\markbind\lib\parser.js:423:42)
    at FSReqWrap.readFileAfterClose [as oncomplete] (fs.js:511:3)
2018-07-10T14:26:48.366Z - error: uncaughtException: Cannot read property 'toString' of null date=Tue Jul 10 2018 22:26:48 GMT+0800 (Malay Peninsula Standard Time), pid=15104, uid=null, gid=null, cwd=C:\repos\nus-cs2103\website-base, execPath=C:\Program Files\nodejs\node.exe, version=v8.9.4, argv=[C:\Program Files\nodejs\node.exe, C:\Users\damithch\AppData\Roaming\npm\node_modules\markbind-cli\index.js, serve], rss=91246592, heapTotal=68079616, heapUsed=32623200, external=423707, loadavg=[0, 0, 0], uptime=110855.9379034
TypeError: Cannot read property 'toString' of null
    at fs.readFile (C:\Users\damithch\AppData\Roaming\npm\node_modules\markbind-cli\lib\markbind\lib\parser.js:423:42)
    at FSReqWrap.readFileAfterClose [as oncomplete] (fs.js:511:3)
2018-07-10T14:26:48.369Z - error: uncaughtException: Cannot read property 'toString' of null date=Tue Jul 10 2018 22:26:48 GMT+0800 (Malay Peninsula Standard Time), pid=15104, uid=null, gid=null, cwd=C:\repos\nus-cs2103\website-base, execPath=C:\Program Files\nodejs\node.exe, version=v8.9.4, argv=[C:\Program Files\nodejs\node.exe, C:\Users\damithch\AppData\Roaming\npm\node_modules\markbind-cli\index.js, serve], rss=91258880, heapTotal=68079616, heapUsed=33391944, external=423707, loadavg=[0, 0, 0], uptime=110855.9419138
TypeError: Cannot read property 'toString' of null
    at fs.readFile (C:\Users\damithch\AppData\Roaming\npm\node_modules\markbind-cli\lib\markbind\lib\parser.js:423:42)
    at FSReqWrap.readFileAfterClose [as oncomplete] (fs.js:511:3)
2018-07-10T14:26:48.373Z - error: uncaughtException: Cannot read property 'toString' of null date=Tue Jul 10 2018 22:26:48 GMT+0800 (Malay Peninsula Standard Time), pid=15104, uid=null, gid=null, cwd=C:\repos\nus-cs2103\website-base, execPath=C:\Program Files\nodejs\node.exe, version=v8.9.4, argv=[C:\Program Files\nodejs\node.exe, C:\Users\damithch\AppData\Roaming\npm\node_modules\markbind-cli\index.js, serve], rss=91258880, heapTotal=68079616, heapUsed=34104592, external=423707, loadavg=[0, 0, 0], uptime=110855.9449212
TypeError: Cannot read property 'toString' of null
    at fs.readFile (C:\Users\damithch\AppData\Roaming\npm\node_modules\markbind-cli\lib\markbind\lib\parser.js:423:42)
    at FSReqWrap.readFileAfterClose [as oncomplete] (fs.js:511:3)
2018-07-10T14:26:48.376Z - error: uncaughtException: Cannot read property 'toString' of null date=Tue Jul 10 2018 22:26:48 GMT+0800 (Malay Peninsula Standard Time), pid=15104, uid=null, gid=null, cwd=C:\repos\nus-cs2103\website-base, execPath=C:\Program Files\nodejs\node.exe, version=v8.9.4, argv=[C:\Program Files\nodejs\node.exe, C:\Users\damithch\AppData\Roaming\npm\node_modules\markbind-cli\index.js, serve], rss=91258880, heapTotal=68079616, heapUsed=34817336, external=423707, loadavg=[0, 0, 0], uptime=110855.9489319
TypeError: Cannot read property 'toString' of null
    at fs.readFile (C:\Users\damithch\AppData\Roaming\npm\node_modules\markbind-cli\lib\markbind\lib\parser.js:423:42)
    at FSReqWrap.readFileAfterClose [as oncomplete] (fs.js:511:3)
2018-07-10T14:26:48.380Z - error: uncaughtException: Cannot read property 'toString' of null date=Tue Jul 10 2018 22:26:48 GMT+0800 (Malay Peninsula Standard Time), pid=15104, uid=null, gid=null, cwd=C:\repos\nus-cs2103\website-base, execPath=C:\Program Files\nodejs\node.exe, version=v8.9.4, argv=[C:\Program Files\nodejs\node.exe, C:\Users\damithch\AppData\Roaming\npm\node_modules\markbind-cli\index.js, serve], rss=91258880, heapTotal=68079616, heapUsed=35538608, external=423707, loadavg=[0, 0, 0], uptime=110855.9519365
TypeError: Cannot read property 'toString' of null
    at fs.readFile (C:\Users\damithch\AppData\Roaming\npm\node_modules\markbind-cli\lib\markbind\lib\parser.js:423:42)
    at FSReqWrap.readFileAfterClose [as oncomplete] (fs.js:511:3)
2018-07-10T14:26:48.383Z - error: uncaughtException: Cannot read property 'toString' of null date=Tue Jul 10 2018 22:26:48 GMT+0800 (Malay Peninsula Standard Time), pid=15104, uid=null, gid=null, cwd=C:\repos\nus-cs2103\website-base, execPath=C:\Program Files\nodejs\node.exe, version=v8.9.4, argv=[C:\Program Files\nodejs\node.exe, C:\Users\damithch\AppData\Roaming\npm\node_modules\markbind-cli\index.js, serve], rss=91258880, heapTotal=68079616, heapUsed=36250856, external=431899, loadavg=[0, 0, 0], uptime=110855.9559465
TypeError: Cannot read property 'toString' of null
    at fs.readFile (C:\Users\damithch\AppData\Roaming\npm\node_modules\markbind-cli\lib\markbind\lib\parser.js:423:42)
    at FSReqWrap.readFileAfterClose [as oncomplete] (fs.js:511:3)
2018-07-10T14:26:48.387Z - error: uncaughtException: Cannot read property 'toString' of null date=Tue Jul 10 2018 22:26:48 GMT+0800 (Malay Peninsula Standard Time), pid=15104, uid=null, gid=null, cwd=C:\repos\nus-cs2103\website-base, execPath=C:\Program Files\nodejs\node.exe, version=v8.9.4, argv=[C:\Program Files\nodejs\node.exe, C:\Users\damithch\AppData\Roaming\npm\node_modules\markbind-cli\index.js, serve], rss=91258880, heapTotal=68079616, heapUsed=36956872, external=431899, loadavg=[0, 0, 0], uptime=110855.9589533
TypeError: Cannot read property 'toString' of null
    at fs.readFile (C:\Users\damithch\AppData\Roaming\npm\node_modules\markbind-cli\lib\markbind\lib\parser.js:423:42)
    at FSReqWrap.readFileAfterClose [as oncomplete] (fs.js:511:3)
2018-07-10T14:26:48.390Z - error: uncaughtException: Cannot read property 'toString' of null date=Tue Jul 10 2018 22:26:48 GMT+0800 (Malay Peninsula Standard Time), pid=15104, uid=null, gid=null, cwd=C:\repos\nus-cs2103\website-base, execPath=C:\Program Files\nodejs\node.exe, version=v8.9.4, argv=[C:\Program Files\nodejs\node.exe, C:\Users\damithch\AppData\Roaming\npm\node_modules\markbind-cli\index.js, serve], rss=91258880, heapTotal=68079616, heapUsed=37671176, external=431899, loadavg=[0, 0, 0], uptime=110855.9629661
TypeError: Cannot read property 'toString' of null
    at fs.readFile (C:\Users\damithch\AppData\Roaming\npm\node_modules\markbind-cli\lib\markbind\lib\parser.js:423:42)
    at FSReqWrap.readFileAfterClose [as oncomplete] (fs.js:511:3)
2018-07-10T14:26:48.413Z - error: uncaughtException: Cannot read property 'toString' of null date=Tue Jul 10 2018 22:26:48 GMT+0800 (Malay Peninsula Standard Time), pid=15104, uid=null, gid=null, cwd=C:\repos\nus-cs2103\website-base, execPath=C:\Program Files\nodejs\node.exe, version=v8.9.4, argv=[C:\Program Files\nodejs\node.exe, C:\Users\damithch\AppData\Roaming\npm\node_modules\markbind-cli\index.js, serve], rss=91430912, heapTotal=68603904, heapUsed=39873248, external=431899, loadavg=[0, 0, 0], uptime=110855.9861795
TypeError: Cannot read property 'toString' of null
    at fs.readFile (C:\Users\damithch\AppData\Roaming\npm\node_modules\markbind-cli\lib\markbind\lib\parser.js:423:42)
    at FSReqWrap.readFileAfterClose [as oncomplete] (fs.js:511:3)
2018-07-10T14:26:48.413Z - error: uncaughtException: Cannot read property 'toString' of null date=Tue Jul 10 2018 22:26:48 GMT+0800 (Malay Peninsula Standard Time), pid=15104, uid=null, gid=null, cwd=C:\repos\nus-cs2103\website-base, execPath=C:\Program Files\nodejs\node.exe, version=v8.9.4, argv=[C:\Program Files\nodejs\node.exe, C:\Users\damithch\AppData\Roaming\npm\node_modules\markbind-cli\index.js, serve], rss=91443200, heapTotal=68603904, heapUsed=40593336, external=431899, loadavg=[0, 0, 0], uptime=110855.9861795
TypeError: Cannot read property 'toString' of null
    at fs.readFile (C:\Users\damithch\AppData\Roaming\npm\node_modules\markbind-cli\lib\markbind\lib\parser.js:423:42)
    at FSReqWrap.readFileAfterClose [as oncomplete] (fs.js:511:3)
2018-07-10T14:26:48.428Z - error: uncaughtException: Cannot read property 'toString' of null date=Tue Jul 10 2018 22:26:48 GMT+0800 (Malay Peninsula Standard Time), pid=15104, uid=null, gid=null, cwd=C:\repos\nus-cs2103\website-base, execPath=C:\Program Files\nodejs\node.exe, version=v8.9.4, argv=[C:\Program Files\nodejs\node.exe, C:\Users\damithch\AppData\Roaming\npm\node_modules\markbind-cli\index.js, serve], rss=91918336, heapTotal=68603904, heapUsed=41305872, external=431899, loadavg=[0, 0, 0], uptime=110855.9861795
TypeError: Cannot read property 'toString' of null
    at fs.readFile (C:\Users\damithch\AppData\Roaming\npm\node_modules\markbind-cli\lib\markbind\lib\parser.js:423:42)
    at FSReqWrap.readFileAfterClose [as oncomplete] (fs.js:511:3)
2018-07-10T14:26:48.428Z - error: uncaughtException: Cannot read property 'toString' of null date=Tue Jul 10 2018 22:26:48 GMT+0800 (Malay Peninsula Standard Time), pid=15104, uid=null, gid=null, cwd=C:\repos\nus-cs2103\website-base, execPath=C:\Program Files\nodejs\node.exe, version=v8.9.4, argv=[C:\Program Files\nodejs\node.exe, C:\Users\damithch\AppData\Roaming\npm\node_modules\markbind-cli\index.js, serve], rss=91602944, heapTotal=68603904, heapUsed=42038936, external=431899, loadavg=[0, 0, 0], uptime=110856.0018097
TypeError: Cannot read property 'toString' of null
    at fs.readFile (C:\Users\damithch\AppData\Roaming\npm\node_modules\markbind-cli\lib\markbind\lib\parser.js:423:42)
    at FSReqWrap.readFileAfterClose [as oncomplete] (fs.js:511:3)
2018-07-10T14:26:48.545Z - error: uncaughtException: Cannot read property 'toString' of null date=Tue Jul 10 2018 22:26:48 GMT+0800 (Malay Peninsula Standard Time), pid=15104, uid=null, gid=null, cwd=C:\repos\nus-cs2103\website-base, execPath=C:\Program Files\nodejs\node.exe, version=v8.9.4, argv=[C:\Program Files\nodejs\node.exe, C:\Users\damithch\AppData\Roaming\npm\node_modules\markbind-cli\index.js, serve], rss=93294592, heapTotal=69652480, heapUsed=44705544, external=440091, loadavg=[0, 0, 0], uptime=110856.1169765
TypeError: Cannot read property 'toString' of null
    at fs.readFile (C:\Users\damithch\AppData\Roaming\npm\node_modules\markbind-cli\lib\markbind\lib\parser.js:423:42)
    at FSReqWrap.readFileAfterClose [as oncomplete] (fs.js:511:3)
2018-07-10T14:26:49.843Z - error: uncaughtException: Cannot read property 'toString' of null date=Tue Jul 10 2018 22:26:49 GMT+0800 (Malay Peninsula Standard Time), pid=15104, uid=null, gid=null, cwd=C:\repos\nus-cs2103\website-base, execPath=C:\Program Files\nodejs\node.exe, version=v8.9.4, argv=[C:\Program Files\nodejs\node.exe, C:\Users\damithch\AppData\Roaming\npm\node_modules\markbind-cli\index.js, serve], rss=118272000, heapTotal=94818304, heapUsed=53970728, external=271737, loadavg=[0, 0, 0], uptime=110857.4171288
TypeError: Cannot read property 'toString' of null
    at fs.readFile (C:\Users\damithch\AppData\Roaming\npm\node_modules\markbind-cli\lib\markbind\lib\parser.js:423:42)
    at FSReqWrap.readFileAfterClose [as oncomplete] (fs.js:511:3)
2018-07-10T14:26:49.843Z - error: uncaughtException: Cannot read property 'toString' of null date=Tue Jul 10 2018 22:26:49 GMT+0800 (Malay Peninsula Standard Time), pid=15104, uid=null, gid=null, cwd=C:\repos\nus-cs2103\website-base, execPath=C:\Program Files\nodejs\node.exe, version=v8.9.4, argv=[C:\Program Files\nodejs\node.exe, C:\Users\damithch\AppData\Roaming\npm\node_modules\markbind-cli\index.js, serve], rss=118575104, heapTotal=94818304, heapUsed=54687440, external=271737, loadavg=[0, 0, 0], uptime=110857.4171288
TypeError: Cannot read property 'toString' of null
    at fs.readFile (C:\Users\damithch\AppData\Roaming\npm\node_modules\markbind-cli\lib\markbind\lib\parser.js:423:42)
    at FSReqWrap.readFileAfterClose [as oncomplete] (fs.js:511:3)
2018-07-10T14:26:49.843Z - error: uncaughtException: Cannot read property 'toString' of null date=Tue Jul 10 2018 22:26:49 GMT+0800 (Malay Peninsula Standard Time), pid=15104, uid=null, gid=null, cwd=C:\repos\nus-cs2103\website-base, execPath=C:\Program Files\nodejs\node.exe, version=v8.9.4, argv=[C:\Program Files\nodejs\node.exe, C:\Users\damithch\AppData\Roaming\npm\node_modules\markbind-cli\index.js, serve], rss=118042624, heapTotal=94818304, heapUsed=55399656, external=271737, loadavg=[0, 0, 0], uptime=110857.4171288
TypeError: Cannot read property 'toString' of null
    at fs.readFile (C:\Users\damithch\AppData\Roaming\npm\node_modules\markbind-cli\lib\markbind\lib\parser.js:423:42)
    at FSReqWrap.readFileAfterClose [as oncomplete] (fs.js:511:3)
2018-07-10T14:26:49.861Z - error: uncaughtException: Cannot read property 'toString' of null date=Tue Jul 10 2018 22:26:49 GMT+0800 (Malay Peninsula Standard Time), pid=15104, uid=null, gid=null, cwd=C:\repos\nus-cs2103\website-base, execPath=C:\Program Files\nodejs\node.exe, version=v8.9.4, argv=[C:\Program Files\nodejs\node.exe, C:\Users\damithch\AppData\Roaming\npm\node_modules\markbind-cli\index.js, serve], rss=118046720, heapTotal=94818304, heapUsed=56095112, external=271737, loadavg=[0, 0, 0], uptime=110857.4329042
TypeError: Cannot read property 'toString' of null
    at fs.readFile (C:\Users\damithch\AppData\Roaming\npm\node_modules\markbind-cli\lib\markbind\lib\parser.js:423:42)
    at FSReqWrap.readFileAfterClose [as oncomplete] (fs.js:511:3)
2018-07-10T14:26:49.868Z - error: uncaughtException: Cannot read property 'toString' of null date=Tue Jul 10 2018 22:26:49 GMT+0800 (Malay Peninsula Standard Time), pid=15104, uid=null, gid=null, cwd=C:\repos\nus-cs2103\website-base, execPath=C:\Program Files\nodejs\node.exe, version=v8.9.4, argv=[C:\Program Files\nodejs\node.exe, C:\Users\damithch\AppData\Roaming\npm\node_modules\markbind-cli\index.js, serve], rss=118059008, heapTotal=94818304, heapUsed=58287264, external=279929, loadavg=[0, 0, 0], uptime=110857.4409266
TypeError: Cannot read property 'toString' of null
    at fs.readFile (C:\Users\damithch\AppData\Roaming\npm\node_modules\markbind-cli\lib\markbind\lib\parser.js:423:42)
    at FSReqWrap.readFileAfterClose [as oncomplete] (fs.js:511:3)
2018-07-10T14:26:49.872Z - error: uncaughtException: Cannot read property 'toString' of null date=Tue Jul 10 2018 22:26:49 GMT+0800 (Malay Peninsula Standard Time), pid=15104, uid=null, gid=null, cwd=C:\repos\nus-cs2103\website-base, execPath=C:\Program Files\nodejs\node.exe, version=v8.9.4, argv=[C:\Program Files\nodejs\node.exe, C:\Users\damithch\AppData\Roaming\npm\node_modules\markbind-cli\index.js, serve], rss=118059008, heapTotal=94818304, heapUsed=58987440, external=279929, loadavg=[0, 0, 0], uptime=110857.4439344
TypeError: Cannot read property 'toString' of null
    at fs.readFile (C:\Users\damithch\AppData\Roaming\npm\node_modules\markbind-cli\lib\markbind\lib\parser.js:423:42)
    at FSReqWrap.readFileAfterClose [as oncomplete] (fs.js:511:3)
2018-07-10T14:26:49.875Z - error: uncaughtException: Cannot read property 'toString' of null date=Tue Jul 10 2018 22:26:49 GMT+0800 (Malay Peninsula Standard Time), pid=15104, uid=null, gid=null, cwd=C:\repos\nus-cs2103\website-base, execPath=C:\Program Files\nodejs\node.exe, version=v8.9.4, argv=[C:\Program Files\nodejs\node.exe, C:\Users\damithch\AppData\Roaming\npm\node_modules\markbind-cli\index.js, serve], rss=118059008, heapTotal=94818304, heapUsed=59683560, external=279929, loadavg=[0, 0, 0], uptime=110857.4479447
TypeError: Cannot read property 'toString' of null
    at fs.readFile (C:\Users\damithch\AppData\Roaming\npm\node_modules\markbind-cli\lib\markbind\lib\parser.js:423:42)
    at FSReqWrap.readFileAfterClose [as oncomplete] (fs.js:511:3)
2018-07-10T14:26:49.878Z - error: uncaughtException: Cannot read property 'toString' of null date=Tue Jul 10 2018 22:26:49 GMT+0800 (Malay Peninsula Standard Time), pid=15104, uid=null, gid=null, cwd=C:\repos\nus-cs2103\website-base, execPath=C:\Program Files\nodejs\node.exe, version=v8.9.4, argv=[C:\Program Files\nodejs\node.exe, C:\Users\damithch\AppData\Roaming\npm\node_modules\markbind-cli\index.js, serve], rss=118059008, heapTotal=94818304, heapUsed=60378912, external=279929, loadavg=[0, 0, 0], uptime=110857.4509529
TypeError: Cannot read property 'toString' of null
    at fs.readFile (C:\Users\damithch\AppData\Roaming\npm\node_modules\markbind-cli\lib\markbind\lib\parser.js:423:42)
    at FSReqWrap.readFileAfterClose [as oncomplete] (fs.js:511:3)
2018-07-10T14:26:49.890Z - error: uncaughtException: Cannot read property 'toString' of null date=Tue Jul 10 2018 22:26:49 GMT+0800 (Malay Peninsula Standard Time), pid=15104, uid=null, gid=null, cwd=C:\repos\nus-cs2103\website-base, execPath=C:\Program Files\nodejs\node.exe, version=v8.9.4, argv=[C:\Program Files\nodejs\node.exe, C:\Users\damithch\AppData\Roaming\npm\node_modules\markbind-cli\index.js, serve], rss=118059008, heapTotal=94818304, heapUsed=62395360, external=279929, loadavg=[0, 0, 0], uptime=110857.4629849
TypeError: Cannot read property 'toString' of null
    at fs.readFile (C:\Users\damithch\AppData\Roaming\npm\node_modules\markbind-cli\lib\markbind\lib\parser.js:423:42)
    at FSReqWrap.readFileAfterClose [as oncomplete] (fs.js:511:3)
2018-07-10T14:26:49.900Z - error: uncaughtException: Cannot read property 'toString' of null date=Tue Jul 10 2018 22:26:49 GMT+0800 (Malay Peninsula Standard Time), pid=15104, uid=null, gid=null, cwd=C:\repos\nus-cs2103\website-base, execPath=C:\Program Files\nodejs\node.exe, version=v8.9.4, argv=[C:\Program Files\nodejs\node.exe, C:\Users\damithch\AppData\Roaming\npm\node_modules\markbind-cli\index.js, serve], rss=118595584, heapTotal=94818304, heapUsed=63909944, external=279929, loadavg=[0, 0, 0], uptime=110857.4720087
TypeError: Cannot read property 'toString' of null
    at fs.readFile (C:\Users\damithch\AppData\Roaming\npm\node_modules\markbind-cli\lib\markbind\lib\parser.js:423:42)
    at FSReqWrap.readFileAfterClose [as oncomplete] (fs.js:511:3)
2018-07-10T14:26:49.903Z - error: uncaughtException: Cannot read property 'toString' of null date=Tue Jul 10 2018 22:26:49 GMT+0800 (Malay Peninsula Standard Time), pid=15104, uid=null, gid=null, cwd=C:\repos\nus-cs2103\website-base, execPath=C:\Program Files\nodejs\node.exe, version=v8.9.4, argv=[C:\Program Files\nodejs\node.exe, C:\Users\damithch\AppData\Roaming\npm\node_modules\markbind-cli\index.js, serve], rss=118067200, heapTotal=94818304, heapUsed=64635928, external=279929, loadavg=[0, 0, 0], uptime=110857.4760194
TypeError: Cannot read property 'toString' of null
    at fs.readFile (C:\Users\damithch\AppData\Roaming\npm\node_modules\markbind-cli\lib\markbind\lib\parser.js:423:42)
    at FSReqWrap.readFileAfterClose [as oncomplete] (fs.js:511:3)
2018-07-10T14:26:49.913Z - error: uncaughtException: Cannot read property 'toString' of null date=Tue Jul 10 2018 22:26:49 GMT+0800 (Malay Peninsula Standard Time), pid=15104, uid=null, gid=null, cwd=C:\repos\nus-cs2103\website-base, execPath=C:\Program Files\nodejs\node.exe, version=v8.9.4, argv=[C:\Program Files\nodejs\node.exe, C:\Users\damithch\AppData\Roaming\npm\node_modules\markbind-cli\index.js, serve], rss=119242752, heapTotal=95866880, heapUsed=52447072, external=265415, loadavg=[0, 0, 0], uptime=110857.4850432
TypeError: Cannot read property 'toString' of null
    at fs.readFile (C:\Users\damithch\AppData\Roaming\npm\node_modules\markbind-cli\lib\markbind\lib\parser.js:423:42)
    at FSReqWrap.readFileAfterClose [as oncomplete] (fs.js:511:3)
2018-07-10T14:26:49.917Z - error: uncaughtException: Cannot read property 'toString' of null date=Tue Jul 10 2018 22:26:49 GMT+0800 (Malay Peninsula Standard Time), pid=15104, uid=null, gid=null, cwd=C:\repos\nus-cs2103\website-base, execPath=C:\Program Files\nodejs\node.exe, version=v8.9.4, argv=[C:\Program Files\nodejs\node.exe, C:\Users\damithch\AppData\Roaming\npm\node_modules\markbind-cli\index.js, serve], rss=119382016, heapTotal=95866880, heapUsed=53142704, external=273607, loadavg=[0, 0, 0], uptime=110857.4890546
TypeError: Cannot read property 'toString' of null
    at fs.readFile (C:\Users\damithch\AppData\Roaming\npm\node_modules\markbind-cli\lib\markbind\lib\parser.js:423:42)
    at FSReqWrap.readFileAfterClose [as oncomplete] (fs.js:511:3)
2018-07-10T14:26:49.920Z - error: uncaughtException: Cannot read property 'toString' of null date=Tue Jul 10 2018 22:26:49 GMT+0800 (Malay Peninsula Standard Time), pid=15104, uid=null, gid=null, cwd=C:\repos\nus-cs2103\website-base, execPath=C:\Program Files\nodejs\node.exe, version=v8.9.4, argv=[C:\Program Files\nodejs\node.exe, C:\Users\damithch\AppData\Roaming\npm\node_modules\markbind-cli\index.js, serve], rss=119123968, heapTotal=95866880, heapUsed=53858592, external=273607, loadavg=[0, 0, 0], uptime=110857.493066
TypeError: Cannot read property 'toString' of null
    at fs.readFile (C:\Users\damithch\AppData\Roaming\npm\node_modules\markbind-cli\lib\markbind\lib\parser.js:423:42)
    at FSReqWrap.readFileAfterClose [as oncomplete] (fs.js:511:3)
2018-07-10T14:26:49.924Z - error: uncaughtException: Cannot read property 'toString' of null date=Tue Jul 10 2018 22:26:49 GMT+0800 (Malay Peninsula Standard Time), pid=15104, uid=null, gid=null, cwd=C:\repos\nus-cs2103\website-base, execPath=C:\Program Files\nodejs\node.exe, version=v8.9.4, argv=[C:\Program Files\nodejs\node.exe, C:\Users\damithch\AppData\Roaming\npm\node_modules\markbind-cli\index.js, serve], rss=119123968, heapTotal=95866880, heapUsed=54566936, external=273607, loadavg=[0, 0, 0], uptime=110857.4960728
TypeError: Cannot read property 'toString' of null
    at fs.readFile (C:\Users\damithch\AppData\Roaming\npm\node_modules\markbind-cli\lib\markbind\lib\parser.js:423:42)
    at FSReqWrap.readFileAfterClose [as oncomplete] (fs.js:511:3)
2018-07-10T14:26:49.927Z - error: uncaughtException: Cannot read property 'toString' of null date=Tue Jul 10 2018 22:26:49 GMT+0800 (Malay Peninsula Standard Time), pid=15104, uid=null, gid=null, cwd=C:\repos\nus-cs2103\website-base, execPath=C:\Program Files\nodejs\node.exe, version=v8.9.4, argv=[C:\Program Files\nodejs\node.exe, C:\Users\damithch\AppData\Roaming\npm\node_modules\markbind-cli\index.js, serve], rss=119132160, heapTotal=95866880, heapUsed=55275536, external=273607, loadavg=[0, 0, 0], uptime=110857.4990809
TypeError: Cannot read property 'toString' of null
    at fs.readFile (C:\Users\damithch\AppData\Roaming\npm\node_modules\markbind-cli\lib\markbind\lib\parser.js:423:42)
    at FSReqWrap.readFileAfterClose [as oncomplete] (fs.js:511:3)
2018-07-10T14:26:49.931Z - error: uncaughtException: Cannot read property 'toString' of null date=Tue Jul 10 2018 22:26:49 GMT+0800 (Malay Peninsula Standard Time), pid=15104, uid=null, gid=null, cwd=C:\repos\nus-cs2103\website-base, execPath=C:\Program Files\nodejs\node.exe, version=v8.9.4, argv=[C:\Program Files\nodejs\node.exe, C:\Users\damithch\AppData\Roaming\npm\node_modules\markbind-cli\index.js, serve], rss=119132160, heapTotal=95866880, heapUsed=55984040, external=273607, loadavg=[0, 0, 0], uptime=110857.5030912
TypeError: Cannot read property 'toString' of null
    at fs.readFile (C:\Users\damithch\AppData\Roaming\npm\node_modules\markbind-cli\lib\markbind\lib\parser.js:423:42)
    at FSReqWrap.readFileAfterClose [as oncomplete] (fs.js:511:3)
2018-07-10T14:26:49.934Z - error: uncaughtException: Cannot read property 'toString' of null date=Tue Jul 10 2018 22:26:49 GMT+0800 (Malay Peninsula Standard Time), pid=15104, uid=null, gid=null, cwd=C:\repos\nus-cs2103\website-base, execPath=C:\Program Files\nodejs\node.exe, version=v8.9.4, argv=[C:\Program Files\nodejs\node.exe, C:\Users\damithch\AppData\Roaming\npm\node_modules\markbind-cli\index.js, serve], rss=119132160, heapTotal=95866880, heapUsed=56678544, external=273607, loadavg=[0, 0, 0], uptime=110857.5061015
TypeError: Cannot read property 'toString' of null
    at fs.readFile (C:\Users\damithch\AppData\Roaming\npm\node_modules\markbind-cli\lib\markbind\lib\parser.js:423:42)
    at FSReqWrap.readFileAfterClose [as oncomplete] (fs.js:511:3)
2018-07-10T14:26:49.937Z - error: uncaughtException: Cannot read property 'toString' of null date=Tue Jul 10 2018 22:26:49 GMT+0800 (Malay Peninsula Standard Time), pid=15104, uid=null, gid=null, cwd=C:\repos\nus-cs2103\website-base, execPath=C:\Program Files\nodejs\node.exe, version=v8.9.4, argv=[C:\Program Files\nodejs\node.exe, C:\Users\damithch\AppData\Roaming\npm\node_modules\markbind-cli\index.js, serve], rss=119132160, heapTotal=95866880, heapUsed=57387016, external=273607, loadavg=[0, 0, 0], uptime=110857.5101097
TypeError: Cannot read property 'toString' of null
    at fs.readFile (C:\Users\damithch\AppData\Roaming\npm\node_modules\markbind-cli\lib\markbind\lib\parser.js:423:42)
    at FSReqWrap.readFileAfterClose [as oncomplete] (fs.js:511:3)
2018-07-10T14:26:49.941Z - error: uncaughtException: Cannot read property 'toString' of null date=Tue Jul 10 2018 22:26:49 GMT+0800 (Malay Peninsula Standard Time), pid=15104, uid=null, gid=null, cwd=C:\repos\nus-cs2103\website-base, execPath=C:\Program Files\nodejs\node.exe, version=v8.9.4, argv=[C:\Program Files\nodejs\node.exe, C:\Users\damithch\AppData\Roaming\npm\node_modules\markbind-cli\index.js, serve], rss=119132160, heapTotal=95866880, heapUsed=58095832, external=273607, loadavg=[0, 0, 0], uptime=110857.5131197
TypeError: Cannot read property 'toString' of null
    at fs.readFile (C:\Users\damithch\AppData\Roaming\npm\node_modules\markbind-cli\lib\markbind\lib\parser.js:423:42)
    at FSReqWrap.readFileAfterClose [as oncomplete] (fs.js:511:3)
2018-07-10T14:26:49.944Z - error: uncaughtException: Cannot read property 'toString' of null date=Tue Jul 10 2018 22:26:49 GMT+0800 (Malay Peninsula Standard Time), pid=15104, uid=null, gid=null, cwd=C:\repos\nus-cs2103\website-base, execPath=C:\Program Files\nodejs\node.exe, version=v8.9.4, argv=[C:\Program Files\nodejs\node.exe, C:\Users\damithch\AppData\Roaming\npm\node_modules\markbind-cli\index.js, serve], rss=119132160, heapTotal=95866880, heapUsed=58804168, external=273607, loadavg=[0, 0, 0], uptime=110857.5171286
TypeError: Cannot read property 'toString' of null
    at fs.readFile (C:\Users\damithch\AppData\Roaming\npm\node_modules\markbind-cli\lib\markbind\lib\parser.js:423:42)
    at FSReqWrap.readFileAfterClose [as oncomplete] (fs.js:511:3)
2018-07-10T14:26:49.948Z - error: uncaughtException: Cannot read property 'toString' of null date=Tue Jul 10 2018 22:26:49 GMT+0800 (Malay Peninsula Standard Time), pid=15104, uid=null, gid=null, cwd=C:\repos\nus-cs2103\website-base, execPath=C:\Program Files\nodejs\node.exe, version=v8.9.4, argv=[C:\Program Files\nodejs\node.exe, C:\Users\damithch\AppData\Roaming\npm\node_modules\markbind-cli\index.js, serve], rss=119132160, heapTotal=95866880, heapUsed=59512552, external=273607, loadavg=[0, 0, 0], uptime=110857.5201368
TypeError: Cannot read property 'toString' of null
    at fs.readFile (C:\Users\damithch\AppData\Roaming\npm\node_modules\markbind-cli\lib\markbind\lib\parser.js:423:42)
    at FSReqWrap.readFileAfterClose [as oncomplete] (fs.js:511:3)
2018-07-10T14:26:49.952Z - error: uncaughtException: Cannot read property 'toString' of null date=Tue Jul 10 2018 22:26:49 GMT+0800 (Malay Peninsula Standard Time), pid=15104, uid=null, gid=null, cwd=C:\repos\nus-cs2103\website-base, execPath=C:\Program Files\nodejs\node.exe, version=v8.9.4, argv=[C:\Program Files\nodejs\node.exe, C:\Users\damithch\AppData\Roaming\npm\node_modules\markbind-cli\index.js, serve], rss=119189504, heapTotal=95866880, heapUsed=60220616, external=281799, loadavg=[0, 0, 0], uptime=110857.5241471
TypeError: Cannot read property 'toString' of null
    at fs.readFile (C:\Users\damithch\AppData\Roaming\npm\node_modules\markbind-cli\lib\markbind\lib\parser.js:423:42)
    at FSReqWrap.readFileAfterClose [as oncomplete] (fs.js:511:3)
2018-07-10T14:26:49.956Z - error: uncaughtException: Cannot read property 'toString' of null date=Tue Jul 10 2018 22:26:49 GMT+0800 (Malay Peninsula Standard Time), pid=15104, uid=null, gid=null, cwd=C:\repos\nus-cs2103\website-base, execPath=C:\Program Files\nodejs\node.exe, version=v8.9.4, argv=[C:\Program Files\nodejs\node.exe, C:\Users\damithch\AppData\Roaming\npm\node_modules\markbind-cli\index.js, serve], rss=119189504, heapTotal=95866880, heapUsed=60928792, external=281799, loadavg=[0, 0, 0], uptime=110857.5271556
TypeError: Cannot read property 'toString' of null
    at fs.readFile (C:\Users\damithch\AppData\Roaming\npm\node_modules\markbind-cli\lib\markbind\lib\parser.js:423:42)
    at FSReqWrap.readFileAfterClose [as oncomplete] (fs.js:511:3)
2018-07-10T14:26:49.959Z - error: uncaughtException: Cannot read property 'toString' of null date=Tue Jul 10 2018 22:26:49 GMT+0800 (Malay Peninsula Standard Time), pid=15104, uid=null, gid=null, cwd=C:\repos\nus-cs2103\website-base, execPath=C:\Program Files\nodejs\node.exe, version=v8.9.4, argv=[C:\Program Files\nodejs\node.exe, C:\Users\damithch\AppData\Roaming\npm\node_modules\markbind-cli\index.js, serve], rss=119189504, heapTotal=95866880, heapUsed=61636816, external=281799, loadavg=[0, 0, 0], uptime=110857.5301634
TypeError: Cannot read property 'toString' of null
    at fs.readFile (C:\Users\damithch\AppData\Roaming\npm\node_modules\markbind-cli\lib\markbind\lib\parser.js:423:42)
    at FSReqWrap.readFileAfterClose [as oncomplete] (fs.js:511:3)
2018-07-10T14:26:49.963Z - error: uncaughtException: Cannot read property 'toString' of null date=Tue Jul 10 2018 22:26:49 GMT+0800 (Malay Peninsula Standard Time), pid=15104, uid=null, gid=null, cwd=C:\repos\nus-cs2103\website-base, execPath=C:\Program Files\nodejs\node.exe, version=v8.9.4, argv=[C:\Program Files\nodejs\node.exe, C:\Users\damithch\AppData\Roaming\npm\node_modules\markbind-cli\index.js, serve], rss=119189504, heapTotal=95866880, heapUsed=62345064, external=281799, loadavg=[0, 0, 0], uptime=110857.5341741
TypeError: Cannot read property 'toString' of null
    at fs.readFile (C:\Users\damithch\AppData\Roaming\npm\node_modules\markbind-cli\lib\markbind\lib\parser.js:423:42)
    at FSReqWrap.readFileAfterClose [as oncomplete] (fs.js:511:3)
2018-07-10T14:26:49.966Z - error: uncaughtException: Cannot read property 'toString' of null date=Tue Jul 10 2018 22:26:49 GMT+0800 (Malay Peninsula Standard Time), pid=15104, uid=null, gid=null, cwd=C:\repos\nus-cs2103\website-base, execPath=C:\Program Files\nodejs\node.exe, version=v8.9.4, argv=[C:\Program Files\nodejs\node.exe, C:\Users\damithch\AppData\Roaming\npm\node_modules\markbind-cli\index.js, serve], rss=119189504, heapTotal=95866880, heapUsed=63053256, external=281799, loadavg=[0, 0, 0], uptime=110857.5381848
TypeError: Cannot read property 'toString' of null
    at fs.readFile (C:\Users\damithch\AppData\Roaming\npm\node_modules\markbind-cli\lib\markbind\lib\parser.js:423:42)
    at FSReqWrap.readFileAfterClose [as oncomplete] (fs.js:511:3)
2018-07-10T14:26:49.969Z - error: uncaughtException: Cannot read property 'toString' of null date=Tue Jul 10 2018 22:26:49 GMT+0800 (Malay Peninsula Standard Time), pid=15104, uid=null, gid=null, cwd=C:\repos\nus-cs2103\website-base, execPath=C:\Program Files\nodejs\node.exe, version=v8.9.4, argv=[C:\Program Files\nodejs\node.exe, C:\Users\damithch\AppData\Roaming\npm\node_modules\markbind-cli\index.js, serve], rss=119189504, heapTotal=95866880, heapUsed=63762248, external=281799, loadavg=[0, 0, 0], uptime=110857.5411926
TypeError: Cannot read property 'toString' of null
    at fs.readFile (C:\Users\damithch\AppData\Roaming\npm\node_modules\markbind-cli\lib\markbind\lib\parser.js:423:42)
    at FSReqWrap.readFileAfterClose [as oncomplete] (fs.js:511:3)
2018-07-10T14:26:49.973Z - error: uncaughtException: Cannot read property 'toString' of null date=Tue Jul 10 2018 22:26:49 GMT+0800 (Malay Peninsula Standard Time), pid=15104, uid=null, gid=null, cwd=C:\repos\nus-cs2103\website-base, execPath=C:\Program Files\nodejs\node.exe, version=v8.9.4, argv=[C:\Program Files\nodejs\node.exe, C:\Users\damithch\AppData\Roaming\npm\node_modules\markbind-cli\index.js, serve], rss=119189504, heapTotal=95866880, heapUsed=64470528, external=281799, loadavg=[0, 0, 0], uptime=110857.5442018
TypeError: Cannot read property 'toString' of null
    at fs.readFile (C:\Users\damithch\AppData\Roaming\npm\node_modules\markbind-cli\lib\markbind\lib\parser.js:423:42)
    at FSReqWrap.readFileAfterClose [as oncomplete] (fs.js:511:3)
2018-07-10T14:26:49.977Z - error: uncaughtException: Cannot read property 'toString' of null date=Tue Jul 10 2018 22:26:49 GMT+0800 (Malay Peninsula Standard Time), pid=15104, uid=null, gid=null, cwd=C:\repos\nus-cs2103\website-base, execPath=C:\Program Files\nodejs\node.exe, version=v8.9.4, argv=[C:\Program Files\nodejs\node.exe, C:\Users\damithch\AppData\Roaming\npm\node_modules\markbind-cli\index.js, serve], rss=119480320, heapTotal=95866880, heapUsed=65179072, external=281799, loadavg=[0, 0, 0], uptime=110857.5482114
TypeError: Cannot read property 'toString' of null
    at fs.readFile (C:\Users\damithch\AppData\Roaming\npm\node_modules\markbind-cli\lib\markbind\lib\parser.js:423:42)
    at FSReqWrap.readFileAfterClose [as oncomplete] (fs.js:511:3)
2018-07-10T14:26:49.981Z - error: uncaughtException: Cannot read property 'toString' of null date=Tue Jul 10 2018 22:26:49 GMT+0800 (Malay Peninsula Standard Time), pid=15104, uid=null, gid=null, cwd=C:\repos\nus-cs2103\website-base, execPath=C:\Program Files\nodejs\node.exe, version=v8.9.4, argv=[C:\Program Files\nodejs\node.exe, C:\Users\damithch\AppData\Roaming\npm\node_modules\markbind-cli\index.js, serve], rss=119472128, heapTotal=95866880, heapUsed=65895104, external=281799, loadavg=[0, 0, 0], uptime=110857.5522224
TypeError: Cannot read property 'toString' of null
    at fs.readFile (C:\Users\damithch\AppData\Roaming\npm\node_modules\markbind-cli\lib\markbind\lib\parser.js:423:42)
    at FSReqWrap.readFileAfterClose [as oncomplete] (fs.js:511:3)
2018-07-10T14:26:49.990Z - error: uncaughtException: Cannot read property 'toString' of null date=Tue Jul 10 2018 22:26:49 GMT+0800 (Malay Peninsula Standard Time), pid=15104, uid=null, gid=null, cwd=C:\repos\nus-cs2103\website-base, execPath=C:\Program Files\nodejs\node.exe, version=v8.9.4, argv=[C:\Program Files\nodejs\node.exe, C:\Users\damithch\AppData\Roaming\npm\node_modules\markbind-cli\index.js, serve], rss=119508992, heapTotal=95866880, heapUsed=52947736, external=281799, loadavg=[0, 0, 0], uptime=110857.5612459
TypeError: Cannot read property 'toString' of null
    at fs.readFile (C:\Users\damithch\AppData\Roaming\npm\node_modules\markbind-cli\lib\markbind\lib\parser.js:423:42)
    at FSReqWrap.readFileAfterClose [as oncomplete] (fs.js:511:3)
2018-07-10T14:26:49.994Z - error: uncaughtException: Cannot read property 'toString' of null date=Tue Jul 10 2018 22:26:49 GMT+0800 (Malay Peninsula Standard Time), pid=15104, uid=null, gid=null, cwd=C:\repos\nus-cs2103\website-base, execPath=C:\Program Files\nodejs\node.exe, version=v8.9.4, argv=[C:\Program Files\nodejs\node.exe, C:\Users\damithch\AppData\Roaming\npm\node_modules\markbind-cli\index.js, serve], rss=119164928, heapTotal=95866880, heapUsed=53656832, external=289991, loadavg=[0, 0, 0], uptime=110857.5652566
TypeError: Cannot read property 'toString' of null
    at fs.readFile (C:\Users\damithch\AppData\Roaming\npm\node_modules\markbind-cli\lib\markbind\lib\parser.js:423:42)
    at FSReqWrap.readFileAfterClose [as oncomplete] (fs.js:511:3)
2018-07-10T14:26:49.997Z - error: uncaughtException: Cannot read property 'toString' of null date=Tue Jul 10 2018 22:26:49 GMT+0800 (Malay Peninsula Standard Time), pid=15104, uid=null, gid=null, cwd=C:\repos\nus-cs2103\website-base, execPath=C:\Program Files\nodejs\node.exe, version=v8.9.4, argv=[C:\Program Files\nodejs\node.exe, C:\Users\damithch\AppData\Roaming\npm\node_modules\markbind-cli\index.js, serve], rss=119185408, heapTotal=95866880, heapUsed=54367248, external=289991, loadavg=[0, 0, 0], uptime=110857.5692715
TypeError: Cannot read property 'toString' of null
    at fs.readFile (C:\Users\damithch\AppData\Roaming\npm\node_modules\markbind-cli\lib\markbind\lib\parser.js:423:42)
    at FSReqWrap.readFileAfterClose [as oncomplete] (fs.js:511:3)
2018-07-10T14:26:50.001Z - error: uncaughtException: Cannot read property 'toString' of null date=Tue Jul 10 2018 22:26:49 GMT+0800 (Malay Peninsula Standard Time), pid=15104, uid=null, gid=null, cwd=C:\repos\nus-cs2103\website-base, execPath=C:\Program Files\nodejs\node.exe, version=v8.9.4, argv=[C:\Program Files\nodejs\node.exe, C:\Users\damithch\AppData\Roaming\npm\node_modules\markbind-cli\index.js, serve], rss=119332864, heapTotal=95866880, heapUsed=55075040, external=289991, loadavg=[0, 0, 0], uptime=110857.5732783
TypeError: Cannot read property 'toString' of null
    at fs.readFile (C:\Users\damithch\AppData\Roaming\npm\node_modules\markbind-cli\lib\markbind\lib\parser.js:423:42)
    at FSReqWrap.readFileAfterClose [as oncomplete] (fs.js:511:3)
2018-07-10T14:26:50.005Z - error: uncaughtException: Cannot read property 'toString' of null date=Tue Jul 10 2018 22:26:50 GMT+0800 (Malay Peninsula Standard Time), pid=15104, uid=null, gid=null, cwd=C:\repos\nus-cs2103\website-base, execPath=C:\Program Files\nodejs\node.exe, version=v8.9.4, argv=[C:\Program Files\nodejs\node.exe, C:\Users\damithch\AppData\Roaming\npm\node_modules\markbind-cli\index.js, serve], rss=119222272, heapTotal=95866880, heapUsed=55789672, external=289991, loadavg=[0, 0, 0], uptime=110857.5762861
TypeError: Cannot read property 'toString' of null
    at fs.readFile (C:\Users\damithch\AppData\Roaming\npm\node_modules\markbind-cli\lib\markbind\lib\parser.js:423:42)
    at FSReqWrap.readFileAfterClose [as oncomplete] (fs.js:511:3)
2018-07-10T14:26:50.008Z - error: uncaughtException: Cannot read property 'toString' of null date=Tue Jul 10 2018 22:26:50 GMT+0800 (Malay Peninsula Standard Time), pid=15104, uid=null, gid=null, cwd=C:\repos\nus-cs2103\website-base, execPath=C:\Program Files\nodejs\node.exe, version=v8.9.4, argv=[C:\Program Files\nodejs\node.exe, C:\Users\damithch\AppData\Roaming\npm\node_modules\markbind-cli\index.js, serve], rss=119246848, heapTotal=95866880, heapUsed=56497352, external=289991, loadavg=[0, 0, 0], uptime=110857.5792939
TypeError: Cannot read property 'toString' of null
    at fs.readFile (C:\Users\damithch\AppData\Roaming\npm\node_modules\markbind-cli\lib\markbind\lib\parser.js:423:42)
    at FSReqWrap.readFileAfterClose [as oncomplete] (fs.js:511:3)
2018-07-10T14:26:50.011Z - error: uncaughtException: Cannot read property 'toString' of null date=Tue Jul 10 2018 22:26:50 GMT+0800 (Malay Peninsula Standard Time), pid=15104, uid=null, gid=null, cwd=C:\repos\nus-cs2103\website-base, execPath=C:\Program Files\nodejs\node.exe, version=v8.9.4, argv=[C:\Program Files\nodejs\node.exe, C:\Users\damithch\AppData\Roaming\npm\node_modules\markbind-cli\index.js, serve], rss=119246848, heapTotal=95866880, heapUsed=57206344, external=289991, loadavg=[0, 0, 0], uptime=110857.5833046
TypeError: Cannot read property 'toString' of null
    at fs.readFile (C:\Users\damithch\AppData\Roaming\npm\node_modules\markbind-cli\lib\markbind\lib\parser.js:423:42)
    at FSReqWrap.readFileAfterClose [as oncomplete] (fs.js:511:3)
2018-07-10T14:26:50.015Z - error: uncaughtException: Cannot read property 'toString' of null date=Tue Jul 10 2018 22:26:50 GMT+0800 (Malay Peninsula Standard Time), pid=15104, uid=null, gid=null, cwd=C:\repos\nus-cs2103\website-base, execPath=C:\Program Files\nodejs\node.exe, version=v8.9.4, argv=[C:\Program Files\nodejs\node.exe, C:\Users\damithch\AppData\Roaming\npm\node_modules\markbind-cli\index.js, serve], rss=119246848, heapTotal=95866880, heapUsed=57913432, external=289991, loadavg=[0, 0, 0], uptime=110857.5863128
TypeError: Cannot read property 'toString' of null
    at fs.readFile (C:\Users\damithch\AppData\Roaming\npm\node_modules\markbind-cli\lib\markbind\lib\parser.js:423:42)
    at FSReqWrap.readFileAfterClose [as oncomplete] (fs.js:511:3)
2018-07-10T14:26:50.018Z - error: uncaughtException: Cannot read property 'toString' of null date=Tue Jul 10 2018 22:26:50 GMT+0800 (Malay Peninsula Standard Time), pid=15104, uid=null, gid=null, cwd=C:\repos\nus-cs2103\website-base, execPath=C:\Program Files\nodejs\node.exe, version=v8.9.4, argv=[C:\Program Files\nodejs\node.exe, C:\Users\damithch\AppData\Roaming\npm\node_modules\markbind-cli\index.js, serve], rss=119246848, heapTotal=95866880, heapUsed=58620936, external=289991, loadavg=[0, 0, 0], uptime=110857.5903234
TypeError: Cannot read property 'toString' of null
    at fs.readFile (C:\Users\damithch\AppData\Roaming\npm\node_modules\markbind-cli\lib\markbind\lib\parser.js:423:42)
    at FSReqWrap.readFileAfterClose [as oncomplete] (fs.js:511:3)
2018-07-10T14:26:50.025Z - error: uncaughtException: Cannot read property 'toString' of null date=Tue Jul 10 2018 22:26:50 GMT+0800 (Malay Peninsula Standard Time), pid=15104, uid=null, gid=null, cwd=C:\repos\nus-cs2103\website-base, execPath=C:\Program Files\nodejs\node.exe, version=v8.9.4, argv=[C:\Program Files\nodejs\node.exe, C:\Users\damithch\AppData\Roaming\npm\node_modules\markbind-cli\index.js, serve], rss=119754752, heapTotal=95866880, heapUsed=60143144, external=289991, loadavg=[0, 0, 0], uptime=110857.5973419
TypeError: Cannot read property 'toString' of null
    at fs.readFile (C:\Users\damithch\AppData\Roaming\npm\node_modules\markbind-cli\lib\markbind\lib\parser.js:423:42)
    at FSReqWrap.readFileAfterClose [as oncomplete] (fs.js:511:3)
2018-07-10T14:26:50.030Z - error: uncaughtException: Cannot read property 'toString' of null date=Tue Jul 10 2018 22:26:50 GMT+0800 (Malay Peninsula Standard Time), pid=15104, uid=null, gid=null, cwd=C:\repos\nus-cs2103\website-base, execPath=C:\Program Files\nodejs\node.exe, version=v8.9.4, argv=[C:\Program Files\nodejs\node.exe, C:\Users\damithch\AppData\Roaming\npm\node_modules\markbind-cli\index.js, serve], rss=119230464, heapTotal=95866880, heapUsed=60887688, external=289991, loadavg=[0, 0, 0], uptime=110857.6013529
TypeError: Cannot read property 'toString' of null
    at fs.readFile (C:\Users\damithch\AppData\Roaming\npm\node_modules\markbind-cli\lib\markbind\lib\parser.js:423:42)
    at FSReqWrap.readFileAfterClose [as oncomplete] (fs.js:511:3)
2018-07-10T14:26:50.033Z - error: uncaughtException: Cannot read property 'toString' of null date=Tue Jul 10 2018 22:26:50 GMT+0800 (Malay Peninsula Standard Time), pid=15104, uid=null, gid=null, cwd=C:\repos\nus-cs2103\website-base, execPath=C:\Program Files\nodejs\node.exe, version=v8.9.4, argv=[C:\Program Files\nodejs\node.exe, C:\Users\damithch\AppData\Roaming\npm\node_modules\markbind-cli\index.js, serve], rss=119234560, heapTotal=95866880, heapUsed=61611072, external=298183, loadavg=[0, 0, 0], uptime=110857.6053633
TypeError: Cannot read property 'toString' of null
    at fs.readFile (C:\Users\damithch\AppData\Roaming\npm\node_modules\markbind-cli\lib\markbind\lib\parser.js:423:42)
    at FSReqWrap.readFileAfterClose [as oncomplete] (fs.js:511:3)
2018-07-10T14:26:50.042Z - error: uncaughtException: Cannot read property 'toString' of null date=Tue Jul 10 2018 22:26:50 GMT+0800 (Malay Peninsula Standard Time), pid=15104, uid=null, gid=null, cwd=C:\repos\nus-cs2103\website-base, execPath=C:\Program Files\nodejs\node.exe, version=v8.9.4, argv=[C:\Program Files\nodejs\node.exe, C:\Users\damithch\AppData\Roaming\npm\node_modules\markbind-cli\index.js, serve], rss=120475648, heapTotal=95866880, heapUsed=62349376, external=298183, loadavg=[0, 0, 0], uptime=110857.6133832
TypeError: Cannot read property 'toString' of null
    at fs.readFile (C:\Users\damithch\AppData\Roaming\npm\node_modules\markbind-cli\lib\markbind\lib\parser.js:423:42)
    at FSReqWrap.readFileAfterClose [as oncomplete] (fs.js:511:3)
2018-07-10T14:26:50.047Z - error: uncaughtException: Cannot read property 'toString' of null date=Tue Jul 10 2018 22:26:50 GMT+0800 (Malay Peninsula Standard Time), pid=15104, uid=null, gid=null, cwd=C:\repos\nus-cs2103\website-base, execPath=C:\Program Files\nodejs\node.exe, version=v8.9.4, argv=[C:\Program Files\nodejs\node.exe, C:\Users\damithch\AppData\Roaming\npm\node_modules\markbind-cli\index.js, serve], rss=121008128, heapTotal=95866880, heapUsed=63077536, external=298183, loadavg=[0, 0, 0], uptime=110857.618397
TypeError: Cannot read property 'toString' of null
    at fs.readFile (C:\Users\damithch\AppData\Roaming\npm\node_modules\markbind-cli\lib\markbind\lib\parser.js:423:42)
    at FSReqWrap.readFileAfterClose [as oncomplete] (fs.js:511:3)
2018-07-10T14:26:50.053Z - error: uncaughtException: Cannot read property 'toString' of null date=Tue Jul 10 2018 22:26:50 GMT+0800 (Malay Peninsula Standard Time), pid=15104, uid=null, gid=null, cwd=C:\repos\nus-cs2103\website-base, execPath=C:\Program Files\nodejs\node.exe, version=v8.9.4, argv=[C:\Program Files\nodejs\node.exe, C:\Users\damithch\AppData\Roaming\npm\node_modules\markbind-cli\index.js, serve], rss=120020992, heapTotal=95866880, heapUsed=63805152, external=298183, loadavg=[0, 0, 0], uptime=110857.6244123
TypeError: Cannot read property 'toString' of null
    at fs.readFile (C:\Users\damithch\AppData\Roaming\npm\node_modules\markbind-cli\lib\markbind\lib\parser.js:423:42)
    at FSReqWrap.readFileAfterClose [as oncomplete] (fs.js:511:3)
2018-07-10T14:26:50.056Z - error: uncaughtException: Cannot read property 'toString' of null date=Tue Jul 10 2018 22:26:50 GMT+0800 (Malay Peninsula Standard Time), pid=15104, uid=null, gid=null, cwd=C:\repos\nus-cs2103\website-base, execPath=C:\Program Files\nodejs\node.exe, version=v8.9.4, argv=[C:\Program Files\nodejs\node.exe, C:\Users\damithch\AppData\Roaming\npm\node_modules\markbind-cli\index.js, serve], rss=119431168, heapTotal=95866880, heapUsed=64548496, external=298183, loadavg=[0, 0, 0], uptime=110857.6274244
TypeError: Cannot read property 'toString' of null
    at fs.readFile (C:\Users\damithch\AppData\Roaming\npm\node_modules\markbind-cli\lib\markbind\lib\parser.js:423:42)
    at FSReqWrap.readFileAfterClose [as oncomplete] (fs.js:511:3)
2018-07-10T14:26:50.059Z - error: uncaughtException: Cannot read property 'toString' of null date=Tue Jul 10 2018 22:26:50 GMT+0800 (Malay Peninsula Standard Time), pid=15104, uid=null, gid=null, cwd=C:\repos\nus-cs2103\website-base, execPath=C:\Program Files\nodejs\node.exe, version=v8.9.4, argv=[C:\Program Files\nodejs\node.exe, C:\Users\damithch\AppData\Roaming\npm\node_modules\markbind-cli\index.js, serve], rss=119431168, heapTotal=95866880, heapUsed=65260664, external=298183, loadavg=[0, 0, 0], uptime=110857.6314326
TypeError: Cannot read property 'toString' of null
    at fs.readFile (C:\Users\damithch\AppData\Roaming\npm\node_modules\markbind-cli\lib\markbind\lib\parser.js:423:42)
    at FSReqWrap.readFileAfterClose [as oncomplete] (fs.js:511:3)
2018-07-10T14:26:50.065Z - error: uncaughtException: Cannot read property 'toString' of null date=Tue Jul 10 2018 22:26:50 GMT+0800 (Malay Peninsula Standard Time), pid=15104, uid=null, gid=null, cwd=C:\repos\nus-cs2103\website-base, execPath=C:\Program Files\nodejs\node.exe, version=v8.9.4, argv=[C:\Program Files\nodejs\node.exe, C:\Users\damithch\AppData\Roaming\npm\node_modules\markbind-cli\index.js, serve], rss=120410112, heapTotal=95866880, heapUsed=65967976, external=298183, loadavg=[0, 0, 0], uptime=110857.6364447
TypeError: Cannot read property 'toString' of null
    at fs.readFile (C:\Users\damithch\AppData\Roaming\npm\node_modules\markbind-cli\lib\markbind\lib\parser.js:423:42)
    at FSReqWrap.readFileAfterClose [as oncomplete] (fs.js:511:3)
2018-07-10T14:26:50.069Z - error: uncaughtException: Cannot read property 'toString' of null date=Tue Jul 10 2018 22:26:50 GMT+0800 (Malay Peninsula Standard Time), pid=15104, uid=null, gid=null, cwd=C:\repos\nus-cs2103\website-base, execPath=C:\Program Files\nodejs\node.exe, version=v8.9.4, argv=[C:\Program Files\nodejs\node.exe, C:\Users\damithch\AppData\Roaming\npm\node_modules\markbind-cli\index.js, serve], rss=119328768, heapTotal=95866880, heapUsed=66714440, external=298183, loadavg=[0, 0, 0], uptime=110857.6414596
TypeError: Cannot read property 'toString' of null
    at fs.readFile (C:\Users\damithch\AppData\Roaming\npm\node_modules\markbind-cli\lib\markbind\lib\parser.js:423:42)
    at FSReqWrap.readFileAfterClose [as oncomplete] (fs.js:511:3)
2018-07-10T14:26:50.073Z - error: uncaughtException: Cannot read property 'toString' of null date=Tue Jul 10 2018 22:26:50 GMT+0800 (Malay Peninsula Standard Time), pid=15104, uid=null, gid=null, cwd=C:\repos\nus-cs2103\website-base, execPath=C:\Program Files\nodejs\node.exe, version=v8.9.4, argv=[C:\Program Files\nodejs\node.exe, C:\Users\damithch\AppData\Roaming\npm\node_modules\markbind-cli\index.js, serve], rss=119332864, heapTotal=95866880, heapUsed=67426424, external=298183, loadavg=[0, 0, 0], uptime=110857.6444674
TypeError: Cannot read property 'toString' of null
    at fs.readFile (C:\Users\damithch\AppData\Roaming\npm\node_modules\markbind-cli\lib\markbind\lib\parser.js:423:42)
    at FSReqWrap.readFileAfterClose [as oncomplete] (fs.js:511:3)
2018-07-10T14:26:50.076Z - error: uncaughtException: Cannot read property 'toString' of null date=Tue Jul 10 2018 22:26:50 GMT+0800 (Malay Peninsula Standard Time), pid=15104, uid=null, gid=null, cwd=C:\repos\nus-cs2103\website-base, execPath=C:\Program Files\nodejs\node.exe, version=v8.9.4, argv=[C:\Program Files\nodejs\node.exe, C:\Users\damithch\AppData\Roaming\npm\node_modules\markbind-cli\index.js, serve], rss=119332864, heapTotal=95866880, heapUsed=68138392, external=298183, loadavg=[0, 0, 0], uptime=110857.6474756
TypeError: Cannot read property 'toString' of null
    at fs.readFile (C:\Users\damithch\AppData\Roaming\npm\node_modules\markbind-cli\lib\markbind\lib\parser.js:423:42)
    at FSReqWrap.readFileAfterClose [as oncomplete] (fs.js:511:3)
2018-07-10T14:26:50.084Z - error: uncaughtException: Cannot read property 'toString' of null date=Tue Jul 10 2018 22:26:50 GMT+0800 (Malay Peninsula Standard Time), pid=15104, uid=null, gid=null, cwd=C:\repos\nus-cs2103\website-base, execPath=C:\Program Files\nodejs\node.exe, version=v8.9.4, argv=[C:\Program Files\nodejs\node.exe, C:\Users\damithch\AppData\Roaming\npm\node_modules\markbind-cli\index.js, serve], rss=119341056, heapTotal=95866880, heapUsed=54838984, external=306375, loadavg=[0, 0, 0], uptime=110857.6564991
TypeError: Cannot read property 'toString' of null
    at fs.readFile (C:\Users\damithch\AppData\Roaming\npm\node_modules\markbind-cli\lib\markbind\lib\parser.js:423:42)
    at FSReqWrap.readFileAfterClose [as oncomplete] (fs.js:511:3)
2018-07-10T14:26:50.088Z - error: uncaughtException: Cannot read property 'toString' of null date=Tue Jul 10 2018 22:26:50 GMT+0800 (Malay Peninsula Standard Time), pid=15104, uid=null, gid=null, cwd=C:\repos\nus-cs2103\website-base, execPath=C:\Program Files\nodejs\node.exe, version=v8.9.4, argv=[C:\Program Files\nodejs\node.exe, C:\Users\damithch\AppData\Roaming\npm\node_modules\markbind-cli\index.js, serve], rss=119341056, heapTotal=95866880, heapUsed=55550544, external=306375, loadavg=[0, 0, 0], uptime=110857.6595076
TypeError: Cannot read property 'toString' of null
    at fs.readFile (C:\Users\damithch\AppData\Roaming\npm\node_modules\markbind-cli\lib\markbind\lib\parser.js:423:42)
    at FSReqWrap.readFileAfterClose [as oncomplete] (fs.js:511:3)
2018-07-10T14:26:50.091Z - error: uncaughtException: Cannot read property 'toString' of null date=Tue Jul 10 2018 22:26:50 GMT+0800 (Malay Peninsula Standard Time), pid=15104, uid=null, gid=null, cwd=C:\repos\nus-cs2103\website-base, execPath=C:\Program Files\nodejs\node.exe, version=v8.9.4, argv=[C:\Program Files\nodejs\node.exe, C:\Users\damithch\AppData\Roaming\npm\node_modules\markbind-cli\index.js, serve], rss=119341056, heapTotal=95866880, heapUsed=56262840, external=306375, loadavg=[0, 0, 0], uptime=110857.6635183
TypeError: Cannot read property 'toString' of null
    at fs.readFile (C:\Users\damithch\AppData\Roaming\npm\node_modules\markbind-cli\lib\markbind\lib\parser.js:423:42)
    at FSReqWrap.readFileAfterClose [as oncomplete] (fs.js:511:3)
2018-07-10T14:26:50.095Z - error: uncaughtException: Cannot read property 'toString' of null date=Tue Jul 10 2018 22:26:50 GMT+0800 (Malay Peninsula Standard Time), pid=15104, uid=null, gid=null, cwd=C:\repos\nus-cs2103\website-base, execPath=C:\Program Files\nodejs\node.exe, version=v8.9.4, argv=[C:\Program Files\nodejs\node.exe, C:\Users\damithch\AppData\Roaming\npm\node_modules\markbind-cli\index.js, serve], rss=119382016, heapTotal=95866880, heapUsed=56975976, external=306375, loadavg=[0, 0, 0], uptime=110857.6665261
TypeError: Cannot read property 'toString' of null
    at fs.readFile (C:\Users\damithch\AppData\Roaming\npm\node_modules\markbind-cli\lib\markbind\lib\parser.js:423:42)
    at FSReqWrap.readFileAfterClose [as oncomplete] (fs.js:511:3)
2018-07-10T14:26:50.098Z - error: uncaughtException: Cannot read property 'toString' of null date=Tue Jul 10 2018 22:26:50 GMT+0800 (Malay Peninsula Standard Time), pid=15104, uid=null, gid=null, cwd=C:\repos\nus-cs2103\website-base, execPath=C:\Program Files\nodejs\node.exe, version=v8.9.4, argv=[C:\Program Files\nodejs\node.exe, C:\Users\damithch\AppData\Roaming\npm\node_modules\markbind-cli\index.js, serve], rss=119382016, heapTotal=95866880, heapUsed=57687704, external=306375, loadavg=[0, 0, 0], uptime=110857.6705368
TypeError: Cannot read property 'toString' of null
    at fs.readFile (C:\Users\damithch\AppData\Roaming\npm\node_modules\markbind-cli\lib\markbind\lib\parser.js:423:42)
    at FSReqWrap.readFileAfterClose [as oncomplete] (fs.js:511:3)
2018-07-10T14:26:50.101Z - error: uncaughtException: Cannot read property 'toString' of null date=Tue Jul 10 2018 22:26:50 GMT+0800 (Malay Peninsula Standard Time), pid=15104, uid=null, gid=null, cwd=C:\repos\nus-cs2103\website-base, execPath=C:\Program Files\nodejs\node.exe, version=v8.9.4, argv=[C:\Program Files\nodejs\node.exe, C:\Users\damithch\AppData\Roaming\npm\node_modules\markbind-cli\index.js, serve], rss=119382016, heapTotal=95866880, heapUsed=58399432, external=306375, loadavg=[0, 0, 0], uptime=110857.673545
TypeError: Cannot read property 'toString' of null
    at fs.readFile (C:\Users\damithch\AppData\Roaming\npm\node_modules\markbind-cli\lib\markbind\lib\parser.js:423:42)
    at FSReqWrap.readFileAfterClose [as oncomplete] (fs.js:511:3)
2018-07-10T14:26:50.105Z - error: uncaughtException: Cannot read property 'toString' of null date=Tue Jul 10 2018 22:26:50 GMT+0800 (Malay Peninsula Standard Time), pid=15104, uid=null, gid=null, cwd=C:\repos\nus-cs2103\website-base, execPath=C:\Program Files\nodejs\node.exe, version=v8.9.4, argv=[C:\Program Files\nodejs\node.exe, C:\Users\damithch\AppData\Roaming\npm\node_modules\markbind-cli\index.js, serve], rss=119382016, heapTotal=95866880, heapUsed=59111144, external=306375, loadavg=[0, 0, 0], uptime=110857.6765538
TypeError: Cannot read property 'toString' of null
    at fs.readFile (C:\Users\damithch\AppData\Roaming\npm\node_modules\markbind-cli\lib\markbind\lib\parser.js:423:42)
    at FSReqWrap.readFileAfterClose [as oncomplete] (fs.js:511:3)
2018-07-10T14:26:50.108Z - error: uncaughtException: Cannot read property 'toString' of null date=Tue Jul 10 2018 22:26:50 GMT+0800 (Malay Peninsula Standard Time), pid=15104, uid=null, gid=null, cwd=C:\repos\nus-cs2103\website-base, execPath=C:\Program Files\nodejs\node.exe, version=v8.9.4, argv=[C:\Program Files\nodejs\node.exe, C:\Users\damithch\AppData\Roaming\npm\node_modules\markbind-cli\index.js, serve], rss=119382016, heapTotal=95866880, heapUsed=59822680, external=306375, loadavg=[0, 0, 0], uptime=110857.6805635
TypeError: Cannot read property 'toString' of null
    at fs.readFile (C:\Users\damithch\AppData\Roaming\npm\node_modules\markbind-cli\lib\markbind\lib\parser.js:423:42)
    at FSReqWrap.readFileAfterClose [as oncomplete] (fs.js:511:3)
2018-07-10T14:26:50.112Z - error: uncaughtException: Cannot read property 'toString' of null date=Tue Jul 10 2018 22:26:50 GMT+0800 (Malay Peninsula Standard Time), pid=15104, uid=null, gid=null, cwd=C:\repos\nus-cs2103\website-base, execPath=C:\Program Files\nodejs\node.exe, version=v8.9.4, argv=[C:\Program Files\nodejs\node.exe, C:\Users\damithch\AppData\Roaming\npm\node_modules\markbind-cli\index.js, serve], rss=119382016, heapTotal=95866880, heapUsed=60534312, external=306375, loadavg=[0, 0, 0], uptime=110857.6835716
TypeError: Cannot read property 'toString' of null
    at fs.readFile (C:\Users\damithch\AppData\Roaming\npm\node_modules\markbind-cli\lib\markbind\lib\parser.js:423:42)
    at FSReqWrap.readFileAfterClose [as oncomplete] (fs.js:511:3)
2018-07-10T14:26:50.115Z - error: uncaughtException: Cannot read property 'toString' of null date=Tue Jul 10 2018 22:26:50 GMT+0800 (Malay Peninsula Standard Time), pid=15104, uid=null, gid=null, cwd=C:\repos\nus-cs2103\website-base, execPath=C:\Program Files\nodejs\node.exe, version=v8.9.4, argv=[C:\Program Files\nodejs\node.exe, C:\Users\damithch\AppData\Roaming\npm\node_modules\markbind-cli\index.js, serve], rss=119382016, heapTotal=95866880, heapUsed=61246752, external=306375, loadavg=[0, 0, 0], uptime=110857.6865798
TypeError: Cannot read property 'toString' of null
    at fs.readFile (C:\Users\damithch\AppData\Roaming\npm\node_modules\markbind-cli\lib\markbind\lib\parser.js:423:42)
    at FSReqWrap.readFileAfterClose [as oncomplete] (fs.js:511:3)
2018-07-10T14:26:50.118Z - error: uncaughtException: Cannot read property 'toString' of null date=Tue Jul 10 2018 22:26:50 GMT+0800 (Malay Peninsula Standard Time), pid=15104, uid=null, gid=null, cwd=C:\repos\nus-cs2103\website-base, execPath=C:\Program Files\nodejs\node.exe, version=v8.9.4, argv=[C:\Program Files\nodejs\node.exe, C:\Users\damithch\AppData\Roaming\npm\node_modules\markbind-cli\index.js, serve], rss=119382016, heapTotal=95866880, heapUsed=61958560, external=314567, loadavg=[0, 0, 0], uptime=110857.6905901
TypeError: Cannot read property 'toString' of null
    at fs.readFile (C:\Users\damithch\AppData\Roaming\npm\node_modules\markbind-cli\lib\markbind\lib\parser.js:423:42)
    at FSReqWrap.readFileAfterClose [as oncomplete] (fs.js:511:3)
2018-07-10T14:26:50.122Z - error: uncaughtException: Cannot read property 'toString' of null date=Tue Jul 10 2018 22:26:50 GMT+0800 (Malay Peninsula Standard Time), pid=15104, uid=null, gid=null, cwd=C:\repos\nus-cs2103\website-base, execPath=C:\Program Files\nodejs\node.exe, version=v8.9.4, argv=[C:\Program Files\nodejs\node.exe, C:\Users\damithch\AppData\Roaming\npm\node_modules\markbind-cli\index.js, serve], rss=119382016, heapTotal=95866880, heapUsed=62670952, external=314567, loadavg=[0, 0, 0], uptime=110857.6935979
TypeError: Cannot read property 'toString' of null
    at fs.readFile (C:\Users\damithch\AppData\Roaming\npm\node_modules\markbind-cli\lib\markbind\lib\parser.js:423:42)
    at FSReqWrap.readFileAfterClose [as oncomplete] (fs.js:511:3)
2018-07-10T14:26:50.125Z - error: uncaughtException: Cannot read property 'toString' of null date=Tue Jul 10 2018 22:26:50 GMT+0800 (Malay Peninsula Standard Time), pid=15104, uid=null, gid=null, cwd=C:\repos\nus-cs2103\website-base, execPath=C:\Program Files\nodejs\node.exe, version=v8.9.4, argv=[C:\Program Files\nodejs\node.exe, C:\Users\damithch\AppData\Roaming\npm\node_modules\markbind-cli\index.js, serve], rss=119382016, heapTotal=95866880, heapUsed=63383144, external=314567, loadavg=[0, 0, 0], uptime=110857.6976086
TypeError: Cannot read property 'toString' of null
    at fs.readFile (C:\Users\damithch\AppData\Roaming\npm\node_modules\markbind-cli\lib\markbind\lib\parser.js:423:42)
    at FSReqWrap.readFileAfterClose [as oncomplete] (fs.js:511:3)
2018-07-10T14:26:50.129Z - error: uncaughtException: Cannot read property 'toString' of null date=Tue Jul 10 2018 22:26:50 GMT+0800 (Malay Peninsula Standard Time), pid=15104, uid=null, gid=null, cwd=C:\repos\nus-cs2103\website-base, execPath=C:\Program Files\nodejs\node.exe, version=v8.9.4, argv=[C:\Program Files\nodejs\node.exe, C:\Users\damithch\AppData\Roaming\npm\node_modules\markbind-cli\index.js, serve], rss=119996416, heapTotal=95866880, heapUsed=64095736, external=314567, loadavg=[0, 0, 0], uptime=110857.7016196
TypeError: Cannot read property 'toString' of null
    at fs.readFile (C:\Users\damithch\AppData\Roaming\npm\node_modules\markbind-cli\lib\markbind\lib\parser.js:423:42)
    at FSReqWrap.readFileAfterClose [as oncomplete] (fs.js:511:3)
2018-07-10T14:26:50.133Z - error: uncaughtException: Cannot read property 'toString' of null date=Tue Jul 10 2018 22:26:50 GMT+0800 (Malay Peninsula Standard Time), pid=15104, uid=null, gid=null, cwd=C:\repos\nus-cs2103\website-base, execPath=C:\Program Files\nodejs\node.exe, version=v8.9.4, argv=[C:\Program Files\nodejs\node.exe, C:\Users\damithch\AppData\Roaming\npm\node_modules\markbind-cli\index.js, serve], rss=119554048, heapTotal=95866880, heapUsed=64823808, external=314567, loadavg=[0, 0, 0], uptime=110857.7046275
TypeError: Cannot read property 'toString' of null
    at fs.readFile (C:\Users\damithch\AppData\Roaming\npm\node_modules\markbind-cli\lib\markbind\lib\parser.js:423:42)
    at FSReqWrap.readFileAfterClose [as oncomplete] (fs.js:511:3)
2018-07-10T14:26:50.136Z - error: uncaughtException: Cannot read property 'toString' of null date=Tue Jul 10 2018 22:26:50 GMT+0800 (Malay Peninsula Standard Time), pid=15104, uid=null, gid=null, cwd=C:\repos\nus-cs2103\website-base, execPath=C:\Program Files\nodejs\node.exe, version=v8.9.4, argv=[C:\Program Files\nodejs\node.exe, C:\Users\damithch\AppData\Roaming\npm\node_modules\markbind-cli\index.js, serve], rss=119558144, heapTotal=95866880, heapUsed=65535840, external=314567, loadavg=[0, 0, 0], uptime=110857.7086381
TypeError: Cannot read property 'toString' of null
    at fs.readFile (C:\Users\damithch\AppData\Roaming\npm\node_modules\markbind-cli\lib\markbind\lib\parser.js:423:42)
    at FSReqWrap.readFileAfterClose [as oncomplete] (fs.js:511:3)
2018-07-10T14:26:50.139Z - error: uncaughtException: Cannot read property 'toString' of null date=Tue Jul 10 2018 22:26:50 GMT+0800 (Malay Peninsula Standard Time), pid=15104, uid=null, gid=null, cwd=C:\repos\nus-cs2103\website-base, execPath=C:\Program Files\nodejs\node.exe, version=v8.9.4, argv=[C:\Program Files\nodejs\node.exe, C:\Users\damithch\AppData\Roaming\npm\node_modules\markbind-cli\index.js, serve], rss=119558144, heapTotal=95866880, heapUsed=66247784, external=314567, loadavg=[0, 0, 0], uptime=110857.7116459
TypeError: Cannot read property 'toString' of null
    at fs.readFile (C:\Users\damithch\AppData\Roaming\npm\node_modules\markbind-cli\lib\markbind\lib\parser.js:423:42)
    at FSReqWrap.readFileAfterClose [as oncomplete] (fs.js:511:3)
2018-07-10T14:26:50.143Z - error: uncaughtException: Cannot read property 'toString' of null date=Tue Jul 10 2018 22:26:50 GMT+0800 (Malay Peninsula Standard Time), pid=15104, uid=null, gid=null, cwd=C:\repos\nus-cs2103\website-base, execPath=C:\Program Files\nodejs\node.exe, version=v8.9.4, argv=[C:\Program Files\nodejs\node.exe, C:\Users\damithch\AppData\Roaming\npm\node_modules\markbind-cli\index.js, serve], rss=119558144, heapTotal=95866880, heapUsed=66962504, external=314567, loadavg=[0, 0, 0], uptime=110857.7146541
TypeError: Cannot read property 'toString' of null
    at fs.readFile (C:\Users\damithch\AppData\Roaming\npm\node_modules\markbind-cli\lib\markbind\lib\parser.js:423:42)
    at FSReqWrap.readFileAfterClose [as oncomplete] (fs.js:511:3)
2018-07-10T14:26:50.146Z - error: uncaughtException: Cannot read property 'toString' of null date=Tue Jul 10 2018 22:26:50 GMT+0800 (Malay Peninsula Standard Time), pid=15104, uid=null, gid=null, cwd=C:\repos\nus-cs2103\website-base, execPath=C:\Program Files\nodejs\node.exe, version=v8.9.4, argv=[C:\Program Files\nodejs\node.exe, C:\Users\damithch\AppData\Roaming\npm\node_modules\markbind-cli\index.js, serve], rss=119558144, heapTotal=95866880, heapUsed=67674840, external=314567, loadavg=[0, 0, 0], uptime=110857.7186655
TypeError: Cannot read property 'toString' of null
    at fs.readFile (C:\Users\damithch\AppData\Roaming\npm\node_modules\markbind-cli\lib\markbind\lib\parser.js:423:42)
    at FSReqWrap.readFileAfterClose [as oncomplete] (fs.js:511:3)
2018-07-10T14:26:50.149Z - error: uncaughtException: Cannot read property 'toString' of null date=Tue Jul 10 2018 22:26:50 GMT+0800 (Malay Peninsula Standard Time), pid=15104, uid=null, gid=null, cwd=C:\repos\nus-cs2103\website-base, execPath=C:\Program Files\nodejs\node.exe, version=v8.9.4, argv=[C:\Program Files\nodejs\node.exe, C:\Users\damithch\AppData\Roaming\npm\node_modules\markbind-cli\index.js, serve], rss=119558144, heapTotal=95866880, heapUsed=68386872, external=314567, loadavg=[0, 0, 0], uptime=110857.7216726
TypeError: Cannot read property 'toString' of null
    at fs.readFile (C:\Users\damithch\AppData\Roaming\npm\node_modules\markbind-cli\lib\markbind\lib\parser.js:423:42)
    at FSReqWrap.readFileAfterClose [as oncomplete] (fs.js:511:3)
2018-07-10T14:26:50.153Z - error: uncaughtException: Cannot read property 'toString' of null date=Tue Jul 10 2018 22:26:50 GMT+0800 (Malay Peninsula Standard Time), pid=15104, uid=null, gid=null, cwd=C:\repos\nus-cs2103\website-base, execPath=C:\Program Files\nodejs\node.exe, version=v8.9.4, argv=[C:\Program Files\nodejs\node.exe, C:\Users\damithch\AppData\Roaming\npm\node_modules\markbind-cli\index.js, serve], rss=119558144, heapTotal=95866880, heapUsed=69098584, external=322759, loadavg=[0, 0, 0], uptime=110857.7246808
TypeError: Cannot read property 'toString' of null
    at fs.readFile (C:\Users\damithch\AppData\Roaming\npm\node_modules\markbind-cli\lib\markbind\lib\parser.js:423:42)
    at FSReqWrap.readFileAfterClose [as oncomplete] (fs.js:511:3)
2018-07-10T14:26:50.161Z - error: uncaughtException: Cannot read property 'toString' of null date=Tue Jul 10 2018 22:26:50 GMT+0800 (Malay Peninsula Standard Time), pid=15104, uid=null, gid=null, cwd=C:\repos\nus-cs2103\website-base, execPath=C:\Program Files\nodejs\node.exe, version=v8.9.4, argv=[C:\Program Files\nodejs\node.exe, C:\Users\damithch\AppData\Roaming\npm\node_modules\markbind-cli\index.js, serve], rss=119296000, heapTotal=95866880, heapUsed=55921024, external=322759, loadavg=[0, 0, 0], uptime=110857.7327018
TypeError: Cannot read property 'toString' of null
    at fs.readFile (C:\Users\damithch\AppData\Roaming\npm\node_modules\markbind-cli\lib\markbind\lib\parser.js:423:42)
    at FSReqWrap.readFileAfterClose [as oncomplete] (fs.js:511:3)
2018-07-10T14:26:50.164Z - error: uncaughtException: Cannot read property 'toString' of null date=Tue Jul 10 2018 22:26:50 GMT+0800 (Malay Peninsula Standard Time), pid=15104, uid=null, gid=null, cwd=C:\repos\nus-cs2103\website-base, execPath=C:\Program Files\nodejs\node.exe, version=v8.9.4, argv=[C:\Program Files\nodejs\node.exe, C:\Users\damithch\AppData\Roaming\npm\node_modules\markbind-cli\index.js, serve], rss=119324672, heapTotal=95866880, heapUsed=56635576, external=322759, loadavg=[0, 0, 0], uptime=110857.7367128
TypeError: Cannot read property 'toString' of null
    at fs.readFile (C:\Users\damithch\AppData\Roaming\npm\node_modules\markbind-cli\lib\markbind\lib\parser.js:423:42)
    at FSReqWrap.readFileAfterClose [as oncomplete] (fs.js:511:3)
2018-07-10T14:26:50.168Z - error: uncaughtException: Cannot read property 'toString' of null date=Tue Jul 10 2018 22:26:50 GMT+0800 (Malay Peninsula Standard Time), pid=15104, uid=null, gid=null, cwd=C:\repos\nus-cs2103\website-base, execPath=C:\Program Files\nodejs\node.exe, version=v8.9.4, argv=[C:\Program Files\nodejs\node.exe, C:\Users\damithch\AppData\Roaming\npm\node_modules\markbind-cli\index.js, serve], rss=119332864, heapTotal=95866880, heapUsed=57347064, external=322759, loadavg=[0, 0, 0], uptime=110857.739721
TypeError: Cannot read property 'toString' of null
    at fs.readFile (C:\Users\damithch\AppData\Roaming\npm\node_modules\markbind-cli\lib\markbind\lib\parser.js:423:42)
    at FSReqWrap.readFileAfterClose [as oncomplete] (fs.js:511:3)
2018-07-10T14:26:50.171Z - error: uncaughtException: Cannot read property 'toString' of null date=Tue Jul 10 2018 22:26:50 GMT+0800 (Malay Peninsula Standard Time), pid=15104, uid=null, gid=null, cwd=C:\repos\nus-cs2103\website-base, execPath=C:\Program Files\nodejs\node.exe, version=v8.9.4, argv=[C:\Program Files\nodejs\node.exe, C:\Users\damithch\AppData\Roaming\npm\node_modules\markbind-cli\index.js, serve], rss=119332864, heapTotal=95866880, heapUsed=58058640, external=322759, loadavg=[0, 0, 0], uptime=110857.7437313
TypeError: Cannot read property 'toString' of null
    at fs.readFile (C:\Users\damithch\AppData\Roaming\npm\node_modules\markbind-cli\lib\markbind\lib\parser.js:423:42)
    at FSReqWrap.readFileAfterClose [as oncomplete] (fs.js:511:3)
2018-07-10T14:26:50.175Z - error: uncaughtException: Cannot read property 'toString' of null date=Tue Jul 10 2018 22:26:50 GMT+0800 (Malay Peninsula Standard Time), pid=15104, uid=null, gid=null, cwd=C:\repos\nus-cs2103\website-base, execPath=C:\Program Files\nodejs\node.exe, version=v8.9.4, argv=[C:\Program Files\nodejs\node.exe, C:\Users\damithch\AppData\Roaming\npm\node_modules\markbind-cli\index.js, serve], rss=119361536, heapTotal=95866880, heapUsed=58805416, external=322759, loadavg=[0, 0, 0], uptime=110857.7467398
TypeError: Cannot read property 'toString' of null
    at fs.readFile (C:\Users\damithch\AppData\Roaming\npm\node_modules\markbind-cli\lib\markbind\lib\parser.js:423:42)
    at FSReqWrap.readFileAfterClose [as oncomplete] (fs.js:511:3)
2018-07-10T14:26:50.189Z - error: uncaughtException: Cannot read property 'toString' of null date=Tue Jul 10 2018 22:26:50 GMT+0800 (Malay Peninsula Standard Time), pid=15104, uid=null, gid=null, cwd=C:\repos\nus-cs2103\website-base, execPath=C:\Program Files\nodejs\node.exe, version=v8.9.4, argv=[C:\Program Files\nodejs\node.exe, C:\Users\damithch\AppData\Roaming\npm\node_modules\markbind-cli\index.js, serve], rss=119365632, heapTotal=95866880, heapUsed=61008600, external=330951, loadavg=[0, 0, 0], uptime=110857.7617793
TypeError: Cannot read property 'toString' of null
    at fs.readFile (C:\Users\damithch\AppData\Roaming\npm\node_modules\markbind-cli\lib\markbind\lib\parser.js:423:42)
    at FSReqWrap.readFileAfterClose [as oncomplete] (fs.js:511:3)
2018-07-10T14:26:50.193Z - error: uncaughtException: Cannot read property 'toString' of null date=Tue Jul 10 2018 22:26:50 GMT+0800 (Malay Peninsula Standard Time), pid=15104, uid=null, gid=null, cwd=C:\repos\nus-cs2103\website-base, execPath=C:\Program Files\nodejs\node.exe, version=v8.9.4, argv=[C:\Program Files\nodejs\node.exe, C:\Users\damithch\AppData\Roaming\npm\node_modules\markbind-cli\index.js, serve], rss=119365632, heapTotal=95866880, heapUsed=61691200, external=330951, loadavg=[0, 0, 0], uptime=110857.7647868
TypeError: Cannot read property 'toString' of null
    at fs.readFile (C:\Users\damithch\AppData\Roaming\npm\node_modules\markbind-cli\lib\markbind\lib\parser.js:423:42)
    at FSReqWrap.readFileAfterClose [as oncomplete] (fs.js:511:3)
2018-07-10T14:34:32.555Z - info: Pages built
2018-07-10T14:34:32.590Z - info: Site data built
2018-07-10T14:34:32.602Z - info: Generate Site durationMs=48628
2018-07-10T14:34:32.627Z - info: Serving "C:\repos\nus-cs2103\website-base\_site" at http://127.0.0.1:8080
2018-07-10T14:34:32.627Z - info: Press CTRL+C to stop ...
2018-07-10T14:36:50.147Z - info: Reload for file change: C:\repos\nus-cs2103\website-base\book\oopDesign\associations\what\text.md
2018-07-10T14:36:51.152Z - verbose: Rebuild affected paths: C:\repos\nus-cs2103\website-base\book\oopDesign\associations\what\text.md
2018-07-10T14:36:51.158Z - info: Rebuilding 3 pages
2018-07-10T14:36:55.656Z - info: Pages rebuilt
2018-07-10T14:36:55.668Z - info: Site data built
2018-07-10T14:39:25.099Z - info: Reload for file change: C:\repos\nus-cs2103\website-base\book\oopDesign\polymorphism\introduction\text.md
2018-07-10T14:39:26.102Z - verbose: Rebuild affected paths: C:\repos\nus-cs2103\website-base\book\oopDesign\polymorphism\introduction\text.md
2018-07-10T14:39:26.115Z - info: Rebuilding 9 pages
2018-07-10T14:39:41.424Z - info: Pages rebuilt
2018-07-10T14:39:41.481Z - info: Site data built
2018-07-10T14:40:42.100Z - info: Reload for file change: C:\repos\nus-cs2103\website-base\book\oopDesign\polymorphism\introduction\text.md
2018-07-10T14:40:43.106Z - verbose: Rebuild affected paths: C:\repos\nus-cs2103\website-base\book\oopDesign\polymorphism\introduction\text.md
2018-07-10T14:40:43.107Z - info: Rebuilding 9 pages
2018-07-10T14:40:58.275Z - info: Pages rebuilt
2018-07-10T14:40:58.302Z - info: Site data built
2018-07-10T14:48:16.540Z - info: Pages built
2018-07-10T14:48:16.577Z - info: Site data built
2018-07-10T14:48:16.589Z - info: Generate Site durationMs=48623
2018-07-10T14:48:16.609Z - info: Serving "C:\repos\nus-cs2103\website-base\_site" at http://127.0.0.1:8080
2018-07-10T14:48:16.610Z - info: Press CTRL+C to stop ...
