2018-07-28T11:41:12.599Z - info: Pages built
2018-07-28T11:41:12.766Z - info: Site data built
2018-07-28T11:41:12.775Z - info: Generate Site durationMs=180134
2018-07-28T11:41:13.172Z - info: Serving "C:\repos\nus-cs2103\website-base\_site" at http://127.0.0.1:8080
2018-07-28T11:41:13.172Z - info: Press CTRL+C to stop ...
2018-07-28T11:44:22.320Z - info: Reload for file change: C:\repos\nus-cs2103\website-base\se-book-adapted\index.md
2018-07-28T11:44:23.327Z - verbose: Rebuild affected paths: C:\repos\nus-cs2103\website-base\se-book-adapted\index.md
2018-07-28T11:44:23.327Z - info: Rebuilding 2 pages
2018-07-28T11:44:23.418Z - error:  Error: No such file: C:\repos\nus-cs2103\website-base\book\preview.md
Missing reference in C:\repos\nus-cs2103\website-base\se-book-adapted\index.md
    at Parser._preprocess (C:\Users\dcsdcr\AppData\Roaming\npm\node_modules\markbind-cli\lib\markbind\lib\parser.js:136:21)
    at element.children.element.children.map.e (C:\Users\dcsdcr\AppData\Roaming\npm\node_modules\markbind-cli\lib\markbind\lib\parser.js:245:57)
    at Array.map (<anonymous>)
    at Parser._preprocess (C:\Users\dcsdcr\AppData\Roaming\npm\node_modules\markbind-cli\lib\markbind\lib\parser.js:245:43)
    at element.children.element.children.map.e (C:\Users\dcsdcr\AppData\Roaming\npm\node_modules\markbind-cli\lib\markbind\lib\parser.js:245:57)
    at Array.map (<anonymous>)
    at Parser._preprocess (C:\Users\dcsdcr\AppData\Roaming\npm\node_modules\markbind-cli\lib\markbind\lib\parser.js:245:43)
    at element.children.element.children.map.e (C:\Users\dcsdcr\AppData\Roaming\npm\node_modules\markbind-cli\lib\markbind\lib\parser.js:230:57)
    at Array.map (<anonymous>)
    at Parser._preprocess (C:\Users\dcsdcr\AppData\Roaming\npm\node_modules\markbind-cli\lib\markbind\lib\parser.js:230:43)
    at element.children.element.children.map.e (C:\Users\dcsdcr\AppData\Roaming\npm\node_modules\markbind-cli\lib\markbind\lib\parser.js:245:57)
    at Array.map (<anonymous>)
    at Parser._preprocess (C:\Users\dcsdcr\AppData\Roaming\npm\node_modules\markbind-cli\lib\markbind\lib\parser.js:245:43)
    at element.children.element.children.map.e (C:\Users\dcsdcr\AppData\Roaming\npm\node_modules\markbind-cli\lib\markbind\lib\parser.js:245:57)
    at Array.map (<anonymous>)
    at Parser._preprocess (C:\Users\dcsdcr\AppData\Roaming\npm\node_modules\markbind-cli\lib\markbind\lib\parser.js:245:43)
2018-07-28T11:44:23.557Z - error:  Error: No such file: C:\repos\nus-cs2103\website-base\book\preview.md
Missing reference in C:\repos\nus-cs2103\website-base\se-book-adapted\index.md
    at Parser._preprocess (C:\Users\dcsdcr\AppData\Roaming\npm\node_modules\markbind-cli\lib\markbind\lib\parser.js:136:21)
    at element.children.element.children.map.e (C:\Users\dcsdcr\AppData\Roaming\npm\node_modules\markbind-cli\lib\markbind\lib\parser.js:245:57)
    at Array.map (<anonymous>)
    at Parser._preprocess (C:\Users\dcsdcr\AppData\Roaming\npm\node_modules\markbind-cli\lib\markbind\lib\parser.js:245:43)
    at element.children.element.children.map.e (C:\Users\dcsdcr\AppData\Roaming\npm\node_modules\markbind-cli\lib\markbind\lib\parser.js:245:57)
    at Array.map (<anonymous>)
    at Parser._preprocess (C:\Users\dcsdcr\AppData\Roaming\npm\node_modules\markbind-cli\lib\markbind\lib\parser.js:245:43)
    at element.children.element.children.map.e (C:\Users\dcsdcr\AppData\Roaming\npm\node_modules\markbind-cli\lib\markbind\lib\parser.js:245:57)
    at Array.map (<anonymous>)
    at Parser._preprocess (C:\Users\dcsdcr\AppData\Roaming\npm\node_modules\markbind-cli\lib\markbind\lib\parser.js:245:43)
    at element.children.element.children.map.e (C:\Users\dcsdcr\AppData\Roaming\npm\node_modules\markbind-cli\lib\markbind\lib\parser.js:245:57)
    at Array.map (<anonymous>)
    at Parser._preprocess (C:\Users\dcsdcr\AppData\Roaming\npm\node_modules\markbind-cli\lib\markbind\lib\parser.js:245:43)
    at dom.map (C:\Users\dcsdcr\AppData\Roaming\npm\node_modules\markbind-cli\lib\markbind\lib\parser.js:345:28)
    at Array.map (<anonymous>)
    at DomHandler.htmlparser.DomHandler [as _callback] (C:\Users\dcsdcr\AppData\Roaming\npm\node_modules\markbind-cli\lib\markbind\lib\parser.js:342:25)
2018-07-28T11:44:23.827Z - info: Pages rebuilt
2018-07-28T11:44:23.837Z - info: Site data built
2018-07-28T11:46:07.381Z - info: Reload for file change: C:\repos\nus-cs2103\website-base\se-book-adapted\index.md
2018-07-28T11:46:08.401Z - verbose: Rebuild affected paths: C:\repos\nus-cs2103\website-base\se-book-adapted\index.md
2018-07-28T11:46:08.401Z - info: Rebuilding 2 pages
2018-07-28T11:46:08.501Z - error:  Error: No such file: C:\repos\nus-cs2103\website-base\book\preview.md
Missing reference in C:\repos\nus-cs2103\website-base\se-book-adapted\index.md
    at Parser._preprocess (C:\Users\dcsdcr\AppData\Roaming\npm\node_modules\markbind-cli\lib\markbind\lib\parser.js:136:21)
    at element.children.element.children.map.e (C:\Users\dcsdcr\AppData\Roaming\npm\node_modules\markbind-cli\lib\markbind\lib\parser.js:245:57)
    at Array.map (<anonymous>)
    at Parser._preprocess (C:\Users\dcsdcr\AppData\Roaming\npm\node_modules\markbind-cli\lib\markbind\lib\parser.js:245:43)
    at element.children.element.children.map.e (C:\Users\dcsdcr\AppData\Roaming\npm\node_modules\markbind-cli\lib\markbind\lib\parser.js:245:57)
    at Array.map (<anonymous>)
    at Parser._preprocess (C:\Users\dcsdcr\AppData\Roaming\npm\node_modules\markbind-cli\lib\markbind\lib\parser.js:245:43)
    at element.children.element.children.map.e (C:\Users\dcsdcr\AppData\Roaming\npm\node_modules\markbind-cli\lib\markbind\lib\parser.js:230:57)
    at Array.map (<anonymous>)
    at Parser._preprocess (C:\Users\dcsdcr\AppData\Roaming\npm\node_modules\markbind-cli\lib\markbind\lib\parser.js:230:43)
    at element.children.element.children.map.e (C:\Users\dcsdcr\AppData\Roaming\npm\node_modules\markbind-cli\lib\markbind\lib\parser.js:245:57)
    at Array.map (<anonymous>)
    at Parser._preprocess (C:\Users\dcsdcr\AppData\Roaming\npm\node_modules\markbind-cli\lib\markbind\lib\parser.js:245:43)
    at element.children.element.children.map.e (C:\Users\dcsdcr\AppData\Roaming\npm\node_modules\markbind-cli\lib\markbind\lib\parser.js:245:57)
    at Array.map (<anonymous>)
    at Parser._preprocess (C:\Users\dcsdcr\AppData\Roaming\npm\node_modules\markbind-cli\lib\markbind\lib\parser.js:245:43)
2018-07-28T11:46:08.621Z - error:  Error: No such file: C:\repos\nus-cs2103\website-base\book\preview.md
Missing reference in C:\repos\nus-cs2103\website-base\se-book-adapted\index.md
    at Parser._preprocess (C:\Users\dcsdcr\AppData\Roaming\npm\node_modules\markbind-cli\lib\markbind\lib\parser.js:136:21)
    at element.children.element.children.map.e (C:\Users\dcsdcr\AppData\Roaming\npm\node_modules\markbind-cli\lib\markbind\lib\parser.js:245:57)
    at Array.map (<anonymous>)
    at Parser._preprocess (C:\Users\dcsdcr\AppData\Roaming\npm\node_modules\markbind-cli\lib\markbind\lib\parser.js:245:43)
    at element.children.element.children.map.e (C:\Users\dcsdcr\AppData\Roaming\npm\node_modules\markbind-cli\lib\markbind\lib\parser.js:245:57)
    at Array.map (<anonymous>)
    at Parser._preprocess (C:\Users\dcsdcr\AppData\Roaming\npm\node_modules\markbind-cli\lib\markbind\lib\parser.js:245:43)
    at element.children.element.children.map.e (C:\Users\dcsdcr\AppData\Roaming\npm\node_modules\markbind-cli\lib\markbind\lib\parser.js:245:57)
    at Array.map (<anonymous>)
    at Parser._preprocess (C:\Users\dcsdcr\AppData\Roaming\npm\node_modules\markbind-cli\lib\markbind\lib\parser.js:245:43)
    at element.children.element.children.map.e (C:\Users\dcsdcr\AppData\Roaming\npm\node_modules\markbind-cli\lib\markbind\lib\parser.js:245:57)
    at Array.map (<anonymous>)
    at Parser._preprocess (C:\Users\dcsdcr\AppData\Roaming\npm\node_modules\markbind-cli\lib\markbind\lib\parser.js:245:43)
    at dom.map (C:\Users\dcsdcr\AppData\Roaming\npm\node_modules\markbind-cli\lib\markbind\lib\parser.js:345:28)
    at Array.map (<anonymous>)
    at DomHandler.htmlparser.DomHandler [as _callback] (C:\Users\dcsdcr\AppData\Roaming\npm\node_modules\markbind-cli\lib\markbind\lib\parser.js:342:25)
2018-07-28T11:46:08.889Z - info: Pages rebuilt
2018-07-28T11:46:08.898Z - info: Site data built
2018-07-28T11:48:57.108Z - info: Reload for file change: C:\repos\nus-cs2103\website-base\se-book-adapted\index.md
2018-07-28T11:48:58.128Z - verbose: Rebuild affected paths: C:\repos\nus-cs2103\website-base\se-book-adapted\index.md
2018-07-28T11:48:58.128Z - info: Rebuilding 2 pages
2018-07-28T11:48:58.197Z - error:  Error: No such file: C:\repos\nus-cs2103\website-base\book\preview.md
Missing reference in C:\repos\nus-cs2103\website-base\se-book-adapted\index.md
    at Parser._preprocess (C:\Users\dcsdcr\AppData\Roaming\npm\node_modules\markbind-cli\lib\markbind\lib\parser.js:136:21)
    at element.children.element.children.map.e (C:\Users\dcsdcr\AppData\Roaming\npm\node_modules\markbind-cli\lib\markbind\lib\parser.js:245:57)
    at Array.map (<anonymous>)
    at Parser._preprocess (C:\Users\dcsdcr\AppData\Roaming\npm\node_modules\markbind-cli\lib\markbind\lib\parser.js:245:43)
    at element.children.element.children.map.e (C:\Users\dcsdcr\AppData\Roaming\npm\node_modules\markbind-cli\lib\markbind\lib\parser.js:245:57)
    at Array.map (<anonymous>)
    at Parser._preprocess (C:\Users\dcsdcr\AppData\Roaming\npm\node_modules\markbind-cli\lib\markbind\lib\parser.js:245:43)
    at element.children.element.children.map.e (C:\Users\dcsdcr\AppData\Roaming\npm\node_modules\markbind-cli\lib\markbind\lib\parser.js:230:57)
    at Array.map (<anonymous>)
    at Parser._preprocess (C:\Users\dcsdcr\AppData\Roaming\npm\node_modules\markbind-cli\lib\markbind\lib\parser.js:230:43)
    at element.children.element.children.map.e (C:\Users\dcsdcr\AppData\Roaming\npm\node_modules\markbind-cli\lib\markbind\lib\parser.js:245:57)
    at Array.map (<anonymous>)
    at Parser._preprocess (C:\Users\dcsdcr\AppData\Roaming\npm\node_modules\markbind-cli\lib\markbind\lib\parser.js:245:43)
    at element.children.element.children.map.e (C:\Users\dcsdcr\AppData\Roaming\npm\node_modules\markbind-cli\lib\markbind\lib\parser.js:245:57)
    at Array.map (<anonymous>)
    at Parser._preprocess (C:\Users\dcsdcr\AppData\Roaming\npm\node_modules\markbind-cli\lib\markbind\lib\parser.js:245:43)
2018-07-28T11:48:58.298Z - error:  Error: No such file: C:\repos\nus-cs2103\website-base\book\preview.md
Missing reference in C:\repos\nus-cs2103\website-base\se-book-adapted\index.md
    at Parser._preprocess (C:\Users\dcsdcr\AppData\Roaming\npm\node_modules\markbind-cli\lib\markbind\lib\parser.js:136:21)
    at element.children.element.children.map.e (C:\Users\dcsdcr\AppData\Roaming\npm\node_modules\markbind-cli\lib\markbind\lib\parser.js:245:57)
    at Array.map (<anonymous>)
    at Parser._preprocess (C:\Users\dcsdcr\AppData\Roaming\npm\node_modules\markbind-cli\lib\markbind\lib\parser.js:245:43)
    at element.children.element.children.map.e (C:\Users\dcsdcr\AppData\Roaming\npm\node_modules\markbind-cli\lib\markbind\lib\parser.js:245:57)
    at Array.map (<anonymous>)
    at Parser._preprocess (C:\Users\dcsdcr\AppData\Roaming\npm\node_modules\markbind-cli\lib\markbind\lib\parser.js:245:43)
    at element.children.element.children.map.e (C:\Users\dcsdcr\AppData\Roaming\npm\node_modules\markbind-cli\lib\markbind\lib\parser.js:245:57)
    at Array.map (<anonymous>)
    at Parser._preprocess (C:\Users\dcsdcr\AppData\Roaming\npm\node_modules\markbind-cli\lib\markbind\lib\parser.js:245:43)
    at element.children.element.children.map.e (C:\Users\dcsdcr\AppData\Roaming\npm\node_modules\markbind-cli\lib\markbind\lib\parser.js:245:57)
    at Array.map (<anonymous>)
    at Parser._preprocess (C:\Users\dcsdcr\AppData\Roaming\npm\node_modules\markbind-cli\lib\markbind\lib\parser.js:245:43)
    at dom.map (C:\Users\dcsdcr\AppData\Roaming\npm\node_modules\markbind-cli\lib\markbind\lib\parser.js:345:28)
    at Array.map (<anonymous>)
    at DomHandler.htmlparser.DomHandler [as _callback] (C:\Users\dcsdcr\AppData\Roaming\npm\node_modules\markbind-cli\lib\markbind\lib\parser.js:342:25)
2018-07-28T11:48:58.543Z - info: Pages rebuilt
2018-07-28T11:48:58.548Z - info: Site data built
2018-07-28T11:49:49.448Z - info: Reload for file add: C:\repos\nus-cs2103\website-base\se-book-adapted\chapters\cppToJava.md
2018-07-28T11:49:50.458Z - verbose: Rebuild affected paths: C:\repos\nus-cs2103\website-base\se-book-adapted\chapters\cppToJava.md
2018-07-28T11:49:50.458Z - info: Rebuilding 0 pages
2018-07-28T11:49:50.458Z - info: Pages rebuilt
2018-07-28T11:49:50.468Z - info: Site data built
2018-07-28T11:50:26.529Z - info: Reload for file add: C:\repos\nus-cs2103\website-base\se-book-adapted\chapters-printable\cppToJava-printable.md
2018-07-28T11:50:27.548Z - verbose: Rebuild affected paths: C:\repos\nus-cs2103\website-base\se-book-adapted\chapters-printable\cppToJava-printable.md
2018-07-28T11:50:27.548Z - info: Rebuilding 0 pages
2018-07-28T11:50:27.548Z - info: Pages rebuilt
2018-07-28T11:50:27.558Z - info: Site data built
2018-07-28T11:50:36.738Z - info: Reload for file change: C:\repos\nus-cs2103\website-base\se-book-adapted\chapters\cppToJava.md
2018-07-28T11:50:36.750Z - info: Reload for file change: C:\repos\nus-cs2103\website-base\se-book-adapted\chapters-printable\cppToJava-printable.md
2018-07-28T11:50:37.740Z - verbose: Rebuild affected paths: C:\repos\nus-cs2103\website-base\se-book-adapted\chapters\cppToJava.md,C:\repos\nus-cs2103\website-base\se-book-adapted\chapters-printable\cppToJava-printable.md
2018-07-28T11:50:37.740Z - info: Rebuilding 0 pages
2018-07-28T11:50:37.740Z - info: Pages rebuilt
2018-07-28T11:50:37.748Z - info: Site data built
2018-07-28T11:52:06.196Z - info: Reload for file change: C:\repos\nus-cs2103\website-base\se-book-adapted\index.md
2018-07-28T11:52:07.198Z - verbose: Rebuild affected paths: C:\repos\nus-cs2103\website-base\se-book-adapted\index.md
2018-07-28T11:52:07.199Z - info: Rebuilding 2 pages
2018-07-28T11:52:07.627Z - info: Pages rebuilt
2018-07-28T11:52:07.634Z - info: Site data built
2018-07-28T11:54:06.304Z - info: Pages built
2018-07-28T11:54:07.120Z - info: Site data built
2018-07-28T11:54:07.129Z - info: Generate Site durationMs=83834
2018-07-28T11:54:07.557Z - info: Serving "C:\repos\nus-cs2103\website-base\_site" at http://127.0.0.1:8080
2018-07-28T11:54:07.557Z - info: Press CTRL+C to stop ...
2018-07-28T11:59:36.575Z - info: Reload for file change: C:\repos\nus-cs2103\website-base\se-book-adapted\config.njk
2018-07-28T11:59:37.595Z - info: Assets built
2018-07-28T12:01:24.850Z - info: Pages built
2018-07-28T12:01:25.011Z - info: Site data built
2018-07-28T12:01:25.020Z - info: Generate Site durationMs=81817
2018-07-28T12:01:25.407Z - info: Serving "C:\repos\nus-cs2103\website-base\_site" at http://127.0.0.1:8080
2018-07-28T12:01:25.408Z - info: Press CTRL+C to stop ...
2018-07-28T12:03:53.151Z - info: Reload for file change: C:\repos\nus-cs2103\website-base\se-book-adapted\config.njk
2018-07-28T12:03:54.182Z - info: Assets built
2018-07-28T12:05:03.918Z - info: Reload for file change: C:\repos\nus-cs2103\website-base\book\cppToJava\gettingStarted\running\text.md
2018-07-28T12:05:04.935Z - verbose: Rebuild affected paths: C:\repos\nus-cs2103\website-base\book\cppToJava\gettingStarted\running\text.md
2018-07-28T12:05:04.937Z - info: Rebuilding 2 pages
2018-07-28T12:05:05.224Z - info: Reload for file change: C:\repos\nus-cs2103\website-base\book\cppToJava\gettingStarted\text.md
2018-07-28T12:05:05.224Z - info: Reload for file change: C:\repos\nus-cs2103\website-base\book\cppToJava\gettingStarted\installation\text.md
2018-07-28T12:05:05.224Z - info: Reload for file change: C:\repos\nus-cs2103\website-base\book\cppToJava\gettingStarted\helloWorld\text.md
2018-07-28T12:05:05.224Z - info: Reload for file change: C:\repos\nus-cs2103\website-base\book\cppToJava\gettingStarted\compiling\text.md
2018-07-28T12:05:05.405Z - info: Pages rebuilt
2018-07-28T12:05:05.415Z - info: Site data built
2018-07-28T12:05:06.230Z - verbose: Rebuild affected paths: C:\repos\nus-cs2103\website-base\book\cppToJava\gettingStarted\text.md,C:\repos\nus-cs2103\website-base\book\cppToJava\gettingStarted\installation\text.md,C:\repos\nus-cs2103\website-base\book\cppToJava\gettingStarted\helloWorld\text.md,C:\repos\nus-cs2103\website-base\book\cppToJava\gettingStarted\compiling\text.md
2018-07-28T12:05:06.231Z - info: Rebuilding 2 pages
2018-07-28T12:05:06.629Z - info: Pages rebuilt
2018-07-28T12:05:06.640Z - info: Site data built
2018-07-28T12:05:56.304Z - info: Reload for file change: C:\repos\nus-cs2103\website-base\book\cppToJava\gettingStarted\running\text.md
2018-07-28T12:05:57.315Z - verbose: Rebuild affected paths: C:\repos\nus-cs2103\website-base\book\cppToJava\gettingStarted\running\text.md
2018-07-28T12:05:57.315Z - info: Rebuilding 2 pages
2018-07-28T12:05:57.693Z - info: Pages rebuilt
2018-07-28T12:05:57.705Z - info: Site data built
2018-07-28T12:06:12.798Z - info: Reload for file change: C:\repos\nus-cs2103\website-base\book\cppToJava\gettingStarted\running\text.md
2018-07-28T12:06:13.806Z - verbose: Rebuild affected paths: C:\repos\nus-cs2103\website-base\book\cppToJava\gettingStarted\running\text.md
2018-07-28T12:06:13.806Z - info: Rebuilding 2 pages
2018-07-28T12:06:14.264Z - info: Pages rebuilt
2018-07-28T12:06:14.278Z - info: Site data built
2018-07-28T12:06:45.178Z - info: Reload for file change: C:\repos\nus-cs2103\website-base\book\cppToJava\gettingStarted\running\text.md
2018-07-28T12:06:46.188Z - verbose: Rebuild affected paths: C:\repos\nus-cs2103\website-base\book\cppToJava\gettingStarted\running\text.md
2018-07-28T12:06:46.188Z - info: Rebuilding 2 pages
2018-07-28T12:06:46.558Z - info: Pages rebuilt
2018-07-28T12:06:46.568Z - info: Site data built
