2018-07-12T03:10:58.511Z - info: Pages built
2018-07-12T03:10:58.724Z - info: Site data built
2018-07-12T03:10:58.724Z - info: Generate Site durationMs=149041
2018-07-12T03:10:59.115Z - info: Serving "C:\repos\nus-cs2103\website-base\_site" at http://127.0.0.1:8080
2018-07-12T03:10:59.115Z - info: Press CTRL+C to stop ...
2018-07-12T07:56:19.670Z - info: Pages built
2018-07-12T07:56:19.835Z - info: Site data built
2018-07-12T07:56:19.840Z - info: Generate Site durationMs=145449
2018-07-12T07:56:20.260Z - info: Serving "C:\repos\nus-cs2103\website-base\_site" at http://127.0.0.1:8080
2018-07-12T07:56:20.260Z - info: Press CTRL+C to stop ...
2018-07-12T07:57:52.220Z - info: Reload for file change: C:\repos\nus-cs2103\website-base\book\oop\inheritance\overriding\q-tick-overriding.fr
2018-07-12T07:57:53.238Z - info: Assets built
2018-07-12T08:00:01.672Z - info: Pages built
2018-07-12T08:00:01.743Z - info: Site data built
2018-07-12T08:00:01.752Z - info: Generate Site durationMs=55322
2018-07-12T08:00:02.073Z - info: Serving "C:\repos\nus-cs2103\website-base\_site" at http://127.0.0.1:8080
2018-07-12T08:00:02.073Z - info: Press CTRL+C to stop ...
2018-07-12T08:04:51.515Z - info: Reload for file change: C:\repos\nus-cs2103\website-base\book\oop\inheritance\overriding\q-tick-overriding.fr
2018-07-12T08:04:52.548Z - info: Assets built
2018-07-12T08:07:08.482Z - info: Pages built
2018-07-12T08:07:08.564Z - info: Site data built
2018-07-12T08:07:08.573Z - info: Generate Site durationMs=48517
2018-07-12T08:07:08.891Z - info: Serving "C:\repos\nus-cs2103\website-base\_site" at http://127.0.0.1:8080
2018-07-12T08:07:08.892Z - info: Press CTRL+C to stop ...
2018-07-12T08:09:44.068Z - info: Reload for file add: C:\repos\nus-cs2103\website-base\book\oopImplementation\abstractClasses\q-tick-incorrectStatement.fr
2018-07-12T08:09:44.151Z - info: Reload for file deletion: C:\repos\nus-cs2103\website-base\book\oopImplementation\abstractClasses\q-tick-incorrectStatement.md
2018-07-12T08:09:45.085Z - info: Assets built
2018-07-12T08:09:45.153Z - verbose: Rebuild affected paths: C:\repos\nus-cs2103\website-base\book\oopImplementation\abstractClasses\q-tick-incorrectStatement.md
2018-07-12T08:09:45.154Z - info: Rebuilding 0 pages
2018-07-12T08:09:45.154Z - info: Pages rebuilt
2018-07-12T08:09:45.173Z - info: Site data built
2018-07-12T08:09:57.415Z - info: Reload for file add: C:\repos\nus-cs2103\website-base\book\oop\inheritance\abstractClasses\q-tick-incorrectStatement.fr
2018-07-12T08:09:57.507Z - info: Reload for file deletion: C:\repos\nus-cs2103\website-base\book\oopImplementation\abstractClasses\q-tick-incorrectStatement.fr
2018-07-12T08:09:58.423Z - info: Assets built
2018-07-12T08:09:58.514Z - info: Assets removed
2018-07-12T08:10:21.593Z - info: Reload for file add: C:\repos\nus-cs2103\website-base\book\oop\inheritance\abstractClasses\exercises.fr
2018-07-12T08:10:22.603Z - info: Assets built
2018-07-12T08:10:53.048Z - info: Reload for file add: C:\repos\nus-cs2103\website-base\book\oop\inheritance\abstractClasses\q-tick-incorrectStatementAboutAbstractClasses.fr
2018-07-12T08:10:53.137Z - info: Reload for file deletion: C:\repos\nus-cs2103\website-base\book\oop\inheritance\abstractClasses\q-tick-incorrectStatement.fr
2018-07-12T08:10:54.059Z - info: Assets built
2018-07-12T08:10:54.144Z - info: Assets removed
2018-07-12T08:11:15.327Z - info: Reload for file change: C:\repos\nus-cs2103\website-base\book\oop\inheritance\abstractClasses\text.md
2018-07-12T08:11:15.357Z - info: Reload for file change: C:\repos\nus-cs2103\website-base\book\oop\inheritance\abstractClasses\exercises.fr
2018-07-12T08:11:16.329Z - verbose: Rebuild affected paths: C:\repos\nus-cs2103\website-base\book\oop\inheritance\abstractClasses\text.md
2018-07-12T08:11:16.332Z - info: Rebuilding 6 pages
2018-07-12T08:11:20.030Z - info: Assets built
2018-07-12T08:11:31.142Z - info: Pages rebuilt
2018-07-12T08:11:31.167Z - info: Site data built
2018-07-12T08:13:17.690Z - info: Reload for file add: C:\repos\nus-cs2103\website-base\book\oopImplementation\associationClasses\q-tick-associationClasses.fr
2018-07-12T08:13:17.790Z - info: Reload for file deletion: C:\repos\nus-cs2103\website-base\book\oopImplementation\associationClasses\q-tick-associationClasses.md
2018-07-12T08:13:17.944Z - info: Reload for file change: C:\repos\nus-cs2103\website-base\book\oopImplementation\associationClasses\q-tick-associationClasses.fr
2018-07-12T08:13:18.707Z - info: Assets built
2018-07-12T08:13:18.792Z - verbose: Rebuild affected paths: C:\repos\nus-cs2103\website-base\book\oopImplementation\associationClasses\q-tick-associationClasses.md
2018-07-12T08:13:18.792Z - info: Rebuilding 0 pages
2018-07-12T08:13:18.792Z - info: Pages rebuilt
2018-07-12T08:13:18.807Z - info: Site data built
2018-07-12T08:14:06.102Z - info: Reload for file deletion: C:\repos\nus-cs2103\website-base\book\oopImplementation\associationClasses\code-marriage.md
2018-07-12T08:14:07.110Z - verbose: Rebuild affected paths: C:\repos\nus-cs2103\website-base\book\oopImplementation\associationClasses\code-marriage.md
2018-07-12T08:14:07.110Z - info: Rebuilding 0 pages
2018-07-12T08:14:07.110Z - info: Pages rebuilt
2018-07-12T08:14:07.125Z - info: Site data built
2018-07-12T08:14:46.728Z - info: Reload for file deletion: C:\repos\nus-cs2103\website-base\book\oopImplementation\associationClasses\images\manWoman.png
2018-07-12T08:14:46.728Z - info: Reload for file deletion: C:\repos\nus-cs2103\website-base\book\oopImplementation\associationClasses\images\manWomanImplementation.png
2018-07-12T08:14:47.744Z - info: Assets removed
2018-07-12T08:15:10.525Z - info: Reload for file add: C:\repos\nus-cs2103\website-base\book\oop\associations\associationClasses\q-tick-associationClasses.fr
2018-07-12T08:15:10.641Z - info: Reload for file deletion: C:\repos\nus-cs2103\website-base\book\oopImplementation\associationClasses\q-tick-associationClasses.fr
2018-07-12T08:15:11.542Z - info: Assets built
2018-07-12T08:15:11.643Z - info: Assets removed
2018-07-12T08:15:18.777Z - info: Reload for file add: C:\repos\nus-cs2103\website-base\book\oop\associations\associationClasses\images\exerciseDiagram.png
2018-07-12T08:15:18.876Z - info: Reload for file deletion: C:\repos\nus-cs2103\website-base\book\oopImplementation\associationClasses\images\exerciseDiagram.png
2018-07-12T08:15:19.787Z - info: Assets built
2018-07-12T08:15:19.881Z - info: Assets removed
2018-07-12T08:15:35.890Z - info: Reload for file add: C:\repos\nus-cs2103\website-base\book\oop\associations\associationClasses\exercises.fr
2018-07-12T08:15:36.916Z - info: Assets built
2018-07-12T08:16:17.790Z - info: Reload for file change: C:\repos\nus-cs2103\website-base\book\oop\associations\associationClasses\q-tick-associationClasses.fr
2018-07-12T08:16:17.811Z - info: Reload for file change: C:\repos\nus-cs2103\website-base\book\oop\associations\associationClasses\text.md
2018-07-12T08:16:18.811Z - verbose: Rebuild affected paths: C:\repos\nus-cs2103\website-base\book\oop\associations\associationClasses\text.md
2018-07-12T08:16:18.814Z - info: Rebuilding 4 pages
2018-07-12T08:16:19.516Z - error:  Error: No such file: C:\repos\nus-cs2103\website-base\book\oop\associations\associationClasses\q-tick-overriding.fr
Missing reference in C:\repos\nus-cs2103\website-base\book\oop\associations\associationClasses\exercises.fr
    at Parser._preprocess (C:\Users\dcsdcr\AppData\Roaming\npm\node_modules\markbind-cli\lib\markbind\lib\parser.js:136:21)
    at element.children.element.children.map.e (C:\Users\dcsdcr\AppData\Roaming\npm\node_modules\markbind-cli\lib\markbind\lib\parser.js:250:57)
    at Array.map (<anonymous>)
    at Parser._preprocess (C:\Users\dcsdcr\AppData\Roaming\npm\node_modules\markbind-cli\lib\markbind\lib\parser.js:250:43)
    at element.children.element.children.map.e (C:\Users\dcsdcr\AppData\Roaming\npm\node_modules\markbind-cli\lib\markbind\lib\parser.js:228:57)
    at Array.map (<anonymous>)
    at Parser._preprocess (C:\Users\dcsdcr\AppData\Roaming\npm\node_modules\markbind-cli\lib\markbind\lib\parser.js:228:43)
    at element.children.element.children.map.e (C:\Users\dcsdcr\AppData\Roaming\npm\node_modules\markbind-cli\lib\markbind\lib\parser.js:228:57)
    at Array.map (<anonymous>)
    at Parser._preprocess (C:\Users\dcsdcr\AppData\Roaming\npm\node_modules\markbind-cli\lib\markbind\lib\parser.js:228:43)
    at element.children.element.children.map.e (C:\Users\dcsdcr\AppData\Roaming\npm\node_modules\markbind-cli\lib\markbind\lib\parser.js:250:57)
    at Array.map (<anonymous>)
    at Parser._preprocess (C:\Users\dcsdcr\AppData\Roaming\npm\node_modules\markbind-cli\lib\markbind\lib\parser.js:250:43)
    at element.children.element.children.map.e (C:\Users\dcsdcr\AppData\Roaming\npm\node_modules\markbind-cli\lib\markbind\lib\parser.js:250:57)
    at Array.map (<anonymous>)
    at Parser._preprocess (C:\Users\dcsdcr\AppData\Roaming\npm\node_modules\markbind-cli\lib\markbind\lib\parser.js:250:43)
2018-07-12T08:16:19.882Z - error:  Error: No such file: C:\repos\nus-cs2103\website-base\book\oop\associations\associationClasses\q-tick-overriding.fr
Missing reference in C:\repos\nus-cs2103\website-base\book\oop\associations\associationClasses\exercises.fr
    at Parser._preprocess (C:\Users\dcsdcr\AppData\Roaming\npm\node_modules\markbind-cli\lib\markbind\lib\parser.js:136:21)
    at element.children.element.children.map.e (C:\Users\dcsdcr\AppData\Roaming\npm\node_modules\markbind-cli\lib\markbind\lib\parser.js:250:57)
    at Array.map (<anonymous>)
    at Parser._preprocess (C:\Users\dcsdcr\AppData\Roaming\npm\node_modules\markbind-cli\lib\markbind\lib\parser.js:250:43)
    at element.children.element.children.map.e (C:\Users\dcsdcr\AppData\Roaming\npm\node_modules\markbind-cli\lib\markbind\lib\parser.js:228:57)
    at Array.map (<anonymous>)
    at Parser._preprocess (C:\Users\dcsdcr\AppData\Roaming\npm\node_modules\markbind-cli\lib\markbind\lib\parser.js:228:43)
    at element.children.element.children.map.e (C:\Users\dcsdcr\AppData\Roaming\npm\node_modules\markbind-cli\lib\markbind\lib\parser.js:228:57)
    at Array.map (<anonymous>)
    at Parser._preprocess (C:\Users\dcsdcr\AppData\Roaming\npm\node_modules\markbind-cli\lib\markbind\lib\parser.js:228:43)
    at element.children.element.children.map.e (C:\Users\dcsdcr\AppData\Roaming\npm\node_modules\markbind-cli\lib\markbind\lib\parser.js:250:57)
    at Array.map (<anonymous>)
    at Parser._preprocess (C:\Users\dcsdcr\AppData\Roaming\npm\node_modules\markbind-cli\lib\markbind\lib\parser.js:250:43)
    at element.children.element.children.map.e (C:\Users\dcsdcr\AppData\Roaming\npm\node_modules\markbind-cli\lib\markbind\lib\parser.js:250:57)
    at Array.map (<anonymous>)
    at Parser._preprocess (C:\Users\dcsdcr\AppData\Roaming\npm\node_modules\markbind-cli\lib\markbind\lib\parser.js:250:43)
2018-07-12T08:16:20.171Z - error:  Error: No such file: C:\repos\nus-cs2103\website-base\book\oop\associations\associationClasses\q-tick-overriding.fr
Missing reference in C:\repos\nus-cs2103\website-base\book\oop\associations\associationClasses\exercises.fr
    at Parser._preprocess (C:\Users\dcsdcr\AppData\Roaming\npm\node_modules\markbind-cli\lib\markbind\lib\parser.js:136:21)
    at element.children.element.children.map.e (C:\Users\dcsdcr\AppData\Roaming\npm\node_modules\markbind-cli\lib\markbind\lib\parser.js:250:57)
    at Array.map (<anonymous>)
    at Parser._preprocess (C:\Users\dcsdcr\AppData\Roaming\npm\node_modules\markbind-cli\lib\markbind\lib\parser.js:250:43)
    at element.children.element.children.map.e (C:\Users\dcsdcr\AppData\Roaming\npm\node_modules\markbind-cli\lib\markbind\lib\parser.js:228:57)
    at Array.map (<anonymous>)
    at Parser._preprocess (C:\Users\dcsdcr\AppData\Roaming\npm\node_modules\markbind-cli\lib\markbind\lib\parser.js:228:43)
    at element.children.element.children.map.e (C:\Users\dcsdcr\AppData\Roaming\npm\node_modules\markbind-cli\lib\markbind\lib\parser.js:228:57)
    at Array.map (<anonymous>)
    at Parser._preprocess (C:\Users\dcsdcr\AppData\Roaming\npm\node_modules\markbind-cli\lib\markbind\lib\parser.js:228:43)
    at element.children.element.children.map.e (C:\Users\dcsdcr\AppData\Roaming\npm\node_modules\markbind-cli\lib\markbind\lib\parser.js:250:57)
    at Array.map (<anonymous>)
    at Parser._preprocess (C:\Users\dcsdcr\AppData\Roaming\npm\node_modules\markbind-cli\lib\markbind\lib\parser.js:250:43)
    at element.children.element.children.map.e (C:\Users\dcsdcr\AppData\Roaming\npm\node_modules\markbind-cli\lib\markbind\lib\parser.js:250:57)
    at Array.map (<anonymous>)
    at Parser._preprocess (C:\Users\dcsdcr\AppData\Roaming\npm\node_modules\markbind-cli\lib\markbind\lib\parser.js:250:43)
2018-07-12T08:16:20.833Z - info: Assets built
2018-07-12T08:16:24.400Z - error:  Error: No such file: C:\repos\nus-cs2103\website-base\book\oop\associations\associationClasses\q-tick-overriding.fr
Missing reference in C:\repos\nus-cs2103\website-base\book\oop\associations\associationClasses\exercises.fr
    at Parser._preprocess (C:\Users\dcsdcr\AppData\Roaming\npm\node_modules\markbind-cli\lib\markbind\lib\parser.js:136:21)
    at element.children.element.children.map.e (C:\Users\dcsdcr\AppData\Roaming\npm\node_modules\markbind-cli\lib\markbind\lib\parser.js:250:57)
    at Array.map (<anonymous>)
    at Parser._preprocess (C:\Users\dcsdcr\AppData\Roaming\npm\node_modules\markbind-cli\lib\markbind\lib\parser.js:250:43)
    at element.children.element.children.map.e (C:\Users\dcsdcr\AppData\Roaming\npm\node_modules\markbind-cli\lib\markbind\lib\parser.js:228:57)
    at Array.map (<anonymous>)
    at Parser._preprocess (C:\Users\dcsdcr\AppData\Roaming\npm\node_modules\markbind-cli\lib\markbind\lib\parser.js:228:43)
    at element.children.element.children.map.e (C:\Users\dcsdcr\AppData\Roaming\npm\node_modules\markbind-cli\lib\markbind\lib\parser.js:228:57)
    at Array.map (<anonymous>)
    at Parser._preprocess (C:\Users\dcsdcr\AppData\Roaming\npm\node_modules\markbind-cli\lib\markbind\lib\parser.js:228:43)
    at element.children.element.children.map.e (C:\Users\dcsdcr\AppData\Roaming\npm\node_modules\markbind-cli\lib\markbind\lib\parser.js:250:57)
    at Array.map (<anonymous>)
    at Parser._preprocess (C:\Users\dcsdcr\AppData\Roaming\npm\node_modules\markbind-cli\lib\markbind\lib\parser.js:250:43)
    at element.children.element.children.map.e (C:\Users\dcsdcr\AppData\Roaming\npm\node_modules\markbind-cli\lib\markbind\lib\parser.js:250:57)
    at Array.map (<anonymous>)
    at Parser._preprocess (C:\Users\dcsdcr\AppData\Roaming\npm\node_modules\markbind-cli\lib\markbind\lib\parser.js:250:43)
2018-07-12T08:16:30.014Z - info: Pages rebuilt
2018-07-12T08:16:30.025Z - info: Site data built
2018-07-12T08:17:16.110Z - info: Reload for file change: C:\repos\nus-cs2103\website-base\book\oop\associations\associationClasses\exercises.fr
2018-07-12T08:17:17.126Z - info: Assets built
2018-07-12T08:20:04.361Z - info: Pages built
2018-07-12T08:20:04.439Z - info: Site data built
2018-07-12T08:20:04.449Z - info: Generate Site durationMs=55600
2018-07-12T08:20:05.145Z - info: Serving "C:\repos\nus-cs2103\website-base\_site" at http://127.0.0.1:8080
2018-07-12T08:20:05.146Z - info: Press CTRL+C to stop ...
2018-07-12T08:20:46.227Z - info: Reload for file change: C:\repos\nus-cs2103\website-base\book\oop\associations\associationClasses\q-tick-associationClasses.fr
2018-07-12T08:20:47.240Z - info: Assets built
2018-07-12T08:21:23.852Z - info: Reload for file change: C:\repos\nus-cs2103\website-base\book\oop\associations\associationClasses\q-tick-associationClasses.fr
2018-07-12T08:21:24.873Z - info: Assets built
2018-07-12T08:21:52.830Z - info: Reload for file change: C:\repos\nus-cs2103\website-base\book\oop\associations\associationClasses\q-tick-associationClasses.fr
2018-07-12T08:21:53.852Z - info: Assets built
2018-07-12T08:22:34.238Z - info: Reload for file add: C:\repos\nus-cs2103\website-base\book\oop\associations\associationClasses\q-tick-associationClasses.md
2018-07-12T08:22:34.332Z - info: Reload for file deletion: C:\repos\nus-cs2103\website-base\book\oop\associations\associationClasses\q-tick-associationClasses.fr
2018-07-12T08:22:35.240Z - verbose: Rebuild affected paths: C:\repos\nus-cs2103\website-base\book\oop\associations\associationClasses\q-tick-associationClasses.md
2018-07-12T08:22:35.241Z - info: Rebuilding 0 pages
2018-07-12T08:22:35.241Z - info: Pages rebuilt
2018-07-12T08:22:35.252Z - info: Site data built
2018-07-12T08:22:35.340Z - info: Assets removed
2018-07-12T08:22:41.273Z - info: Reload for file change: C:\repos\nus-cs2103\website-base\book\oop\associations\associationClasses\q-tick-associationClasses.md
2018-07-12T08:22:41.293Z - info: Reload for file change: C:\repos\nus-cs2103\website-base\book\oop\associations\associationClasses\text.md
2018-07-12T08:22:42.276Z - verbose: Rebuild affected paths: C:\repos\nus-cs2103\website-base\book\oop\associations\associationClasses\q-tick-associationClasses.md,C:\repos\nus-cs2103\website-base\book\oop\associations\associationClasses\text.md
2018-07-12T08:22:42.279Z - info: Rebuilding 4 pages
2018-07-12T08:22:42.579Z - error:  Error: No such file: C:\repos\nus-cs2103\website-base\book\oop\associations\associationClasses\exercises.md
Missing reference in C:\repos\nus-cs2103\website-base\book\oop\associations\associationClasses\text.md
    at Parser._preprocess (C:\Users\dcsdcr\AppData\Roaming\npm\node_modules\markbind-cli\lib\markbind\lib\parser.js:136:21)
    at element.children.element.children.map.e (C:\Users\dcsdcr\AppData\Roaming\npm\node_modules\markbind-cli\lib\markbind\lib\parser.js:228:57)
    at Array.map (<anonymous>)
    at Parser._preprocess (C:\Users\dcsdcr\AppData\Roaming\npm\node_modules\markbind-cli\lib\markbind\lib\parser.js:228:43)
    at element.children.element.children.map.e (C:\Users\dcsdcr\AppData\Roaming\npm\node_modules\markbind-cli\lib\markbind\lib\parser.js:250:57)
    at Array.map (<anonymous>)
    at Parser._preprocess (C:\Users\dcsdcr\AppData\Roaming\npm\node_modules\markbind-cli\lib\markbind\lib\parser.js:250:43)
    at element.children.element.children.map.e (C:\Users\dcsdcr\AppData\Roaming\npm\node_modules\markbind-cli\lib\markbind\lib\parser.js:250:57)
    at Array.map (<anonymous>)
    at Parser._preprocess (C:\Users\dcsdcr\AppData\Roaming\npm\node_modules\markbind-cli\lib\markbind\lib\parser.js:250:43)
    at element.children.element.children.map.e (C:\Users\dcsdcr\AppData\Roaming\npm\node_modules\markbind-cli\lib\markbind\lib\parser.js:228:57)
    at Array.map (<anonymous>)
    at Parser._preprocess (C:\Users\dcsdcr\AppData\Roaming\npm\node_modules\markbind-cli\lib\markbind\lib\parser.js:228:43)
    at element.children.element.children.map.e (C:\Users\dcsdcr\AppData\Roaming\npm\node_modules\markbind-cli\lib\markbind\lib\parser.js:250:57)
    at Array.map (<anonymous>)
    at Parser._preprocess (C:\Users\dcsdcr\AppData\Roaming\npm\node_modules\markbind-cli\lib\markbind\lib\parser.js:250:43)
2018-07-12T08:22:43.479Z - error:  Error: No such file: C:\repos\nus-cs2103\website-base\book\oop\associations\associationClasses\exercises.md
Missing reference in C:\repos\nus-cs2103\website-base\book\oop\associations\associationClasses\text.md
    at Parser._preprocess (C:\Users\dcsdcr\AppData\Roaming\npm\node_modules\markbind-cli\lib\markbind\lib\parser.js:136:21)
    at element.children.element.children.map.e (C:\Users\dcsdcr\AppData\Roaming\npm\node_modules\markbind-cli\lib\markbind\lib\parser.js:228:57)
    at Array.map (<anonymous>)
    at Parser._preprocess (C:\Users\dcsdcr\AppData\Roaming\npm\node_modules\markbind-cli\lib\markbind\lib\parser.js:228:43)
    at element.children.element.children.map.e (C:\Users\dcsdcr\AppData\Roaming\npm\node_modules\markbind-cli\lib\markbind\lib\parser.js:250:57)
    at Array.map (<anonymous>)
    at Parser._preprocess (C:\Users\dcsdcr\AppData\Roaming\npm\node_modules\markbind-cli\lib\markbind\lib\parser.js:250:43)
    at element.children.element.children.map.e (C:\Users\dcsdcr\AppData\Roaming\npm\node_modules\markbind-cli\lib\markbind\lib\parser.js:250:57)
    at Array.map (<anonymous>)
    at Parser._preprocess (C:\Users\dcsdcr\AppData\Roaming\npm\node_modules\markbind-cli\lib\markbind\lib\parser.js:250:43)
    at element.children.element.children.map.e (C:\Users\dcsdcr\AppData\Roaming\npm\node_modules\markbind-cli\lib\markbind\lib\parser.js:250:57)
    at Array.map (<anonymous>)
    at Parser._preprocess (C:\Users\dcsdcr\AppData\Roaming\npm\node_modules\markbind-cli\lib\markbind\lib\parser.js:250:43)
    at element.children.element.children.map.e (C:\Users\dcsdcr\AppData\Roaming\npm\node_modules\markbind-cli\lib\markbind\lib\parser.js:250:57)
    at Array.map (<anonymous>)
    at Parser._preprocess (C:\Users\dcsdcr\AppData\Roaming\npm\node_modules\markbind-cli\lib\markbind\lib\parser.js:250:43)
2018-07-12T08:22:43.835Z - error:  Error: No such file: C:\repos\nus-cs2103\website-base\book\oop\associations\associationClasses\exercises.md
Missing reference in C:\repos\nus-cs2103\website-base\book\oop\associations\associationClasses\text.md
    at Parser._preprocess (C:\Users\dcsdcr\AppData\Roaming\npm\node_modules\markbind-cli\lib\markbind\lib\parser.js:136:21)
    at element.children.element.children.map.e (C:\Users\dcsdcr\AppData\Roaming\npm\node_modules\markbind-cli\lib\markbind\lib\parser.js:228:57)
    at Array.map (<anonymous>)
    at Parser._preprocess (C:\Users\dcsdcr\AppData\Roaming\npm\node_modules\markbind-cli\lib\markbind\lib\parser.js:228:43)
    at element.children.element.children.map.e (C:\Users\dcsdcr\AppData\Roaming\npm\node_modules\markbind-cli\lib\markbind\lib\parser.js:250:57)
    at Array.map (<anonymous>)
    at Parser._preprocess (C:\Users\dcsdcr\AppData\Roaming\npm\node_modules\markbind-cli\lib\markbind\lib\parser.js:250:43)
    at element.children.element.children.map.e (C:\Users\dcsdcr\AppData\Roaming\npm\node_modules\markbind-cli\lib\markbind\lib\parser.js:250:57)
    at Array.map (<anonymous>)
    at Parser._preprocess (C:\Users\dcsdcr\AppData\Roaming\npm\node_modules\markbind-cli\lib\markbind\lib\parser.js:250:43)
    at element.children.element.children.map.e (C:\Users\dcsdcr\AppData\Roaming\npm\node_modules\markbind-cli\lib\markbind\lib\parser.js:228:57)
    at Array.map (<anonymous>)
    at Parser._preprocess (C:\Users\dcsdcr\AppData\Roaming\npm\node_modules\markbind-cli\lib\markbind\lib\parser.js:228:43)
    at element.children.element.children.map.e (C:\Users\dcsdcr\AppData\Roaming\npm\node_modules\markbind-cli\lib\markbind\lib\parser.js:250:57)
    at Array.map (<anonymous>)
    at Parser._preprocess (C:\Users\dcsdcr\AppData\Roaming\npm\node_modules\markbind-cli\lib\markbind\lib\parser.js:250:43)
2018-07-12T08:22:47.721Z - error:  Error: No such file: C:\repos\nus-cs2103\website-base\book\oop\associations\associationClasses\exercises.md
Missing reference in C:\repos\nus-cs2103\website-base\book\oop\associations\associationClasses\text.md
    at Parser._preprocess (C:\Users\dcsdcr\AppData\Roaming\npm\node_modules\markbind-cli\lib\markbind\lib\parser.js:136:21)
    at element.children.element.children.map.e (C:\Users\dcsdcr\AppData\Roaming\npm\node_modules\markbind-cli\lib\markbind\lib\parser.js:228:57)
    at Array.map (<anonymous>)
    at Parser._preprocess (C:\Users\dcsdcr\AppData\Roaming\npm\node_modules\markbind-cli\lib\markbind\lib\parser.js:228:43)
    at element.children.element.children.map.e (C:\Users\dcsdcr\AppData\Roaming\npm\node_modules\markbind-cli\lib\markbind\lib\parser.js:250:57)
    at Array.map (<anonymous>)
    at Parser._preprocess (C:\Users\dcsdcr\AppData\Roaming\npm\node_modules\markbind-cli\lib\markbind\lib\parser.js:250:43)
    at element.children.element.children.map.e (C:\Users\dcsdcr\AppData\Roaming\npm\node_modules\markbind-cli\lib\markbind\lib\parser.js:250:57)
    at Array.map (<anonymous>)
    at Parser._preprocess (C:\Users\dcsdcr\AppData\Roaming\npm\node_modules\markbind-cli\lib\markbind\lib\parser.js:250:43)
    at element.children.element.children.map.e (C:\Users\dcsdcr\AppData\Roaming\npm\node_modules\markbind-cli\lib\markbind\lib\parser.js:228:57)
    at Array.map (<anonymous>)
    at Parser._preprocess (C:\Users\dcsdcr\AppData\Roaming\npm\node_modules\markbind-cli\lib\markbind\lib\parser.js:228:43)
    at element.children.element.children.map.e (C:\Users\dcsdcr\AppData\Roaming\npm\node_modules\markbind-cli\lib\markbind\lib\parser.js:250:57)
    at Array.map (<anonymous>)
    at Parser._preprocess (C:\Users\dcsdcr\AppData\Roaming\npm\node_modules\markbind-cli\lib\markbind\lib\parser.js:250:43)
2018-07-12T08:22:54.785Z - info: Pages rebuilt
2018-07-12T08:22:54.802Z - info: Site data built
2018-07-12T08:23:18.009Z - info: Reload for file add: C:\repos\nus-cs2103\website-base\book\oop\associations\associationClasses\exercises.md
2018-07-12T08:23:18.102Z - info: Reload for file deletion: C:\repos\nus-cs2103\website-base\book\oop\associations\associationClasses\exercises.fr
2018-07-12T08:23:19.011Z - verbose: Rebuild affected paths: C:\repos\nus-cs2103\website-base\book\oop\associations\associationClasses\exercises.md
2018-07-12T08:23:19.013Z - info: Rebuilding 4 pages
2018-07-12T08:23:19.527Z - error:  Error: No such file: C:\repos\nus-cs2103\website-base\book\oop\associations\associationClasses\q-tick-associationClasses.fr
Missing reference in C:\repos\nus-cs2103\website-base\book\oop\associations\associationClasses\exercises.md
    at Parser._preprocess (C:\Users\dcsdcr\AppData\Roaming\npm\node_modules\markbind-cli\lib\markbind\lib\parser.js:136:21)
    at element.children.element.children.map.e (C:\Users\dcsdcr\AppData\Roaming\npm\node_modules\markbind-cli\lib\markbind\lib\parser.js:250:57)
    at Array.map (<anonymous>)
    at Parser._preprocess (C:\Users\dcsdcr\AppData\Roaming\npm\node_modules\markbind-cli\lib\markbind\lib\parser.js:250:43)
    at element.children.element.children.map.e (C:\Users\dcsdcr\AppData\Roaming\npm\node_modules\markbind-cli\lib\markbind\lib\parser.js:228:57)
    at Array.map (<anonymous>)
    at Parser._preprocess (C:\Users\dcsdcr\AppData\Roaming\npm\node_modules\markbind-cli\lib\markbind\lib\parser.js:228:43)
    at element.children.element.children.map.e (C:\Users\dcsdcr\AppData\Roaming\npm\node_modules\markbind-cli\lib\markbind\lib\parser.js:228:57)
    at Array.map (<anonymous>)
    at Parser._preprocess (C:\Users\dcsdcr\AppData\Roaming\npm\node_modules\markbind-cli\lib\markbind\lib\parser.js:228:43)
    at element.children.element.children.map.e (C:\Users\dcsdcr\AppData\Roaming\npm\node_modules\markbind-cli\lib\markbind\lib\parser.js:250:57)
    at Array.map (<anonymous>)
    at Parser._preprocess (C:\Users\dcsdcr\AppData\Roaming\npm\node_modules\markbind-cli\lib\markbind\lib\parser.js:250:43)
    at element.children.element.children.map.e (C:\Users\dcsdcr\AppData\Roaming\npm\node_modules\markbind-cli\lib\markbind\lib\parser.js:250:57)
    at Array.map (<anonymous>)
    at Parser._preprocess (C:\Users\dcsdcr\AppData\Roaming\npm\node_modules\markbind-cli\lib\markbind\lib\parser.js:250:43)
2018-07-12T08:23:20.017Z - error:  Error: No such file: C:\repos\nus-cs2103\website-base\book\oop\associations\associationClasses\q-tick-associationClasses.fr
Missing reference in C:\repos\nus-cs2103\website-base\book\oop\associations\associationClasses\exercises.md
    at Parser._preprocess (C:\Users\dcsdcr\AppData\Roaming\npm\node_modules\markbind-cli\lib\markbind\lib\parser.js:136:21)
    at element.children.element.children.map.e (C:\Users\dcsdcr\AppData\Roaming\npm\node_modules\markbind-cli\lib\markbind\lib\parser.js:250:57)
    at Array.map (<anonymous>)
    at Parser._preprocess (C:\Users\dcsdcr\AppData\Roaming\npm\node_modules\markbind-cli\lib\markbind\lib\parser.js:250:43)
    at element.children.element.children.map.e (C:\Users\dcsdcr\AppData\Roaming\npm\node_modules\markbind-cli\lib\markbind\lib\parser.js:228:57)
    at Array.map (<anonymous>)
    at Parser._preprocess (C:\Users\dcsdcr\AppData\Roaming\npm\node_modules\markbind-cli\lib\markbind\lib\parser.js:228:43)
    at element.children.element.children.map.e (C:\Users\dcsdcr\AppData\Roaming\npm\node_modules\markbind-cli\lib\markbind\lib\parser.js:228:57)
    at Array.map (<anonymous>)
    at Parser._preprocess (C:\Users\dcsdcr\AppData\Roaming\npm\node_modules\markbind-cli\lib\markbind\lib\parser.js:228:43)
    at element.children.element.children.map.e (C:\Users\dcsdcr\AppData\Roaming\npm\node_modules\markbind-cli\lib\markbind\lib\parser.js:250:57)
    at Array.map (<anonymous>)
    at Parser._preprocess (C:\Users\dcsdcr\AppData\Roaming\npm\node_modules\markbind-cli\lib\markbind\lib\parser.js:250:43)
    at element.children.element.children.map.e (C:\Users\dcsdcr\AppData\Roaming\npm\node_modules\markbind-cli\lib\markbind\lib\parser.js:250:57)
    at Array.map (<anonymous>)
    at Parser._preprocess (C:\Users\dcsdcr\AppData\Roaming\npm\node_modules\markbind-cli\lib\markbind\lib\parser.js:250:43)
2018-07-12T08:23:20.607Z - error:  Error: No such file: C:\repos\nus-cs2103\website-base\book\oop\associations\associationClasses\q-tick-associationClasses.fr
Missing reference in C:\repos\nus-cs2103\website-base\book\oop\associations\associationClasses\exercises.md
    at Parser._preprocess (C:\Users\dcsdcr\AppData\Roaming\npm\node_modules\markbind-cli\lib\markbind\lib\parser.js:136:21)
    at element.children.element.children.map.e (C:\Users\dcsdcr\AppData\Roaming\npm\node_modules\markbind-cli\lib\markbind\lib\parser.js:250:57)
    at Array.map (<anonymous>)
    at Parser._preprocess (C:\Users\dcsdcr\AppData\Roaming\npm\node_modules\markbind-cli\lib\markbind\lib\parser.js:250:43)
    at element.children.element.children.map.e (C:\Users\dcsdcr\AppData\Roaming\npm\node_modules\markbind-cli\lib\markbind\lib\parser.js:228:57)
    at Array.map (<anonymous>)
    at Parser._preprocess (C:\Users\dcsdcr\AppData\Roaming\npm\node_modules\markbind-cli\lib\markbind\lib\parser.js:228:43)
    at element.children.element.children.map.e (C:\Users\dcsdcr\AppData\Roaming\npm\node_modules\markbind-cli\lib\markbind\lib\parser.js:228:57)
    at Array.map (<anonymous>)
    at Parser._preprocess (C:\Users\dcsdcr\AppData\Roaming\npm\node_modules\markbind-cli\lib\markbind\lib\parser.js:228:43)
    at element.children.element.children.map.e (C:\Users\dcsdcr\AppData\Roaming\npm\node_modules\markbind-cli\lib\markbind\lib\parser.js:250:57)
    at Array.map (<anonymous>)
    at Parser._preprocess (C:\Users\dcsdcr\AppData\Roaming\npm\node_modules\markbind-cli\lib\markbind\lib\parser.js:250:43)
    at element.children.element.children.map.e (C:\Users\dcsdcr\AppData\Roaming\npm\node_modules\markbind-cli\lib\markbind\lib\parser.js:250:57)
    at Array.map (<anonymous>)
    at Parser._preprocess (C:\Users\dcsdcr\AppData\Roaming\npm\node_modules\markbind-cli\lib\markbind\lib\parser.js:250:43)
2018-07-12T08:23:20.862Z - info: Assets removed
2018-07-12T08:23:23.709Z - error:  Error: No such file: C:\repos\nus-cs2103\website-base\book\oop\associations\associationClasses\q-tick-associationClasses.fr
Missing reference in C:\repos\nus-cs2103\website-base\book\oop\associations\associationClasses\exercises.md
    at Parser._preprocess (C:\Users\dcsdcr\AppData\Roaming\npm\node_modules\markbind-cli\lib\markbind\lib\parser.js:136:21)
    at element.children.element.children.map.e (C:\Users\dcsdcr\AppData\Roaming\npm\node_modules\markbind-cli\lib\markbind\lib\parser.js:250:57)
    at Array.map (<anonymous>)
    at Parser._preprocess (C:\Users\dcsdcr\AppData\Roaming\npm\node_modules\markbind-cli\lib\markbind\lib\parser.js:250:43)
    at element.children.element.children.map.e (C:\Users\dcsdcr\AppData\Roaming\npm\node_modules\markbind-cli\lib\markbind\lib\parser.js:228:57)
    at Array.map (<anonymous>)
    at Parser._preprocess (C:\Users\dcsdcr\AppData\Roaming\npm\node_modules\markbind-cli\lib\markbind\lib\parser.js:228:43)
    at element.children.element.children.map.e (C:\Users\dcsdcr\AppData\Roaming\npm\node_modules\markbind-cli\lib\markbind\lib\parser.js:228:57)
    at Array.map (<anonymous>)
    at Parser._preprocess (C:\Users\dcsdcr\AppData\Roaming\npm\node_modules\markbind-cli\lib\markbind\lib\parser.js:228:43)
    at element.children.element.children.map.e (C:\Users\dcsdcr\AppData\Roaming\npm\node_modules\markbind-cli\lib\markbind\lib\parser.js:250:57)
    at Array.map (<anonymous>)
    at Parser._preprocess (C:\Users\dcsdcr\AppData\Roaming\npm\node_modules\markbind-cli\lib\markbind\lib\parser.js:250:43)
    at element.children.element.children.map.e (C:\Users\dcsdcr\AppData\Roaming\npm\node_modules\markbind-cli\lib\markbind\lib\parser.js:250:57)
    at Array.map (<anonymous>)
    at Parser._preprocess (C:\Users\dcsdcr\AppData\Roaming\npm\node_modules\markbind-cli\lib\markbind\lib\parser.js:250:43)
2018-07-12T08:23:27.806Z - info: Reload for file change: C:\repos\nus-cs2103\website-base\book\oop\associations\associationClasses\exercises.md
2018-07-12T08:23:30.120Z - info: Pages rebuilt
2018-07-12T08:23:30.126Z - info: Site data built
2018-07-12T08:23:30.336Z - verbose: Rebuild affected paths: C:\repos\nus-cs2103\website-base\book\oop\associations\associationClasses\exercises.md
2018-07-12T08:23:30.336Z - info: Rebuilding 4 pages
2018-07-12T08:23:41.241Z - info: Pages rebuilt
2018-07-12T08:23:41.255Z - info: Site data built
2018-07-12T08:24:05.839Z - info: Reload for file change: C:\repos\nus-cs2103\website-base\book\oop\associations\associationClasses\q-tick-associationClasses.md
2018-07-12T08:24:06.841Z - verbose: Rebuild affected paths: C:\repos\nus-cs2103\website-base\book\oop\associations\associationClasses\q-tick-associationClasses.md
2018-07-12T08:24:06.843Z - info: Rebuilding 4 pages
2018-07-12T08:24:18.137Z - info: Pages rebuilt
2018-07-12T08:24:18.165Z - info: Site data built
2018-07-12T08:24:31.213Z - info: Reload for file change: C:\repos\nus-cs2103\website-base\book\oop\associations\associationClasses\q-tick-associationClasses.md
2018-07-12T08:24:32.214Z - verbose: Rebuild affected paths: C:\repos\nus-cs2103\website-base\book\oop\associations\associationClasses\q-tick-associationClasses.md
2018-07-12T08:24:32.216Z - info: Rebuilding 4 pages
2018-07-12T08:24:43.413Z - info: Pages rebuilt
2018-07-12T08:24:43.430Z - info: Site data built
2018-07-12T08:44:31.870Z - info: Reload for file add: C:\repos\nus-cs2103\website-base\book\uml\classDiagrams\review\what\images\classDiagramExample1.png
2018-07-12T08:44:31.886Z - info: Reload for file change: C:\repos\nus-cs2103\website-base\book\uml\classDiagrams\introduction\what\index.md
2018-07-12T08:44:31.941Z - info: Reload for file add: C:\repos\nus-cs2103\website-base\book\uml\classDiagrams\review\text.md
2018-07-12T08:44:31.941Z - info: Reload for file add: C:\repos\nus-cs2103\website-base\book\uml\classDiagrams\review\path.md
2018-07-12T08:44:31.949Z - info: Reload for file change: C:\repos\nus-cs2103\website-base\book\uml\classDiagrams\introduction\index.md
2018-07-12T08:44:31.954Z - info: Reload for file add: C:\repos\nus-cs2103\website-base\book\uml\classDiagrams\review\what\index.md
2018-07-12T08:44:31.954Z - info: Reload for file add: C:\repos\nus-cs2103\website-base\book\uml\classDiagrams\review\what\text.md
2018-07-12T08:44:31.957Z - info: Reload for file change: C:\repos\nus-cs2103\website-base\book\uml\classDiagrams\introduction\preview.md
2018-07-12T08:44:31.965Z - info: Reload for file add: C:\repos\nus-cs2103\website-base\book\uml\classDiagrams\review\preview.md
2018-07-12T08:44:31.966Z - info: Reload for file add: C:\repos\nus-cs2103\website-base\book\uml\classDiagrams\review\index.md
2018-07-12T08:44:31.968Z - info: Reload for file change: C:\repos\nus-cs2103\website-base\book\uml\classDiagrams\introduction\topicToc.md
2018-07-12T08:44:31.975Z - info: Reload for file add: C:\repos\nus-cs2103\website-base\book\uml\classDiagrams\review\topicToc.md
2018-07-12T08:44:32.903Z - verbose: Rebuild affected paths: C:\repos\nus-cs2103\website-base\book\uml\classDiagrams\introduction\what\index.md,C:\repos\nus-cs2103\website-base\book\uml\classDiagrams\review\text.md,C:\repos\nus-cs2103\website-base\book\uml\classDiagrams\review\path.md,C:\repos\nus-cs2103\website-base\book\uml\classDiagrams\introduction\index.md,C:\repos\nus-cs2103\website-base\book\uml\classDiagrams\review\what\index.md,C:\repos\nus-cs2103\website-base\book\uml\classDiagrams\review\what\text.md,C:\repos\nus-cs2103\website-base\book\uml\classDiagrams\introduction\preview.md,C:\repos\nus-cs2103\website-base\book\uml\classDiagrams\review\preview.md,C:\repos\nus-cs2103\website-base\book\uml\classDiagrams\review\index.md,C:\repos\nus-cs2103\website-base\book\uml\classDiagrams\introduction\topicToc.md,C:\repos\nus-cs2103\website-base\book\uml\classDiagrams\review\topicToc.md
2018-07-12T08:44:32.903Z - info: Rebuilding 0 pages
2018-07-12T08:44:32.903Z - info: Assets built
2018-07-12T08:44:32.903Z - info: Pages rebuilt
2018-07-12T08:44:32.919Z - info: Site data built
2018-07-12T08:44:52.402Z - info: Reload for file deletion: C:\repos\nus-cs2103\website-base\book\uml\classDiagrams\review\what\images\classDiagramExample1.png
2018-07-12T08:44:52.402Z - info: Reload for file deletion: C:\repos\nus-cs2103\website-base\book\uml\classDiagrams\review\what\index.md
2018-07-12T08:44:52.402Z - info: Reload for file deletion: C:\repos\nus-cs2103\website-base\book\uml\classDiagrams\review\what\text.md
2018-07-12T08:44:53.403Z - verbose: Rebuild affected paths: C:\repos\nus-cs2103\website-base\book\uml\classDiagrams\review\what\index.md,C:\repos\nus-cs2103\website-base\book\uml\classDiagrams\review\what\text.md
2018-07-12T08:44:53.405Z - info: Rebuilding 0 pages
2018-07-12T08:44:53.405Z - info: Pages rebuilt
2018-07-12T08:44:53.410Z - info: Assets removed
2018-07-12T08:44:53.419Z - info: Site data built
2018-07-12T08:45:09.149Z - info: Reload for file deletion: C:\repos\nus-cs2103\website-base\book\uml\classDiagrams\review\path.md
2018-07-12T08:45:10.149Z - verbose: Rebuild affected paths: C:\repos\nus-cs2103\website-base\book\uml\classDiagrams\review\path.md
2018-07-12T08:45:10.149Z - info: Rebuilding 0 pages
2018-07-12T08:45:10.149Z - info: Pages rebuilt
2018-07-12T08:45:10.149Z - info: Site data built
2018-07-12T08:46:50.801Z - info: Reload for file deletion: C:\repos\nus-cs2103\website-base\book\uml\classDiagrams\review\topicToc.md
2018-07-12T08:46:51.805Z - verbose: Rebuild affected paths: C:\repos\nus-cs2103\website-base\book\uml\classDiagrams\review\topicToc.md
2018-07-12T08:46:51.805Z - info: Rebuilding 0 pages
2018-07-12T08:46:51.805Z - info: Pages rebuilt
2018-07-12T08:46:51.811Z - info: Site data built
2018-07-12T08:46:56.884Z - info: Reload for file deletion: C:\repos\nus-cs2103\website-base\book\uml\classDiagrams\review\preview.md
2018-07-12T08:46:57.896Z - verbose: Rebuild affected paths: C:\repos\nus-cs2103\website-base\book\uml\classDiagrams\review\preview.md
2018-07-12T08:46:57.896Z - info: Rebuilding 0 pages
2018-07-12T08:46:57.896Z - info: Pages rebuilt
2018-07-12T08:46:57.911Z - info: Site data built
2018-07-12T08:48:12.964Z - info: Reload for file change: C:\repos\nus-cs2103\website-base\book\uml\classDiagrams\text.md
2018-07-12T08:48:12.964Z - info: Reload for file change: C:\repos\nus-cs2103\website-base\book\uml\classDiagrams\review\text.md
2018-07-12T09:08:20.235Z - info: Pages built
2018-07-12T09:08:20.302Z - info: Site data built
2018-07-12T09:08:20.311Z - info: Generate Site durationMs=92343
2018-07-12T09:08:20.627Z - info: Serving "C:\repos\nus-cs2103\website-base\_site" at http://127.0.0.1:8080
2018-07-12T09:08:20.628Z - info: Press CTRL+C to stop ...
2018-07-12T09:19:33.101Z - info: Reload for file add: C:\repos\nus-cs2103\website-base\book\uml\classDiagrams\combine\basic\images\classDiagramForCodeAnswer.png
2018-07-12T09:19:33.101Z - info: Reload for file add: C:\repos\nus-cs2103\website-base\book\uml\classDiagrams\combine\basic\images\fooBar.png
2018-07-12T09:19:33.101Z - info: Reload for file add: C:\repos\nus-cs2103\website-base\book\uml\classDiagrams\combine\basic\images\logicConfigGenerator.png
2018-07-12T09:19:33.101Z - info: Reload for file add: C:\repos\nus-cs2103\website-base\book\uml\classDiagrams\combine\basic\images\minefieldCell.png
2018-07-12T09:19:33.101Z - info: Reload for file add: C:\repos\nus-cs2103\website-base\book\uml\classDiagrams\combine\basic\images\logicMinefield.png
2018-07-12T09:19:33.117Z - info: Reload for file add: C:\repos\nus-cs2103\website-base\book\uml\classDiagrams\combine\basic\images\objectDiagramsForClassDiagramHint.png
2018-07-12T09:19:33.132Z - info: Reload for file add: C:\repos\nus-cs2103\website-base\book\uml\classDiagrams\combine\basic\q-essay-classDiagramForCode.md
2018-07-12T09:19:33.154Z - info: Reload for file add: C:\repos\nus-cs2103\website-base\book\uml\classDiagrams\combine\basic\q-essay-implementClassDiagram.md
2018-07-12T09:19:33.154Z - info: Reload for file add: C:\repos\nus-cs2103\website-base\book\uml\classDiagrams\combine\basic\q-essay-objectDiagramsForClassDiagram.md
2018-07-12T09:19:33.217Z - info: Reload for file deletion: C:\repos\nus-cs2103\website-base\book\oopImplementation\associations\images\classDiagramForCodeAnswer.png
2018-07-12T09:19:33.217Z - info: Reload for file deletion: C:\repos\nus-cs2103\website-base\book\oopImplementation\associations\images\fooBar.png
2018-07-12T09:19:33.217Z - info: Reload for file deletion: C:\repos\nus-cs2103\website-base\book\oopImplementation\associations\images\minefieldCell.png
2018-07-12T09:19:33.217Z - info: Reload for file deletion: C:\repos\nus-cs2103\website-base\book\oopImplementation\associations\images\logicConfigGenerator.png
2018-07-12T09:19:33.217Z - info: Reload for file deletion: C:\repos\nus-cs2103\website-base\book\oopImplementation\associations\images\logicMinefield.png
2018-07-12T09:19:33.217Z - info: Reload for file deletion: C:\repos\nus-cs2103\website-base\book\oopImplementation\associations\images\objectDiagramsForClassDiagramHint.png
2018-07-12T09:19:33.217Z - info: Reload for file deletion: C:\repos\nus-cs2103\website-base\book\oopImplementation\associations\q-essay-classDiagramForCode.md
2018-07-12T09:19:33.217Z - info: Reload for file deletion: C:\repos\nus-cs2103\website-base\book\oopImplementation\associations\q-essay-implementClassDiagram.md
2018-07-12T09:19:33.217Z - info: Reload for file deletion: C:\repos\nus-cs2103\website-base\book\oopImplementation\associations\q-essay-objectDiagramsForClassDiagram.md
2018-07-12T09:19:34.118Z - info: Assets built
2018-07-12T09:19:34.134Z - verbose: Rebuild affected paths: C:\repos\nus-cs2103\website-base\book\uml\classDiagrams\combine\basic\q-essay-classDiagramForCode.md,C:\repos\nus-cs2103\website-base\book\uml\classDiagrams\combine\basic\q-essay-implementClassDiagram.md,C:\repos\nus-cs2103\website-base\book\uml\classDiagrams\combine\basic\q-essay-objectDiagramsForClassDiagram.md,C:\repos\nus-cs2103\website-base\book\oopImplementation\associations\q-essay-classDiagramForCode.md,C:\repos\nus-cs2103\website-base\book\oopImplementation\associations\q-essay-implementClassDiagram.md,C:\repos\nus-cs2103\website-base\book\oopImplementation\associations\q-essay-objectDiagramsForClassDiagram.md
2018-07-12T09:19:34.134Z - info: Rebuilding 2 pages
2018-07-12T09:19:35.120Z - error:  Error: No such file: C:\repos\nus-cs2103\website-base\book\oopImplementation\associations\q-essay-objectDiagramsForClassDiagram.md
Missing reference in C:\repos\nus-cs2103\website-base\schedule\week4\tutorial.md
    at Parser._preprocess (C:\Users\dcsdcr\AppData\Roaming\npm\node_modules\markbind-cli\lib\markbind\lib\parser.js:136:21)
    at element.children.element.children.map.e (C:\Users\dcsdcr\AppData\Roaming\npm\node_modules\markbind-cli\lib\markbind\lib\parser.js:228:57)
    at Array.map (<anonymous>)
    at Parser._preprocess (C:\Users\dcsdcr\AppData\Roaming\npm\node_modules\markbind-cli\lib\markbind\lib\parser.js:228:43)
    at element.children.element.children.map.e (C:\Users\dcsdcr\AppData\Roaming\npm\node_modules\markbind-cli\lib\markbind\lib\parser.js:250:57)
    at Array.map (<anonymous>)
    at Parser._preprocess (C:\Users\dcsdcr\AppData\Roaming\npm\node_modules\markbind-cli\lib\markbind\lib\parser.js:250:43)
    at element.children.element.children.map.e (C:\Users\dcsdcr\AppData\Roaming\npm\node_modules\markbind-cli\lib\markbind\lib\parser.js:250:57)
    at Array.map (<anonymous>)
    at Parser._preprocess (C:\Users\dcsdcr\AppData\Roaming\npm\node_modules\markbind-cli\lib\markbind\lib\parser.js:250:43)
    at dom.map (C:\Users\dcsdcr\AppData\Roaming\npm\node_modules\markbind-cli\lib\markbind\lib\parser.js:387:28)
    at Array.map (<anonymous>)
    at DomHandler.htmlparser.DomHandler [as _callback] (C:\Users\dcsdcr\AppData\Roaming\npm\node_modules\markbind-cli\lib\markbind\lib\parser.js:384:25)
    at DomHandler._handleCallback.DomHandler.onerror (C:\Users\dcsdcr\AppData\Roaming\npm\node_modules\markbind-cli\node_modules\domhandler\index.js:52:8)
    at DomHandler.onend (C:\Users\dcsdcr\AppData\Roaming\npm\node_modules\markbind-cli\node_modules\domhandler\index.js:46:7)
    at Parser.onend (C:\Users\dcsdcr\AppData\Roaming\npm\node_modules\markbind-cli\node_modules\htmlparser2\lib\Parser.js:310:32)
2018-07-12T09:19:35.803Z - info: Assets removed
2018-07-12T09:19:37.032Z - error:  Error: No such file: C:\repos\nus-cs2103\website-base\book\oopImplementation\associations\q-essay-objectDiagramsForClassDiagram.md
Missing reference in C:\repos\nus-cs2103\website-base\schedule\week4\tutorial.md
    at Parser._preprocess (C:\Users\dcsdcr\AppData\Roaming\npm\node_modules\markbind-cli\lib\markbind\lib\parser.js:136:21)
    at element.children.element.children.map.e (C:\Users\dcsdcr\AppData\Roaming\npm\node_modules\markbind-cli\lib\markbind\lib\parser.js:228:57)
    at Array.map (<anonymous>)
    at Parser._preprocess (C:\Users\dcsdcr\AppData\Roaming\npm\node_modules\markbind-cli\lib\markbind\lib\parser.js:228:43)
    at element.children.element.children.map.e (C:\Users\dcsdcr\AppData\Roaming\npm\node_modules\markbind-cli\lib\markbind\lib\parser.js:250:57)
    at Array.map (<anonymous>)
    at Parser._preprocess (C:\Users\dcsdcr\AppData\Roaming\npm\node_modules\markbind-cli\lib\markbind\lib\parser.js:250:43)
    at element.children.element.children.map.e (C:\Users\dcsdcr\AppData\Roaming\npm\node_modules\markbind-cli\lib\markbind\lib\parser.js:250:57)
    at Array.map (<anonymous>)
    at Parser._preprocess (C:\Users\dcsdcr\AppData\Roaming\npm\node_modules\markbind-cli\lib\markbind\lib\parser.js:250:43)
    at dom.map (C:\Users\dcsdcr\AppData\Roaming\npm\node_modules\markbind-cli\lib\markbind\lib\parser.js:387:28)
    at Array.map (<anonymous>)
    at DomHandler.htmlparser.DomHandler [as _callback] (C:\Users\dcsdcr\AppData\Roaming\npm\node_modules\markbind-cli\lib\markbind\lib\parser.js:384:25)
    at DomHandler._handleCallback.DomHandler.onerror (C:\Users\dcsdcr\AppData\Roaming\npm\node_modules\markbind-cli\node_modules\domhandler\index.js:52:8)
    at DomHandler.onend (C:\Users\dcsdcr\AppData\Roaming\npm\node_modules\markbind-cli\node_modules\domhandler\index.js:46:7)
    at Parser.onend (C:\Users\dcsdcr\AppData\Roaming\npm\node_modules\markbind-cli\node_modules\htmlparser2\lib\Parser.js:310:32)
2018-07-12T09:19:41.449Z - info: Reload for file change: C:\repos\nus-cs2103\website-base\book\oop\inheritance\abstractClasses\text.md
2018-07-12T09:19:41.465Z - info: Reload for file change: C:\repos\nus-cs2103\website-base\book\oop\inheritance\abstractClasses\exercises.fr
2018-07-12T09:19:41.466Z - info: Reload for file change: C:\repos\nus-cs2103\website-base\book\oop\inheritance\abstractClasses\q-tick-incorrectStatementAboutAbstractClasses.fr
2018-07-12T09:19:44.366Z - info: Assets built
2018-07-12T09:19:45.287Z - info: Pages rebuilt
2018-07-12T09:19:45.310Z - info: Site data built
2018-07-12T09:19:45.483Z - verbose: Rebuild affected paths: C:\repos\nus-cs2103\website-base\book\oop\inheritance\abstractClasses\text.md
2018-07-12T09:19:45.484Z - info: Rebuilding 6 pages
2018-07-12T09:19:51.329Z - error:  Error: No such file: C:\repos\nus-cs2103\website-base\book\oopImplementation\associations\q-essay-objectDiagramsForClassDiagram.md
Missing reference in C:\repos\nus-cs2103\website-base\schedule\week4\tutorial.md
    at Parser._preprocess (C:\Users\dcsdcr\AppData\Roaming\npm\node_modules\markbind-cli\lib\markbind\lib\parser.js:136:21)
    at element.children.element.children.map.e (C:\Users\dcsdcr\AppData\Roaming\npm\node_modules\markbind-cli\lib\markbind\lib\parser.js:228:57)
    at Array.map (<anonymous>)
    at Parser._preprocess (C:\Users\dcsdcr\AppData\Roaming\npm\node_modules\markbind-cli\lib\markbind\lib\parser.js:228:43)
    at element.children.element.children.map.e (C:\Users\dcsdcr\AppData\Roaming\npm\node_modules\markbind-cli\lib\markbind\lib\parser.js:250:57)
    at Array.map (<anonymous>)
    at Parser._preprocess (C:\Users\dcsdcr\AppData\Roaming\npm\node_modules\markbind-cli\lib\markbind\lib\parser.js:250:43)
    at element.children.element.children.map.e (C:\Users\dcsdcr\AppData\Roaming\npm\node_modules\markbind-cli\lib\markbind\lib\parser.js:250:57)
    at Array.map (<anonymous>)
    at Parser._preprocess (C:\Users\dcsdcr\AppData\Roaming\npm\node_modules\markbind-cli\lib\markbind\lib\parser.js:250:43)
    at dom.map (C:\Users\dcsdcr\AppData\Roaming\npm\node_modules\markbind-cli\lib\markbind\lib\parser.js:387:28)
    at Array.map (<anonymous>)
    at DomHandler.htmlparser.DomHandler [as _callback] (C:\Users\dcsdcr\AppData\Roaming\npm\node_modules\markbind-cli\lib\markbind\lib\parser.js:384:25)
    at DomHandler._handleCallback.DomHandler.onerror (C:\Users\dcsdcr\AppData\Roaming\npm\node_modules\markbind-cli\node_modules\domhandler\index.js:52:8)
    at DomHandler.onend (C:\Users\dcsdcr\AppData\Roaming\npm\node_modules\markbind-cli\node_modules\domhandler\index.js:46:7)
    at Parser.onend (C:\Users\dcsdcr\AppData\Roaming\npm\node_modules\markbind-cli\node_modules\htmlparser2\lib\Parser.js:310:32)
2018-07-12T09:19:58.181Z - info: Pages rebuilt
2018-07-12T09:19:58.201Z - info: Site data built
2018-07-12T09:21:29.495Z - info: Reload for file deletion: C:\repos\nus-cs2103\website-base\book\uml\classDiagrams\combine\basic\images\minefieldCell.png
2018-07-12T09:21:29.495Z - info: Reload for file deletion: C:\repos\nus-cs2103\website-base\book\uml\classDiagrams\combine\basic\images\logicMinefield.png
2018-07-12T09:21:29.495Z - info: Reload for file deletion: C:\repos\nus-cs2103\website-base\book\uml\classDiagrams\combine\basic\images\logicConfigGenerator.png
2018-07-12T09:21:29.495Z - info: Reload for file deletion: C:\repos\nus-cs2103\website-base\book\uml\classDiagrams\combine\basic\images\fooBar.png
2018-07-12T09:21:30.511Z - info: Assets removed
2018-07-12T09:22:55.360Z - info: Reload for file change: C:\repos\nus-cs2103\website-base\book\uml\classDiagrams\combine\basic\exercises.md
2018-07-12T09:22:55.409Z - info: Reload for file change: C:\repos\nus-cs2103\website-base\book\uml\classDiagrams\combine\basic\q-essay-objectDiagramsForClassDiagram.md
2018-07-12T09:22:55.469Z - info: Reload for file change: C:\repos\nus-cs2103\website-base\book\uml\classDiagrams\combine\basic\q-essay-classDiagramForCode.md
2018-07-12T09:22:56.362Z - verbose: Rebuild affected paths: C:\repos\nus-cs2103\website-base\book\uml\classDiagrams\combine\basic\exercises.md,C:\repos\nus-cs2103\website-base\book\uml\classDiagrams\combine\basic\q-essay-objectDiagramsForClassDiagram.md,C:\repos\nus-cs2103\website-base\book\uml\classDiagrams\combine\basic\q-essay-classDiagramForCode.md
2018-07-12T09:22:56.363Z - info: Rebuilding 1 pages
2018-07-12T09:22:56.556Z - error:  Error: No such file: C:\repos\nus-cs2103\website-base\book\uml\classDiagrams\combine\basic\q-essay-objectDiagramForClassDiagram.md
Missing reference in C:\repos\nus-cs2103\website-base\book\uml\classDiagrams\combine\basic\exercises.md
    at Parser._preprocess (C:\Users\dcsdcr\AppData\Roaming\npm\node_modules\markbind-cli\lib\markbind\lib\parser.js:136:21)
    at element.children.element.children.map.e (C:\Users\dcsdcr\AppData\Roaming\npm\node_modules\markbind-cli\lib\markbind\lib\parser.js:250:57)
    at Array.map (<anonymous>)
    at Parser._preprocess (C:\Users\dcsdcr\AppData\Roaming\npm\node_modules\markbind-cli\lib\markbind\lib\parser.js:250:43)
    at element.children.element.children.map.e (C:\Users\dcsdcr\AppData\Roaming\npm\node_modules\markbind-cli\lib\markbind\lib\parser.js:228:57)
    at Array.map (<anonymous>)
    at Parser._preprocess (C:\Users\dcsdcr\AppData\Roaming\npm\node_modules\markbind-cli\lib\markbind\lib\parser.js:228:43)
    at element.children.element.children.map.e (C:\Users\dcsdcr\AppData\Roaming\npm\node_modules\markbind-cli\lib\markbind\lib\parser.js:228:57)
    at Array.map (<anonymous>)
    at Parser._preprocess (C:\Users\dcsdcr\AppData\Roaming\npm\node_modules\markbind-cli\lib\markbind\lib\parser.js:228:43)
    at element.children.element.children.map.e (C:\Users\dcsdcr\AppData\Roaming\npm\node_modules\markbind-cli\lib\markbind\lib\parser.js:250:57)
    at Array.map (<anonymous>)
    at Parser._preprocess (C:\Users\dcsdcr\AppData\Roaming\npm\node_modules\markbind-cli\lib\markbind\lib\parser.js:250:43)
    at element.children.element.children.map.e (C:\Users\dcsdcr\AppData\Roaming\npm\node_modules\markbind-cli\lib\markbind\lib\parser.js:250:57)
    at Array.map (<anonymous>)
    at Parser._preprocess (C:\Users\dcsdcr\AppData\Roaming\npm\node_modules\markbind-cli\lib\markbind\lib\parser.js:250:43)
2018-07-12T09:22:57.118Z - info: Pages rebuilt
2018-07-12T09:22:57.118Z - info: Site data built
2018-07-12T09:26:00.846Z - info: Reload for file change: C:\repos\nus-cs2103\website-base\book\oop\associations\associationClasses\exercises.md
2018-07-12T09:26:01.865Z - verbose: Rebuild affected paths: C:\repos\nus-cs2103\website-base\book\oop\associations\associationClasses\exercises.md
2018-07-12T09:26:01.865Z - info: Rebuilding 4 pages
2018-07-12T09:26:03.199Z - info: Reload for file change: C:\repos\nus-cs2103\website-base\book\oop\associations\associationClasses\text.md
2018-07-12T09:26:03.199Z - info: Reload for file change: C:\repos\nus-cs2103\website-base\book\oop\associations\associationClasses\q-tick-associationClasses.md
2018-07-12T09:26:05.180Z - error:  Error: No such file: C:\repos\nus-cs2103\website-base\book\oopImplementation\associations\q-essay-objectDiagramsForClassDiagram.md
Missing reference in C:\repos\nus-cs2103\website-base\schedule\week4\tutorial.md
    at Parser._preprocess (C:\Users\dcsdcr\AppData\Roaming\npm\node_modules\markbind-cli\lib\markbind\lib\parser.js:136:21)
    at element.children.element.children.map.e (C:\Users\dcsdcr\AppData\Roaming\npm\node_modules\markbind-cli\lib\markbind\lib\parser.js:228:57)
    at Array.map (<anonymous>)
    at Parser._preprocess (C:\Users\dcsdcr\AppData\Roaming\npm\node_modules\markbind-cli\lib\markbind\lib\parser.js:228:43)
    at element.children.element.children.map.e (C:\Users\dcsdcr\AppData\Roaming\npm\node_modules\markbind-cli\lib\markbind\lib\parser.js:250:57)
    at Array.map (<anonymous>)
    at Parser._preprocess (C:\Users\dcsdcr\AppData\Roaming\npm\node_modules\markbind-cli\lib\markbind\lib\parser.js:250:43)
    at element.children.element.children.map.e (C:\Users\dcsdcr\AppData\Roaming\npm\node_modules\markbind-cli\lib\markbind\lib\parser.js:250:57)
    at Array.map (<anonymous>)
    at Parser._preprocess (C:\Users\dcsdcr\AppData\Roaming\npm\node_modules\markbind-cli\lib\markbind\lib\parser.js:250:43)
    at dom.map (C:\Users\dcsdcr\AppData\Roaming\npm\node_modules\markbind-cli\lib\markbind\lib\parser.js:387:28)
    at Array.map (<anonymous>)
    at DomHandler.htmlparser.DomHandler [as _callback] (C:\Users\dcsdcr\AppData\Roaming\npm\node_modules\markbind-cli\lib\markbind\lib\parser.js:384:25)
    at DomHandler._handleCallback.DomHandler.onerror (C:\Users\dcsdcr\AppData\Roaming\npm\node_modules\markbind-cli\node_modules\domhandler\index.js:52:8)
    at DomHandler.onend (C:\Users\dcsdcr\AppData\Roaming\npm\node_modules\markbind-cli\node_modules\domhandler\index.js:46:7)
    at Parser.onend (C:\Users\dcsdcr\AppData\Roaming\npm\node_modules\markbind-cli\node_modules\htmlparser2\lib\Parser.js:310:32)
2018-07-12T09:26:12.590Z - info: Pages rebuilt
2018-07-12T09:26:12.607Z - info: Site data built
2018-07-12T09:26:12.755Z - verbose: Rebuild affected paths: C:\repos\nus-cs2103\website-base\book\oop\associations\associationClasses\text.md,C:\repos\nus-cs2103\website-base\book\oop\associations\associationClasses\q-tick-associationClasses.md
2018-07-12T09:26:12.756Z - info: Rebuilding 4 pages
2018-07-12T09:26:15.965Z - error:  Error: No such file: C:\repos\nus-cs2103\website-base\book\oopImplementation\associations\q-essay-objectDiagramsForClassDiagram.md
Missing reference in C:\repos\nus-cs2103\website-base\schedule\week4\tutorial.md
    at Parser._preprocess (C:\Users\dcsdcr\AppData\Roaming\npm\node_modules\markbind-cli\lib\markbind\lib\parser.js:136:21)
    at element.children.element.children.map.e (C:\Users\dcsdcr\AppData\Roaming\npm\node_modules\markbind-cli\lib\markbind\lib\parser.js:228:57)
    at Array.map (<anonymous>)
    at Parser._preprocess (C:\Users\dcsdcr\AppData\Roaming\npm\node_modules\markbind-cli\lib\markbind\lib\parser.js:228:43)
    at element.children.element.children.map.e (C:\Users\dcsdcr\AppData\Roaming\npm\node_modules\markbind-cli\lib\markbind\lib\parser.js:250:57)
    at Array.map (<anonymous>)
    at Parser._preprocess (C:\Users\dcsdcr\AppData\Roaming\npm\node_modules\markbind-cli\lib\markbind\lib\parser.js:250:43)
    at element.children.element.children.map.e (C:\Users\dcsdcr\AppData\Roaming\npm\node_modules\markbind-cli\lib\markbind\lib\parser.js:250:57)
    at Array.map (<anonymous>)
    at Parser._preprocess (C:\Users\dcsdcr\AppData\Roaming\npm\node_modules\markbind-cli\lib\markbind\lib\parser.js:250:43)
    at dom.map (C:\Users\dcsdcr\AppData\Roaming\npm\node_modules\markbind-cli\lib\markbind\lib\parser.js:387:28)
    at Array.map (<anonymous>)
    at DomHandler.htmlparser.DomHandler [as _callback] (C:\Users\dcsdcr\AppData\Roaming\npm\node_modules\markbind-cli\lib\markbind\lib\parser.js:384:25)
    at DomHandler._handleCallback.DomHandler.onerror (C:\Users\dcsdcr\AppData\Roaming\npm\node_modules\markbind-cli\node_modules\domhandler\index.js:52:8)
    at DomHandler.onend (C:\Users\dcsdcr\AppData\Roaming\npm\node_modules\markbind-cli\node_modules\domhandler\index.js:46:7)
    at Parser.onend (C:\Users\dcsdcr\AppData\Roaming\npm\node_modules\markbind-cli\node_modules\htmlparser2\lib\Parser.js:310:32)
2018-07-12T09:26:25.059Z - info: Pages rebuilt
2018-07-12T09:26:25.080Z - info: Site data built
2018-07-12T09:26:28.689Z - info: Reload for file change: C:\repos\nus-cs2103\website-base\book\uml\classDiagrams\combine\basic\q-essay-classDiagramForCode.md
2018-07-12T09:26:29.706Z - verbose: Rebuild affected paths: C:\repos\nus-cs2103\website-base\book\uml\classDiagrams\combine\basic\q-essay-classDiagramForCode.md
2018-07-12T09:26:29.706Z - info: Rebuilding 1 pages
2018-07-12T09:26:29.838Z - error:  Error: No such file: C:\repos\nus-cs2103\website-base\book\uml\classDiagrams\combine\basic\q-essay-objectDiagramForClassDiagram.md
Missing reference in C:\repos\nus-cs2103\website-base\book\uml\classDiagrams\combine\basic\exercises.md
    at Parser._preprocess (C:\Users\dcsdcr\AppData\Roaming\npm\node_modules\markbind-cli\lib\markbind\lib\parser.js:136:21)
    at element.children.element.children.map.e (C:\Users\dcsdcr\AppData\Roaming\npm\node_modules\markbind-cli\lib\markbind\lib\parser.js:250:57)
    at Array.map (<anonymous>)
    at Parser._preprocess (C:\Users\dcsdcr\AppData\Roaming\npm\node_modules\markbind-cli\lib\markbind\lib\parser.js:250:43)
    at element.children.element.children.map.e (C:\Users\dcsdcr\AppData\Roaming\npm\node_modules\markbind-cli\lib\markbind\lib\parser.js:228:57)
    at Array.map (<anonymous>)
    at Parser._preprocess (C:\Users\dcsdcr\AppData\Roaming\npm\node_modules\markbind-cli\lib\markbind\lib\parser.js:228:43)
    at element.children.element.children.map.e (C:\Users\dcsdcr\AppData\Roaming\npm\node_modules\markbind-cli\lib\markbind\lib\parser.js:228:57)
    at Array.map (<anonymous>)
    at Parser._preprocess (C:\Users\dcsdcr\AppData\Roaming\npm\node_modules\markbind-cli\lib\markbind\lib\parser.js:228:43)
    at element.children.element.children.map.e (C:\Users\dcsdcr\AppData\Roaming\npm\node_modules\markbind-cli\lib\markbind\lib\parser.js:250:57)
    at Array.map (<anonymous>)
    at Parser._preprocess (C:\Users\dcsdcr\AppData\Roaming\npm\node_modules\markbind-cli\lib\markbind\lib\parser.js:250:43)
    at element.children.element.children.map.e (C:\Users\dcsdcr\AppData\Roaming\npm\node_modules\markbind-cli\lib\markbind\lib\parser.js:250:57)
    at Array.map (<anonymous>)
    at Parser._preprocess (C:\Users\dcsdcr\AppData\Roaming\npm\node_modules\markbind-cli\lib\markbind\lib\parser.js:250:43)
2018-07-12T09:26:30.263Z - info: Pages rebuilt
2018-07-12T09:26:30.263Z - info: Site data built
2018-07-12T09:26:39.636Z - info: Reload for file change: C:\repos\nus-cs2103\website-base\book\uml\classDiagrams\combine\basic\exercises.md
2018-07-12T09:26:40.655Z - verbose: Rebuild affected paths: C:\repos\nus-cs2103\website-base\book\uml\classDiagrams\combine\basic\exercises.md
2018-07-12T09:26:40.655Z - info: Rebuilding 1 pages
2018-07-12T09:26:41.221Z - info: Pages rebuilt
2018-07-12T09:26:41.233Z - info: Site data built
2018-07-12T09:26:49.725Z - info: Reload for file change: C:\repos\nus-cs2103\website-base\book\uml\classDiagrams\combine\basic\q-essay-objectDiagramsForClassDiagram.md
2018-07-12T09:26:50.742Z - verbose: Rebuild affected paths: C:\repos\nus-cs2103\website-base\book\uml\classDiagrams\combine\basic\q-essay-objectDiagramsForClassDiagram.md
2018-07-12T09:26:50.742Z - info: Rebuilding 1 pages
2018-07-12T09:26:51.312Z - info: Pages rebuilt
2018-07-12T09:26:51.312Z - info: Site data built
2018-07-12T09:29:37.004Z - info: Reload for file change: C:\repos\nus-cs2103\website-base\book\uml\classDiagrams\combine\basic\text.md
2018-07-12T09:29:38.015Z - verbose: Rebuild affected paths: C:\repos\nus-cs2103\website-base\book\uml\classDiagrams\combine\basic\text.md
2018-07-12T09:29:38.015Z - info: Rebuilding 3 pages
2018-07-12T09:29:42.401Z - info: Pages rebuilt
2018-07-12T09:29:42.416Z - info: Site data built
2018-07-12T09:30:41.564Z - info: Reload for file change: C:\repos\nus-cs2103\website-base\book\uml\classDiagrams\combine\basic\exercises.md
2018-07-12T10:09:55.229Z - error:  Error: No such file: C:\repos\nus-cs2103\website-base\book\oopImplementation\associations\q-essay-objectDiagramsForClassDiagram.md
Missing reference in C:\repos\nus-cs2103\website-base\schedule\week4\tutorial.md
    at Parser._preprocess (C:\Users\dcsdcr\AppData\Roaming\npm\node_modules\markbind-cli\lib\markbind\lib\parser.js:136:21)
    at element.children.element.children.map.e (C:\Users\dcsdcr\AppData\Roaming\npm\node_modules\markbind-cli\lib\markbind\lib\parser.js:228:57)
    at Array.map (<anonymous>)
    at Parser._preprocess (C:\Users\dcsdcr\AppData\Roaming\npm\node_modules\markbind-cli\lib\markbind\lib\parser.js:228:43)
    at element.children.element.children.map.e (C:\Users\dcsdcr\AppData\Roaming\npm\node_modules\markbind-cli\lib\markbind\lib\parser.js:250:57)
    at Array.map (<anonymous>)
    at Parser._preprocess (C:\Users\dcsdcr\AppData\Roaming\npm\node_modules\markbind-cli\lib\markbind\lib\parser.js:250:43)
    at element.children.element.children.map.e (C:\Users\dcsdcr\AppData\Roaming\npm\node_modules\markbind-cli\lib\markbind\lib\parser.js:250:57)
    at Array.map (<anonymous>)
    at Parser._preprocess (C:\Users\dcsdcr\AppData\Roaming\npm\node_modules\markbind-cli\lib\markbind\lib\parser.js:250:43)
    at dom.map (C:\Users\dcsdcr\AppData\Roaming\npm\node_modules\markbind-cli\lib\markbind\lib\parser.js:387:28)
    at Array.map (<anonymous>)
    at DomHandler.htmlparser.DomHandler [as _callback] (C:\Users\dcsdcr\AppData\Roaming\npm\node_modules\markbind-cli\lib\markbind\lib\parser.js:384:25)
    at DomHandler._handleCallback.DomHandler.onerror (C:\Users\dcsdcr\AppData\Roaming\npm\node_modules\markbind-cli\node_modules\domhandler\index.js:52:8)
    at DomHandler.onend (C:\Users\dcsdcr\AppData\Roaming\npm\node_modules\markbind-cli\node_modules\domhandler\index.js:46:7)
    at Parser.onend (C:\Users\dcsdcr\AppData\Roaming\npm\node_modules\markbind-cli\node_modules\htmlparser2\lib\Parser.js:310:32)
2018-07-12T10:10:24.510Z - error:  Error: No such file: C:\repos\nus-cs2103\website-base\book\oopImplementation\associations\q-essay-objectDiagramsForClassDiagram.md
Missing reference in C:\repos\nus-cs2103\website-base\schedule\week4\tutorial.md
    at Parser._preprocess (C:\Users\dcsdcr\AppData\Roaming\npm\node_modules\markbind-cli\lib\markbind\lib\parser.js:136:21)
    at element.children.element.children.map.e (C:\Users\dcsdcr\AppData\Roaming\npm\node_modules\markbind-cli\lib\markbind\lib\parser.js:228:57)
    at Array.map (<anonymous>)
    at Parser._preprocess (C:\Users\dcsdcr\AppData\Roaming\npm\node_modules\markbind-cli\lib\markbind\lib\parser.js:228:43)
    at element.children.element.children.map.e (C:\Users\dcsdcr\AppData\Roaming\npm\node_modules\markbind-cli\lib\markbind\lib\parser.js:250:57)
    at Array.map (<anonymous>)
    at Parser._preprocess (C:\Users\dcsdcr\AppData\Roaming\npm\node_modules\markbind-cli\lib\markbind\lib\parser.js:250:43)
    at element.children.element.children.map.e (C:\Users\dcsdcr\AppData\Roaming\npm\node_modules\markbind-cli\lib\markbind\lib\parser.js:250:57)
    at Array.map (<anonymous>)
    at Parser._preprocess (C:\Users\dcsdcr\AppData\Roaming\npm\node_modules\markbind-cli\lib\markbind\lib\parser.js:250:43)
    at dom.map (C:\Users\dcsdcr\AppData\Roaming\npm\node_modules\markbind-cli\lib\markbind\lib\parser.js:387:28)
    at Array.map (<anonymous>)
    at DomHandler.htmlparser.DomHandler [as _callback] (C:\Users\dcsdcr\AppData\Roaming\npm\node_modules\markbind-cli\lib\markbind\lib\parser.js:384:25)
    at DomHandler._handleCallback.DomHandler.onerror (C:\Users\dcsdcr\AppData\Roaming\npm\node_modules\markbind-cli\node_modules\domhandler\index.js:52:8)
    at DomHandler.onend (C:\Users\dcsdcr\AppData\Roaming\npm\node_modules\markbind-cli\node_modules\domhandler\index.js:46:7)
    at Parser.onend (C:\Users\dcsdcr\AppData\Roaming\npm\node_modules\markbind-cli\node_modules\htmlparser2\lib\Parser.js:310:32)
2018-07-12T10:10:31.990Z - info: Pages built
2018-07-12T10:10:32.159Z - info: Site data built
2018-07-12T10:10:32.169Z - info: Generate Site durationMs=74708
2018-07-12T10:10:32.680Z - info: Serving "C:\repos\nus-cs2103\website-base\_site" at http://127.0.0.1:8080
2018-07-12T10:10:32.680Z - info: Press CTRL+C to stop ...
2018-07-12T10:13:30.731Z - info: Reload for file change: C:\repos\nus-cs2103\website-base\schedule\week4\tutorial.md
2018-07-12T10:13:31.734Z - verbose: Rebuild affected paths: C:\repos\nus-cs2103\website-base\schedule\week4\tutorial.md
2018-07-12T10:13:31.736Z - info: Rebuilding 2 pages
2018-07-12T10:13:32.604Z - error:  Error: No such file: C:\repos\nus-cs2103\website-base\book\uml\classDiagrams\combined\basic\q-essay-objectDiagramsForClassDiagram.md
Missing reference in C:\repos\nus-cs2103\website-base\schedule\week4\tutorial.md
    at Parser._preprocess (C:\Users\dcsdcr\AppData\Roaming\npm\node_modules\markbind-cli\lib\markbind\lib\parser.js:136:21)
    at element.children.element.children.map.e (C:\Users\dcsdcr\AppData\Roaming\npm\node_modules\markbind-cli\lib\markbind\lib\parser.js:228:57)
    at Array.map (<anonymous>)
    at Parser._preprocess (C:\Users\dcsdcr\AppData\Roaming\npm\node_modules\markbind-cli\lib\markbind\lib\parser.js:228:43)
    at element.children.element.children.map.e (C:\Users\dcsdcr\AppData\Roaming\npm\node_modules\markbind-cli\lib\markbind\lib\parser.js:250:57)
    at Array.map (<anonymous>)
    at Parser._preprocess (C:\Users\dcsdcr\AppData\Roaming\npm\node_modules\markbind-cli\lib\markbind\lib\parser.js:250:43)
    at element.children.element.children.map.e (C:\Users\dcsdcr\AppData\Roaming\npm\node_modules\markbind-cli\lib\markbind\lib\parser.js:250:57)
    at Array.map (<anonymous>)
    at Parser._preprocess (C:\Users\dcsdcr\AppData\Roaming\npm\node_modules\markbind-cli\lib\markbind\lib\parser.js:250:43)
    at dom.map (C:\Users\dcsdcr\AppData\Roaming\npm\node_modules\markbind-cli\lib\markbind\lib\parser.js:387:28)
    at Array.map (<anonymous>)
    at DomHandler.htmlparser.DomHandler [as _callback] (C:\Users\dcsdcr\AppData\Roaming\npm\node_modules\markbind-cli\lib\markbind\lib\parser.js:384:25)
    at DomHandler._handleCallback.DomHandler.onerror (C:\Users\dcsdcr\AppData\Roaming\npm\node_modules\markbind-cli\node_modules\domhandler\index.js:52:8)
    at DomHandler.onend (C:\Users\dcsdcr\AppData\Roaming\npm\node_modules\markbind-cli\node_modules\domhandler\index.js:46:7)
    at Parser.onend (C:\Users\dcsdcr\AppData\Roaming\npm\node_modules\markbind-cli\node_modules\htmlparser2\lib\Parser.js:310:32)
2018-07-12T10:13:34.783Z - error:  Error: No such file: C:\repos\nus-cs2103\website-base\book\uml\classDiagrams\combined\basic\q-essay-objectDiagramsForClassDiagram.md
Missing reference in C:\repos\nus-cs2103\website-base\schedule\week4\tutorial.md
    at Parser._preprocess (C:\Users\dcsdcr\AppData\Roaming\npm\node_modules\markbind-cli\lib\markbind\lib\parser.js:136:21)
    at element.children.element.children.map.e (C:\Users\dcsdcr\AppData\Roaming\npm\node_modules\markbind-cli\lib\markbind\lib\parser.js:228:57)
    at Array.map (<anonymous>)
    at Parser._preprocess (C:\Users\dcsdcr\AppData\Roaming\npm\node_modules\markbind-cli\lib\markbind\lib\parser.js:228:43)
    at element.children.element.children.map.e (C:\Users\dcsdcr\AppData\Roaming\npm\node_modules\markbind-cli\lib\markbind\lib\parser.js:250:57)
    at Array.map (<anonymous>)
    at Parser._preprocess (C:\Users\dcsdcr\AppData\Roaming\npm\node_modules\markbind-cli\lib\markbind\lib\parser.js:250:43)
    at element.children.element.children.map.e (C:\Users\dcsdcr\AppData\Roaming\npm\node_modules\markbind-cli\lib\markbind\lib\parser.js:250:57)
    at Array.map (<anonymous>)
    at Parser._preprocess (C:\Users\dcsdcr\AppData\Roaming\npm\node_modules\markbind-cli\lib\markbind\lib\parser.js:250:43)
    at dom.map (C:\Users\dcsdcr\AppData\Roaming\npm\node_modules\markbind-cli\lib\markbind\lib\parser.js:387:28)
    at Array.map (<anonymous>)
    at DomHandler.htmlparser.DomHandler [as _callback] (C:\Users\dcsdcr\AppData\Roaming\npm\node_modules\markbind-cli\lib\markbind\lib\parser.js:384:25)
    at DomHandler._handleCallback.DomHandler.onerror (C:\Users\dcsdcr\AppData\Roaming\npm\node_modules\markbind-cli\node_modules\domhandler\index.js:52:8)
    at DomHandler.onend (C:\Users\dcsdcr\AppData\Roaming\npm\node_modules\markbind-cli\node_modules\domhandler\index.js:46:7)
    at Parser.onend (C:\Users\dcsdcr\AppData\Roaming\npm\node_modules\markbind-cli\node_modules\htmlparser2\lib\Parser.js:310:32)
2018-07-12T10:13:43.069Z - info: Pages rebuilt
2018-07-12T10:13:43.103Z - info: Site data built
2018-07-12T10:14:14.351Z - info: Reload for file change: C:\repos\nus-cs2103\website-base\schedule\week4\tutorial.md
2018-07-12T10:14:15.352Z - verbose: Rebuild affected paths: C:\repos\nus-cs2103\website-base\schedule\week4\tutorial.md
2018-07-12T10:14:15.353Z - info: Rebuilding 2 pages
2018-07-12T10:14:26.393Z - info: Pages rebuilt
2018-07-12T10:14:26.420Z - info: Site data built
2018-07-12T10:24:03.646Z - info: Reload for file change: C:\repos\nus-cs2103\website-base\book\oop\objects\what\text.md
2018-07-12T10:24:04.647Z - verbose: Rebuild affected paths: C:\repos\nus-cs2103\website-base\book\oop\objects\what\text.md
2018-07-12T10:24:04.651Z - info: Rebuilding 6 pages
2018-07-12T10:24:21.545Z - info: Pages rebuilt
2018-07-12T10:24:21.577Z - info: Site data built
2018-07-12T10:26:54.318Z - info: Reload for file change: C:\repos\nus-cs2103\website-base\book\oop\objects\abstraction\text.md
2018-07-12T10:26:55.320Z - verbose: Rebuild affected paths: C:\repos\nus-cs2103\website-base\book\oop\objects\abstraction\text.md
2018-07-12T10:26:55.323Z - info: Rebuilding 6 pages
2018-07-12T10:27:09.453Z - info: Pages rebuilt
2018-07-12T10:27:09.477Z - info: Site data built
2018-07-12T10:28:27.307Z - info: Reload for file change: C:\repos\nus-cs2103\website-base\book\oop\classes\what\text.md
2018-07-12T10:28:28.308Z - verbose: Rebuild affected paths: C:\repos\nus-cs2103\website-base\book\oop\classes\what\text.md
2018-07-12T10:28:28.311Z - info: Rebuilding 6 pages
2018-07-12T10:28:39.033Z - info: Reload for file change: C:\repos\nus-cs2103\website-base\book\oop\classes\what\text.md
2018-07-12T10:28:42.909Z - info: Pages rebuilt
2018-07-12T10:28:42.933Z - info: Site data built
2018-07-12T10:28:43.167Z - verbose: Rebuild affected paths: C:\repos\nus-cs2103\website-base\book\oop\classes\what\text.md
2018-07-12T10:28:43.168Z - info: Rebuilding 6 pages
2018-07-12T10:28:57.467Z - info: Pages rebuilt
2018-07-12T10:28:57.506Z - info: Site data built
2018-07-12T10:30:53.998Z - info: Reload for file change: C:\repos\nus-cs2103\website-base\book\oop\classes\what\text.md
2018-07-12T10:30:54.026Z - info: Reload for file change: C:\repos\nus-cs2103\website-base\book\reuse\libraries\what\text.md
2018-07-12T10:30:54.049Z - info: Reload for file change: C:\repos\nus-cs2103\website-base\book\uml\classDiagrams\classes\what\q-essay-drawCarClass.md
2018-07-12T10:30:54.069Z - info: Reload for file change: C:\repos\nus-cs2103\website-base\book\oop\inheritance\overloading\text.md
2018-07-12T10:30:54.108Z - info: Reload for file change: C:\repos\nus-cs2103\website-base\book\refactoring\what\text.md
2018-07-12T10:30:54.135Z - info: Reload for file deletion: C:\repos\nus-cs2103\website-base\book\oop\associations\multiplicity\text.md
2018-07-12T10:30:54.136Z - info: Reload for file add: C:\repos\nus-cs2103\website-base\book\oop\associations\multiplicity\text.md
2018-07-12T10:30:54.196Z - info: Reload for file deletion: C:\repos\nus-cs2103\website-base\book\errorHandling\exceptions\how\text.md
2018-07-12T10:30:54.203Z - info: Reload for file add: C:\repos\nus-cs2103\website-base\book\errorHandling\exceptions\how\text.md
2018-07-12T10:30:54.247Z - info: Reload for file change: C:\repos\nus-cs2103\website-base\book\testing\testingTypes\unitTesting\what\text.md
2018-07-12T10:30:54.287Z - info: Reload for file deletion: C:\repos\nus-cs2103\website-base\book\uml\objectDiagrams\objects\q-essay-drawCarObject.md
2018-07-12T10:30:54.290Z - info: Reload for file add: C:\repos\nus-cs2103\website-base\book\uml\objectDiagrams\objects\q-essay-drawCarObject.md
2018-07-12T10:30:54.333Z - info: Reload for file deletion: C:\repos\nus-cs2103\website-base\book\codeQuality\maximiseReadability\introduction\text.md
2018-07-12T10:30:54.346Z - info: Reload for file add: C:\repos\nus-cs2103\website-base\book\codeQuality\maximiseReadability\introduction\text.md
2018-07-12T10:30:54.377Z - info: Reload for file deletion: C:\repos\nus-cs2103\website-base\book\uml\classDiagrams\combine\basic\q-essay-classDiagramForCode.md
2018-07-12T10:30:54.383Z - info: Reload for file add: C:\repos\nus-cs2103\website-base\book\uml\classDiagrams\combine\basic\q-essay-classDiagramForCode.md
2018-07-12T10:30:54.427Z - info: Reload for file change: C:\repos\nus-cs2103\website-base\book\oop\classes\classLevelMembers\text.md
2018-07-12T10:30:54.461Z - info: Reload for file change: C:\repos\nus-cs2103\website-base\book\codeQuality\maximiseReadability\basic\avoidComplicatedExpressions\text.md
2018-07-12T10:30:54.545Z - info: Reload for file change: C:\repos\nus-cs2103\website-base\book\codeQuality\maximiseReadability\basic\avoidMagicNumbers\text.md
2018-07-12T10:30:54.592Z - info: Reload for file change: C:\repos\nus-cs2103\website-base\book\codeQuality\nameWell\basic\nounsAndVerbsAsNames\text.md
2018-07-12T10:30:54.623Z - info: Reload for file change: C:\repos\nus-cs2103\website-base\book\oop\inheritance\overriding\text.md
2018-07-12T10:30:55.001Z - verbose: Rebuild affected paths: C:\repos\nus-cs2103\website-base\book\oop\classes\what\text.md,C:\repos\nus-cs2103\website-base\book\reuse\libraries\what\text.md,C:\repos\nus-cs2103\website-base\book\uml\classDiagrams\classes\what\q-essay-drawCarClass.md,C:\repos\nus-cs2103\website-base\book\oop\inheritance\overloading\text.md,C:\repos\nus-cs2103\website-base\book\refactoring\what\text.md,C:\repos\nus-cs2103\website-base\book\oop\associations\multiplicity\text.md,C:\repos\nus-cs2103\website-base\book\errorHandling\exceptions\how\text.md,C:\repos\nus-cs2103\website-base\book\testing\testingTypes\unitTesting\what\text.md,C:\repos\nus-cs2103\website-base\book\uml\objectDiagrams\objects\q-essay-drawCarObject.md,C:\repos\nus-cs2103\website-base\book\codeQuality\maximiseReadability\introduction\text.md,C:\repos\nus-cs2103\website-base\book\uml\classDiagrams\combine\basic\q-essay-classDiagramForCode.md,C:\repos\nus-cs2103\website-base\book\oop\classes\classLevelMembers\text.md,C:\repos\nus-cs2103\website-base\book\codeQuality\maximiseReadability\basic\avoidComplicatedExpressions\text.md,C:\repos\nus-cs2103\website-base\book\codeQuality\maximiseReadability\basic\avoidMagicNumbers\text.md,C:\repos\nus-cs2103\website-base\book\codeQuality\nameWell\basic\nounsAndVerbsAsNames\text.md,C:\repos\nus-cs2103\website-base\book\oop\inheritance\overriding\text.md
2018-07-12T10:30:55.009Z - info: Rebuilding 32 pages
2018-07-12T10:31:21.514Z - info: Pages rebuilt
2018-07-12T10:31:21.533Z - info: Site data built
2018-07-12T10:35:14.640Z - info: Reload for file change: C:\repos\nus-cs2103\website-base\book\css\textbook.css
2018-07-12T10:35:15.666Z - info: Assets built
2018-07-12T10:40:50.047Z - info: Reload for file deletion: C:\repos\nus-cs2103\website-base\book\css\textbook.css
2018-07-12T10:40:50.062Z - info: Reload for file add: C:\repos\nus-cs2103\website-base\book\css\textbook.css
2018-07-12T10:40:50.139Z - info: Reload for file change: C:\repos\nus-cs2103\website-base\book\_markbind\boilerplates\unit-inParent-asPanel.md
2018-07-12T10:40:51.053Z - info: Assets removed
2018-07-12T10:40:51.073Z - info: Assets built
2018-07-12T10:40:51.139Z - verbose: Rebuild affected paths: C:\repos\nus-cs2103\website-base\book\_markbind\boilerplates\unit-inParent-asPanel.md
2018-07-12T10:40:51.141Z - info: Rebuilding 3 pages
2018-07-12T10:40:54.887Z - info: Pages rebuilt
2018-07-12T10:40:54.894Z - info: Site data built
2018-07-12T10:43:02.045Z - info: Pages built
2018-07-12T10:43:02.279Z - info: Site data built
2018-07-12T10:43:02.288Z - info: Generate Site durationMs=90014
2018-07-12T10:43:03.744Z - info: Serving "C:\repos\nus-cs2103\website-base\_site" at http://127.0.0.1:8080
2018-07-12T10:43:03.744Z - info: Press CTRL+C to stop ...
2018-07-12T10:45:10.298Z - info: Reload for file change: C:\repos\nus-cs2103\website-base\se-book-adapted\chapters\chapter.njk
2018-07-12T10:45:11.342Z - info: Assets built
2018-07-12T10:46:46.511Z - info: Pages built
2018-07-12T10:46:46.579Z - info: Site data built
2018-07-12T10:46:46.589Z - info: Generate Site durationMs=52154
2018-07-12T10:46:46.924Z - info: Serving "C:\repos\nus-cs2103\website-base\_site" at http://127.0.0.1:8080
2018-07-12T10:46:46.924Z - info: Press CTRL+C to stop ...
2018-07-12T10:47:39.423Z - info: Reload for file change: C:\repos\nus-cs2103\website-base\se-book-adapted\chapters\chapter.njk
2018-07-12T10:47:40.447Z - info: Assets built
2018-07-12T10:49:23.092Z - info: Pages built
2018-07-12T10:49:23.158Z - info: Site data built
2018-07-12T10:49:23.167Z - info: Generate Site durationMs=49426
2018-07-12T10:49:23.517Z - info: Serving "C:\repos\nus-cs2103\website-base\_site" at http://127.0.0.1:8080
2018-07-12T10:49:23.517Z - info: Press CTRL+C to stop ...
2018-07-12T10:57:17.854Z - info: Pages built
2018-07-12T10:57:17.954Z - info: Site data built
2018-07-12T10:57:17.954Z - info: Build success!
2018-07-12T10:57:17.954Z - info: Generate Site durationMs=50760
2018-07-12T10:58:27.820Z - info: Deployed!
