2018-07-30T04:28:37.152Z - info: Pages built
2018-07-30T04:28:37.775Z - info: Site data built
2018-07-30T04:28:37.786Z - info: Generate Site durationMs=206939
2018-07-30T04:28:38.203Z - info: Serving "C:\repos\nus-cs2103\website-base\_site" at http://127.0.0.1:8080
2018-07-30T04:28:38.203Z - info: Press CTRL+C to stop ...
2018-07-30T04:32:09.022Z - info: Reload for file change: C:\repos\nus-cs2103\website-base\book\oop\associations\multiplicity\text.md
2018-07-30T04:32:10.032Z - verbose: Rebuild affected paths: C:\repos\nus-cs2103\website-base\book\oop\associations\multiplicity\text.md
2018-07-30T04:32:10.034Z - info: Rebuilding 3 pages
2018-07-30T04:32:15.233Z - info: Pages rebuilt
2018-07-30T04:32:15.249Z - info: Site data built
2018-07-30T04:32:31.091Z - info: Reload for file change: C:\repos\nus-cs2103\website-base\book\oop\associations\multiplicity\text.md
2018-07-30T04:32:32.105Z - verbose: Rebuild affected paths: C:\repos\nus-cs2103\website-base\book\oop\associations\multiplicity\text.md
2018-07-30T04:32:32.105Z - info: Rebuilding 3 pages
2018-07-30T04:32:36.710Z - info: Pages rebuilt
2018-07-30T04:32:36.738Z - info: Site data built
2018-07-30T04:32:53.123Z - info: Reload for file change: C:\repos\nus-cs2103\website-base\book\oop\associations\multiplicity\text.md
2018-07-30T04:32:54.142Z - verbose: Rebuild affected paths: C:\repos\nus-cs2103\website-base\book\oop\associations\multiplicity\text.md
2018-07-30T04:32:54.142Z - info: Rebuilding 3 pages
2018-07-30T04:32:58.367Z - info: Pages rebuilt
2018-07-30T04:32:58.388Z - info: Site data built
2018-07-30T04:34:42.783Z - info: Reload for file change: C:\repos\nus-cs2103\website-base\book\oop\classes\what\text.md
2018-07-30T04:34:42.799Z - info: Reload for file change: C:\repos\nus-cs2103\website-base\book\css\textbook.css
2018-07-30T04:34:43.794Z - verbose: Rebuild affected paths: C:\repos\nus-cs2103\website-base\book\oop\classes\what\text.md
2018-07-30T04:34:43.794Z - info: Rebuilding 6 pages
2018-07-30T04:34:49.681Z - info: Assets built
2018-07-30T04:35:06.753Z - info: Pages rebuilt
2018-07-30T04:35:06.768Z - info: Site data built
2018-07-30T04:37:18.993Z - info: Reload for file change: C:\repos\nus-cs2103\website-base\book\oop\classes\what\text.md
2018-07-30T04:37:19.024Z - info: Reload for file change: C:\repos\nus-cs2103\website-base\book\css\textbook.css
2018-07-30T04:37:19.999Z - verbose: Rebuild affected paths: C:\repos\nus-cs2103\website-base\book\oop\classes\what\text.md
2018-07-30T04:37:19.999Z - info: Rebuilding 6 pages
2018-07-30T04:37:25.801Z - info: Assets built
2018-07-30T04:37:41.735Z - info: Pages rebuilt
2018-07-30T04:37:41.748Z - info: Site data built
2018-07-30T04:53:39.223Z - info: Pages built
2018-07-30T04:53:39.361Z - info: Site data built
2018-07-30T04:53:39.377Z - info: Generate Site durationMs=74100
2018-07-30T04:53:39.687Z - info: Serving "C:\repos\nus-cs2103\website-base\_site" at http://127.0.0.1:8080
2018-07-30T04:53:39.687Z - info: Press CTRL+C to stop ...
2018-07-30T04:54:46.387Z - info: Reload for file change: C:\repos\nus-cs2103\website-base\css\main.css
2018-07-30T04:54:47.412Z - info: Assets built
2018-07-30T04:55:08.360Z - info: Reload for file change: C:\repos\nus-cs2103\website-base\css\main.css
2018-07-30T04:55:09.393Z - info: Assets built
2018-07-30T04:55:15.457Z - info: Reload for file change: C:\repos\nus-cs2103\website-base\css\main.css
2018-07-30T04:55:16.480Z - info: Assets built
2018-07-30T04:55:29.117Z - info: Reload for file change: C:\repos\nus-cs2103\website-base\css\main.css
2018-07-30T04:55:30.148Z - info: Assets built
2018-07-30T04:57:14.623Z - info: Reload for file change: C:\repos\nus-cs2103\website-base\css\main.css
2018-07-30T04:57:15.635Z - info: Assets built
2018-07-30T04:58:04.981Z - info: Reload for file change: C:\repos\nus-cs2103\website-base\css\main.css
2018-07-30T04:58:05.991Z - info: Assets built
2018-07-30T04:59:39.222Z - info: Reload for file change: C:\repos\nus-cs2103\website-base\css\main.css
2018-07-30T04:59:40.245Z - info: Assets built
2018-07-30T04:59:51.712Z - info: Reload for file change: C:\repos\nus-cs2103\website-base\css\main.css
2018-07-30T04:59:52.722Z - info: Assets built
2018-07-30T05:00:13.521Z - info: Reload for file change: C:\repos\nus-cs2103\website-base\css\main.css
2018-07-30T05:00:14.530Z - info: Assets built
2018-07-30T05:00:43.719Z - info: Reload for file change: C:\repos\nus-cs2103\website-base\css\main.css
2018-07-30T05:00:44.727Z - info: Assets built
2018-07-30T05:01:22.158Z - info: Reload for file change: C:\repos\nus-cs2103\website-base\css\main.css
2018-07-30T05:01:23.165Z - info: Assets built
2018-07-30T05:04:38.902Z - info: Reload for file change: C:\repos\nus-cs2103\website-base\css\main.css
2018-07-30T05:04:39.933Z - info: Assets built
2018-07-30T05:10:24.737Z - info: Reload for file change: C:\repos\nus-cs2103\website-base\common\header.md
2018-07-30T05:10:25.742Z - verbose: Rebuild affected paths: C:\repos\nus-cs2103\website-base\common\header.md
2018-07-30T05:10:25.758Z - info: Rebuilding 91 pages
2018-07-30T05:11:04.634Z - info: Pages rebuilt
2018-07-30T05:11:04.652Z - info: Site data built
2018-07-30T05:12:33.334Z - info: Reload for file change: C:\repos\nus-cs2103\website-base\common\header.md
2018-07-30T05:12:34.349Z - verbose: Rebuild affected paths: C:\repos\nus-cs2103\website-base\common\header.md
2018-07-30T05:12:34.372Z - info: Rebuilding 90 pages
2018-07-30T05:13:11.317Z - info: Pages rebuilt
2018-07-30T05:13:11.335Z - info: Site data built
2018-07-30T05:13:23.023Z - info: Reload for file change: C:\repos\nus-cs2103\website-base\common\header.md
2018-07-30T05:13:24.038Z - verbose: Rebuild affected paths: C:\repos\nus-cs2103\website-base\common\header.md
2018-07-30T05:13:24.048Z - info: Rebuilding 89 pages
2018-07-30T05:13:58.212Z - info: Pages rebuilt
2018-07-30T05:13:58.221Z - info: Site data built
2018-07-30T05:14:14.288Z - info: Reload for file change: C:\repos\nus-cs2103\website-base\common\header.md
2018-07-30T05:14:15.289Z - verbose: Rebuild affected paths: C:\repos\nus-cs2103\website-base\common\header.md
2018-07-30T05:14:15.298Z - info: Rebuilding 89 pages
2018-07-30T05:14:50.028Z - info: Pages rebuilt
2018-07-30T05:14:50.039Z - info: Site data built
2018-07-30T05:15:16.177Z - info: Reload for file change: C:\repos\nus-cs2103\website-base\common\header.md
2018-07-30T05:15:17.194Z - verbose: Rebuild affected paths: C:\repos\nus-cs2103\website-base\common\header.md
2018-07-30T05:15:17.209Z - info: Rebuilding 89 pages
2018-07-30T05:15:33.027Z - info: Reload for file change: C:\repos\nus-cs2103\website-base\book\cppToJava\text.md
2018-07-30T05:15:33.027Z - info: Reload for file change: C:\repos\nus-cs2103\website-base\book\cppToJava\dataTypes\text.md
2018-07-30T05:15:33.027Z - info: Reload for file change: C:\repos\nus-cs2103\website-base\book\cppToJava\dataTypes\primitiveTypes\text.md
2018-07-30T05:15:33.027Z - info: Reload for file change: C:\repos\nus-cs2103\website-base\book\cppToJava\dataTypes\variables\text.md
2018-07-30T05:15:33.027Z - info: Reload for file change: C:\repos\nus-cs2103\website-base\book\cppToJava\dataTypes\operators\text.md
2018-07-30T05:15:33.027Z - info: Reload for file change: C:\repos\nus-cs2103\website-base\book\cppToJava\dataTypes\arrays\text.md
2018-07-30T05:15:33.027Z - info: Reload for file change: C:\repos\nus-cs2103\website-base\book\cppToJava\controlFlow\text.md
2018-07-30T05:15:33.027Z - info: Reload for file change: C:\repos\nus-cs2103\website-base\book\cppToJava\controlFlow\branching\text.md
2018-07-30T05:15:33.027Z - info: Reload for file change: C:\repos\nus-cs2103\website-base\book\cppToJava\controlFlow\loops\text.md
2018-07-30T05:15:33.027Z - info: Reload for file change: C:\repos\nus-cs2103\website-base\book\cppToJava\controlFlow\methods\text.md
2018-07-30T05:15:33.027Z - info: Reload for file change: C:\repos\nus-cs2103\website-base\book\cppToJava\objects\text.md
2018-07-30T05:15:33.027Z - info: Reload for file change: C:\repos\nus-cs2103\website-base\book\cppToJava\objects\usingObjects\text.md
2018-07-30T05:15:33.027Z - info: Reload for file change: C:\repos\nus-cs2103\website-base\book\cppToJava\objects\instanceMembers\text.md
2018-07-30T05:15:33.027Z - info: Reload for file change: C:\repos\nus-cs2103\website-base\book\cppToJava\objects\passingObjects\text.md
2018-07-30T05:15:33.027Z - info: Reload for file change: C:\repos\nus-cs2103\website-base\book\cppToJava\objects\garbageCollection\text.md
2018-07-30T05:15:33.027Z - info: Reload for file change: C:\repos\nus-cs2103\website-base\book\cppToJava\classes\text.md
2018-07-30T05:15:33.027Z - info: Reload for file change: C:\repos\nus-cs2103\website-base\book\cppToJava\classes\definingClasses\text.md
2018-07-30T05:15:33.027Z - info: Reload for file change: C:\repos\nus-cs2103\website-base\book\cppToJava\classes\gettersAndSetters\text.md
2018-07-30T05:15:33.027Z - info: Reload for file change: C:\repos\nus-cs2103\website-base\book\cppToJava\classes\classLevelMembers\text.md
2018-07-30T05:15:33.027Z - info: Reload for file change: C:\repos\nus-cs2103\website-base\book\javaTools\enums\text.md
2018-07-30T05:15:33.048Z - info: Reload for file change: C:\repos\nus-cs2103\website-base\_markbind\navigation\se-book-adapted-sitenav.md
2018-07-30T05:15:51.746Z - info: Pages rebuilt
2018-07-30T05:15:51.762Z - info: Site data built
2018-07-30T05:15:52.028Z - verbose: Rebuild affected paths: C:\repos\nus-cs2103\website-base\book\cppToJava\text.md,C:\repos\nus-cs2103\website-base\book\cppToJava\dataTypes\text.md,C:\repos\nus-cs2103\website-base\book\cppToJava\dataTypes\primitiveTypes\text.md,C:\repos\nus-cs2103\website-base\book\cppToJava\dataTypes\variables\text.md,C:\repos\nus-cs2103\website-base\book\cppToJava\dataTypes\operators\text.md,C:\repos\nus-cs2103\website-base\book\cppToJava\dataTypes\arrays\text.md,C:\repos\nus-cs2103\website-base\book\cppToJava\controlFlow\text.md,C:\repos\nus-cs2103\website-base\book\cppToJava\controlFlow\branching\text.md,C:\repos\nus-cs2103\website-base\book\cppToJava\controlFlow\loops\text.md,C:\repos\nus-cs2103\website-base\book\cppToJava\controlFlow\methods\text.md,C:\repos\nus-cs2103\website-base\book\cppToJava\objects\text.md,C:\repos\nus-cs2103\website-base\book\cppToJava\objects\usingObjects\text.md,C:\repos\nus-cs2103\website-base\book\cppToJava\objects\instanceMembers\text.md,C:\repos\nus-cs2103\website-base\book\cppToJava\objects\passingObjects\text.md,C:\repos\nus-cs2103\website-base\book\cppToJava\objects\garbageCollection\text.md,C:\repos\nus-cs2103\website-base\book\cppToJava\classes\text.md,C:\repos\nus-cs2103\website-base\book\cppToJava\classes\definingClasses\text.md,C:\repos\nus-cs2103\website-base\book\cppToJava\classes\gettersAndSetters\text.md,C:\repos\nus-cs2103\website-base\book\cppToJava\classes\classLevelMembers\text.md,C:\repos\nus-cs2103\website-base\book\javaTools\enums\text.md,C:\repos\nus-cs2103\website-base\_markbind\navigation\se-book-adapted-sitenav.md
2018-07-30T05:15:52.035Z - info: Rebuilding 40 pages
2018-07-30T05:16:23.264Z - info: Pages rebuilt
2018-07-30T05:16:23.288Z - info: Site data built
2018-07-30T05:17:50.065Z - info: Reload for file change: C:\repos\nus-cs2103\website-base\common\header-flat.md
2018-07-30T05:17:50.082Z - info: Reload for file change: C:\repos\nus-cs2103\website-base\common\header.md
2018-07-30T05:17:51.066Z - verbose: Rebuild affected paths: C:\repos\nus-cs2103\website-base\common\header-flat.md,C:\repos\nus-cs2103\website-base\common\header.md
2018-07-30T05:17:51.091Z - info: Rebuilding 98 pages
2018-07-30T05:18:36.707Z - info: Pages rebuilt
2018-07-30T05:18:36.731Z - info: Site data built
2018-07-30T05:20:30.105Z - info: Reload for file change: C:\repos\nus-cs2103\website-base\common\header-flat.md
2018-07-30T05:20:30.137Z - info: Reload for file change: C:\repos\nus-cs2103\website-base\common\header.md
2018-07-30T05:20:31.122Z - verbose: Rebuild affected paths: C:\repos\nus-cs2103\website-base\common\header-flat.md,C:\repos\nus-cs2103\website-base\common\header.md
2018-07-30T05:20:31.138Z - info: Rebuilding 96 pages
2018-07-30T05:21:20.733Z - info: Pages rebuilt
2018-07-30T05:21:20.762Z - info: Site data built
2018-07-30T05:25:55.028Z - info: Reload for file change: C:\repos\nus-cs2103\website-base\common\header-flat.md
2018-07-30T05:25:56.029Z - verbose: Rebuild affected paths: C:\repos\nus-cs2103\website-base\common\header-flat.md
2018-07-30T05:25:56.033Z - info: Rebuilding 17 pages
2018-07-30T05:26:17.531Z - info: Pages rebuilt
2018-07-30T05:26:17.547Z - info: Site data built
2018-07-30T05:34:12.914Z - info: Reload for file add: C:\repos\nus-cs2103\website-base\book\cppToJava\usefulClasses\wrapperClasses\text.md
2018-07-30T05:34:12.930Z - info: Reload for file change: C:\repos\nus-cs2103\website-base\book\cppToJava\usefulClasses\stringClass\text.md
2018-07-30T05:34:12.930Z - info: Reload for file change: C:\repos\nus-cs2103\website-base\book\cppToJava\usefulClasses\wrapperClasses\text.md
2018-07-30T05:34:12.945Z - info: Reload for file change: C:\repos\nus-cs2103\website-base\book\cppToJava\usefulClasses\stringClass\index.md
2018-07-30T05:34:12.961Z - info: Reload for file add: C:\repos\nus-cs2103\website-base\book\cppToJava\usefulClasses\wrapperClasses\index.md
2018-07-30T05:34:13.931Z - verbose: Rebuild affected paths: C:\repos\nus-cs2103\website-base\book\cppToJava\usefulClasses\wrapperClasses\text.md,C:\repos\nus-cs2103\website-base\book\cppToJava\usefulClasses\stringClass\text.md,C:\repos\nus-cs2103\website-base\book\cppToJava\usefulClasses\stringClass\index.md,C:\repos\nus-cs2103\website-base\book\cppToJava\usefulClasses\wrapperClasses\index.md
2018-07-30T05:34:13.931Z - info: Rebuilding 0 pages
2018-07-30T05:34:13.931Z - info: Pages rebuilt
2018-07-30T05:34:13.946Z - info: Site data built
2018-07-30T05:35:50.813Z - info: Reload for file change: C:\repos\nus-cs2103\website-base\book\cppToJava\usefulClasses\wrapperClasses\text.md
2018-07-30T05:35:50.832Z - info: Reload for file change: C:\repos\nus-cs2103\website-base\book\cppToJava\usefulClasses\text.md
2018-07-30T05:35:50.855Z - info: Reload for file change: C:\repos\nus-cs2103\website-base\book\cppToJava\print.md
2018-07-30T05:35:51.818Z - verbose: Rebuild affected paths: C:\repos\nus-cs2103\website-base\book\cppToJava\usefulClasses\wrapperClasses\text.md,C:\repos\nus-cs2103\website-base\book\cppToJava\usefulClasses\text.md,C:\repos\nus-cs2103\website-base\book\cppToJava\print.md
2018-07-30T05:35:51.818Z - info: Rebuilding 0 pages
2018-07-30T05:35:51.818Z - info: Pages rebuilt
2018-07-30T05:35:51.834Z - info: Site data built
2018-07-30T05:37:22.778Z - info: Reload for file change: C:\repos\nus-cs2103\website-base\book\cppToJava\usefulClasses\wrapperClasses\text.md
2018-07-30T05:37:23.796Z - verbose: Rebuild affected paths: C:\repos\nus-cs2103\website-base\book\cppToJava\usefulClasses\wrapperClasses\text.md
2018-07-30T05:37:23.796Z - info: Rebuilding 0 pages
2018-07-30T05:37:23.797Z - info: Pages rebuilt
2018-07-30T05:37:23.812Z - info: Site data built
2018-07-30T07:32:30.584Z - error:  Error: No such file: C:\repos\nus-cs2103\website-base\book\cppToJava\usefulClasses\wrappreClasses\text.md
Missing reference in C:\repos\nus-cs2103\website-base\se-book-adapted\chapters\cppToJava.md
    at Parser._preprocess (C:\Users\dcsdcr\AppData\Roaming\npm\node_modules\markbind-cli\lib\markbind\lib\parser.js:136:21)
    at element.children.element.children.map.e (C:\Users\dcsdcr\AppData\Roaming\npm\node_modules\markbind-cli\lib\markbind\lib\parser.js:245:57)
    at Array.map (<anonymous>)
    at Parser._preprocess (C:\Users\dcsdcr\AppData\Roaming\npm\node_modules\markbind-cli\lib\markbind\lib\parser.js:245:43)
    at element.children.element.children.map.e (C:\Users\dcsdcr\AppData\Roaming\npm\node_modules\markbind-cli\lib\markbind\lib\parser.js:245:57)
    at Array.map (<anonymous>)
    at Parser._preprocess (C:\Users\dcsdcr\AppData\Roaming\npm\node_modules\markbind-cli\lib\markbind\lib\parser.js:245:43)
    at element.children.element.children.map.e (C:\Users\dcsdcr\AppData\Roaming\npm\node_modules\markbind-cli\lib\markbind\lib\parser.js:245:57)
    at Array.map (<anonymous>)
    at Parser._preprocess (C:\Users\dcsdcr\AppData\Roaming\npm\node_modules\markbind-cli\lib\markbind\lib\parser.js:245:43)
    at element.children.element.children.map.e (C:\Users\dcsdcr\AppData\Roaming\npm\node_modules\markbind-cli\lib\markbind\lib\parser.js:245:57)
    at Array.map (<anonymous>)
    at Parser._preprocess (C:\Users\dcsdcr\AppData\Roaming\npm\node_modules\markbind-cli\lib\markbind\lib\parser.js:245:43)
    at element.children.element.children.map.e (C:\Users\dcsdcr\AppData\Roaming\npm\node_modules\markbind-cli\lib\markbind\lib\parser.js:245:57)
    at Array.map (<anonymous>)
    at Parser._preprocess (C:\Users\dcsdcr\AppData\Roaming\npm\node_modules\markbind-cli\lib\markbind\lib\parser.js:245:43)
2018-07-30T07:32:30.584Z - error:  Error: No such file: C:\repos\nus-cs2103\website-base\book\cppToJava\usefulClasses\wrappreClasses\text.md
Missing reference in C:\repos\nus-cs2103\website-base\se-book-adapted\chapters\cppToJava.md
    at Parser._preprocess (C:\Users\dcsdcr\AppData\Roaming\npm\node_modules\markbind-cli\lib\markbind\lib\parser.js:136:21)
    at element.children.element.children.map.e (C:\Users\dcsdcr\AppData\Roaming\npm\node_modules\markbind-cli\lib\markbind\lib\parser.js:245:57)
    at Array.map (<anonymous>)
    at Parser._preprocess (C:\Users\dcsdcr\AppData\Roaming\npm\node_modules\markbind-cli\lib\markbind\lib\parser.js:245:43)
    at element.children.element.children.map.e (C:\Users\dcsdcr\AppData\Roaming\npm\node_modules\markbind-cli\lib\markbind\lib\parser.js:245:57)
    at Array.map (<anonymous>)
    at Parser._preprocess (C:\Users\dcsdcr\AppData\Roaming\npm\node_modules\markbind-cli\lib\markbind\lib\parser.js:245:43)
    at element.children.element.children.map.e (C:\Users\dcsdcr\AppData\Roaming\npm\node_modules\markbind-cli\lib\markbind\lib\parser.js:245:57)
    at Array.map (<anonymous>)
    at Parser._preprocess (C:\Users\dcsdcr\AppData\Roaming\npm\node_modules\markbind-cli\lib\markbind\lib\parser.js:245:43)
    at element.children.element.children.map.e (C:\Users\dcsdcr\AppData\Roaming\npm\node_modules\markbind-cli\lib\markbind\lib\parser.js:245:57)
    at Array.map (<anonymous>)
    at Parser._preprocess (C:\Users\dcsdcr\AppData\Roaming\npm\node_modules\markbind-cli\lib\markbind\lib\parser.js:245:43)
    at element.children.element.children.map.e (C:\Users\dcsdcr\AppData\Roaming\npm\node_modules\markbind-cli\lib\markbind\lib\parser.js:245:57)
    at Array.map (<anonymous>)
    at Parser._preprocess (C:\Users\dcsdcr\AppData\Roaming\npm\node_modules\markbind-cli\lib\markbind\lib\parser.js:245:43)
2018-07-30T07:32:30.584Z - error:  Error: No such file: C:\repos\nus-cs2103\website-base\book\cppToJava\usefulClasses\wrappreClasses\text.md
Missing reference in C:\repos\nus-cs2103\website-base\se-book-adapted\chapters\cppToJava.md
    at Parser._preprocess (C:\Users\dcsdcr\AppData\Roaming\npm\node_modules\markbind-cli\lib\markbind\lib\parser.js:136:21)
    at element.children.element.children.map.e (C:\Users\dcsdcr\AppData\Roaming\npm\node_modules\markbind-cli\lib\markbind\lib\parser.js:245:57)
    at Array.map (<anonymous>)
    at Parser._preprocess (C:\Users\dcsdcr\AppData\Roaming\npm\node_modules\markbind-cli\lib\markbind\lib\parser.js:245:43)
    at element.children.element.children.map.e (C:\Users\dcsdcr\AppData\Roaming\npm\node_modules\markbind-cli\lib\markbind\lib\parser.js:245:57)
    at Array.map (<anonymous>)
    at Parser._preprocess (C:\Users\dcsdcr\AppData\Roaming\npm\node_modules\markbind-cli\lib\markbind\lib\parser.js:245:43)
    at element.children.element.children.map.e (C:\Users\dcsdcr\AppData\Roaming\npm\node_modules\markbind-cli\lib\markbind\lib\parser.js:245:57)
    at Array.map (<anonymous>)
    at Parser._preprocess (C:\Users\dcsdcr\AppData\Roaming\npm\node_modules\markbind-cli\lib\markbind\lib\parser.js:245:43)
    at element.children.element.children.map.e (C:\Users\dcsdcr\AppData\Roaming\npm\node_modules\markbind-cli\lib\markbind\lib\parser.js:245:57)
    at Array.map (<anonymous>)
    at Parser._preprocess (C:\Users\dcsdcr\AppData\Roaming\npm\node_modules\markbind-cli\lib\markbind\lib\parser.js:245:43)
    at element.children.element.children.map.e (C:\Users\dcsdcr\AppData\Roaming\npm\node_modules\markbind-cli\lib\markbind\lib\parser.js:245:57)
    at Array.map (<anonymous>)
    at Parser._preprocess (C:\Users\dcsdcr\AppData\Roaming\npm\node_modules\markbind-cli\lib\markbind\lib\parser.js:245:43)
2018-07-30T07:32:35.610Z - error:  Error: No such file: C:\repos\nus-cs2103\website-base\book\cppToJava\usefulClasses\wrappreClasses\text.md
Missing reference in C:\repos\nus-cs2103\website-base\se-book-adapted\chapters-printable\cppToJava-printable.md
    at Parser._preprocess (C:\Users\dcsdcr\AppData\Roaming\npm\node_modules\markbind-cli\lib\markbind\lib\parser.js:136:21)
    at element.children.element.children.map.e (C:\Users\dcsdcr\AppData\Roaming\npm\node_modules\markbind-cli\lib\markbind\lib\parser.js:245:57)
    at Array.map (<anonymous>)
    at Parser._preprocess (C:\Users\dcsdcr\AppData\Roaming\npm\node_modules\markbind-cli\lib\markbind\lib\parser.js:245:43)
    at element.children.element.children.map.e (C:\Users\dcsdcr\AppData\Roaming\npm\node_modules\markbind-cli\lib\markbind\lib\parser.js:245:57)
    at Array.map (<anonymous>)
    at Parser._preprocess (C:\Users\dcsdcr\AppData\Roaming\npm\node_modules\markbind-cli\lib\markbind\lib\parser.js:245:43)
    at element.children.element.children.map.e (C:\Users\dcsdcr\AppData\Roaming\npm\node_modules\markbind-cli\lib\markbind\lib\parser.js:245:57)
    at Array.map (<anonymous>)
    at Parser._preprocess (C:\Users\dcsdcr\AppData\Roaming\npm\node_modules\markbind-cli\lib\markbind\lib\parser.js:245:43)
    at element.children.element.children.map.e (C:\Users\dcsdcr\AppData\Roaming\npm\node_modules\markbind-cli\lib\markbind\lib\parser.js:245:57)
    at Array.map (<anonymous>)
    at Parser._preprocess (C:\Users\dcsdcr\AppData\Roaming\npm\node_modules\markbind-cli\lib\markbind\lib\parser.js:245:43)
    at element.children.element.children.map.e (C:\Users\dcsdcr\AppData\Roaming\npm\node_modules\markbind-cli\lib\markbind\lib\parser.js:245:57)
    at Array.map (<anonymous>)
    at Parser._preprocess (C:\Users\dcsdcr\AppData\Roaming\npm\node_modules\markbind-cli\lib\markbind\lib\parser.js:245:43)
2018-07-30T07:34:25.810Z - info: Pages built
2018-07-30T07:34:26.025Z - info: Site data built
2018-07-30T07:34:26.034Z - info: Generate Site durationMs=74159
2018-07-30T07:34:26.353Z - info: Serving "C:\repos\nus-cs2103\website-base\_site" at http://127.0.0.1:8080
2018-07-30T07:34:26.354Z - info: Press CTRL+C to stop ...
2018-07-30T07:39:55.778Z - info: Reload for file change: C:\repos\nus-cs2103\website-base\_markbind\navigation\se-book-adapted-sitenav.md
2018-07-30T07:39:56.783Z - verbose: Rebuild affected paths: C:\repos\nus-cs2103\website-base\_markbind\navigation\se-book-adapted-sitenav.md
2018-07-30T07:39:56.892Z - info: Rebuilding 34 pages
2018-07-30T07:40:18.130Z - info: Pages rebuilt
2018-07-30T07:40:18.141Z - info: Site data built
2018-07-30T07:41:29.930Z - info: Reload for file change: C:\repos\nus-cs2103\website-base\se-book-adapted\common\exercises.md
2018-07-30T07:41:29.962Z - info: Reload for file change: C:\repos\nus-cs2103\website-base\se-book-adapted\common\definitions.md
2018-07-30T07:41:30.948Z - verbose: Rebuild affected paths: C:\repos\nus-cs2103\website-base\se-book-adapted\common\exercises.md,C:\repos\nus-cs2103\website-base\se-book-adapted\common\definitions.md
2018-07-30T07:41:30.948Z - info: Rebuilding 2 pages
2018-07-30T07:41:32.409Z - info: Pages rebuilt
2018-07-30T07:41:32.419Z - info: Site data built
