2018-05-24T05:32:56.581Z - error:  Error: No such file: C:\repos\nus-cs2103\website-base\book\_markbind\boilerplates\text.md
Missing reference in C:\repos\nus-cs2103\website-base\book\_markbind\boilerplates\print.md
    at Parser._preprocess (C:\Users\dcsdcr\AppData\Roaming\npm\node_modules\markbind-cli\lib\markbind\lib\parser.js:134:21)
    at dom.map (C:\Users\dcsdcr\AppData\Roaming\npm\node_modules\markbind-cli\lib\markbind\lib\parser.js:384:28)
    at Array.map (<anonymous>)
    at DomHandler.htmlparser.DomHandler [as _callback] (C:\Users\dcsdcr\AppData\Roaming\npm\node_modules\markbind-cli\lib\markbind\lib\parser.js:381:25)
    at DomHandler._handleCallback.DomHandler.onerror (C:\Users\dcsdcr\AppData\Roaming\npm\node_modules\markbind-cli\node_modules\domhandler\index.js:52:8)
    at DomHandler.onend (C:\Users\dcsdcr\AppData\Roaming\npm\node_modules\markbind-cli\node_modules\domhandler\index.js:46:7)
    at Parser.onend (C:\Users\dcsdcr\AppData\Roaming\npm\node_modules\markbind-cli\node_modules\htmlparser2\lib\Parser.js:310:32)
    at Tokenizer._finish (C:\Users\dcsdcr\AppData\Roaming\npm\node_modules\markbind-cli\node_modules\htmlparser2\lib\Tokenizer.js:853:12)
    at Tokenizer.end (C:\Users\dcsdcr\AppData\Roaming\npm\node_modules\markbind-cli\node_modules\htmlparser2\lib\Tokenizer.js:844:25)
    at Parser.end (C:\Users\dcsdcr\AppData\Roaming\npm\node_modules\markbind-cli\node_modules\htmlparser2\lib\Parser.js:338:18)
    at Parser.parseComplete (C:\Users\dcsdcr\AppData\Roaming\npm\node_modules\markbind-cli\node_modules\htmlparser2\lib\Parser.js:330:7)
    at fs.readFile (C:\Users\dcsdcr\AppData\Roaming\npm\node_modules\markbind-cli\lib\markbind\lib\parser.js:420:16)
    at FSReqWrap.readFileAfterClose [as oncomplete] (fs.js:511:3)
2018-05-24T05:32:56.582Z - error:  Error: No such file: C:\repos\nus-cs2103\website-base\book\_markbind\boilerplates\text.md
Missing reference in C:\repos\nus-cs2103\website-base\book\_markbind\boilerplates\print.md
    at Parser._preprocess (C:\Users\dcsdcr\AppData\Roaming\npm\node_modules\markbind-cli\lib\markbind\lib\parser.js:134:21)
    at dom.map (C:\Users\dcsdcr\AppData\Roaming\npm\node_modules\markbind-cli\lib\markbind\lib\parser.js:384:28)
    at Array.map (<anonymous>)
    at DomHandler.htmlparser.DomHandler [as _callback] (C:\Users\dcsdcr\AppData\Roaming\npm\node_modules\markbind-cli\lib\markbind\lib\parser.js:381:25)
    at DomHandler._handleCallback.DomHandler.onerror (C:\Users\dcsdcr\AppData\Roaming\npm\node_modules\markbind-cli\node_modules\domhandler\index.js:52:8)
    at DomHandler.onend (C:\Users\dcsdcr\AppData\Roaming\npm\node_modules\markbind-cli\node_modules\domhandler\index.js:46:7)
    at Parser.onend (C:\Users\dcsdcr\AppData\Roaming\npm\node_modules\markbind-cli\node_modules\htmlparser2\lib\Parser.js:310:32)
    at Tokenizer._finish (C:\Users\dcsdcr\AppData\Roaming\npm\node_modules\markbind-cli\node_modules\htmlparser2\lib\Tokenizer.js:853:12)
    at Tokenizer.end (C:\Users\dcsdcr\AppData\Roaming\npm\node_modules\markbind-cli\node_modules\htmlparser2\lib\Tokenizer.js:844:25)
    at Parser.end (C:\Users\dcsdcr\AppData\Roaming\npm\node_modules\markbind-cli\node_modules\htmlparser2\lib\Parser.js:338:18)
    at Parser.parseComplete (C:\Users\dcsdcr\AppData\Roaming\npm\node_modules\markbind-cli\node_modules\htmlparser2\lib\Parser.js:330:7)
    at fs.readFile (C:\Users\dcsdcr\AppData\Roaming\npm\node_modules\markbind-cli\lib\markbind\lib\parser.js:420:16)
    at FSReqWrap.readFileAfterClose [as oncomplete] (fs.js:511:3)
2018-05-24T05:33:45.842Z - info: Pages built
2018-05-24T05:33:45.905Z - info: Site data built
2018-05-24T05:33:45.905Z - info: Generate Site durationMs=55454
2018-05-24T05:33:46.231Z - info: Serving "C:\repos\nus-cs2103\website-base\_site" at http://127.0.0.1:8080
2018-05-24T05:33:46.231Z - info: Press CTRL+C to stop ...
2018-05-24T05:36:06.448Z - info: Reload for file change: C:\repos\nus-cs2103\website-base\book\codeQuality\nameWell\text.md
2018-05-24T05:36:06.468Z - info: Reload for file change: C:\repos\nus-cs2103\website-base\book\codeQuality\maximiseReadability\text.md
2018-05-24T05:36:07.452Z - verbose: Rebuild affected paths: C:\repos\nus-cs2103\website-base\book\codeQuality\nameWell\text.md,C:\repos\nus-cs2103\website-base\book\codeQuality\maximiseReadability\text.md
2018-05-24T05:36:07.455Z - info: Rebuilding 5 pages
2018-05-24T05:36:10.401Z - info: Pages rebuilt
2018-05-24T05:36:10.411Z - info: Site data built
