2018-07-31T05:04:49.427Z - error:  Error: No such file: C:\repos\nus-cs2103\website-base\schedule\evidence\cppToJava.md
Missing reference in C:\repos\nus-cs2103\website-base\schedule\index.md
    at Parser._preprocess (C:\Users\dcsdcr\AppData\Roaming\npm\node_modules\markbind-cli\lib\markbind\lib\parser.js:136:21)
    at element.children.element.children.map.e (C:\Users\dcsdcr\AppData\Roaming\npm\node_modules\markbind-cli\lib\markbind\lib\parser.js:245:57)
    at Array.map (<anonymous>)
    at Parser._preprocess (C:\Users\dcsdcr\AppData\Roaming\npm\node_modules\markbind-cli\lib\markbind\lib\parser.js:245:43)
    at element.children.element.children.map.e (C:\Users\dcsdcr\AppData\Roaming\npm\node_modules\markbind-cli\lib\markbind\lib\parser.js:245:57)
    at Array.map (<anonymous>)
    at Parser._preprocess (C:\Users\dcsdcr\AppData\Roaming\npm\node_modules\markbind-cli\lib\markbind\lib\parser.js:245:43)
    at element.children.element.children.map.e (C:\Users\dcsdcr\AppData\Roaming\npm\node_modules\markbind-cli\lib\markbind\lib\parser.js:245:57)
    at Array.map (<anonymous>)
    at Parser._preprocess (C:\Users\dcsdcr\AppData\Roaming\npm\node_modules\markbind-cli\lib\markbind\lib\parser.js:245:43)
    at element.children.element.children.map.e (C:\Users\dcsdcr\AppData\Roaming\npm\node_modules\markbind-cli\lib\markbind\lib\parser.js:245:57)
    at Array.map (<anonymous>)
    at Parser._preprocess (C:\Users\dcsdcr\AppData\Roaming\npm\node_modules\markbind-cli\lib\markbind\lib\parser.js:245:43)
    at element.children.element.children.map.e (C:\Users\dcsdcr\AppData\Roaming\npm\node_modules\markbind-cli\lib\markbind\lib\parser.js:245:57)
    at Array.map (<anonymous>)
    at Parser._preprocess (C:\Users\dcsdcr\AppData\Roaming\npm\node_modules\markbind-cli\lib\markbind\lib\parser.js:245:43)
2018-07-31T05:04:50.853Z - error:  Error: No such file: C:\repos\nus-cs2103\website-base\schedule\evidence\cppToJava.md
Missing reference in C:\repos\nus-cs2103\website-base\schedule\week2\tutorial.md
    at Parser._preprocess (C:\Users\dcsdcr\AppData\Roaming\npm\node_modules\markbind-cli\lib\markbind\lib\parser.js:136:21)
    at element.children.element.children.map.e (C:\Users\dcsdcr\AppData\Roaming\npm\node_modules\markbind-cli\lib\markbind\lib\parser.js:245:57)
    at Array.map (<anonymous>)
    at Parser._preprocess (C:\Users\dcsdcr\AppData\Roaming\npm\node_modules\markbind-cli\lib\markbind\lib\parser.js:245:43)
    at element.children.element.children.map.e (C:\Users\dcsdcr\AppData\Roaming\npm\node_modules\markbind-cli\lib\markbind\lib\parser.js:245:57)
    at Array.map (<anonymous>)
    at Parser._preprocess (C:\Users\dcsdcr\AppData\Roaming\npm\node_modules\markbind-cli\lib\markbind\lib\parser.js:245:43)
    at element.children.element.children.map.e (C:\Users\dcsdcr\AppData\Roaming\npm\node_modules\markbind-cli\lib\markbind\lib\parser.js:245:57)
    at Array.map (<anonymous>)
    at Parser._preprocess (C:\Users\dcsdcr\AppData\Roaming\npm\node_modules\markbind-cli\lib\markbind\lib\parser.js:245:43)
    at element.children.element.children.map.e (C:\Users\dcsdcr\AppData\Roaming\npm\node_modules\markbind-cli\lib\markbind\lib\parser.js:245:57)
    at Array.map (<anonymous>)
    at Parser._preprocess (C:\Users\dcsdcr\AppData\Roaming\npm\node_modules\markbind-cli\lib\markbind\lib\parser.js:245:43)
    at element.children.element.children.map.e (C:\Users\dcsdcr\AppData\Roaming\npm\node_modules\markbind-cli\lib\markbind\lib\parser.js:245:57)
    at Array.map (<anonymous>)
    at Parser._preprocess (C:\Users\dcsdcr\AppData\Roaming\npm\node_modules\markbind-cli\lib\markbind\lib\parser.js:245:43)
2018-07-31T05:04:51.477Z - error:  Error: No such file: C:\repos\nus-cs2103\website-base\schedule\evidence\cppToJava.md
Missing reference in C:\repos\nus-cs2103\website-base\schedule\week2\index-flat.md
    at Parser._preprocess (C:\Users\dcsdcr\AppData\Roaming\npm\node_modules\markbind-cli\lib\markbind\lib\parser.js:136:21)
    at element.children.element.children.map.e (C:\Users\dcsdcr\AppData\Roaming\npm\node_modules\markbind-cli\lib\markbind\lib\parser.js:245:57)
    at Array.map (<anonymous>)
    at Parser._preprocess (C:\Users\dcsdcr\AppData\Roaming\npm\node_modules\markbind-cli\lib\markbind\lib\parser.js:245:43)
    at element.children.element.children.map.e (C:\Users\dcsdcr\AppData\Roaming\npm\node_modules\markbind-cli\lib\markbind\lib\parser.js:245:57)
    at Array.map (<anonymous>)
    at Parser._preprocess (C:\Users\dcsdcr\AppData\Roaming\npm\node_modules\markbind-cli\lib\markbind\lib\parser.js:245:43)
    at element.children.element.children.map.e (C:\Users\dcsdcr\AppData\Roaming\npm\node_modules\markbind-cli\lib\markbind\lib\parser.js:245:57)
    at Array.map (<anonymous>)
    at Parser._preprocess (C:\Users\dcsdcr\AppData\Roaming\npm\node_modules\markbind-cli\lib\markbind\lib\parser.js:245:43)
    at element.children.element.children.map.e (C:\Users\dcsdcr\AppData\Roaming\npm\node_modules\markbind-cli\lib\markbind\lib\parser.js:245:57)
    at Array.map (<anonymous>)
    at Parser._preprocess (C:\Users\dcsdcr\AppData\Roaming\npm\node_modules\markbind-cli\lib\markbind\lib\parser.js:245:43)
    at element.children.element.children.map.e (C:\Users\dcsdcr\AppData\Roaming\npm\node_modules\markbind-cli\lib\markbind\lib\parser.js:245:57)
    at Array.map (<anonymous>)
    at Parser._preprocess (C:\Users\dcsdcr\AppData\Roaming\npm\node_modules\markbind-cli\lib\markbind\lib\parser.js:245:43)
2018-07-31T05:04:51.756Z - error:  Error: No such file: C:\repos\nus-cs2103\website-base\schedule\evidence\cppToJava.md
Missing reference in C:\repos\nus-cs2103\website-base\schedule\week2\tutorial.md
    at Parser._preprocess (C:\Users\dcsdcr\AppData\Roaming\npm\node_modules\markbind-cli\lib\markbind\lib\parser.js:136:21)
    at element.children.element.children.map.e (C:\Users\dcsdcr\AppData\Roaming\npm\node_modules\markbind-cli\lib\markbind\lib\parser.js:245:57)
    at Array.map (<anonymous>)
    at Parser._preprocess (C:\Users\dcsdcr\AppData\Roaming\npm\node_modules\markbind-cli\lib\markbind\lib\parser.js:245:43)
    at element.children.element.children.map.e (C:\Users\dcsdcr\AppData\Roaming\npm\node_modules\markbind-cli\lib\markbind\lib\parser.js:245:57)
    at Array.map (<anonymous>)
    at Parser._preprocess (C:\Users\dcsdcr\AppData\Roaming\npm\node_modules\markbind-cli\lib\markbind\lib\parser.js:245:43)
    at element.children.element.children.map.e (C:\Users\dcsdcr\AppData\Roaming\npm\node_modules\markbind-cli\lib\markbind\lib\parser.js:245:57)
    at Array.map (<anonymous>)
    at Parser._preprocess (C:\Users\dcsdcr\AppData\Roaming\npm\node_modules\markbind-cli\lib\markbind\lib\parser.js:245:43)
    at element.children.element.children.map.e (C:\Users\dcsdcr\AppData\Roaming\npm\node_modules\markbind-cli\lib\markbind\lib\parser.js:245:57)
    at Array.map (<anonymous>)
    at Parser._preprocess (C:\Users\dcsdcr\AppData\Roaming\npm\node_modules\markbind-cli\lib\markbind\lib\parser.js:245:43)
    at element.children.element.children.map.e (C:\Users\dcsdcr\AppData\Roaming\npm\node_modules\markbind-cli\lib\markbind\lib\parser.js:245:57)
    at Array.map (<anonymous>)
    at Parser._preprocess (C:\Users\dcsdcr\AppData\Roaming\npm\node_modules\markbind-cli\lib\markbind\lib\parser.js:245:43)
2018-07-31T05:05:00.013Z - error:  Error: No such file: C:\repos\nus-cs2103\website-base\schedule\evidence\cppToJava.md
Missing reference in C:\repos\nus-cs2103\website-base\schedule\index.md
    at Parser._preprocess (C:\Users\dcsdcr\AppData\Roaming\npm\node_modules\markbind-cli\lib\markbind\lib\parser.js:136:21)
    at element.children.element.children.map.e (C:\Users\dcsdcr\AppData\Roaming\npm\node_modules\markbind-cli\lib\markbind\lib\parser.js:245:57)
    at Array.map (<anonymous>)
    at Parser._preprocess (C:\Users\dcsdcr\AppData\Roaming\npm\node_modules\markbind-cli\lib\markbind\lib\parser.js:245:43)
    at element.children.element.children.map.e (C:\Users\dcsdcr\AppData\Roaming\npm\node_modules\markbind-cli\lib\markbind\lib\parser.js:245:57)
    at Array.map (<anonymous>)
    at Parser._preprocess (C:\Users\dcsdcr\AppData\Roaming\npm\node_modules\markbind-cli\lib\markbind\lib\parser.js:245:43)
    at element.children.element.children.map.e (C:\Users\dcsdcr\AppData\Roaming\npm\node_modules\markbind-cli\lib\markbind\lib\parser.js:245:57)
    at Array.map (<anonymous>)
    at Parser._preprocess (C:\Users\dcsdcr\AppData\Roaming\npm\node_modules\markbind-cli\lib\markbind\lib\parser.js:245:43)
    at element.children.element.children.map.e (C:\Users\dcsdcr\AppData\Roaming\npm\node_modules\markbind-cli\lib\markbind\lib\parser.js:245:57)
    at Array.map (<anonymous>)
    at Parser._preprocess (C:\Users\dcsdcr\AppData\Roaming\npm\node_modules\markbind-cli\lib\markbind\lib\parser.js:245:43)
    at element.children.element.children.map.e (C:\Users\dcsdcr\AppData\Roaming\npm\node_modules\markbind-cli\lib\markbind\lib\parser.js:245:57)
    at Array.map (<anonymous>)
    at Parser._preprocess (C:\Users\dcsdcr\AppData\Roaming\npm\node_modules\markbind-cli\lib\markbind\lib\parser.js:245:43)
2018-07-31T05:05:00.298Z - error:  Error: No such file: C:\repos\nus-cs2103\website-base\schedule\evidence\cppToJava.md
Missing reference in C:\repos\nus-cs2103\website-base\schedule\week2\tutorial.md
    at Parser._preprocess (C:\Users\dcsdcr\AppData\Roaming\npm\node_modules\markbind-cli\lib\markbind\lib\parser.js:136:21)
    at element.children.element.children.map.e (C:\Users\dcsdcr\AppData\Roaming\npm\node_modules\markbind-cli\lib\markbind\lib\parser.js:245:57)
    at Array.map (<anonymous>)
    at Parser._preprocess (C:\Users\dcsdcr\AppData\Roaming\npm\node_modules\markbind-cli\lib\markbind\lib\parser.js:245:43)
    at element.children.element.children.map.e (C:\Users\dcsdcr\AppData\Roaming\npm\node_modules\markbind-cli\lib\markbind\lib\parser.js:245:57)
    at Array.map (<anonymous>)
    at Parser._preprocess (C:\Users\dcsdcr\AppData\Roaming\npm\node_modules\markbind-cli\lib\markbind\lib\parser.js:245:43)
    at element.children.element.children.map.e (C:\Users\dcsdcr\AppData\Roaming\npm\node_modules\markbind-cli\lib\markbind\lib\parser.js:245:57)
    at Array.map (<anonymous>)
    at Parser._preprocess (C:\Users\dcsdcr\AppData\Roaming\npm\node_modules\markbind-cli\lib\markbind\lib\parser.js:245:43)
    at element.children.element.children.map.e (C:\Users\dcsdcr\AppData\Roaming\npm\node_modules\markbind-cli\lib\markbind\lib\parser.js:245:57)
    at Array.map (<anonymous>)
    at Parser._preprocess (C:\Users\dcsdcr\AppData\Roaming\npm\node_modules\markbind-cli\lib\markbind\lib\parser.js:245:43)
    at element.children.element.children.map.e (C:\Users\dcsdcr\AppData\Roaming\npm\node_modules\markbind-cli\lib\markbind\lib\parser.js:245:57)
    at Array.map (<anonymous>)
    at Parser._preprocess (C:\Users\dcsdcr\AppData\Roaming\npm\node_modules\markbind-cli\lib\markbind\lib\parser.js:245:43)
2018-07-31T05:05:04.764Z - error:  Error: No such file: C:\repos\nus-cs2103\website-base\schedule\evidence\cppToJava.md
Missing reference in C:\repos\nus-cs2103\website-base\schedule\week2\index-flat.md
    at Parser._preprocess (C:\Users\dcsdcr\AppData\Roaming\npm\node_modules\markbind-cli\lib\markbind\lib\parser.js:136:21)
    at element.children.element.children.map.e (C:\Users\dcsdcr\AppData\Roaming\npm\node_modules\markbind-cli\lib\markbind\lib\parser.js:245:57)
    at Array.map (<anonymous>)
    at Parser._preprocess (C:\Users\dcsdcr\AppData\Roaming\npm\node_modules\markbind-cli\lib\markbind\lib\parser.js:245:43)
    at element.children.element.children.map.e (C:\Users\dcsdcr\AppData\Roaming\npm\node_modules\markbind-cli\lib\markbind\lib\parser.js:245:57)
    at Array.map (<anonymous>)
    at Parser._preprocess (C:\Users\dcsdcr\AppData\Roaming\npm\node_modules\markbind-cli\lib\markbind\lib\parser.js:245:43)
    at element.children.element.children.map.e (C:\Users\dcsdcr\AppData\Roaming\npm\node_modules\markbind-cli\lib\markbind\lib\parser.js:245:57)
    at Array.map (<anonymous>)
    at Parser._preprocess (C:\Users\dcsdcr\AppData\Roaming\npm\node_modules\markbind-cli\lib\markbind\lib\parser.js:245:43)
    at element.children.element.children.map.e (C:\Users\dcsdcr\AppData\Roaming\npm\node_modules\markbind-cli\lib\markbind\lib\parser.js:245:57)
    at Array.map (<anonymous>)
    at Parser._preprocess (C:\Users\dcsdcr\AppData\Roaming\npm\node_modules\markbind-cli\lib\markbind\lib\parser.js:245:43)
    at element.children.element.children.map.e (C:\Users\dcsdcr\AppData\Roaming\npm\node_modules\markbind-cli\lib\markbind\lib\parser.js:245:57)
    at Array.map (<anonymous>)
    at Parser._preprocess (C:\Users\dcsdcr\AppData\Roaming\npm\node_modules\markbind-cli\lib\markbind\lib\parser.js:245:43)
2018-07-31T05:05:05.039Z - error:  Error: No such file: C:\repos\nus-cs2103\website-base\schedule\evidence\cppToJava.md
Missing reference in C:\repos\nus-cs2103\website-base\schedule\week2\tutorial.md
    at Parser._preprocess (C:\Users\dcsdcr\AppData\Roaming\npm\node_modules\markbind-cli\lib\markbind\lib\parser.js:136:21)
    at element.children.element.children.map.e (C:\Users\dcsdcr\AppData\Roaming\npm\node_modules\markbind-cli\lib\markbind\lib\parser.js:245:57)
    at Array.map (<anonymous>)
    at Parser._preprocess (C:\Users\dcsdcr\AppData\Roaming\npm\node_modules\markbind-cli\lib\markbind\lib\parser.js:245:43)
    at element.children.element.children.map.e (C:\Users\dcsdcr\AppData\Roaming\npm\node_modules\markbind-cli\lib\markbind\lib\parser.js:245:57)
    at Array.map (<anonymous>)
    at Parser._preprocess (C:\Users\dcsdcr\AppData\Roaming\npm\node_modules\markbind-cli\lib\markbind\lib\parser.js:245:43)
    at element.children.element.children.map.e (C:\Users\dcsdcr\AppData\Roaming\npm\node_modules\markbind-cli\lib\markbind\lib\parser.js:245:57)
    at Array.map (<anonymous>)
    at Parser._preprocess (C:\Users\dcsdcr\AppData\Roaming\npm\node_modules\markbind-cli\lib\markbind\lib\parser.js:245:43)
    at element.children.element.children.map.e (C:\Users\dcsdcr\AppData\Roaming\npm\node_modules\markbind-cli\lib\markbind\lib\parser.js:245:57)
    at Array.map (<anonymous>)
    at Parser._preprocess (C:\Users\dcsdcr\AppData\Roaming\npm\node_modules\markbind-cli\lib\markbind\lib\parser.js:245:43)
    at element.children.element.children.map.e (C:\Users\dcsdcr\AppData\Roaming\npm\node_modules\markbind-cli\lib\markbind\lib\parser.js:245:57)
    at Array.map (<anonymous>)
    at Parser._preprocess (C:\Users\dcsdcr\AppData\Roaming\npm\node_modules\markbind-cli\lib\markbind\lib\parser.js:245:43)
2018-07-31T05:05:12.152Z - error:  Error: No such file: C:\repos\nus-cs2103\website-base\schedule\evidence\cppToJava.md
Missing reference in C:\repos\nus-cs2103\website-base\schedule\week2\outcomes.md
    at Parser._preprocess (C:\Users\dcsdcr\AppData\Roaming\npm\node_modules\markbind-cli\lib\markbind\lib\parser.js:136:21)
    at element.children.element.children.map.e (C:\Users\dcsdcr\AppData\Roaming\npm\node_modules\markbind-cli\lib\markbind\lib\parser.js:245:57)
    at Array.map (<anonymous>)
    at Parser._preprocess (C:\Users\dcsdcr\AppData\Roaming\npm\node_modules\markbind-cli\lib\markbind\lib\parser.js:245:43)
    at element.children.element.children.map.e (C:\Users\dcsdcr\AppData\Roaming\npm\node_modules\markbind-cli\lib\markbind\lib\parser.js:245:57)
    at Array.map (<anonymous>)
    at Parser._preprocess (C:\Users\dcsdcr\AppData\Roaming\npm\node_modules\markbind-cli\lib\markbind\lib\parser.js:245:43)
    at element.children.element.children.map.e (C:\Users\dcsdcr\AppData\Roaming\npm\node_modules\markbind-cli\lib\markbind\lib\parser.js:245:57)
    at Array.map (<anonymous>)
    at Parser._preprocess (C:\Users\dcsdcr\AppData\Roaming\npm\node_modules\markbind-cli\lib\markbind\lib\parser.js:245:43)
    at element.children.element.children.map.e (C:\Users\dcsdcr\AppData\Roaming\npm\node_modules\markbind-cli\lib\markbind\lib\parser.js:245:57)
    at Array.map (<anonymous>)
    at Parser._preprocess (C:\Users\dcsdcr\AppData\Roaming\npm\node_modules\markbind-cli\lib\markbind\lib\parser.js:245:43)
    at element.children.element.children.map.e (C:\Users\dcsdcr\AppData\Roaming\npm\node_modules\markbind-cli\lib\markbind\lib\parser.js:245:57)
    at Array.map (<anonymous>)
    at Parser._preprocess (C:\Users\dcsdcr\AppData\Roaming\npm\node_modules\markbind-cli\lib\markbind\lib\parser.js:245:43)
2018-07-31T05:05:15.687Z - error:  Error: No such file: C:\repos\nus-cs2103\website-base\schedule\evidence\cppToJava.md
Missing reference in C:\repos\nus-cs2103\website-base\schedule\week2\index-flat.md
    at Parser._preprocess (C:\Users\dcsdcr\AppData\Roaming\npm\node_modules\markbind-cli\lib\markbind\lib\parser.js:136:21)
    at element.children.element.children.map.e (C:\Users\dcsdcr\AppData\Roaming\npm\node_modules\markbind-cli\lib\markbind\lib\parser.js:245:57)
    at Array.map (<anonymous>)
    at Parser._preprocess (C:\Users\dcsdcr\AppData\Roaming\npm\node_modules\markbind-cli\lib\markbind\lib\parser.js:245:43)
    at element.children.element.children.map.e (C:\Users\dcsdcr\AppData\Roaming\npm\node_modules\markbind-cli\lib\markbind\lib\parser.js:245:57)
    at Array.map (<anonymous>)
    at Parser._preprocess (C:\Users\dcsdcr\AppData\Roaming\npm\node_modules\markbind-cli\lib\markbind\lib\parser.js:245:43)
    at element.children.element.children.map.e (C:\Users\dcsdcr\AppData\Roaming\npm\node_modules\markbind-cli\lib\markbind\lib\parser.js:245:57)
    at Array.map (<anonymous>)
    at Parser._preprocess (C:\Users\dcsdcr\AppData\Roaming\npm\node_modules\markbind-cli\lib\markbind\lib\parser.js:245:43)
    at element.children.element.children.map.e (C:\Users\dcsdcr\AppData\Roaming\npm\node_modules\markbind-cli\lib\markbind\lib\parser.js:245:57)
    at Array.map (<anonymous>)
    at Parser._preprocess (C:\Users\dcsdcr\AppData\Roaming\npm\node_modules\markbind-cli\lib\markbind\lib\parser.js:245:43)
    at element.children.element.children.map.e (C:\Users\dcsdcr\AppData\Roaming\npm\node_modules\markbind-cli\lib\markbind\lib\parser.js:245:57)
    at Array.map (<anonymous>)
    at Parser._preprocess (C:\Users\dcsdcr\AppData\Roaming\npm\node_modules\markbind-cli\lib\markbind\lib\parser.js:245:43)
2018-07-31T05:05:15.926Z - error:  Error: No such file: C:\repos\nus-cs2103\website-base\schedule\evidence\cppToJava.md
Missing reference in C:\repos\nus-cs2103\website-base\schedule\week2\tutorial.md
    at Parser._preprocess (C:\Users\dcsdcr\AppData\Roaming\npm\node_modules\markbind-cli\lib\markbind\lib\parser.js:136:21)
    at element.children.element.children.map.e (C:\Users\dcsdcr\AppData\Roaming\npm\node_modules\markbind-cli\lib\markbind\lib\parser.js:245:57)
    at Array.map (<anonymous>)
    at Parser._preprocess (C:\Users\dcsdcr\AppData\Roaming\npm\node_modules\markbind-cli\lib\markbind\lib\parser.js:245:43)
    at element.children.element.children.map.e (C:\Users\dcsdcr\AppData\Roaming\npm\node_modules\markbind-cli\lib\markbind\lib\parser.js:245:57)
    at Array.map (<anonymous>)
    at Parser._preprocess (C:\Users\dcsdcr\AppData\Roaming\npm\node_modules\markbind-cli\lib\markbind\lib\parser.js:245:43)
    at element.children.element.children.map.e (C:\Users\dcsdcr\AppData\Roaming\npm\node_modules\markbind-cli\lib\markbind\lib\parser.js:245:57)
    at Array.map (<anonymous>)
    at Parser._preprocess (C:\Users\dcsdcr\AppData\Roaming\npm\node_modules\markbind-cli\lib\markbind\lib\parser.js:245:43)
    at element.children.element.children.map.e (C:\Users\dcsdcr\AppData\Roaming\npm\node_modules\markbind-cli\lib\markbind\lib\parser.js:245:57)
    at Array.map (<anonymous>)
    at Parser._preprocess (C:\Users\dcsdcr\AppData\Roaming\npm\node_modules\markbind-cli\lib\markbind\lib\parser.js:245:43)
    at element.children.element.children.map.e (C:\Users\dcsdcr\AppData\Roaming\npm\node_modules\markbind-cli\lib\markbind\lib\parser.js:245:57)
    at Array.map (<anonymous>)
    at Parser._preprocess (C:\Users\dcsdcr\AppData\Roaming\npm\node_modules\markbind-cli\lib\markbind\lib\parser.js:245:43)
2018-07-31T05:06:03.026Z - info: Pages built
2018-07-31T05:06:03.500Z - info: Site data built
2018-07-31T05:06:03.515Z - info: Generate Site durationMs=187239
2018-07-31T05:06:03.961Z - info: Serving "C:\repos\nus-cs2103\website-base\_site" at http://127.0.0.1:8080
2018-07-31T05:06:03.961Z - info: Press CTRL+C to stop ...
2018-07-31T05:07:43.239Z - info: Reload for file add: C:\repos\nus-cs2103\website-base\schedule\evidence\cppToJava.md
2018-07-31T05:07:44.246Z - verbose: Rebuild affected paths: C:\repos\nus-cs2103\website-base\schedule\evidence\cppToJava.md
2018-07-31T05:07:44.246Z - info: Rebuilding 6 pages
2018-07-31T05:08:05.709Z - info: Pages rebuilt
2018-07-31T05:08:05.728Z - info: Site data built
2018-07-31T05:09:17.078Z - info: Reload for file change: C:\repos\nus-cs2103\website-base\schedule\evidence\javaTools.md
2018-07-31T05:09:17.100Z - info: Reload for file change: C:\repos\nus-cs2103\website-base\schedule\evidence\cppToJava.md
2018-07-31T05:09:17.132Z - info: Reload for file change: C:\repos\nus-cs2103\website-base\schedule\index.md
2018-07-31T05:09:18.090Z - verbose: Rebuild affected paths: C:\repos\nus-cs2103\website-base\schedule\evidence\javaTools.md,C:\repos\nus-cs2103\website-base\schedule\evidence\cppToJava.md,C:\repos\nus-cs2103\website-base\schedule\index.md
2018-07-31T05:09:18.092Z - info: Rebuilding 10 pages
2018-07-31T05:09:43.211Z - info: Pages rebuilt
2018-07-31T05:09:43.224Z - info: Site data built
