2018-07-13T08:14:53.536Z - info: Pages built
2018-07-13T08:14:53.732Z - info: Site data built
2018-07-13T08:14:53.744Z - info: Generate Site durationMs=188838
2018-07-13T08:14:54.224Z - info: Serving "C:\repos\nus-cs2103\website-base\_site" at http://127.0.0.1:8080
2018-07-13T08:14:54.225Z - info: Press CTRL+C to stop ...
2018-07-13T09:18:37.947Z - error:  Error: More than one <navigation> tag found in C:\repos\nus-cs2103\website-base\_markbind\navigation\se-book-adapted-sitenav.md
    at Page.insertSiteNav (C:\Users\dcsdcr\AppData\Roaming\npm\node_modules\markbind-cli\lib\Page.js:279:11)
    at markbinder.includeFile.then.then.result (C:\Users\dcsdcr\AppData\Roaming\npm\node_modules\markbind-cli\lib\Page.js:314:28)
    at tryCatcher (C:\Users\dcsdcr\AppData\Roaming\npm\node_modules\markbind-cli\node_modules\bluebird\js\release\util.js:16:23)
    at Promise._settlePromiseFromHandler (C:\Users\dcsdcr\AppData\Roaming\npm\node_modules\markbind-cli\node_modules\bluebird\js\release\promise.js:512:31)
    at Promise._settlePromise (C:\Users\dcsdcr\AppData\Roaming\npm\node_modules\markbind-cli\node_modules\bluebird\js\release\promise.js:569:18)
    at Promise._settlePromise0 (C:\Users\dcsdcr\AppData\Roaming\npm\node_modules\markbind-cli\node_modules\bluebird\js\release\promise.js:614:10)
    at Promise._settlePromises (C:\Users\dcsdcr\AppData\Roaming\npm\node_modules\markbind-cli\node_modules\bluebird\js\release\promise.js:693:18)
    at Async._drainQueue (C:\Users\dcsdcr\AppData\Roaming\npm\node_modules\markbind-cli\node_modules\bluebird\js\release\async.js:133:16)
    at Async._drainQueues (C:\Users\dcsdcr\AppData\Roaming\npm\node_modules\markbind-cli\node_modules\bluebird\js\release\async.js:143:10)
    at Immediate.Async.drainQueues (C:\Users\dcsdcr\AppData\Roaming\npm\node_modules\markbind-cli\node_modules\bluebird\js\release\async.js:17:14)
    at runCallback (timers.js:789:20)
    at tryOnImmediate (timers.js:751:5)
    at processImmediate [as _immediateCallback] (timers.js:722:5)
2018-07-13T09:18:37.947Z - error:  Error: More than one <navigation> tag found in C:\repos\nus-cs2103\website-base\_markbind\navigation\se-book-adapted-sitenav.md
    at Page.insertSiteNav (C:\Users\dcsdcr\AppData\Roaming\npm\node_modules\markbind-cli\lib\Page.js:279:11)
    at markbinder.includeFile.then.then.result (C:\Users\dcsdcr\AppData\Roaming\npm\node_modules\markbind-cli\lib\Page.js:314:28)
    at tryCatcher (C:\Users\dcsdcr\AppData\Roaming\npm\node_modules\markbind-cli\node_modules\bluebird\js\release\util.js:16:23)
    at Promise._settlePromiseFromHandler (C:\Users\dcsdcr\AppData\Roaming\npm\node_modules\markbind-cli\node_modules\bluebird\js\release\promise.js:512:31)
    at Promise._settlePromise (C:\Users\dcsdcr\AppData\Roaming\npm\node_modules\markbind-cli\node_modules\bluebird\js\release\promise.js:569:18)
    at Promise._settlePromise0 (C:\Users\dcsdcr\AppData\Roaming\npm\node_modules\markbind-cli\node_modules\bluebird\js\release\promise.js:614:10)
    at Promise._settlePromises (C:\Users\dcsdcr\AppData\Roaming\npm\node_modules\markbind-cli\node_modules\bluebird\js\release\promise.js:693:18)
    at Async._drainQueue (C:\Users\dcsdcr\AppData\Roaming\npm\node_modules\markbind-cli\node_modules\bluebird\js\release\async.js:133:16)
    at Async._drainQueues (C:\Users\dcsdcr\AppData\Roaming\npm\node_modules\markbind-cli\node_modules\bluebird\js\release\async.js:143:10)
    at Immediate.Async.drainQueues (C:\Users\dcsdcr\AppData\Roaming\npm\node_modules\markbind-cli\node_modules\bluebird\js\release\async.js:17:14)
    at runCallback (timers.js:789:20)
    at tryOnImmediate (timers.js:751:5)
    at processImmediate [as _immediateCallback] (timers.js:722:5)
2018-07-13T09:18:37.955Z - error:  Error: More than one <navigation> tag found in C:\repos\nus-cs2103\website-base\_markbind\navigation\se-book-adapted-sitenav.md
    at Page.insertSiteNav (C:\Users\dcsdcr\AppData\Roaming\npm\node_modules\markbind-cli\lib\Page.js:279:11)
    at markbinder.includeFile.then.then.result (C:\Users\dcsdcr\AppData\Roaming\npm\node_modules\markbind-cli\lib\Page.js:314:28)
    at tryCatcher (C:\Users\dcsdcr\AppData\Roaming\npm\node_modules\markbind-cli\node_modules\bluebird\js\release\util.js:16:23)
    at Promise._settlePromiseFromHandler (C:\Users\dcsdcr\AppData\Roaming\npm\node_modules\markbind-cli\node_modules\bluebird\js\release\promise.js:512:31)
    at Promise._settlePromise (C:\Users\dcsdcr\AppData\Roaming\npm\node_modules\markbind-cli\node_modules\bluebird\js\release\promise.js:569:18)
    at Promise._settlePromise0 (C:\Users\dcsdcr\AppData\Roaming\npm\node_modules\markbind-cli\node_modules\bluebird\js\release\promise.js:614:10)
    at Promise._settlePromises (C:\Users\dcsdcr\AppData\Roaming\npm\node_modules\markbind-cli\node_modules\bluebird\js\release\promise.js:693:18)
    at Async._drainQueue (C:\Users\dcsdcr\AppData\Roaming\npm\node_modules\markbind-cli\node_modules\bluebird\js\release\async.js:133:16)
    at Async._drainQueues (C:\Users\dcsdcr\AppData\Roaming\npm\node_modules\markbind-cli\node_modules\bluebird\js\release\async.js:143:10)
    at Immediate.Async.drainQueues (C:\Users\dcsdcr\AppData\Roaming\npm\node_modules\markbind-cli\node_modules\bluebird\js\release\async.js:17:14)
    at runCallback (timers.js:789:20)
    at tryOnImmediate (timers.js:751:5)
    at processImmediate [as _immediateCallback] (timers.js:722:5)
2018-07-13T09:18:37.955Z - error:  Error: More than one <navigation> tag found in C:\repos\nus-cs2103\website-base\_markbind\navigation\se-book-adapted-sitenav.md
    at Page.insertSiteNav (C:\Users\dcsdcr\AppData\Roaming\npm\node_modules\markbind-cli\lib\Page.js:279:11)
    at markbinder.includeFile.then.then.result (C:\Users\dcsdcr\AppData\Roaming\npm\node_modules\markbind-cli\lib\Page.js:314:28)
    at tryCatcher (C:\Users\dcsdcr\AppData\Roaming\npm\node_modules\markbind-cli\node_modules\bluebird\js\release\util.js:16:23)
    at Promise._settlePromiseFromHandler (C:\Users\dcsdcr\AppData\Roaming\npm\node_modules\markbind-cli\node_modules\bluebird\js\release\promise.js:512:31)
    at Promise._settlePromise (C:\Users\dcsdcr\AppData\Roaming\npm\node_modules\markbind-cli\node_modules\bluebird\js\release\promise.js:569:18)
    at Promise._settlePromise0 (C:\Users\dcsdcr\AppData\Roaming\npm\node_modules\markbind-cli\node_modules\bluebird\js\release\promise.js:614:10)
    at Promise._settlePromises (C:\Users\dcsdcr\AppData\Roaming\npm\node_modules\markbind-cli\node_modules\bluebird\js\release\promise.js:693:18)
    at Async._drainQueue (C:\Users\dcsdcr\AppData\Roaming\npm\node_modules\markbind-cli\node_modules\bluebird\js\release\async.js:133:16)
    at Async._drainQueues (C:\Users\dcsdcr\AppData\Roaming\npm\node_modules\markbind-cli\node_modules\bluebird\js\release\async.js:143:10)
    at Immediate.Async.drainQueues (C:\Users\dcsdcr\AppData\Roaming\npm\node_modules\markbind-cli\node_modules\bluebird\js\release\async.js:17:14)
    at runCallback (timers.js:789:20)
    at tryOnImmediate (timers.js:751:5)
    at processImmediate [as _immediateCallback] (timers.js:722:5)
2018-07-13T09:18:37.955Z - error:  Error: More than one <navigation> tag found in C:\repos\nus-cs2103\website-base\_markbind\navigation\se-book-adapted-sitenav.md
    at Page.insertSiteNav (C:\Users\dcsdcr\AppData\Roaming\npm\node_modules\markbind-cli\lib\Page.js:279:11)
    at markbinder.includeFile.then.then.result (C:\Users\dcsdcr\AppData\Roaming\npm\node_modules\markbind-cli\lib\Page.js:314:28)
    at tryCatcher (C:\Users\dcsdcr\AppData\Roaming\npm\node_modules\markbind-cli\node_modules\bluebird\js\release\util.js:16:23)
    at Promise._settlePromiseFromHandler (C:\Users\dcsdcr\AppData\Roaming\npm\node_modules\markbind-cli\node_modules\bluebird\js\release\promise.js:512:31)
    at Promise._settlePromise (C:\Users\dcsdcr\AppData\Roaming\npm\node_modules\markbind-cli\node_modules\bluebird\js\release\promise.js:569:18)
    at Promise._settlePromise0 (C:\Users\dcsdcr\AppData\Roaming\npm\node_modules\markbind-cli\node_modules\bluebird\js\release\promise.js:614:10)
    at Promise._settlePromises (C:\Users\dcsdcr\AppData\Roaming\npm\node_modules\markbind-cli\node_modules\bluebird\js\release\promise.js:693:18)
    at Async._drainQueue (C:\Users\dcsdcr\AppData\Roaming\npm\node_modules\markbind-cli\node_modules\bluebird\js\release\async.js:133:16)
    at Async._drainQueues (C:\Users\dcsdcr\AppData\Roaming\npm\node_modules\markbind-cli\node_modules\bluebird\js\release\async.js:143:10)
    at Immediate.Async.drainQueues (C:\Users\dcsdcr\AppData\Roaming\npm\node_modules\markbind-cli\node_modules\bluebird\js\release\async.js:17:14)
    at runCallback (timers.js:789:20)
    at tryOnImmediate (timers.js:751:5)
    at processImmediate [as _immediateCallback] (timers.js:722:5)
2018-07-13T09:18:37.955Z - error:  Error: More than one <navigation> tag found in C:\repos\nus-cs2103\website-base\_markbind\navigation\se-book-adapted-sitenav.md
    at Page.insertSiteNav (C:\Users\dcsdcr\AppData\Roaming\npm\node_modules\markbind-cli\lib\Page.js:279:11)
    at markbinder.includeFile.then.then.result (C:\Users\dcsdcr\AppData\Roaming\npm\node_modules\markbind-cli\lib\Page.js:314:28)
    at tryCatcher (C:\Users\dcsdcr\AppData\Roaming\npm\node_modules\markbind-cli\node_modules\bluebird\js\release\util.js:16:23)
    at Promise._settlePromiseFromHandler (C:\Users\dcsdcr\AppData\Roaming\npm\node_modules\markbind-cli\node_modules\bluebird\js\release\promise.js:512:31)
    at Promise._settlePromise (C:\Users\dcsdcr\AppData\Roaming\npm\node_modules\markbind-cli\node_modules\bluebird\js\release\promise.js:569:18)
    at Promise._settlePromise0 (C:\Users\dcsdcr\AppData\Roaming\npm\node_modules\markbind-cli\node_modules\bluebird\js\release\promise.js:614:10)
    at Promise._settlePromises (C:\Users\dcsdcr\AppData\Roaming\npm\node_modules\markbind-cli\node_modules\bluebird\js\release\promise.js:693:18)
    at Async._drainQueue (C:\Users\dcsdcr\AppData\Roaming\npm\node_modules\markbind-cli\node_modules\bluebird\js\release\async.js:133:16)
    at Async._drainQueues (C:\Users\dcsdcr\AppData\Roaming\npm\node_modules\markbind-cli\node_modules\bluebird\js\release\async.js:143:10)
    at Immediate.Async.drainQueues (C:\Users\dcsdcr\AppData\Roaming\npm\node_modules\markbind-cli\node_modules\bluebird\js\release\async.js:17:14)
    at runCallback (timers.js:789:20)
    at tryOnImmediate (timers.js:751:5)
    at processImmediate [as _immediateCallback] (timers.js:722:5)
2018-07-13T09:18:37.955Z - error:  Error: More than one <navigation> tag found in C:\repos\nus-cs2103\website-base\_markbind\navigation\se-book-adapted-sitenav.md
    at Page.insertSiteNav (C:\Users\dcsdcr\AppData\Roaming\npm\node_modules\markbind-cli\lib\Page.js:279:11)
    at markbinder.includeFile.then.then.result (C:\Users\dcsdcr\AppData\Roaming\npm\node_modules\markbind-cli\lib\Page.js:314:28)
    at tryCatcher (C:\Users\dcsdcr\AppData\Roaming\npm\node_modules\markbind-cli\node_modules\bluebird\js\release\util.js:16:23)
    at Promise._settlePromiseFromHandler (C:\Users\dcsdcr\AppData\Roaming\npm\node_modules\markbind-cli\node_modules\bluebird\js\release\promise.js:512:31)
    at Promise._settlePromise (C:\Users\dcsdcr\AppData\Roaming\npm\node_modules\markbind-cli\node_modules\bluebird\js\release\promise.js:569:18)
    at Promise._settlePromise0 (C:\Users\dcsdcr\AppData\Roaming\npm\node_modules\markbind-cli\node_modules\bluebird\js\release\promise.js:614:10)
    at Promise._settlePromises (C:\Users\dcsdcr\AppData\Roaming\npm\node_modules\markbind-cli\node_modules\bluebird\js\release\promise.js:693:18)
    at Async._drainQueue (C:\Users\dcsdcr\AppData\Roaming\npm\node_modules\markbind-cli\node_modules\bluebird\js\release\async.js:133:16)
    at Async._drainQueues (C:\Users\dcsdcr\AppData\Roaming\npm\node_modules\markbind-cli\node_modules\bluebird\js\release\async.js:143:10)
    at Immediate.Async.drainQueues (C:\Users\dcsdcr\AppData\Roaming\npm\node_modules\markbind-cli\node_modules\bluebird\js\release\async.js:17:14)
    at runCallback (timers.js:789:20)
    at tryOnImmediate (timers.js:751:5)
    at processImmediate [as _immediateCallback] (timers.js:722:5)
2018-07-13T09:18:37.955Z - error:  Error: More than one <navigation> tag found in C:\repos\nus-cs2103\website-base\_markbind\navigation\se-book-adapted-sitenav.md
    at Page.insertSiteNav (C:\Users\dcsdcr\AppData\Roaming\npm\node_modules\markbind-cli\lib\Page.js:279:11)
    at markbinder.includeFile.then.then.result (C:\Users\dcsdcr\AppData\Roaming\npm\node_modules\markbind-cli\lib\Page.js:314:28)
    at tryCatcher (C:\Users\dcsdcr\AppData\Roaming\npm\node_modules\markbind-cli\node_modules\bluebird\js\release\util.js:16:23)
    at Promise._settlePromiseFromHandler (C:\Users\dcsdcr\AppData\Roaming\npm\node_modules\markbind-cli\node_modules\bluebird\js\release\promise.js:512:31)
    at Promise._settlePromise (C:\Users\dcsdcr\AppData\Roaming\npm\node_modules\markbind-cli\node_modules\bluebird\js\release\promise.js:569:18)
    at Promise._settlePromise0 (C:\Users\dcsdcr\AppData\Roaming\npm\node_modules\markbind-cli\node_modules\bluebird\js\release\promise.js:614:10)
    at Promise._settlePromises (C:\Users\dcsdcr\AppData\Roaming\npm\node_modules\markbind-cli\node_modules\bluebird\js\release\promise.js:693:18)
    at Async._drainQueue (C:\Users\dcsdcr\AppData\Roaming\npm\node_modules\markbind-cli\node_modules\bluebird\js\release\async.js:133:16)
    at Async._drainQueues (C:\Users\dcsdcr\AppData\Roaming\npm\node_modules\markbind-cli\node_modules\bluebird\js\release\async.js:143:10)
    at Immediate.Async.drainQueues (C:\Users\dcsdcr\AppData\Roaming\npm\node_modules\markbind-cli\node_modules\bluebird\js\release\async.js:17:14)
    at runCallback (timers.js:789:20)
    at tryOnImmediate (timers.js:751:5)
    at processImmediate [as _immediateCallback] (timers.js:722:5)
2018-07-13T09:18:37.955Z - error:  Error: More than one <navigation> tag found in C:\repos\nus-cs2103\website-base\_markbind\navigation\se-book-adapted-sitenav.md
    at Page.insertSiteNav (C:\Users\dcsdcr\AppData\Roaming\npm\node_modules\markbind-cli\lib\Page.js:279:11)
    at markbinder.includeFile.then.then.result (C:\Users\dcsdcr\AppData\Roaming\npm\node_modules\markbind-cli\lib\Page.js:314:28)
    at tryCatcher (C:\Users\dcsdcr\AppData\Roaming\npm\node_modules\markbind-cli\node_modules\bluebird\js\release\util.js:16:23)
    at Promise._settlePromiseFromHandler (C:\Users\dcsdcr\AppData\Roaming\npm\node_modules\markbind-cli\node_modules\bluebird\js\release\promise.js:512:31)
    at Promise._settlePromise (C:\Users\dcsdcr\AppData\Roaming\npm\node_modules\markbind-cli\node_modules\bluebird\js\release\promise.js:569:18)
    at Promise._settlePromise0 (C:\Users\dcsdcr\AppData\Roaming\npm\node_modules\markbind-cli\node_modules\bluebird\js\release\promise.js:614:10)
    at Promise._settlePromises (C:\Users\dcsdcr\AppData\Roaming\npm\node_modules\markbind-cli\node_modules\bluebird\js\release\promise.js:693:18)
    at Async._drainQueue (C:\Users\dcsdcr\AppData\Roaming\npm\node_modules\markbind-cli\node_modules\bluebird\js\release\async.js:133:16)
    at Async._drainQueues (C:\Users\dcsdcr\AppData\Roaming\npm\node_modules\markbind-cli\node_modules\bluebird\js\release\async.js:143:10)
    at Immediate.Async.drainQueues (C:\Users\dcsdcr\AppData\Roaming\npm\node_modules\markbind-cli\node_modules\bluebird\js\release\async.js:17:14)
    at runCallback (timers.js:789:20)
    at tryOnImmediate (timers.js:751:5)
    at processImmediate [as _immediateCallback] (timers.js:722:5)
2018-07-13T09:18:37.955Z - error:  Error: More than one <navigation> tag found in C:\repos\nus-cs2103\website-base\_markbind\navigation\se-book-adapted-sitenav.md
    at Page.insertSiteNav (C:\Users\dcsdcr\AppData\Roaming\npm\node_modules\markbind-cli\lib\Page.js:279:11)
    at markbinder.includeFile.then.then.result (C:\Users\dcsdcr\AppData\Roaming\npm\node_modules\markbind-cli\lib\Page.js:314:28)
    at tryCatcher (C:\Users\dcsdcr\AppData\Roaming\npm\node_modules\markbind-cli\node_modules\bluebird\js\release\util.js:16:23)
    at Promise._settlePromiseFromHandler (C:\Users\dcsdcr\AppData\Roaming\npm\node_modules\markbind-cli\node_modules\bluebird\js\release\promise.js:512:31)
    at Promise._settlePromise (C:\Users\dcsdcr\AppData\Roaming\npm\node_modules\markbind-cli\node_modules\bluebird\js\release\promise.js:569:18)
    at Promise._settlePromise0 (C:\Users\dcsdcr\AppData\Roaming\npm\node_modules\markbind-cli\node_modules\bluebird\js\release\promise.js:614:10)
    at Promise._settlePromises (C:\Users\dcsdcr\AppData\Roaming\npm\node_modules\markbind-cli\node_modules\bluebird\js\release\promise.js:693:18)
    at Async._drainQueue (C:\Users\dcsdcr\AppData\Roaming\npm\node_modules\markbind-cli\node_modules\bluebird\js\release\async.js:133:16)
    at Async._drainQueues (C:\Users\dcsdcr\AppData\Roaming\npm\node_modules\markbind-cli\node_modules\bluebird\js\release\async.js:143:10)
    at Immediate.Async.drainQueues (C:\Users\dcsdcr\AppData\Roaming\npm\node_modules\markbind-cli\node_modules\bluebird\js\release\async.js:17:14)
    at runCallback (timers.js:789:20)
    at tryOnImmediate (timers.js:751:5)
    at processImmediate [as _immediateCallback] (timers.js:722:5)
2018-07-13T09:18:37.957Z - error:  Error: More than one <navigation> tag found in C:\repos\nus-cs2103\website-base\_markbind\navigation\se-book-adapted-sitenav.md
    at Page.insertSiteNav (C:\Users\dcsdcr\AppData\Roaming\npm\node_modules\markbind-cli\lib\Page.js:279:11)
    at markbinder.includeFile.then.then.result (C:\Users\dcsdcr\AppData\Roaming\npm\node_modules\markbind-cli\lib\Page.js:314:28)
    at tryCatcher (C:\Users\dcsdcr\AppData\Roaming\npm\node_modules\markbind-cli\node_modules\bluebird\js\release\util.js:16:23)
    at Promise._settlePromiseFromHandler (C:\Users\dcsdcr\AppData\Roaming\npm\node_modules\markbind-cli\node_modules\bluebird\js\release\promise.js:512:31)
    at Promise._settlePromise (C:\Users\dcsdcr\AppData\Roaming\npm\node_modules\markbind-cli\node_modules\bluebird\js\release\promise.js:569:18)
    at Promise._settlePromise0 (C:\Users\dcsdcr\AppData\Roaming\npm\node_modules\markbind-cli\node_modules\bluebird\js\release\promise.js:614:10)
    at Promise._settlePromises (C:\Users\dcsdcr\AppData\Roaming\npm\node_modules\markbind-cli\node_modules\bluebird\js\release\promise.js:693:18)
    at Async._drainQueue (C:\Users\dcsdcr\AppData\Roaming\npm\node_modules\markbind-cli\node_modules\bluebird\js\release\async.js:133:16)
    at Async._drainQueues (C:\Users\dcsdcr\AppData\Roaming\npm\node_modules\markbind-cli\node_modules\bluebird\js\release\async.js:143:10)
    at Immediate.Async.drainQueues (C:\Users\dcsdcr\AppData\Roaming\npm\node_modules\markbind-cli\node_modules\bluebird\js\release\async.js:17:14)
    at runCallback (timers.js:789:20)
    at tryOnImmediate (timers.js:751:5)
    at processImmediate [as _immediateCallback] (timers.js:722:5)
2018-07-13T09:18:37.957Z - error:  Error: More than one <navigation> tag found in C:\repos\nus-cs2103\website-base\_markbind\navigation\se-book-adapted-sitenav.md
    at Page.insertSiteNav (C:\Users\dcsdcr\AppData\Roaming\npm\node_modules\markbind-cli\lib\Page.js:279:11)
    at markbinder.includeFile.then.then.result (C:\Users\dcsdcr\AppData\Roaming\npm\node_modules\markbind-cli\lib\Page.js:314:28)
    at tryCatcher (C:\Users\dcsdcr\AppData\Roaming\npm\node_modules\markbind-cli\node_modules\bluebird\js\release\util.js:16:23)
    at Promise._settlePromiseFromHandler (C:\Users\dcsdcr\AppData\Roaming\npm\node_modules\markbind-cli\node_modules\bluebird\js\release\promise.js:512:31)
    at Promise._settlePromise (C:\Users\dcsdcr\AppData\Roaming\npm\node_modules\markbind-cli\node_modules\bluebird\js\release\promise.js:569:18)
    at Promise._settlePromise0 (C:\Users\dcsdcr\AppData\Roaming\npm\node_modules\markbind-cli\node_modules\bluebird\js\release\promise.js:614:10)
    at Promise._settlePromises (C:\Users\dcsdcr\AppData\Roaming\npm\node_modules\markbind-cli\node_modules\bluebird\js\release\promise.js:693:18)
    at Async._drainQueue (C:\Users\dcsdcr\AppData\Roaming\npm\node_modules\markbind-cli\node_modules\bluebird\js\release\async.js:133:16)
    at Async._drainQueues (C:\Users\dcsdcr\AppData\Roaming\npm\node_modules\markbind-cli\node_modules\bluebird\js\release\async.js:143:10)
    at Immediate.Async.drainQueues (C:\Users\dcsdcr\AppData\Roaming\npm\node_modules\markbind-cli\node_modules\bluebird\js\release\async.js:17:14)
    at runCallback (timers.js:789:20)
    at tryOnImmediate (timers.js:751:5)
    at processImmediate [as _immediateCallback] (timers.js:722:5)
2018-07-13T09:18:37.957Z - error:  Error: More than one <navigation> tag found in C:\repos\nus-cs2103\website-base\_markbind\navigation\se-book-adapted-sitenav.md
    at Page.insertSiteNav (C:\Users\dcsdcr\AppData\Roaming\npm\node_modules\markbind-cli\lib\Page.js:279:11)
    at markbinder.includeFile.then.then.result (C:\Users\dcsdcr\AppData\Roaming\npm\node_modules\markbind-cli\lib\Page.js:314:28)
    at tryCatcher (C:\Users\dcsdcr\AppData\Roaming\npm\node_modules\markbind-cli\node_modules\bluebird\js\release\util.js:16:23)
    at Promise._settlePromiseFromHandler (C:\Users\dcsdcr\AppData\Roaming\npm\node_modules\markbind-cli\node_modules\bluebird\js\release\promise.js:512:31)
    at Promise._settlePromise (C:\Users\dcsdcr\AppData\Roaming\npm\node_modules\markbind-cli\node_modules\bluebird\js\release\promise.js:569:18)
    at Promise._settlePromise0 (C:\Users\dcsdcr\AppData\Roaming\npm\node_modules\markbind-cli\node_modules\bluebird\js\release\promise.js:614:10)
    at Promise._settlePromises (C:\Users\dcsdcr\AppData\Roaming\npm\node_modules\markbind-cli\node_modules\bluebird\js\release\promise.js:693:18)
    at Async._drainQueue (C:\Users\dcsdcr\AppData\Roaming\npm\node_modules\markbind-cli\node_modules\bluebird\js\release\async.js:133:16)
    at Async._drainQueues (C:\Users\dcsdcr\AppData\Roaming\npm\node_modules\markbind-cli\node_modules\bluebird\js\release\async.js:143:10)
    at Immediate.Async.drainQueues (C:\Users\dcsdcr\AppData\Roaming\npm\node_modules\markbind-cli\node_modules\bluebird\js\release\async.js:17:14)
    at runCallback (timers.js:789:20)
    at tryOnImmediate (timers.js:751:5)
    at processImmediate [as _immediateCallback] (timers.js:722:5)
2018-07-13T09:18:37.957Z - error:  Error: More than one <navigation> tag found in C:\repos\nus-cs2103\website-base\_markbind\navigation\se-book-adapted-sitenav.md
    at Page.insertSiteNav (C:\Users\dcsdcr\AppData\Roaming\npm\node_modules\markbind-cli\lib\Page.js:279:11)
    at markbinder.includeFile.then.then.result (C:\Users\dcsdcr\AppData\Roaming\npm\node_modules\markbind-cli\lib\Page.js:314:28)
    at tryCatcher (C:\Users\dcsdcr\AppData\Roaming\npm\node_modules\markbind-cli\node_modules\bluebird\js\release\util.js:16:23)
    at Promise._settlePromiseFromHandler (C:\Users\dcsdcr\AppData\Roaming\npm\node_modules\markbind-cli\node_modules\bluebird\js\release\promise.js:512:31)
    at Promise._settlePromise (C:\Users\dcsdcr\AppData\Roaming\npm\node_modules\markbind-cli\node_modules\bluebird\js\release\promise.js:569:18)
    at Promise._settlePromise0 (C:\Users\dcsdcr\AppData\Roaming\npm\node_modules\markbind-cli\node_modules\bluebird\js\release\promise.js:614:10)
    at Promise._settlePromises (C:\Users\dcsdcr\AppData\Roaming\npm\node_modules\markbind-cli\node_modules\bluebird\js\release\promise.js:693:18)
    at Async._drainQueue (C:\Users\dcsdcr\AppData\Roaming\npm\node_modules\markbind-cli\node_modules\bluebird\js\release\async.js:133:16)
    at Async._drainQueues (C:\Users\dcsdcr\AppData\Roaming\npm\node_modules\markbind-cli\node_modules\bluebird\js\release\async.js:143:10)
    at Immediate.Async.drainQueues (C:\Users\dcsdcr\AppData\Roaming\npm\node_modules\markbind-cli\node_modules\bluebird\js\release\async.js:17:14)
    at runCallback (timers.js:789:20)
    at tryOnImmediate (timers.js:751:5)
    at processImmediate [as _immediateCallback] (timers.js:722:5)
2018-07-13T09:18:37.957Z - error:  Error: More than one <navigation> tag found in C:\repos\nus-cs2103\website-base\_markbind\navigation\se-book-adapted-sitenav.md
    at Page.insertSiteNav (C:\Users\dcsdcr\AppData\Roaming\npm\node_modules\markbind-cli\lib\Page.js:279:11)
    at markbinder.includeFile.then.then.result (C:\Users\dcsdcr\AppData\Roaming\npm\node_modules\markbind-cli\lib\Page.js:314:28)
    at tryCatcher (C:\Users\dcsdcr\AppData\Roaming\npm\node_modules\markbind-cli\node_modules\bluebird\js\release\util.js:16:23)
    at Promise._settlePromiseFromHandler (C:\Users\dcsdcr\AppData\Roaming\npm\node_modules\markbind-cli\node_modules\bluebird\js\release\promise.js:512:31)
    at Promise._settlePromise (C:\Users\dcsdcr\AppData\Roaming\npm\node_modules\markbind-cli\node_modules\bluebird\js\release\promise.js:569:18)
    at Promise._settlePromise0 (C:\Users\dcsdcr\AppData\Roaming\npm\node_modules\markbind-cli\node_modules\bluebird\js\release\promise.js:614:10)
    at Promise._settlePromises (C:\Users\dcsdcr\AppData\Roaming\npm\node_modules\markbind-cli\node_modules\bluebird\js\release\promise.js:693:18)
    at Async._drainQueue (C:\Users\dcsdcr\AppData\Roaming\npm\node_modules\markbind-cli\node_modules\bluebird\js\release\async.js:133:16)
    at Async._drainQueues (C:\Users\dcsdcr\AppData\Roaming\npm\node_modules\markbind-cli\node_modules\bluebird\js\release\async.js:143:10)
    at Immediate.Async.drainQueues (C:\Users\dcsdcr\AppData\Roaming\npm\node_modules\markbind-cli\node_modules\bluebird\js\release\async.js:17:14)
    at runCallback (timers.js:789:20)
    at tryOnImmediate (timers.js:751:5)
    at processImmediate [as _immediateCallback] (timers.js:722:5)
2018-07-13T09:18:37.957Z - error:  Error: More than one <navigation> tag found in C:\repos\nus-cs2103\website-base\_markbind\navigation\se-book-adapted-sitenav.md
    at Page.insertSiteNav (C:\Users\dcsdcr\AppData\Roaming\npm\node_modules\markbind-cli\lib\Page.js:279:11)
    at markbinder.includeFile.then.then.result (C:\Users\dcsdcr\AppData\Roaming\npm\node_modules\markbind-cli\lib\Page.js:314:28)
    at tryCatcher (C:\Users\dcsdcr\AppData\Roaming\npm\node_modules\markbind-cli\node_modules\bluebird\js\release\util.js:16:23)
    at Promise._settlePromiseFromHandler (C:\Users\dcsdcr\AppData\Roaming\npm\node_modules\markbind-cli\node_modules\bluebird\js\release\promise.js:512:31)
    at Promise._settlePromise (C:\Users\dcsdcr\AppData\Roaming\npm\node_modules\markbind-cli\node_modules\bluebird\js\release\promise.js:569:18)
    at Promise._settlePromise0 (C:\Users\dcsdcr\AppData\Roaming\npm\node_modules\markbind-cli\node_modules\bluebird\js\release\promise.js:614:10)
    at Promise._settlePromises (C:\Users\dcsdcr\AppData\Roaming\npm\node_modules\markbind-cli\node_modules\bluebird\js\release\promise.js:693:18)
    at Async._drainQueue (C:\Users\dcsdcr\AppData\Roaming\npm\node_modules\markbind-cli\node_modules\bluebird\js\release\async.js:133:16)
    at Async._drainQueues (C:\Users\dcsdcr\AppData\Roaming\npm\node_modules\markbind-cli\node_modules\bluebird\js\release\async.js:143:10)
    at Immediate.Async.drainQueues (C:\Users\dcsdcr\AppData\Roaming\npm\node_modules\markbind-cli\node_modules\bluebird\js\release\async.js:17:14)
    at runCallback (timers.js:789:20)
    at tryOnImmediate (timers.js:751:5)
    at processImmediate [as _immediateCallback] (timers.js:722:5)
2018-07-13T09:18:37.957Z - error:  Error: More than one <navigation> tag found in C:\repos\nus-cs2103\website-base\_markbind\navigation\se-book-adapted-sitenav.md
    at Page.insertSiteNav (C:\Users\dcsdcr\AppData\Roaming\npm\node_modules\markbind-cli\lib\Page.js:279:11)
    at markbinder.includeFile.then.then.result (C:\Users\dcsdcr\AppData\Roaming\npm\node_modules\markbind-cli\lib\Page.js:314:28)
    at tryCatcher (C:\Users\dcsdcr\AppData\Roaming\npm\node_modules\markbind-cli\node_modules\bluebird\js\release\util.js:16:23)
    at Promise._settlePromiseFromHandler (C:\Users\dcsdcr\AppData\Roaming\npm\node_modules\markbind-cli\node_modules\bluebird\js\release\promise.js:512:31)
    at Promise._settlePromise (C:\Users\dcsdcr\AppData\Roaming\npm\node_modules\markbind-cli\node_modules\bluebird\js\release\promise.js:569:18)
    at Promise._settlePromise0 (C:\Users\dcsdcr\AppData\Roaming\npm\node_modules\markbind-cli\node_modules\bluebird\js\release\promise.js:614:10)
    at Promise._settlePromises (C:\Users\dcsdcr\AppData\Roaming\npm\node_modules\markbind-cli\node_modules\bluebird\js\release\promise.js:693:18)
    at Async._drainQueue (C:\Users\dcsdcr\AppData\Roaming\npm\node_modules\markbind-cli\node_modules\bluebird\js\release\async.js:133:16)
    at Async._drainQueues (C:\Users\dcsdcr\AppData\Roaming\npm\node_modules\markbind-cli\node_modules\bluebird\js\release\async.js:143:10)
    at Immediate.Async.drainQueues (C:\Users\dcsdcr\AppData\Roaming\npm\node_modules\markbind-cli\node_modules\bluebird\js\release\async.js:17:14)
    at runCallback (timers.js:789:20)
    at tryOnImmediate (timers.js:751:5)
    at processImmediate [as _immediateCallback] (timers.js:722:5)
2018-07-13T09:18:37.957Z - error:  Error: More than one <navigation> tag found in C:\repos\nus-cs2103\website-base\_markbind\navigation\se-book-adapted-sitenav.md
    at Page.insertSiteNav (C:\Users\dcsdcr\AppData\Roaming\npm\node_modules\markbind-cli\lib\Page.js:279:11)
    at markbinder.includeFile.then.then.result (C:\Users\dcsdcr\AppData\Roaming\npm\node_modules\markbind-cli\lib\Page.js:314:28)
    at tryCatcher (C:\Users\dcsdcr\AppData\Roaming\npm\node_modules\markbind-cli\node_modules\bluebird\js\release\util.js:16:23)
    at Promise._settlePromiseFromHandler (C:\Users\dcsdcr\AppData\Roaming\npm\node_modules\markbind-cli\node_modules\bluebird\js\release\promise.js:512:31)
    at Promise._settlePromise (C:\Users\dcsdcr\AppData\Roaming\npm\node_modules\markbind-cli\node_modules\bluebird\js\release\promise.js:569:18)
    at Promise._settlePromise0 (C:\Users\dcsdcr\AppData\Roaming\npm\node_modules\markbind-cli\node_modules\bluebird\js\release\promise.js:614:10)
    at Promise._settlePromises (C:\Users\dcsdcr\AppData\Roaming\npm\node_modules\markbind-cli\node_modules\bluebird\js\release\promise.js:693:18)
    at Async._drainQueue (C:\Users\dcsdcr\AppData\Roaming\npm\node_modules\markbind-cli\node_modules\bluebird\js\release\async.js:133:16)
    at Async._drainQueues (C:\Users\dcsdcr\AppData\Roaming\npm\node_modules\markbind-cli\node_modules\bluebird\js\release\async.js:143:10)
    at Immediate.Async.drainQueues (C:\Users\dcsdcr\AppData\Roaming\npm\node_modules\markbind-cli\node_modules\bluebird\js\release\async.js:17:14)
    at runCallback (timers.js:789:20)
    at tryOnImmediate (timers.js:751:5)
    at processImmediate [as _immediateCallback] (timers.js:722:5)
2018-07-13T09:18:37.957Z - error:  Error: More than one <navigation> tag found in C:\repos\nus-cs2103\website-base\_markbind\navigation\se-book-adapted-sitenav.md
    at Page.insertSiteNav (C:\Users\dcsdcr\AppData\Roaming\npm\node_modules\markbind-cli\lib\Page.js:279:11)
    at markbinder.includeFile.then.then.result (C:\Users\dcsdcr\AppData\Roaming\npm\node_modules\markbind-cli\lib\Page.js:314:28)
    at tryCatcher (C:\Users\dcsdcr\AppData\Roaming\npm\node_modules\markbind-cli\node_modules\bluebird\js\release\util.js:16:23)
    at Promise._settlePromiseFromHandler (C:\Users\dcsdcr\AppData\Roaming\npm\node_modules\markbind-cli\node_modules\bluebird\js\release\promise.js:512:31)
    at Promise._settlePromise (C:\Users\dcsdcr\AppData\Roaming\npm\node_modules\markbind-cli\node_modules\bluebird\js\release\promise.js:569:18)
    at Promise._settlePromise0 (C:\Users\dcsdcr\AppData\Roaming\npm\node_modules\markbind-cli\node_modules\bluebird\js\release\promise.js:614:10)
    at Promise._settlePromises (C:\Users\dcsdcr\AppData\Roaming\npm\node_modules\markbind-cli\node_modules\bluebird\js\release\promise.js:693:18)
    at Async._drainQueue (C:\Users\dcsdcr\AppData\Roaming\npm\node_modules\markbind-cli\node_modules\bluebird\js\release\async.js:133:16)
    at Async._drainQueues (C:\Users\dcsdcr\AppData\Roaming\npm\node_modules\markbind-cli\node_modules\bluebird\js\release\async.js:143:10)
    at Immediate.Async.drainQueues (C:\Users\dcsdcr\AppData\Roaming\npm\node_modules\markbind-cli\node_modules\bluebird\js\release\async.js:17:14)
    at runCallback (timers.js:789:20)
    at tryOnImmediate (timers.js:751:5)
    at processImmediate [as _immediateCallback] (timers.js:722:5)
2018-07-13T09:18:37.957Z - error:  Error: More than one <navigation> tag found in C:\repos\nus-cs2103\website-base\_markbind\navigation\se-book-adapted-sitenav.md
    at Page.insertSiteNav (C:\Users\dcsdcr\AppData\Roaming\npm\node_modules\markbind-cli\lib\Page.js:279:11)
    at markbinder.includeFile.then.then.result (C:\Users\dcsdcr\AppData\Roaming\npm\node_modules\markbind-cli\lib\Page.js:314:28)
    at tryCatcher (C:\Users\dcsdcr\AppData\Roaming\npm\node_modules\markbind-cli\node_modules\bluebird\js\release\util.js:16:23)
    at Promise._settlePromiseFromHandler (C:\Users\dcsdcr\AppData\Roaming\npm\node_modules\markbind-cli\node_modules\bluebird\js\release\promise.js:512:31)
    at Promise._settlePromise (C:\Users\dcsdcr\AppData\Roaming\npm\node_modules\markbind-cli\node_modules\bluebird\js\release\promise.js:569:18)
    at Promise._settlePromise0 (C:\Users\dcsdcr\AppData\Roaming\npm\node_modules\markbind-cli\node_modules\bluebird\js\release\promise.js:614:10)
    at Promise._settlePromises (C:\Users\dcsdcr\AppData\Roaming\npm\node_modules\markbind-cli\node_modules\bluebird\js\release\promise.js:693:18)
    at Async._drainQueue (C:\Users\dcsdcr\AppData\Roaming\npm\node_modules\markbind-cli\node_modules\bluebird\js\release\async.js:133:16)
    at Async._drainQueues (C:\Users\dcsdcr\AppData\Roaming\npm\node_modules\markbind-cli\node_modules\bluebird\js\release\async.js:143:10)
    at Immediate.Async.drainQueues (C:\Users\dcsdcr\AppData\Roaming\npm\node_modules\markbind-cli\node_modules\bluebird\js\release\async.js:17:14)
    at runCallback (timers.js:789:20)
    at tryOnImmediate (timers.js:751:5)
    at processImmediate [as _immediateCallback] (timers.js:722:5)
2018-07-13T09:18:37.957Z - error:  Error: More than one <navigation> tag found in C:\repos\nus-cs2103\website-base\_markbind\navigation\se-book-adapted-sitenav.md
    at Page.insertSiteNav (C:\Users\dcsdcr\AppData\Roaming\npm\node_modules\markbind-cli\lib\Page.js:279:11)
    at markbinder.includeFile.then.then.result (C:\Users\dcsdcr\AppData\Roaming\npm\node_modules\markbind-cli\lib\Page.js:314:28)
    at tryCatcher (C:\Users\dcsdcr\AppData\Roaming\npm\node_modules\markbind-cli\node_modules\bluebird\js\release\util.js:16:23)
    at Promise._settlePromiseFromHandler (C:\Users\dcsdcr\AppData\Roaming\npm\node_modules\markbind-cli\node_modules\bluebird\js\release\promise.js:512:31)
    at Promise._settlePromise (C:\Users\dcsdcr\AppData\Roaming\npm\node_modules\markbind-cli\node_modules\bluebird\js\release\promise.js:569:18)
    at Promise._settlePromise0 (C:\Users\dcsdcr\AppData\Roaming\npm\node_modules\markbind-cli\node_modules\bluebird\js\release\promise.js:614:10)
    at Promise._settlePromises (C:\Users\dcsdcr\AppData\Roaming\npm\node_modules\markbind-cli\node_modules\bluebird\js\release\promise.js:693:18)
    at Async._drainQueue (C:\Users\dcsdcr\AppData\Roaming\npm\node_modules\markbind-cli\node_modules\bluebird\js\release\async.js:133:16)
    at Async._drainQueues (C:\Users\dcsdcr\AppData\Roaming\npm\node_modules\markbind-cli\node_modules\bluebird\js\release\async.js:143:10)
    at Immediate.Async.drainQueues (C:\Users\dcsdcr\AppData\Roaming\npm\node_modules\markbind-cli\node_modules\bluebird\js\release\async.js:17:14)
    at runCallback (timers.js:789:20)
    at tryOnImmediate (timers.js:751:5)
    at processImmediate [as _immediateCallback] (timers.js:722:5)
2018-07-13T09:18:37.957Z - error:  Error: More than one <navigation> tag found in C:\repos\nus-cs2103\website-base\_markbind\navigation\se-book-adapted-sitenav.md
    at Page.insertSiteNav (C:\Users\dcsdcr\AppData\Roaming\npm\node_modules\markbind-cli\lib\Page.js:279:11)
    at markbinder.includeFile.then.then.result (C:\Users\dcsdcr\AppData\Roaming\npm\node_modules\markbind-cli\lib\Page.js:314:28)
    at tryCatcher (C:\Users\dcsdcr\AppData\Roaming\npm\node_modules\markbind-cli\node_modules\bluebird\js\release\util.js:16:23)
    at Promise._settlePromiseFromHandler (C:\Users\dcsdcr\AppData\Roaming\npm\node_modules\markbind-cli\node_modules\bluebird\js\release\promise.js:512:31)
    at Promise._settlePromise (C:\Users\dcsdcr\AppData\Roaming\npm\node_modules\markbind-cli\node_modules\bluebird\js\release\promise.js:569:18)
    at Promise._settlePromise0 (C:\Users\dcsdcr\AppData\Roaming\npm\node_modules\markbind-cli\node_modules\bluebird\js\release\promise.js:614:10)
    at Promise._settlePromises (C:\Users\dcsdcr\AppData\Roaming\npm\node_modules\markbind-cli\node_modules\bluebird\js\release\promise.js:693:18)
    at Async._drainQueue (C:\Users\dcsdcr\AppData\Roaming\npm\node_modules\markbind-cli\node_modules\bluebird\js\release\async.js:133:16)
    at Async._drainQueues (C:\Users\dcsdcr\AppData\Roaming\npm\node_modules\markbind-cli\node_modules\bluebird\js\release\async.js:143:10)
    at Immediate.Async.drainQueues (C:\Users\dcsdcr\AppData\Roaming\npm\node_modules\markbind-cli\node_modules\bluebird\js\release\async.js:17:14)
    at runCallback (timers.js:789:20)
    at tryOnImmediate (timers.js:751:5)
    at processImmediate [as _immediateCallback] (timers.js:722:5)
2018-07-13T09:18:37.957Z - error:  Error: More than one <navigation> tag found in C:\repos\nus-cs2103\website-base\_markbind\navigation\se-book-adapted-sitenav.md
    at Page.insertSiteNav (C:\Users\dcsdcr\AppData\Roaming\npm\node_modules\markbind-cli\lib\Page.js:279:11)
    at markbinder.includeFile.then.then.result (C:\Users\dcsdcr\AppData\Roaming\npm\node_modules\markbind-cli\lib\Page.js:314:28)
    at tryCatcher (C:\Users\dcsdcr\AppData\Roaming\npm\node_modules\markbind-cli\node_modules\bluebird\js\release\util.js:16:23)
    at Promise._settlePromiseFromHandler (C:\Users\dcsdcr\AppData\Roaming\npm\node_modules\markbind-cli\node_modules\bluebird\js\release\promise.js:512:31)
    at Promise._settlePromise (C:\Users\dcsdcr\AppData\Roaming\npm\node_modules\markbind-cli\node_modules\bluebird\js\release\promise.js:569:18)
    at Promise._settlePromise0 (C:\Users\dcsdcr\AppData\Roaming\npm\node_modules\markbind-cli\node_modules\bluebird\js\release\promise.js:614:10)
    at Promise._settlePromises (C:\Users\dcsdcr\AppData\Roaming\npm\node_modules\markbind-cli\node_modules\bluebird\js\release\promise.js:693:18)
    at Async._drainQueue (C:\Users\dcsdcr\AppData\Roaming\npm\node_modules\markbind-cli\node_modules\bluebird\js\release\async.js:133:16)
    at Async._drainQueues (C:\Users\dcsdcr\AppData\Roaming\npm\node_modules\markbind-cli\node_modules\bluebird\js\release\async.js:143:10)
    at Immediate.Async.drainQueues (C:\Users\dcsdcr\AppData\Roaming\npm\node_modules\markbind-cli\node_modules\bluebird\js\release\async.js:17:14)
    at runCallback (timers.js:789:20)
    at tryOnImmediate (timers.js:751:5)
    at processImmediate [as _immediateCallback] (timers.js:722:5)
2018-07-13T09:18:37.957Z - error:  Error: More than one <navigation> tag found in C:\repos\nus-cs2103\website-base\_markbind\navigation\se-book-adapted-sitenav.md
    at Page.insertSiteNav (C:\Users\dcsdcr\AppData\Roaming\npm\node_modules\markbind-cli\lib\Page.js:279:11)
    at markbinder.includeFile.then.then.result (C:\Users\dcsdcr\AppData\Roaming\npm\node_modules\markbind-cli\lib\Page.js:314:28)
    at tryCatcher (C:\Users\dcsdcr\AppData\Roaming\npm\node_modules\markbind-cli\node_modules\bluebird\js\release\util.js:16:23)
    at Promise._settlePromiseFromHandler (C:\Users\dcsdcr\AppData\Roaming\npm\node_modules\markbind-cli\node_modules\bluebird\js\release\promise.js:512:31)
    at Promise._settlePromise (C:\Users\dcsdcr\AppData\Roaming\npm\node_modules\markbind-cli\node_modules\bluebird\js\release\promise.js:569:18)
    at Promise._settlePromise0 (C:\Users\dcsdcr\AppData\Roaming\npm\node_modules\markbind-cli\node_modules\bluebird\js\release\promise.js:614:10)
    at Promise._settlePromises (C:\Users\dcsdcr\AppData\Roaming\npm\node_modules\markbind-cli\node_modules\bluebird\js\release\promise.js:693:18)
    at Async._drainQueue (C:\Users\dcsdcr\AppData\Roaming\npm\node_modules\markbind-cli\node_modules\bluebird\js\release\async.js:133:16)
    at Async._drainQueues (C:\Users\dcsdcr\AppData\Roaming\npm\node_modules\markbind-cli\node_modules\bluebird\js\release\async.js:143:10)
    at Immediate.Async.drainQueues (C:\Users\dcsdcr\AppData\Roaming\npm\node_modules\markbind-cli\node_modules\bluebird\js\release\async.js:17:14)
    at runCallback (timers.js:789:20)
    at tryOnImmediate (timers.js:751:5)
    at processImmediate [as _immediateCallback] (timers.js:722:5)
2018-07-13T09:18:37.957Z - error:  Error: More than one <navigation> tag found in C:\repos\nus-cs2103\website-base\_markbind\navigation\se-book-adapted-sitenav.md
    at Page.insertSiteNav (C:\Users\dcsdcr\AppData\Roaming\npm\node_modules\markbind-cli\lib\Page.js:279:11)
    at markbinder.includeFile.then.then.result (C:\Users\dcsdcr\AppData\Roaming\npm\node_modules\markbind-cli\lib\Page.js:314:28)
    at tryCatcher (C:\Users\dcsdcr\AppData\Roaming\npm\node_modules\markbind-cli\node_modules\bluebird\js\release\util.js:16:23)
    at Promise._settlePromiseFromHandler (C:\Users\dcsdcr\AppData\Roaming\npm\node_modules\markbind-cli\node_modules\bluebird\js\release\promise.js:512:31)
    at Promise._settlePromise (C:\Users\dcsdcr\AppData\Roaming\npm\node_modules\markbind-cli\node_modules\bluebird\js\release\promise.js:569:18)
    at Promise._settlePromise0 (C:\Users\dcsdcr\AppData\Roaming\npm\node_modules\markbind-cli\node_modules\bluebird\js\release\promise.js:614:10)
    at Promise._settlePromises (C:\Users\dcsdcr\AppData\Roaming\npm\node_modules\markbind-cli\node_modules\bluebird\js\release\promise.js:693:18)
    at Async._drainQueue (C:\Users\dcsdcr\AppData\Roaming\npm\node_modules\markbind-cli\node_modules\bluebird\js\release\async.js:133:16)
    at Async._drainQueues (C:\Users\dcsdcr\AppData\Roaming\npm\node_modules\markbind-cli\node_modules\bluebird\js\release\async.js:143:10)
    at Immediate.Async.drainQueues (C:\Users\dcsdcr\AppData\Roaming\npm\node_modules\markbind-cli\node_modules\bluebird\js\release\async.js:17:14)
    at runCallback (timers.js:789:20)
    at tryOnImmediate (timers.js:751:5)
    at processImmediate [as _immediateCallback] (timers.js:722:5)
2018-07-13T09:18:37.957Z - error:  Error: More than one <navigation> tag found in C:\repos\nus-cs2103\website-base\_markbind\navigation\se-book-adapted-sitenav.md
    at Page.insertSiteNav (C:\Users\dcsdcr\AppData\Roaming\npm\node_modules\markbind-cli\lib\Page.js:279:11)
    at markbinder.includeFile.then.then.result (C:\Users\dcsdcr\AppData\Roaming\npm\node_modules\markbind-cli\lib\Page.js:314:28)
    at tryCatcher (C:\Users\dcsdcr\AppData\Roaming\npm\node_modules\markbind-cli\node_modules\bluebird\js\release\util.js:16:23)
    at Promise._settlePromiseFromHandler (C:\Users\dcsdcr\AppData\Roaming\npm\node_modules\markbind-cli\node_modules\bluebird\js\release\promise.js:512:31)
    at Promise._settlePromise (C:\Users\dcsdcr\AppData\Roaming\npm\node_modules\markbind-cli\node_modules\bluebird\js\release\promise.js:569:18)
    at Promise._settlePromise0 (C:\Users\dcsdcr\AppData\Roaming\npm\node_modules\markbind-cli\node_modules\bluebird\js\release\promise.js:614:10)
    at Promise._settlePromises (C:\Users\dcsdcr\AppData\Roaming\npm\node_modules\markbind-cli\node_modules\bluebird\js\release\promise.js:693:18)
    at Async._drainQueue (C:\Users\dcsdcr\AppData\Roaming\npm\node_modules\markbind-cli\node_modules\bluebird\js\release\async.js:133:16)
    at Async._drainQueues (C:\Users\dcsdcr\AppData\Roaming\npm\node_modules\markbind-cli\node_modules\bluebird\js\release\async.js:143:10)
    at Immediate.Async.drainQueues (C:\Users\dcsdcr\AppData\Roaming\npm\node_modules\markbind-cli\node_modules\bluebird\js\release\async.js:17:14)
    at runCallback (timers.js:789:20)
    at tryOnImmediate (timers.js:751:5)
    at processImmediate [as _immediateCallback] (timers.js:722:5)
2018-07-13T09:18:37.957Z - error:  Error: More than one <navigation> tag found in C:\repos\nus-cs2103\website-base\_markbind\navigation\se-book-adapted-sitenav.md
    at Page.insertSiteNav (C:\Users\dcsdcr\AppData\Roaming\npm\node_modules\markbind-cli\lib\Page.js:279:11)
    at markbinder.includeFile.then.then.result (C:\Users\dcsdcr\AppData\Roaming\npm\node_modules\markbind-cli\lib\Page.js:314:28)
    at tryCatcher (C:\Users\dcsdcr\AppData\Roaming\npm\node_modules\markbind-cli\node_modules\bluebird\js\release\util.js:16:23)
    at Promise._settlePromiseFromHandler (C:\Users\dcsdcr\AppData\Roaming\npm\node_modules\markbind-cli\node_modules\bluebird\js\release\promise.js:512:31)
    at Promise._settlePromise (C:\Users\dcsdcr\AppData\Roaming\npm\node_modules\markbind-cli\node_modules\bluebird\js\release\promise.js:569:18)
    at Promise._settlePromise0 (C:\Users\dcsdcr\AppData\Roaming\npm\node_modules\markbind-cli\node_modules\bluebird\js\release\promise.js:614:10)
    at Promise._settlePromises (C:\Users\dcsdcr\AppData\Roaming\npm\node_modules\markbind-cli\node_modules\bluebird\js\release\promise.js:693:18)
    at Async._drainQueue (C:\Users\dcsdcr\AppData\Roaming\npm\node_modules\markbind-cli\node_modules\bluebird\js\release\async.js:133:16)
    at Async._drainQueues (C:\Users\dcsdcr\AppData\Roaming\npm\node_modules\markbind-cli\node_modules\bluebird\js\release\async.js:143:10)
    at Immediate.Async.drainQueues (C:\Users\dcsdcr\AppData\Roaming\npm\node_modules\markbind-cli\node_modules\bluebird\js\release\async.js:17:14)
    at runCallback (timers.js:789:20)
    at tryOnImmediate (timers.js:751:5)
    at processImmediate [as _immediateCallback] (timers.js:722:5)
2018-07-13T09:18:37.957Z - error:  Error: More than one <navigation> tag found in C:\repos\nus-cs2103\website-base\_markbind\navigation\se-book-adapted-sitenav.md
    at Page.insertSiteNav (C:\Users\dcsdcr\AppData\Roaming\npm\node_modules\markbind-cli\lib\Page.js:279:11)
    at markbinder.includeFile.then.then.result (C:\Users\dcsdcr\AppData\Roaming\npm\node_modules\markbind-cli\lib\Page.js:314:28)
    at tryCatcher (C:\Users\dcsdcr\AppData\Roaming\npm\node_modules\markbind-cli\node_modules\bluebird\js\release\util.js:16:23)
    at Promise._settlePromiseFromHandler (C:\Users\dcsdcr\AppData\Roaming\npm\node_modules\markbind-cli\node_modules\bluebird\js\release\promise.js:512:31)
    at Promise._settlePromise (C:\Users\dcsdcr\AppData\Roaming\npm\node_modules\markbind-cli\node_modules\bluebird\js\release\promise.js:569:18)
    at Promise._settlePromise0 (C:\Users\dcsdcr\AppData\Roaming\npm\node_modules\markbind-cli\node_modules\bluebird\js\release\promise.js:614:10)
    at Promise._settlePromises (C:\Users\dcsdcr\AppData\Roaming\npm\node_modules\markbind-cli\node_modules\bluebird\js\release\promise.js:693:18)
    at Async._drainQueue (C:\Users\dcsdcr\AppData\Roaming\npm\node_modules\markbind-cli\node_modules\bluebird\js\release\async.js:133:16)
    at Async._drainQueues (C:\Users\dcsdcr\AppData\Roaming\npm\node_modules\markbind-cli\node_modules\bluebird\js\release\async.js:143:10)
    at Immediate.Async.drainQueues (C:\Users\dcsdcr\AppData\Roaming\npm\node_modules\markbind-cli\node_modules\bluebird\js\release\async.js:17:14)
    at runCallback (timers.js:789:20)
    at tryOnImmediate (timers.js:751:5)
    at processImmediate [as _immediateCallback] (timers.js:722:5)
2018-07-13T09:18:37.957Z - error:  Error: More than one <navigation> tag found in C:\repos\nus-cs2103\website-base\_markbind\navigation\se-book-adapted-sitenav.md
    at Page.insertSiteNav (C:\Users\dcsdcr\AppData\Roaming\npm\node_modules\markbind-cli\lib\Page.js:279:11)
    at markbinder.includeFile.then.then.result (C:\Users\dcsdcr\AppData\Roaming\npm\node_modules\markbind-cli\lib\Page.js:314:28)
    at tryCatcher (C:\Users\dcsdcr\AppData\Roaming\npm\node_modules\markbind-cli\node_modules\bluebird\js\release\util.js:16:23)
    at Promise._settlePromiseFromHandler (C:\Users\dcsdcr\AppData\Roaming\npm\node_modules\markbind-cli\node_modules\bluebird\js\release\promise.js:512:31)
    at Promise._settlePromise (C:\Users\dcsdcr\AppData\Roaming\npm\node_modules\markbind-cli\node_modules\bluebird\js\release\promise.js:569:18)
    at Promise._settlePromise0 (C:\Users\dcsdcr\AppData\Roaming\npm\node_modules\markbind-cli\node_modules\bluebird\js\release\promise.js:614:10)
    at Promise._settlePromises (C:\Users\dcsdcr\AppData\Roaming\npm\node_modules\markbind-cli\node_modules\bluebird\js\release\promise.js:693:18)
    at Async._drainQueue (C:\Users\dcsdcr\AppData\Roaming\npm\node_modules\markbind-cli\node_modules\bluebird\js\release\async.js:133:16)
    at Async._drainQueues (C:\Users\dcsdcr\AppData\Roaming\npm\node_modules\markbind-cli\node_modules\bluebird\js\release\async.js:143:10)
    at Immediate.Async.drainQueues (C:\Users\dcsdcr\AppData\Roaming\npm\node_modules\markbind-cli\node_modules\bluebird\js\release\async.js:17:14)
    at runCallback (timers.js:789:20)
    at tryOnImmediate (timers.js:751:5)
    at processImmediate [as _immediateCallback] (timers.js:722:5)
2018-07-13T09:18:37.957Z - error:  Error: More than one <navigation> tag found in C:\repos\nus-cs2103\website-base\_markbind\navigation\se-book-adapted-sitenav.md
    at Page.insertSiteNav (C:\Users\dcsdcr\AppData\Roaming\npm\node_modules\markbind-cli\lib\Page.js:279:11)
    at markbinder.includeFile.then.then.result (C:\Users\dcsdcr\AppData\Roaming\npm\node_modules\markbind-cli\lib\Page.js:314:28)
    at tryCatcher (C:\Users\dcsdcr\AppData\Roaming\npm\node_modules\markbind-cli\node_modules\bluebird\js\release\util.js:16:23)
    at Promise._settlePromiseFromHandler (C:\Users\dcsdcr\AppData\Roaming\npm\node_modules\markbind-cli\node_modules\bluebird\js\release\promise.js:512:31)
    at Promise._settlePromise (C:\Users\dcsdcr\AppData\Roaming\npm\node_modules\markbind-cli\node_modules\bluebird\js\release\promise.js:569:18)
    at Promise._settlePromise0 (C:\Users\dcsdcr\AppData\Roaming\npm\node_modules\markbind-cli\node_modules\bluebird\js\release\promise.js:614:10)
    at Promise._settlePromises (C:\Users\dcsdcr\AppData\Roaming\npm\node_modules\markbind-cli\node_modules\bluebird\js\release\promise.js:693:18)
    at Async._drainQueue (C:\Users\dcsdcr\AppData\Roaming\npm\node_modules\markbind-cli\node_modules\bluebird\js\release\async.js:133:16)
    at Async._drainQueues (C:\Users\dcsdcr\AppData\Roaming\npm\node_modules\markbind-cli\node_modules\bluebird\js\release\async.js:143:10)
    at Immediate.Async.drainQueues (C:\Users\dcsdcr\AppData\Roaming\npm\node_modules\markbind-cli\node_modules\bluebird\js\release\async.js:17:14)
    at runCallback (timers.js:789:20)
    at tryOnImmediate (timers.js:751:5)
    at processImmediate [as _immediateCallback] (timers.js:722:5)
2018-07-13T09:18:37.957Z - error:  Error: More than one <navigation> tag found in C:\repos\nus-cs2103\website-base\_markbind\navigation\se-book-adapted-sitenav.md
    at Page.insertSiteNav (C:\Users\dcsdcr\AppData\Roaming\npm\node_modules\markbind-cli\lib\Page.js:279:11)
    at markbinder.includeFile.then.then.result (C:\Users\dcsdcr\AppData\Roaming\npm\node_modules\markbind-cli\lib\Page.js:314:28)
    at tryCatcher (C:\Users\dcsdcr\AppData\Roaming\npm\node_modules\markbind-cli\node_modules\bluebird\js\release\util.js:16:23)
    at Promise._settlePromiseFromHandler (C:\Users\dcsdcr\AppData\Roaming\npm\node_modules\markbind-cli\node_modules\bluebird\js\release\promise.js:512:31)
    at Promise._settlePromise (C:\Users\dcsdcr\AppData\Roaming\npm\node_modules\markbind-cli\node_modules\bluebird\js\release\promise.js:569:18)
    at Promise._settlePromise0 (C:\Users\dcsdcr\AppData\Roaming\npm\node_modules\markbind-cli\node_modules\bluebird\js\release\promise.js:614:10)
    at Promise._settlePromises (C:\Users\dcsdcr\AppData\Roaming\npm\node_modules\markbind-cli\node_modules\bluebird\js\release\promise.js:693:18)
    at Async._drainQueue (C:\Users\dcsdcr\AppData\Roaming\npm\node_modules\markbind-cli\node_modules\bluebird\js\release\async.js:133:16)
    at Async._drainQueues (C:\Users\dcsdcr\AppData\Roaming\npm\node_modules\markbind-cli\node_modules\bluebird\js\release\async.js:143:10)
    at Immediate.Async.drainQueues (C:\Users\dcsdcr\AppData\Roaming\npm\node_modules\markbind-cli\node_modules\bluebird\js\release\async.js:17:14)
    at runCallback (timers.js:789:20)
    at tryOnImmediate (timers.js:751:5)
    at processImmediate [as _immediateCallback] (timers.js:722:5)
2018-07-13T09:18:37.957Z - error:  Error: More than one <navigation> tag found in C:\repos\nus-cs2103\website-base\_markbind\navigation\se-book-adapted-sitenav.md
    at Page.insertSiteNav (C:\Users\dcsdcr\AppData\Roaming\npm\node_modules\markbind-cli\lib\Page.js:279:11)
    at markbinder.includeFile.then.then.result (C:\Users\dcsdcr\AppData\Roaming\npm\node_modules\markbind-cli\lib\Page.js:314:28)
    at tryCatcher (C:\Users\dcsdcr\AppData\Roaming\npm\node_modules\markbind-cli\node_modules\bluebird\js\release\util.js:16:23)
    at Promise._settlePromiseFromHandler (C:\Users\dcsdcr\AppData\Roaming\npm\node_modules\markbind-cli\node_modules\bluebird\js\release\promise.js:512:31)
    at Promise._settlePromise (C:\Users\dcsdcr\AppData\Roaming\npm\node_modules\markbind-cli\node_modules\bluebird\js\release\promise.js:569:18)
    at Promise._settlePromise0 (C:\Users\dcsdcr\AppData\Roaming\npm\node_modules\markbind-cli\node_modules\bluebird\js\release\promise.js:614:10)
    at Promise._settlePromises (C:\Users\dcsdcr\AppData\Roaming\npm\node_modules\markbind-cli\node_modules\bluebird\js\release\promise.js:693:18)
    at Async._drainQueue (C:\Users\dcsdcr\AppData\Roaming\npm\node_modules\markbind-cli\node_modules\bluebird\js\release\async.js:133:16)
    at Async._drainQueues (C:\Users\dcsdcr\AppData\Roaming\npm\node_modules\markbind-cli\node_modules\bluebird\js\release\async.js:143:10)
    at Immediate.Async.drainQueues (C:\Users\dcsdcr\AppData\Roaming\npm\node_modules\markbind-cli\node_modules\bluebird\js\release\async.js:17:14)
    at runCallback (timers.js:789:20)
    at tryOnImmediate (timers.js:751:5)
    at processImmediate [as _immediateCallback] (timers.js:722:5)
2018-07-13T09:18:37.957Z - warn:  Error: Error while generating C:\repos\nus-cs2103\website-base\se-book-adapted\chapters\codeQuality.md
    at processingFiles.push.page.generate.catch (C:\Users\dcsdcr\AppData\Roaming\npm\node_modules\markbind-cli\lib\Site.js:520:31)
    at tryCatcher (C:\Users\dcsdcr\AppData\Roaming\npm\node_modules\markbind-cli\node_modules\bluebird\js\release\util.js:16:23)
    at Promise._settlePromiseFromHandler (C:\Users\dcsdcr\AppData\Roaming\npm\node_modules\markbind-cli\node_modules\bluebird\js\release\promise.js:512:31)
    at Promise._settlePromise (C:\Users\dcsdcr\AppData\Roaming\npm\node_modules\markbind-cli\node_modules\bluebird\js\release\promise.js:569:18)
    at Promise._settlePromise0 (C:\Users\dcsdcr\AppData\Roaming\npm\node_modules\markbind-cli\node_modules\bluebird\js\release\promise.js:614:10)
    at Promise._settlePromises (C:\Users\dcsdcr\AppData\Roaming\npm\node_modules\markbind-cli\node_modules\bluebird\js\release\promise.js:689:18)
    at Async._drainQueue (C:\Users\dcsdcr\AppData\Roaming\npm\node_modules\markbind-cli\node_modules\bluebird\js\release\async.js:133:16)
    at Async._drainQueues (C:\Users\dcsdcr\AppData\Roaming\npm\node_modules\markbind-cli\node_modules\bluebird\js\release\async.js:143:10)
    at Immediate.Async.drainQueues (C:\Users\dcsdcr\AppData\Roaming\npm\node_modules\markbind-cli\node_modules\bluebird\js\release\async.js:17:14)
    at runCallback (timers.js:789:20)
    at tryOnImmediate (timers.js:751:5)
    at processImmediate [as _immediateCallback] (timers.js:722:5)
2018-07-13T09:18:58.287Z - warn:  Error: Error while generating C:\repos\nus-cs2103\website-base\se-book-adapted\chapters\codeQuality.md
    at processingFiles.push.page.generate.catch (C:\Users\dcsdcr\AppData\Roaming\npm\node_modules\markbind-cli\lib\Site.js:520:31)
    at tryCatcher (C:\Users\dcsdcr\AppData\Roaming\npm\node_modules\markbind-cli\node_modules\bluebird\js\release\util.js:16:23)
    at Promise._settlePromiseFromHandler (C:\Users\dcsdcr\AppData\Roaming\npm\node_modules\markbind-cli\node_modules\bluebird\js\release\promise.js:512:31)
    at Promise._settlePromise (C:\Users\dcsdcr\AppData\Roaming\npm\node_modules\markbind-cli\node_modules\bluebird\js\release\promise.js:569:18)
    at Promise._settlePromise0 (C:\Users\dcsdcr\AppData\Roaming\npm\node_modules\markbind-cli\node_modules\bluebird\js\release\promise.js:614:10)
    at Promise._settlePromises (C:\Users\dcsdcr\AppData\Roaming\npm\node_modules\markbind-cli\node_modules\bluebird\js\release\promise.js:689:18)
    at Async._drainQueue (C:\Users\dcsdcr\AppData\Roaming\npm\node_modules\markbind-cli\node_modules\bluebird\js\release\async.js:133:16)
    at Async._drainQueues (C:\Users\dcsdcr\AppData\Roaming\npm\node_modules\markbind-cli\node_modules\bluebird\js\release\async.js:143:10)
    at Immediate.Async.drainQueues (C:\Users\dcsdcr\AppData\Roaming\npm\node_modules\markbind-cli\node_modules\bluebird\js\release\async.js:17:14)
    at runCallback (timers.js:789:20)
    at tryOnImmediate (timers.js:751:5)
    at processImmediate [as _immediateCallback] (timers.js:722:5)
2018-07-13T09:18:58.287Z - info: Generate Site durationMs=109237
2018-07-13T09:18:58.287Z - error: Error while generating C:\repos\nus-cs2103\website-base\se-book-adapted\chapters\codeQuality.md
2018-07-13T09:21:47.184Z - info: Pages built
2018-07-13T09:21:47.342Z - info: Site data built
2018-07-13T09:21:47.351Z - info: Generate Site durationMs=52591
2018-07-13T09:21:56.979Z - info: Serving "C:\repos\nus-cs2103\website-base\_site" at http://127.0.0.1:8080
2018-07-13T09:21:56.979Z - info: Press CTRL+C to stop ...
2018-07-13T09:26:43.246Z - info: Reload for file change: C:\repos\nus-cs2103\website-base\common\header.md
2018-07-13T09:26:44.249Z - verbose: Rebuild affected paths: C:\repos\nus-cs2103\website-base\common\header.md
2018-07-13T09:26:44.280Z - info: Rebuilding 86 pages
2018-07-13T09:27:13.377Z - info: Pages rebuilt
2018-07-13T09:27:13.391Z - info: Site data built
2018-07-13T09:29:17.038Z - info: Reload for file change: C:\repos\nus-cs2103\website-base\common\header.md
2018-07-13T09:29:18.039Z - verbose: Rebuild affected paths: C:\repos\nus-cs2103\website-base\common\header.md
2018-07-13T09:29:18.065Z - info: Rebuilding 86 pages
2018-07-13T09:29:47.154Z - info: Pages rebuilt
2018-07-13T09:29:47.167Z - info: Site data built
2018-07-13T09:31:35.336Z - info: Reload for file change: C:\repos\nus-cs2103\website-base\common\header.md
2018-07-13T09:31:36.338Z - verbose: Rebuild affected paths: C:\repos\nus-cs2103\website-base\common\header.md
2018-07-13T09:31:36.360Z - info: Rebuilding 86 pages
2018-07-13T09:32:06.273Z - info: Pages rebuilt
2018-07-13T09:32:06.311Z - info: Site data built
2018-07-13T09:35:02.450Z - info: Reload for file change: C:\repos\nus-cs2103\website-base\common\header.md
2018-07-13T09:35:03.453Z - verbose: Rebuild affected paths: C:\repos\nus-cs2103\website-base\common\header.md
2018-07-13T09:35:03.480Z - info: Rebuilding 86 pages
2018-07-13T09:35:34.323Z - info: Pages rebuilt
2018-07-13T09:35:34.340Z - info: Site data built
2018-07-13T09:48:08.123Z - info: Reload for file change: C:\repos\nus-cs2103\website-base\common\header.md
2018-07-13T09:48:09.124Z - verbose: Rebuild affected paths: C:\repos\nus-cs2103\website-base\common\header.md
2018-07-13T09:48:09.149Z - info: Rebuilding 86 pages
2018-07-13T09:48:41.179Z - info: Pages rebuilt
2018-07-13T09:48:41.190Z - info: Site data built
2018-07-13T09:48:54.946Z - info: Reload for file change: C:\repos\nus-cs2103\website-base\common\header.md
2018-07-13T09:48:55.947Z - verbose: Rebuild affected paths: C:\repos\nus-cs2103\website-base\common\header.md
2018-07-13T09:48:55.966Z - info: Rebuilding 86 pages
2018-07-13T09:49:26.103Z - info: Pages rebuilt
2018-07-13T09:49:26.129Z - info: Site data built
2018-07-13T09:49:42.366Z - info: Reload for file change: C:\repos\nus-cs2103\website-base\common\header.md
2018-07-13T09:49:43.367Z - verbose: Rebuild affected paths: C:\repos\nus-cs2103\website-base\common\header.md
2018-07-13T09:49:43.386Z - info: Rebuilding 86 pages
2018-07-13T09:50:13.615Z - info: Pages rebuilt
2018-07-13T09:50:13.623Z - info: Site data built
2018-07-13T09:53:55.674Z - info: Reload for file change: C:\repos\nus-cs2103\website-base\_markbind\variables.md
2018-07-13T09:53:56.678Z - verbose: Rebuild affected paths: C:\repos\nus-cs2103\website-base\_markbind\variables.md
2018-07-13T09:53:56.679Z - info: Rebuilding 0 pages
2018-07-13T09:53:56.679Z - info: Pages rebuilt
2018-07-13T09:53:56.689Z - info: Site data built
2018-07-13T09:55:10.395Z - info: Pages built
2018-07-13T09:55:10.550Z - info: Site data built
2018-07-13T09:55:10.559Z - info: Generate Site durationMs=51069
2018-07-13T09:55:10.880Z - info: Serving "C:\repos\nus-cs2103\website-base\_site" at http://127.0.0.1:8080
2018-07-13T09:55:10.880Z - info: Press CTRL+C to stop ...
2018-07-13T09:59:00.435Z - info: Reload for file change: C:\repos\nus-cs2103\website-base\_markbind\variables.md
2018-07-13T09:59:01.440Z - verbose: Rebuild affected paths: C:\repos\nus-cs2103\website-base\_markbind\variables.md
2018-07-13T09:59:01.441Z - info: Rebuilding 0 pages
2018-07-13T09:59:01.442Z - info: Pages rebuilt
2018-07-13T09:59:01.461Z - info: Site data built
2018-07-13T10:00:08.149Z - info: Pages built
2018-07-13T10:00:08.303Z - info: Site data built
2018-07-13T10:00:08.314Z - info: Generate Site durationMs=53689
2018-07-13T10:00:08.641Z - info: Serving "C:\repos\nus-cs2103\website-base\_site" at http://127.0.0.1:8080
2018-07-13T10:00:08.641Z - info: Press CTRL+C to stop ...
2018-07-13T10:02:14.556Z - info: Reload for file change: C:\repos\nus-cs2103\website-base\_markbind\variables.md
2018-07-13T10:02:15.560Z - verbose: Rebuild affected paths: C:\repos\nus-cs2103\website-base\_markbind\variables.md
2018-07-13T10:02:15.561Z - info: Rebuilding 0 pages
2018-07-13T10:02:15.561Z - info: Pages rebuilt
2018-07-13T10:02:15.581Z - info: Site data built
2018-07-13T10:04:08.987Z - info: Reload for file change: C:\repos\nus-cs2103\website-base\_markbind\variables.md
2018-07-13T10:04:09.991Z - verbose: Rebuild affected paths: C:\repos\nus-cs2103\website-base\_markbind\variables.md
2018-07-13T10:04:09.991Z - info: Rebuilding 0 pages
2018-07-13T10:04:09.992Z - info: Pages rebuilt
2018-07-13T10:04:10.002Z - info: Site data built
2018-07-13T10:04:16.226Z - info: Reload for file change: C:\repos\nus-cs2103\website-base\_markbind\variables.md
2018-07-13T10:04:17.226Z - verbose: Rebuild affected paths: C:\repos\nus-cs2103\website-base\_markbind\variables.md
2018-07-13T10:04:17.226Z - info: Rebuilding 0 pages
2018-07-13T10:04:17.226Z - info: Pages rebuilt
2018-07-13T10:04:17.237Z - info: Site data built
2018-07-13T10:05:23.674Z - info: Pages built
2018-07-13T10:05:23.828Z - info: Site data built
2018-07-13T10:05:23.838Z - info: Generate Site durationMs=52458
2018-07-13T10:05:24.157Z - info: Serving "C:\repos\nus-cs2103\website-base\_site" at http://127.0.0.1:8080
2018-07-13T10:05:24.157Z - info: Press CTRL+C to stop ...
2018-07-13T10:06:05.073Z - info: Reload for file change: C:\repos\nus-cs2103\website-base\_markbind\variables.md
2018-07-13T10:06:06.075Z - verbose: Rebuild affected paths: C:\repos\nus-cs2103\website-base\_markbind\variables.md
2018-07-13T10:06:06.076Z - info: Rebuilding 0 pages
2018-07-13T10:06:06.077Z - info: Pages rebuilt
2018-07-13T10:06:06.094Z - info: Site data built
2018-07-13T10:07:25.457Z - info: Pages built
2018-07-13T10:07:25.613Z - info: Site data built
2018-07-13T10:07:25.622Z - info: Generate Site durationMs=56622
2018-07-13T10:07:25.942Z - info: Serving "C:\repos\nus-cs2103\website-base\_site" at http://127.0.0.1:8080
2018-07-13T10:07:25.942Z - info: Press CTRL+C to stop ...
2018-07-13T10:15:28.947Z - info: Reload for file change: C:\repos\nus-cs2103\website-base\_markbind\variables.md
2018-07-13T10:15:29.950Z - verbose: Rebuild affected paths: C:\repos\nus-cs2103\website-base\_markbind\variables.md
2018-07-13T10:15:29.951Z - info: Rebuilding 0 pages
2018-07-13T10:15:29.952Z - info: Pages rebuilt
2018-07-13T10:15:29.968Z - info: Site data built
2018-07-13T10:21:00.890Z - info: Pages built
2018-07-13T10:21:01.056Z - info: Site data built
2018-07-13T10:21:01.067Z - info: Generate Site durationMs=68372
2018-07-13T10:21:01.494Z - info: Serving "C:\repos\nus-cs2103\website-base\_site" at http://127.0.0.1:8080
2018-07-13T10:21:01.494Z - info: Press CTRL+C to stop ...
2018-07-13T10:25:10.530Z - info: Reload for file change: C:\repos\nus-cs2103\website-base\se-book-adapted\chapters\chapter.njk
2018-07-13T10:25:11.568Z - info: Assets built
2018-07-13T10:28:35.240Z - info: Reload for file change: C:\repos\nus-cs2103\website-base\se-book-adapted\chapters\chapter.njk
2018-07-13T10:28:36.255Z - info: Assets built
2018-07-13T10:29:21.509Z - info: Reload for file change: C:\repos\nus-cs2103\website-base\se-book-adapted\chapters\chapter.njk
2018-07-13T10:30:28.806Z - info: Pages built
2018-07-13T10:30:28.968Z - info: Site data built
2018-07-13T10:30:28.968Z - info: Generate Site durationMs=55257
2018-07-13T10:30:29.301Z - info: Serving "C:\repos\nus-cs2103\website-base\_site" at http://127.0.0.1:8080
2018-07-13T10:30:29.301Z - info: Press CTRL+C to stop ...
2018-07-13T10:34:37.045Z - info: Pages built
2018-07-13T10:34:37.192Z - info: Site data built
2018-07-13T10:34:37.207Z - info: Generate Site durationMs=56038
2018-07-13T10:34:37.525Z - info: Serving "C:\repos\nus-cs2103\website-base\_site" at http://127.0.0.1:8080
2018-07-13T10:34:37.525Z - info: Press CTRL+C to stop ...
2018-07-13T10:39:40.604Z - info: Reload for file change: C:\repos\nus-cs2103\website-base\book\oop\introduction\text.md
2018-07-13T10:39:41.611Z - verbose: Rebuild affected paths: C:\repos\nus-cs2103\website-base\book\oop\introduction\text.md
2018-07-13T10:39:41.614Z - info: Rebuilding 3 pages
2018-07-13T10:39:46.938Z - info: Pages rebuilt
2018-07-13T10:39:46.952Z - info: Site data built
2018-07-13T10:40:07.597Z - info: Reload for file change: C:\repos\nus-cs2103\website-base\book\oop\introduction\text.md
2018-07-13T10:40:08.599Z - verbose: Rebuild affected paths: C:\repos\nus-cs2103\website-base\book\oop\introduction\text.md
2018-07-13T10:40:08.599Z - info: Rebuilding 3 pages
2018-07-13T10:40:13.506Z - info: Pages rebuilt
2018-07-13T10:40:13.521Z - info: Site data built
2018-07-13T10:40:41.137Z - info: Reload for file change: C:\repos\nus-cs2103\website-base\book\oop\introduction\text.md
2018-07-13T10:40:42.139Z - verbose: Rebuild affected paths: C:\repos\nus-cs2103\website-base\book\oop\introduction\text.md
2018-07-13T10:40:42.140Z - info: Rebuilding 3 pages
2018-07-13T10:40:46.944Z - info: Pages rebuilt
2018-07-13T10:40:46.958Z - info: Site data built
2018-07-13T10:40:57.425Z - info: Reload for file change: C:\repos\nus-cs2103\website-base\book\oop\introduction\text.md
2018-07-13T10:40:58.444Z - verbose: Rebuild affected paths: C:\repos\nus-cs2103\website-base\book\oop\introduction\text.md
2018-07-13T10:40:58.444Z - info: Rebuilding 3 pages
2018-07-13T10:41:03.024Z - info: Pages rebuilt
2018-07-13T10:41:03.038Z - info: Site data built
2018-07-13T10:42:34.775Z - info: Reload for file change: C:\repos\nus-cs2103\website-base\css\schedule.css
2018-07-13T10:42:35.800Z - info: Assets built
2018-07-13T10:43:46.134Z - info: Reload for file change: C:\repos\nus-cs2103\website-base\css\schedule.css
2018-07-13T10:43:47.160Z - info: Assets built
2018-07-13T10:47:45.238Z - info: Reload for file change: C:\repos\nus-cs2103\website-base\book\oop\introduction\text.md
2018-07-13T10:47:46.266Z - verbose: Rebuild affected paths: C:\repos\nus-cs2103\website-base\book\oop\introduction\text.md
2018-07-13T10:47:46.266Z - info: Rebuilding 3 pages
2018-07-13T10:47:51.466Z - info: Pages rebuilt
2018-07-13T10:47:51.479Z - info: Site data built
2018-07-13T10:48:06.607Z - info: Reload for file change: C:\repos\nus-cs2103\website-base\book\oop\introduction\text.md
2018-07-13T10:48:07.625Z - verbose: Rebuild affected paths: C:\repos\nus-cs2103\website-base\book\oop\introduction\text.md
2018-07-13T10:48:07.626Z - info: Rebuilding 3 pages
2018-07-13T10:48:12.139Z - info: Pages rebuilt
2018-07-13T10:48:12.150Z - info: Site data built
2018-07-13T10:49:28.129Z - info: Reload for file change: C:\repos\nus-cs2103\website-base\book\_markbind\variables.md
2018-07-13T10:49:29.145Z - verbose: Rebuild affected paths: C:\repos\nus-cs2103\website-base\book\_markbind\variables.md
2018-07-13T10:49:29.145Z - info: Rebuilding 0 pages
2018-07-13T10:49:29.145Z - info: Pages rebuilt
2018-07-13T10:49:29.160Z - info: Site data built
2018-07-13T10:51:39.045Z - info: Reload for file change: C:\repos\nus-cs2103\website-base\book\uml\classDiagrams\classes\what\exercises.md
2018-07-13T10:51:39.070Z - info: Reload for file change: C:\repos\nus-cs2103\website-base\book\processModels\introduction\agileModels\exercises.md
2018-07-13T10:51:39.079Z - info: Reload for file change: C:\repos\nus-cs2103\website-base\book\_markbind\variables.md
2018-07-13T10:51:39.130Z - info: Reload for file deletion: C:\repos\nus-cs2103\website-base\book\teamwork\teamStructures\exercises.md
2018-07-13T10:51:39.135Z - info: Reload for file add: C:\repos\nus-cs2103\website-base\book\teamwork\teamStructures\exercises.md
2018-07-13T10:51:39.156Z - info: Reload for file change: C:\repos\nus-cs2103\website-base\book\modeling\modelingBehaviors\activityDiagrams\exercises.md
2018-07-13T10:51:39.210Z - info: Reload for file change: C:\repos\nus-cs2103\website-base\book\reuse\cloudComputing\services\exercises.md
2018-07-13T10:51:39.245Z - info: Reload for file change: C:\repos\nus-cs2103\website-base\book\testing\tdd\what\exercises.md
2018-07-13T10:51:39.288Z - info: Reload for file deletion: C:\repos\nus-cs2103\website-base\book\uml\activityDiagrams\basicNotations\linearPaths\exercises.md
2018-07-13T10:51:39.289Z - info: Reload for file add: C:\repos\nus-cs2103\website-base\book\uml\activityDiagrams\basicNotations\linearPaths\exercises.md
2018-07-13T10:51:39.322Z - info: Reload for file change: C:\repos\nus-cs2103\website-base\book\modeling\modelingStructures\objectOrientedDomainModels\exercises.md
2018-07-13T10:51:39.357Z - info: Reload for file change: C:\repos\nus-cs2103\website-base\book\designPatterns\facade\what\exercises.md
2018-07-13T10:51:39.381Z - info: Reload for file change: C:\repos\nus-cs2103\website-base\book\testing\testingTypes\dogfooding\what\exercises.md
2018-07-13T10:51:39.430Z - info: Reload for file change: C:\repos\nus-cs2103\website-base\book\testCaseDesign\combiningTestInputs\heuristicInvalid\exercises.md
2018-07-13T10:51:39.470Z - info: Reload for file deletion: C:\repos\nus-cs2103\website-base\book\reuse\frameworks\frameworksVsLibraries\exercises.md
2018-07-13T10:51:39.476Z - info: Reload for file add: C:\repos\nus-cs2103\website-base\book\reuse\frameworks\frameworksVsLibraries\exercises.md
2018-07-13T10:51:39.504Z - info: Reload for file deletion: C:\repos\nus-cs2103\website-base\book\codeQuality\avoidShortcuts\basic\exercises.md
2018-07-13T10:51:39.512Z - info: Reload for file add: C:\repos\nus-cs2103\website-base\book\codeQuality\avoidShortcuts\basic\exercises.md
2018-07-13T10:51:39.543Z - info: Reload for file deletion: C:\repos\nus-cs2103\website-base\book\testCaseDesign\summary\exercises\exercises.md
2018-07-13T10:51:39.546Z - info: Reload for file add: C:\repos\nus-cs2103\website-base\book\testCaseDesign\summary\exercises\exercises.md
2018-07-13T10:51:39.584Z - info: Reload for file change: C:\repos\nus-cs2103\website-base\book\oop\inheritance\abstractClasses\exercises.fr
2018-07-13T10:51:39.618Z - info: Reload for file change: C:\repos\nus-cs2103\website-base\book\qualityAssurance\formalVerification\what\exercises.md
2018-07-13T10:51:39.653Z - info: Reload for file change: C:\repos\nus-cs2103\website-base\book\specifyingRequirements\useCases\identifying\exercises.md
2018-07-13T10:51:39.689Z - info: Reload for file change: C:\repos\nus-cs2103\website-base\book\testCaseDesign\combiningTestInputs\mix\exercises.md
2018-07-13T10:51:39.724Z - info: Reload for file change: C:\repos\nus-cs2103\website-base\book\testing\testAutomation\testingGuis\exercises.md
2018-07-13T10:51:39.755Z - info: Reload for file change: C:\repos\nus-cs2103\website-base\book\softwareEngineering\introduction\prosAndCons\exercises.md
2018-07-13T10:51:39.789Z - info: Reload for file change: C:\repos\nus-cs2103\website-base\book\specifyingRequirements\userStories\introduction\exercises.md
2018-07-13T10:51:39.823Z - info: Reload for file change: C:\repos\nus-cs2103\website-base\book\oop\classes\enumerations\exercises.md
2018-07-13T10:51:39.857Z - info: Reload for file change: C:\repos\nus-cs2103\website-base\book\oop\objects\encapsulation\exercises.md
2018-07-13T10:51:39.893Z - info: Reload for file change: C:\repos\nus-cs2103\website-base\book\testing\introduction\what\exercises.md
2018-07-13T10:51:39.926Z - info: Reload for file change: C:\repos\nus-cs2103\website-base\book\principles\lawOfDemeter\exercises.md
2018-07-13T10:51:39.959Z - info: Reload for file change: C:\repos\nus-cs2103\website-base\book\architecture\introduction\what\exercises.md
2018-07-13T10:51:39.992Z - info: Reload for file change: C:\repos\nus-cs2103\website-base\book\projectPlanning\workBreakdownStructure\exercises.md
2018-07-13T10:51:40.025Z - info: Reload for file change: C:\repos\nus-cs2103\website-base\book\principles\separationOfConcernsPrinciple\exercises.md
2018-07-13T10:51:40.057Z - verbose: Rebuild affected paths: C:\repos\nus-cs2103\website-base\book\uml\classDiagrams\classes\what\exercises.md,C:\repos\nus-cs2103\website-base\book\processModels\introduction\agileModels\exercises.md,C:\repos\nus-cs2103\website-base\book\_markbind\variables.md,C:\repos\nus-cs2103\website-base\book\teamwork\teamStructures\exercises.md,C:\repos\nus-cs2103\website-base\book\modeling\modelingBehaviors\activityDiagrams\exercises.md,C:\repos\nus-cs2103\website-base\book\reuse\cloudComputing\services\exercises.md,C:\repos\nus-cs2103\website-base\book\testing\tdd\what\exercises.md,C:\repos\nus-cs2103\website-base\book\uml\activityDiagrams\basicNotations\linearPaths\exercises.md,C:\repos\nus-cs2103\website-base\book\modeling\modelingStructures\objectOrientedDomainModels\exercises.md,C:\repos\nus-cs2103\website-base\book\designPatterns\facade\what\exercises.md,C:\repos\nus-cs2103\website-base\book\testing\testingTypes\dogfooding\what\exercises.md,C:\repos\nus-cs2103\website-base\book\testCaseDesign\combiningTestInputs\heuristicInvalid\exercises.md,C:\repos\nus-cs2103\website-base\book\reuse\frameworks\frameworksVsLibraries\exercises.md,C:\repos\nus-cs2103\website-base\book\codeQuality\avoidShortcuts\basic\exercises.md,C:\repos\nus-cs2103\website-base\book\testCaseDesign\summary\exercises\exercises.md,C:\repos\nus-cs2103\website-base\book\qualityAssurance\formalVerification\what\exercises.md,C:\repos\nus-cs2103\website-base\book\specifyingRequirements\useCases\identifying\exercises.md,C:\repos\nus-cs2103\website-base\book\testCaseDesign\combiningTestInputs\mix\exercises.md,C:\repos\nus-cs2103\website-base\book\testing\testAutomation\testingGuis\exercises.md,C:\repos\nus-cs2103\website-base\book\softwareEngineering\introduction\prosAndCons\exercises.md,C:\repos\nus-cs2103\website-base\book\specifyingRequirements\userStories\introduction\exercises.md,C:\repos\nus-cs2103\website-base\book\oop\classes\enumerations\exercises.md,C:\repos\nus-cs2103\website-base\book\oop\objects\encapsulation\exercises.md,C:\repos\nus-cs2103\website-base\book\testing\introduction\what\exercises.md,C:\repos\nus-cs2103\website-base\book\principles\lawOfDemeter\exercises.md,C:\repos\nus-cs2103\website-base\book\architecture\introduction\what\exercises.md,C:\repos\nus-cs2103\website-base\book\projectPlanning\workBreakdownStructure\exercises.md,C:\repos\nus-cs2103\website-base\book\principles\separationOfConcernsPrinciple\exercises.md
2018-07-13T10:51:40.063Z - info: Rebuilding 37 pages
2018-07-13T10:52:51.055Z - info: Pages built
2018-07-13T10:52:51.232Z - info: Site data built
2018-07-13T10:52:51.236Z - info: Generate Site durationMs=55074
2018-07-13T10:52:51.557Z - info: Serving "C:\repos\nus-cs2103\website-base\_site" at http://127.0.0.1:8080
2018-07-13T10:52:51.557Z - info: Press CTRL+C to stop ...
