2018-07-06T13:57:31.081Z - info: Pages built
2018-07-06T13:57:31.133Z - info: Site data built
2018-07-06T13:57:31.145Z - info: Generate Site durationMs=63085
2018-07-06T13:57:31.165Z - info: Serving "C:\repos\nus-cs2103\website-base\_site" at http://127.0.0.1:8080
2018-07-06T13:57:31.165Z - info: Press CTRL+C to stop ...
2018-07-06T14:08:16.311Z - info: Reload for file change: C:\repos\nus-cs2103\website-base\admin\preliminaries.md
2018-07-06T14:08:17.325Z - verbose: Rebuild affected paths: C:\repos\nus-cs2103\website-base\admin\preliminaries.md
2018-07-06T14:08:17.325Z - info: Rebuilding 3 pages
2018-07-06T14:08:19.571Z - info: Pages rebuilt
2018-07-06T14:08:19.578Z - info: Site data built
2018-07-06T14:09:41.895Z - info: Reload for file change: C:\repos\nus-cs2103\website-base\admin\preliminaries.md
2018-07-06T14:09:42.910Z - verbose: Rebuild affected paths: C:\repos\nus-cs2103\website-base\admin\preliminaries.md
2018-07-06T14:09:42.910Z - info: Rebuilding 3 pages
2018-07-06T14:09:45.193Z - info: Pages rebuilt
2018-07-06T14:09:45.201Z - info: Site data built
2018-07-06T14:12:26.068Z - info: Reload for file change: C:\repos\nus-cs2103\website-base\admin\appendixC-faq.md
2018-07-06T14:12:27.082Z - verbose: Rebuild affected paths: C:\repos\nus-cs2103\website-base\admin\appendixC-faq.md
2018-07-06T14:12:27.094Z - info: Rebuilding 16 pages
2018-07-06T14:12:45.573Z - info: Pages rebuilt
2018-07-06T14:12:45.581Z - info: Site data built
2018-07-06T14:13:53.274Z - info: Reload for file change: C:\repos\nus-cs2103\website-base\admin\appendixC-faq.md
2018-07-06T14:13:53.305Z - info: Reload for file change: C:\repos\nus-cs2103\website-base\admin\preliminaries.md
2018-07-06T14:13:54.293Z - verbose: Rebuild affected paths: C:\repos\nus-cs2103\website-base\admin\appendixC-faq.md,C:\repos\nus-cs2103\website-base\admin\preliminaries.md
2018-07-06T14:13:54.305Z - info: Rebuilding 16 pages
2018-07-06T14:14:15.035Z - info: Pages rebuilt
2018-07-06T14:14:15.043Z - info: Site data built
2018-07-06T14:15:04.052Z - info: Reload for file change: C:\repos\nus-cs2103\website-base\admin\preliminaries.md
2018-07-06T14:15:05.075Z - verbose: Rebuild affected paths: C:\repos\nus-cs2103\website-base\admin\preliminaries.md
2018-07-06T14:15:05.075Z - info: Rebuilding 3 pages
2018-07-06T14:15:07.281Z - info: Pages rebuilt
2018-07-06T14:15:07.297Z - info: Site data built
2018-07-06T14:15:29.027Z - info: Reload for file change: C:\repos\nus-cs2103\website-base\admin\preliminaries.md
2018-07-06T14:15:30.061Z - verbose: Rebuild affected paths: C:\repos\nus-cs2103\website-base\admin\preliminaries.md
2018-07-06T14:15:30.061Z - info: Rebuilding 3 pages
2018-07-06T14:15:31.873Z - info: Pages rebuilt
2018-07-06T14:15:31.881Z - info: Site data built
2018-07-06T14:17:54.310Z - info: Reload for file change: C:\repos\nus-cs2103\website-base\admin\appendixC-faq.md
2018-07-06T14:17:55.331Z - verbose: Rebuild affected paths: C:\repos\nus-cs2103\website-base\admin\appendixC-faq.md
2018-07-06T14:17:55.341Z - info: Rebuilding 16 pages
2018-07-06T14:18:15.286Z - info: Pages rebuilt
2018-07-06T14:18:15.290Z - info: Site data built
2018-07-06T14:18:29.811Z - info: Reload for file change: C:\repos\nus-cs2103\website-base\admin\preliminaries.md
2018-07-06T14:18:30.830Z - verbose: Rebuild affected paths: C:\repos\nus-cs2103\website-base\admin\preliminaries.md
2018-07-06T14:18:30.830Z - info: Rebuilding 3 pages
2018-07-06T14:18:32.579Z - info: Pages rebuilt
2018-07-06T14:18:32.595Z - info: Site data built
2018-07-06T14:27:10.608Z - info: Reload for file change: C:\repos\nus-cs2103\website-base\site.json
2018-07-06T14:27:11.616Z - info: Assets built
2018-07-06T14:29:27.780Z - info: Reload for file change: C:\repos\nus-cs2103\website-base\admin\index-flat.md
2018-07-06T14:29:27.804Z - info: Reload for file change: C:\repos\nus-cs2103\website-base\site.json
2018-07-06T14:30:39.142Z - info: Pages built
2018-07-06T14:30:39.184Z - info: Site data built
2018-07-06T14:30:39.195Z - info: Generate Site durationMs=64882
2018-07-06T14:30:39.234Z - info: Serving "C:\repos\nus-cs2103\website-base\_site" at http://127.0.0.1:8080
2018-07-06T14:30:39.234Z - info: Press CTRL+C to stop ...
2018-07-06T14:52:17.613Z - info: Pages built
2018-07-06T14:52:17.741Z - info: Site data built
2018-07-06T14:52:17.765Z - info: Generate Site durationMs=93500
2018-07-06T14:52:17.804Z - info: Serving "C:\repos\nus-cs2103\website-base\_site" at http://127.0.0.1:8080
2018-07-06T14:52:17.804Z - info: Press CTRL+C to stop ...
2018-07-06T14:55:09.905Z - info: Reload for file change: C:\repos\nus-cs2103\website-base\site.json
2018-07-06T14:55:10.929Z - info: Assets built
2018-07-06T14:56:11.435Z - info: Pages built
2018-07-06T14:56:11.475Z - info: Site data built
2018-07-06T14:56:11.487Z - info: Generate Site durationMs=51376
2018-07-06T14:56:11.507Z - info: Serving "C:\repos\nus-cs2103\website-base\_site" at http://127.0.0.1:8080
2018-07-06T14:56:11.507Z - info: Press CTRL+C to stop ...
2018-07-06T15:04:03.672Z - info: Pages built
2018-07-06T15:04:03.708Z - info: Site data built
2018-07-06T15:04:03.724Z - info: Generate Site durationMs=49534
2018-07-06T15:04:03.744Z - info: Serving "C:\repos\nus-cs2103\website-base\_site" at http://127.0.0.1:8080
2018-07-06T15:04:03.744Z - info: Press CTRL+C to stop ...
2018-07-06T15:31:20.166Z - info: Pages built
2018-07-06T15:31:20.191Z - info: Site data built
2018-07-06T15:31:20.206Z - info: Generate Site durationMs=49765
2018-07-06T15:31:20.239Z - info: Serving "C:\repos\nus-cs2103\website-base\_site" at http://127.0.0.1:8080
2018-07-06T15:31:20.239Z - info: Press CTRL+C to stop ...
