2018-07-25T04:14:29.242Z - info: Pages built
2018-07-25T04:14:30.269Z - info: Site data built
2018-07-25T04:14:30.280Z - info: Generate Site durationMs=285445
2018-07-25T04:14:30.841Z - info: Serving "C:\repos\nus-cs2103\website-base\_site" at http://127.0.0.1:8080
2018-07-25T04:14:30.841Z - info: Press CTRL+C to stop ...
2018-07-25T04:21:00.856Z - info: Reload for file change: C:\repos\nus-cs2103\website-base\admin\moduleOverview.md
2018-07-25T04:21:01.866Z - verbose: Rebuild affected paths: C:\repos\nus-cs2103\website-base\admin\moduleOverview.md
2018-07-25T04:21:01.868Z - info: Rebuilding 3 pages
2018-07-25T04:21:05.739Z - info: Pages rebuilt
2018-07-25T04:21:05.744Z - info: Site data built
2018-07-25T04:26:57.627Z - info: Reload for file change: C:\repos\nus-cs2103\website-base\admin\moduleOverview.md
2018-07-25T04:26:58.647Z - verbose: Rebuild affected paths: C:\repos\nus-cs2103\website-base\admin\moduleOverview.md
2018-07-25T04:26:58.647Z - info: Rebuilding 3 pages
2018-07-25T04:27:04.237Z - info: Pages rebuilt
2018-07-25T04:27:04.237Z - info: Site data built
2018-07-25T04:28:03.467Z - info: Reload for file change: C:\repos\nus-cs2103\website-base\admin\moduleOverview.md
2018-07-25T04:28:04.487Z - verbose: Rebuild affected paths: C:\repos\nus-cs2103\website-base\admin\moduleOverview.md
2018-07-25T04:28:04.489Z - info: Rebuilding 3 pages
2018-07-25T04:28:08.257Z - info: Pages rebuilt
2018-07-25T04:28:08.267Z - info: Site data built
2018-07-25T04:28:16.397Z - info: Reload for file change: C:\repos\nus-cs2103\website-base\admin\moduleOverview.md
2018-07-25T04:28:17.417Z - verbose: Rebuild affected paths: C:\repos\nus-cs2103\website-base\admin\moduleOverview.md
2018-07-25T04:28:17.417Z - info: Rebuilding 3 pages
2018-07-25T04:28:23.997Z - info: Pages rebuilt
2018-07-25T04:28:24.006Z - info: Site data built
2018-07-25T04:28:44.157Z - info: Reload for file change: C:\repos\nus-cs2103\website-base\admin\moduleOverview.md
2018-07-25T04:28:45.176Z - verbose: Rebuild affected paths: C:\repos\nus-cs2103\website-base\admin\moduleOverview.md
2018-07-25T04:28:45.176Z - info: Rebuilding 3 pages
2018-07-25T04:28:48.364Z - info: Pages rebuilt
2018-07-25T04:28:48.370Z - info: Site data built
2018-07-25T04:30:17.626Z - info: Reload for file change: C:\repos\nus-cs2103\website-base\admin\moduleOverview.md
2018-07-25T04:30:18.636Z - verbose: Rebuild affected paths: C:\repos\nus-cs2103\website-base\admin\moduleOverview.md
2018-07-25T04:30:18.636Z - info: Rebuilding 3 pages
2018-07-25T04:30:22.345Z - info: Pages rebuilt
2018-07-25T04:30:22.349Z - info: Site data built
2018-07-25T04:30:33.874Z - info: Reload for file change: C:\repos\nus-cs2103\website-base\admin\moduleOverview.md
2018-07-25T04:30:34.890Z - verbose: Rebuild affected paths: C:\repos\nus-cs2103\website-base\admin\moduleOverview.md
2018-07-25T04:30:34.890Z - info: Rebuilding 3 pages
2018-07-25T04:30:38.565Z - info: Pages rebuilt
2018-07-25T04:30:38.570Z - info: Site data built
2018-07-25T04:35:16.465Z - info: Reload for file change: C:\repos\nus-cs2103\website-base\_markbind\variables.md
2018-07-25T04:35:16.505Z - info: Reload for file change: C:\repos\nus-cs2103\website-base\admin\moduleOverview.md
2018-07-25T04:35:17.472Z - verbose: Rebuild affected paths: C:\repos\nus-cs2103\website-base\_markbind\variables.md,C:\repos\nus-cs2103\website-base\admin\moduleOverview.md
2018-07-25T04:35:17.473Z - info: Rebuilding 3 pages
2018-07-25T04:35:21.221Z - info: Pages rebuilt
2018-07-25T04:35:21.226Z - info: Site data built
2018-07-25T04:44:51.290Z - info: Pages built
2018-07-25T04:44:55.332Z - info: Site data built
2018-07-25T04:44:55.342Z - info: Generate Site durationMs=224685
2018-07-25T04:44:55.934Z - info: Serving "C:\repos\nus-cs2103\website-base\_site" at http://127.0.0.1:8080
2018-07-25T04:44:55.934Z - info: Press CTRL+C to stop ...
2018-07-25T04:50:35.959Z - info: Reload for file change: C:\repos\nus-cs2103\website-base\book\_markbind\variables.md
2018-07-25T04:50:36.980Z - verbose: Rebuild affected paths: C:\repos\nus-cs2103\website-base\book\_markbind\variables.md
2018-07-25T04:50:36.980Z - info: Rebuilding 0 pages
2018-07-25T04:50:36.980Z - info: Pages rebuilt
2018-07-25T04:50:36.989Z - info: Site data built
2018-07-25T05:01:03.682Z - info: Pages built
2018-07-25T05:01:04.428Z - info: Site data built
2018-07-25T05:01:04.439Z - info: Generate Site durationMs=199964
2018-07-25T05:01:05.171Z - info: Serving "C:\repos\nus-cs2103\website-base\_site" at http://127.0.0.1:8080
2018-07-25T05:01:05.171Z - info: Press CTRL+C to stop ...
2018-07-25T05:40:25.076Z - info: Reload for file add: C:\repos\nus-cs2103\website-base\_markbind\head\scheduleHead.md
2018-07-25T05:40:26.095Z - verbose: Rebuild affected paths: C:\repos\nus-cs2103\website-base\_markbind\head\scheduleHead.md
2018-07-25T05:40:26.095Z - info: Rebuilding 0 pages
2018-07-25T05:40:26.095Z - info: Pages rebuilt
2018-07-25T05:40:26.172Z - info: Site data built
2018-07-25T05:41:28.146Z - info: Reload for file change: C:\repos\nus-cs2103\website-base\_markbind\head\scheduleHead.md
2018-07-25T05:41:28.306Z - info: Reload for file change: C:\repos\nus-cs2103\website-base\common\schedule-flat.njk
2018-07-25T05:54:32.626Z - info: Pages built
2018-07-25T05:54:33.742Z - info: Site data built
2018-07-25T05:54:33.751Z - info: Generate Site durationMs=309796
2018-07-25T05:54:34.183Z - info: Serving "C:\repos\nus-cs2103\website-base\_site" at http://127.0.0.1:8080
2018-07-25T05:54:34.183Z - info: Press CTRL+C to stop ...
2018-07-25T05:58:05.969Z - info: Reload for file change: C:\repos\nus-cs2103\website-base\_markbind\head\scheduleHead.md
2018-07-25T05:58:06.973Z - verbose: Rebuild affected paths: C:\repos\nus-cs2103\website-base\_markbind\head\scheduleHead.md
2018-07-25T05:58:06.984Z - info: Rebuilding 27 pages
2018-07-25T05:59:06.764Z - info: Pages rebuilt
2018-07-25T05:59:06.773Z - info: Site data built
2018-07-25T06:05:30.404Z - info: Pages built
2018-07-25T06:05:31.250Z - info: Site data built
2018-07-25T06:05:31.271Z - info: Generate Site durationMs=159901
2018-07-25T06:05:31.621Z - info: Serving "C:\repos\nus-cs2103\website-base\_site" at http://127.0.0.1:8080
2018-07-25T06:05:31.621Z - info: Press CTRL+C to stop ...
2018-07-25T06:07:02.747Z - info: Reload for file change: C:\repos\nus-cs2103\website-base\admin\index-flat.md
2018-07-25T06:07:03.750Z - verbose: Rebuild affected paths: C:\repos\nus-cs2103\website-base\admin\index-flat.md
2018-07-25T06:07:03.752Z - info: Rebuilding 1 pages
2018-07-25T06:07:07.520Z - info: Pages rebuilt
2018-07-25T06:07:07.527Z - info: Site data built
2018-07-25T06:08:19.299Z - info: Reload for file change: C:\repos\nus-cs2103\website-base\admin\index-flat.md
2018-07-25T06:08:20.301Z - verbose: Rebuild affected paths: C:\repos\nus-cs2103\website-base\admin\index-flat.md
2018-07-25T06:08:20.302Z - info: Rebuilding 1 pages
2018-07-25T06:08:24.085Z - info: Pages rebuilt
2018-07-25T06:08:24.094Z - info: Site data built
2018-07-25T06:08:59.707Z - info: Reload for file change: C:\repos\nus-cs2103\website-base\schedule\index-flat.md
2018-07-25T06:09:00.709Z - verbose: Rebuild affected paths: C:\repos\nus-cs2103\website-base\schedule\index-flat.md
2018-07-25T06:09:00.711Z - info: Rebuilding 2 pages
2018-07-25T06:09:04.435Z - info: Pages rebuilt
2018-07-25T06:09:04.441Z - info: Site data built
2018-07-25T06:13:18.544Z - info: Pages built
2018-07-25T06:13:18.728Z - info: Site data built
2018-07-25T06:13:18.736Z - info: Generate Site durationMs=87275
2018-07-25T06:13:19.061Z - info: Serving "C:\repos\nus-cs2103\website-base\_site" at http://127.0.0.1:8080
2018-07-25T06:13:19.061Z - info: Press CTRL+C to stop ...
2018-07-25T07:19:52.031Z - info: Pages built
2018-07-25T07:19:52.205Z - info: Site data built
2018-07-25T07:19:52.213Z - info: Generate Site durationMs=94143
2018-07-25T07:19:52.548Z - info: Serving "C:\repos\nus-cs2103\website-base\_site" at http://127.0.0.1:8080
2018-07-25T07:19:52.548Z - info: Press CTRL+C to stop ...
2018-07-25T07:21:29.632Z - info: Reload for file change: C:\repos\nus-cs2103\website-base\index.md
2018-07-25T07:21:30.637Z - verbose: Rebuild affected paths: C:\repos\nus-cs2103\website-base\index.md
2018-07-25T07:21:30.637Z - info: Rebuilding 1 pages
2018-07-25T07:21:47.501Z - info: Pages rebuilt
2018-07-25T07:21:47.522Z - info: Site data built
2018-07-25T07:22:28.710Z - info: Reload for file change: C:\repos\nus-cs2103\website-base\schedule\index-flat.md
2018-07-25T07:22:29.813Z - verbose: Rebuild affected paths: C:\repos\nus-cs2103\website-base\schedule\index-flat.md
2018-07-25T07:22:29.815Z - info: Rebuilding 2 pages
2018-07-25T07:22:33.379Z - info: Pages rebuilt
2018-07-25T07:22:33.387Z - info: Site data built
2018-07-25T07:23:45.419Z - info: Reload for file change: C:\repos\nus-cs2103\website-base\index-flat.md
2018-07-25T07:23:46.420Z - verbose: Rebuild affected paths: C:\repos\nus-cs2103\website-base\index-flat.md
2018-07-25T07:23:46.422Z - info: Rebuilding 1 pages
2018-07-25T07:23:48.972Z - info: Pages rebuilt
2018-07-25T07:23:48.981Z - info: Site data built
2018-07-25T07:28:03.211Z - info: Reload for file change: C:\repos\nus-cs2103\website-base\common\schedule-flat.njk
2018-07-25T07:28:03.228Z - info: Reload for file change: C:\repos\nus-cs2103\website-base\common\outcomes.njk
2018-07-25T07:28:04.220Z - info: Assets built
2018-07-25T07:29:46.749Z - info: Pages built
2018-07-25T07:29:46.940Z - info: Site data built
2018-07-25T07:29:46.956Z - info: Generate Site durationMs=87488
2018-07-25T07:29:47.275Z - info: Serving "C:\repos\nus-cs2103\website-base\_site" at http://127.0.0.1:8080
2018-07-25T07:29:47.275Z - info: Press CTRL+C to stop ...
2018-07-25T07:44:17.395Z - info: Pages built
2018-07-25T07:44:17.546Z - info: Site data built
2018-07-25T07:44:17.546Z - info: Build success!
2018-07-25T07:44:17.547Z - info: Generate Site durationMs=87886
2018-07-25T07:45:34.506Z - info: Deployed!
2018-07-25T08:20:39.865Z - info: Pages built
2018-07-25T08:20:40.562Z - info: Site data built
2018-07-25T08:20:40.571Z - info: Generate Site durationMs=112160
2018-07-25T08:20:41.008Z - info: Serving "C:\repos\nus-cs2103\website-base\_site" at http://127.0.0.1:8080
2018-07-25T08:20:41.008Z - info: Press CTRL+C to stop ...
2018-07-25T08:23:37.461Z - info: Reload for file change: C:\repos\nus-cs2103\website-base\book\oop\objects\what\text.md
2018-07-25T08:23:37.503Z - info: Reload for file change: C:\repos\nus-cs2103\website-base\book\oop\objects\text.md
2018-07-25T08:23:38.464Z - verbose: Rebuild affected paths: C:\repos\nus-cs2103\website-base\book\oop\objects\what\text.md,C:\repos\nus-cs2103\website-base\book\oop\objects\text.md
2018-07-25T08:23:38.470Z - info: Rebuilding 6 pages
2018-07-25T08:23:44.581Z - info: Reload for file change: C:\repos\nus-cs2103\website-base\index.md
2018-07-25T08:23:59.850Z - info: Pages rebuilt
2018-07-25T08:23:59.862Z - info: Site data built
2018-07-25T08:24:00.067Z - verbose: Rebuild affected paths: C:\repos\nus-cs2103\website-base\index.md
2018-07-25T08:24:00.067Z - info: Rebuilding 1 pages
2018-07-25T08:24:14.425Z - info: Pages rebuilt
2018-07-25T08:24:14.442Z - info: Site data built
2018-07-25T08:24:45.898Z - info: Reload for file change: C:\repos\nus-cs2103\website-base\book\oop\objects\text.md
2018-07-25T08:24:46.901Z - verbose: Rebuild affected paths: C:\repos\nus-cs2103\website-base\book\oop\objects\text.md
2018-07-25T08:24:46.903Z - info: Rebuilding 3 pages
2018-07-25T08:24:51.561Z - info: Pages rebuilt
2018-07-25T08:24:51.572Z - info: Site data built
2018-07-25T08:24:52.505Z - info: Reload for file change: C:\repos\nus-cs2103\website-base\se-book-adapted\chapters\chapter.njk
2018-07-25T08:24:53.525Z - info: Assets built
2018-07-25T09:17:51.727Z - info: Reload for file change: C:\repos\nus-cs2103\website-base\_markbind\head\scheduleHead.md
2018-07-25T09:17:51.780Z - info: Reload for file change: C:\repos\nus-cs2103\website-base\_markbind\head\adminHead.md
2018-07-25T09:17:52.744Z - verbose: Rebuild affected paths: C:\repos\nus-cs2103\website-base\_markbind\head\scheduleHead.md,C:\repos\nus-cs2103\website-base\_markbind\head\adminHead.md
2018-07-25T09:17:53.352Z - info: Rebuilding 72 pages
2018-07-25T09:21:43.575Z - info: Pages built
2018-07-25T09:21:44.423Z - info: Site data built
2018-07-25T09:21:44.432Z - info: Generate Site durationMs=194731
2018-07-25T09:21:46.090Z - info: Serving "C:\repos\nus-cs2103\website-base\_site" at http://127.0.0.1:8080
2018-07-25T09:21:46.090Z - info: Press CTRL+C to stop ...
2018-07-25T09:35:19.782Z - info: Pages built
2018-07-25T09:35:20.512Z - info: Site data built
2018-07-25T09:35:20.512Z - info: Build success!
2018-07-25T09:35:20.513Z - info: Generate Site durationMs=141862
2018-07-25T09:36:38.453Z - info: Deployed!
2018-07-25T09:46:20.479Z - info: Pages built
2018-07-25T09:46:21.355Z - info: Site data built
2018-07-25T09:46:21.372Z - info: Generate Site durationMs=99993
2018-07-25T09:46:21.911Z - info: Serving "C:\repos\nus-cs2103\website-base\_site" at http://127.0.0.1:8080
2018-07-25T09:46:21.911Z - info: Press CTRL+C to stop ...
