2018-07-26T15:11:23.896Z - info: Pages built
2018-07-26T15:11:23.985Z - info: Site data built
2018-07-26T15:11:23.989Z - info: Generate Site durationMs=65440
2018-07-26T15:11:24.016Z - info: Serving "C:\repos\nus-cs2103\website-base\_site" at http://127.0.0.1:8080
2018-07-26T15:11:24.016Z - info: Press CTRL+C to stop ...
2018-07-26T15:17:59.065Z - info: Pages built
2018-07-26T15:17:59.154Z - info: Site data built
2018-07-26T15:17:59.166Z - info: Generate Site durationMs=77679
2018-07-26T15:17:59.183Z - info: Serving "C:\repos\nus-cs2103\website-base\_site" at http://127.0.0.1:8080
2018-07-26T15:17:59.184Z - info: Press CTRL+C to stop ...
2018-07-26T15:22:33.339Z - info: Pages built
2018-07-26T15:22:33.409Z - info: Site data built
2018-07-26T15:22:33.416Z - info: Generate Site durationMs=77266
2018-07-26T15:22:33.429Z - info: Serving "C:\repos\nus-cs2103\website-base\_site" at http://127.0.0.1:8080
2018-07-26T15:22:33.429Z - info: Press CTRL+C to stop ...
2018-07-26T15:25:32.944Z - info: Reload for file change: C:\repos\nus-cs2103\website-base\admin\learningOutcomes.md
2018-07-26T15:25:33.965Z - verbose: Rebuild affected paths: C:\repos\nus-cs2103\website-base\admin\learningOutcomes.md
2018-07-26T15:25:33.974Z - info: Rebuilding 4 pages
2018-07-26T15:25:38.967Z - info: Pages rebuilt
2018-07-26T15:25:38.972Z - info: Site data built
2018-07-26T15:27:45.730Z - info: Reload for file change: C:\repos\nus-cs2103\website-base\admin\learningOutcomes.md
2018-07-26T15:27:46.734Z - verbose: Rebuild affected paths: C:\repos\nus-cs2103\website-base\admin\learningOutcomes.md
2018-07-26T15:27:46.736Z - info: Rebuilding 4 pages
2018-07-26T15:27:51.894Z - info: Pages rebuilt
2018-07-26T15:27:51.899Z - info: Site data built
2018-07-26T15:29:11.284Z - info: Reload for file change: C:\repos\nus-cs2103\website-base\_markbind\head\adminHead-flat.md
2018-07-26T15:29:12.296Z - verbose: Rebuild affected paths: C:\repos\nus-cs2103\website-base\_markbind\head\adminHead-flat.md
2018-07-26T15:29:12.300Z - info: Rebuilding 1 pages
2018-07-26T15:30:40.146Z - info: Pages built
2018-07-26T15:30:40.238Z - info: Site data built
2018-07-26T15:30:40.243Z - info: Generate Site durationMs=78587
2018-07-26T15:30:40.259Z - info: Serving "C:\repos\nus-cs2103\website-base\_site" at http://127.0.0.1:8080
2018-07-26T15:30:40.259Z - info: Press CTRL+C to stop ...
2018-07-26T15:35:29.921Z - info: Pages built
2018-07-26T15:35:30.002Z - info: Site data built
2018-07-26T15:35:30.013Z - info: Generate Site durationMs=77862
2018-07-26T15:35:30.027Z - info: Serving "C:\repos\nus-cs2103\website-base\_site" at http://127.0.0.1:8080
2018-07-26T15:35:30.027Z - info: Press CTRL+C to stop ...
