2018-06-29T05:53:52.433Z - info: Pages built
2018-06-29T05:53:52.720Z - info: Site data built
2018-06-29T05:53:52.730Z - info: Generate Site durationMs=81651
2018-06-29T05:53:53.238Z - info: Serving "C:\repos\nus-cs2103\website-base\_site" at http://127.0.0.1:8080
2018-06-29T05:53:53.239Z - info: Press CTRL+C to stop ...
2018-06-29T06:00:16.115Z - info: Reload for file change: C:\repos\nus-cs2103\website-base\schedule\evidence\2kloc.md
2018-06-29T06:00:16.152Z - info: Reload for file change: C:\repos\nus-cs2103\website-base\common\outcomes.njk
2018-06-29T06:00:16.176Z - info: Reload for file change: C:\repos\nus-cs2103\website-base\schedule\evidence\project.md
2018-06-29T06:00:16.192Z - info: Reload for file change: C:\repos\nus-cs2103\website-base\schedule\evidence\1kloc.md
2018-06-29T06:00:17.116Z - verbose: Rebuild affected paths: C:\repos\nus-cs2103\website-base\schedule\evidence\2kloc.md,C:\repos\nus-cs2103\website-base\schedule\evidence\project.md,C:\repos\nus-cs2103\website-base\schedule\evidence\1kloc.md
2018-06-29T06:00:17.127Z - info: Rebuilding 23 pages
2018-06-29T06:01:05.815Z - error:  Error: No such file: C:\repos\nus-cs2103\website-base\schedule\evidence\2kloc.md
Missing reference in C:\repos\nus-cs2103\website-base\schedule\evidence\project.md
    at Parser._preprocess (C:\Users\dcsdcr\AppData\Roaming\npm\node_modules\markbind-cli\lib\markbind\lib\parser.js:136:21)
    at element.children.element.children.map.e (C:\Users\dcsdcr\AppData\Roaming\npm\node_modules\markbind-cli\lib\markbind\lib\parser.js:250:57)
    at Array.map (<anonymous>)
    at Parser._preprocess (C:\Users\dcsdcr\AppData\Roaming\npm\node_modules\markbind-cli\lib\markbind\lib\parser.js:250:43)
    at element.children.element.children.map.e (C:\Users\dcsdcr\AppData\Roaming\npm\node_modules\markbind-cli\lib\markbind\lib\parser.js:228:57)
    at Array.map (<anonymous>)
    at Parser._preprocess (C:\Users\dcsdcr\AppData\Roaming\npm\node_modules\markbind-cli\lib\markbind\lib\parser.js:228:43)
    at element.children.element.children.map.e (C:\Users\dcsdcr\AppData\Roaming\npm\node_modules\markbind-cli\lib\markbind\lib\parser.js:250:57)
    at Array.map (<anonymous>)
    at Parser._preprocess (C:\Users\dcsdcr\AppData\Roaming\npm\node_modules\markbind-cli\lib\markbind\lib\parser.js:250:43)
    at element.children.element.children.map.e (C:\Users\dcsdcr\AppData\Roaming\npm\node_modules\markbind-cli\lib\markbind\lib\parser.js:250:57)
    at Array.map (<anonymous>)
    at Parser._preprocess (C:\Users\dcsdcr\AppData\Roaming\npm\node_modules\markbind-cli\lib\markbind\lib\parser.js:250:43)
    at element.children.element.children.map.e (C:\Users\dcsdcr\AppData\Roaming\npm\node_modules\markbind-cli\lib\markbind\lib\parser.js:228:57)
    at Array.map (<anonymous>)
    at Parser._preprocess (C:\Users\dcsdcr\AppData\Roaming\npm\node_modules\markbind-cli\lib\markbind\lib\parser.js:228:43)
2018-06-29T06:01:06.717Z - error:  Error: No such file: C:\repos\nus-cs2103\website-base\schedule\evidence\2kloc.md
Missing reference in C:\repos\nus-cs2103\website-base\schedule\evidence\project.md
    at Parser._preprocess (C:\Users\dcsdcr\AppData\Roaming\npm\node_modules\markbind-cli\lib\markbind\lib\parser.js:136:21)
    at element.children.element.children.map.e (C:\Users\dcsdcr\AppData\Roaming\npm\node_modules\markbind-cli\lib\markbind\lib\parser.js:250:57)
    at Array.map (<anonymous>)
    at Parser._preprocess (C:\Users\dcsdcr\AppData\Roaming\npm\node_modules\markbind-cli\lib\markbind\lib\parser.js:250:43)
    at element.children.element.children.map.e (C:\Users\dcsdcr\AppData\Roaming\npm\node_modules\markbind-cli\lib\markbind\lib\parser.js:228:57)
    at Array.map (<anonymous>)
    at Parser._preprocess (C:\Users\dcsdcr\AppData\Roaming\npm\node_modules\markbind-cli\lib\markbind\lib\parser.js:228:43)
    at element.children.element.children.map.e (C:\Users\dcsdcr\AppData\Roaming\npm\node_modules\markbind-cli\lib\markbind\lib\parser.js:250:57)
    at Array.map (<anonymous>)
    at Parser._preprocess (C:\Users\dcsdcr\AppData\Roaming\npm\node_modules\markbind-cli\lib\markbind\lib\parser.js:250:43)
    at element.children.element.children.map.e (C:\Users\dcsdcr\AppData\Roaming\npm\node_modules\markbind-cli\lib\markbind\lib\parser.js:250:57)
    at Array.map (<anonymous>)
    at Parser._preprocess (C:\Users\dcsdcr\AppData\Roaming\npm\node_modules\markbind-cli\lib\markbind\lib\parser.js:250:43)
    at element.children.element.children.map.e (C:\Users\dcsdcr\AppData\Roaming\npm\node_modules\markbind-cli\lib\markbind\lib\parser.js:250:57)
    at Array.map (<anonymous>)
    at Parser._preprocess (C:\Users\dcsdcr\AppData\Roaming\npm\node_modules\markbind-cli\lib\markbind\lib\parser.js:250:43)
2018-06-29T06:01:33.799Z - error:  Error: No such file: C:\repos\nus-cs2103\website-base\schedule\evidence\2kloc.md
Missing reference in C:\repos\nus-cs2103\website-base\schedule\evidence\project.md
    at Parser._preprocess (C:\Users\dcsdcr\AppData\Roaming\npm\node_modules\markbind-cli\lib\markbind\lib\parser.js:136:21)
    at element.children.element.children.map.e (C:\Users\dcsdcr\AppData\Roaming\npm\node_modules\markbind-cli\lib\markbind\lib\parser.js:250:57)
    at Array.map (<anonymous>)
    at Parser._preprocess (C:\Users\dcsdcr\AppData\Roaming\npm\node_modules\markbind-cli\lib\markbind\lib\parser.js:250:43)
    at element.children.element.children.map.e (C:\Users\dcsdcr\AppData\Roaming\npm\node_modules\markbind-cli\lib\markbind\lib\parser.js:228:57)
    at Array.map (<anonymous>)
    at Parser._preprocess (C:\Users\dcsdcr\AppData\Roaming\npm\node_modules\markbind-cli\lib\markbind\lib\parser.js:228:43)
    at element.children.element.children.map.e (C:\Users\dcsdcr\AppData\Roaming\npm\node_modules\markbind-cli\lib\markbind\lib\parser.js:250:57)
    at Array.map (<anonymous>)
    at Parser._preprocess (C:\Users\dcsdcr\AppData\Roaming\npm\node_modules\markbind-cli\lib\markbind\lib\parser.js:250:43)
    at element.children.element.children.map.e (C:\Users\dcsdcr\AppData\Roaming\npm\node_modules\markbind-cli\lib\markbind\lib\parser.js:250:57)
    at Array.map (<anonymous>)
    at Parser._preprocess (C:\Users\dcsdcr\AppData\Roaming\npm\node_modules\markbind-cli\lib\markbind\lib\parser.js:250:43)
    at element.children.element.children.map.e (C:\Users\dcsdcr\AppData\Roaming\npm\node_modules\markbind-cli\lib\markbind\lib\parser.js:228:57)
    at Array.map (<anonymous>)
    at Parser._preprocess (C:\Users\dcsdcr\AppData\Roaming\npm\node_modules\markbind-cli\lib\markbind\lib\parser.js:228:43)
2018-06-29T06:01:42.443Z - info: Pages built
2018-06-29T06:01:42.506Z - info: Site data built
2018-06-29T06:01:42.515Z - info: Generate Site durationMs=47682
2018-06-29T06:01:42.853Z - info: Serving "C:\repos\nus-cs2103\website-base\_site" at http://127.0.0.1:8080
2018-06-29T06:01:42.853Z - info: Press CTRL+C to stop ...
2018-06-29T06:03:25.414Z - info: Reload for file change: C:\repos\nus-cs2103\website-base\schedule\evidence\project.md
2018-06-29T06:03:26.419Z - verbose: Rebuild affected paths: C:\repos\nus-cs2103\website-base\schedule\evidence\project.md
2018-06-29T06:03:26.430Z - info: Rebuilding 23 pages
2018-06-29T06:03:29.193Z - error:  Error: No such file: C:\repos\nus-cs2103\website-base\schedule\evidence\null
Missing reference in C:\repos\nus-cs2103\website-base\schedule\evidence\project.md
    at Parser._preprocess (C:\Users\dcsdcr\AppData\Roaming\npm\node_modules\markbind-cli\lib\markbind\lib\parser.js:136:21)
    at element.children.element.children.map.e (C:\Users\dcsdcr\AppData\Roaming\npm\node_modules\markbind-cli\lib\markbind\lib\parser.js:250:57)
    at Array.map (<anonymous>)
    at Parser._preprocess (C:\Users\dcsdcr\AppData\Roaming\npm\node_modules\markbind-cli\lib\markbind\lib\parser.js:250:43)
    at element.children.element.children.map.e (C:\Users\dcsdcr\AppData\Roaming\npm\node_modules\markbind-cli\lib\markbind\lib\parser.js:228:57)
    at Array.map (<anonymous>)
    at Parser._preprocess (C:\Users\dcsdcr\AppData\Roaming\npm\node_modules\markbind-cli\lib\markbind\lib\parser.js:228:43)
    at element.children.element.children.map.e (C:\Users\dcsdcr\AppData\Roaming\npm\node_modules\markbind-cli\lib\markbind\lib\parser.js:250:57)
    at Array.map (<anonymous>)
    at Parser._preprocess (C:\Users\dcsdcr\AppData\Roaming\npm\node_modules\markbind-cli\lib\markbind\lib\parser.js:250:43)
    at element.children.element.children.map.e (C:\Users\dcsdcr\AppData\Roaming\npm\node_modules\markbind-cli\lib\markbind\lib\parser.js:250:57)
    at Array.map (<anonymous>)
    at Parser._preprocess (C:\Users\dcsdcr\AppData\Roaming\npm\node_modules\markbind-cli\lib\markbind\lib\parser.js:250:43)
    at element.children.element.children.map.e (C:\Users\dcsdcr\AppData\Roaming\npm\node_modules\markbind-cli\lib\markbind\lib\parser.js:228:57)
    at Array.map (<anonymous>)
    at Parser._preprocess (C:\Users\dcsdcr\AppData\Roaming\npm\node_modules\markbind-cli\lib\markbind\lib\parser.js:228:43)
2018-06-29T06:03:29.827Z - error:  Error: No such file: C:\repos\nus-cs2103\website-base\schedule\evidence\null
Missing reference in C:\repos\nus-cs2103\website-base\schedule\evidence\project.md
    at Parser._preprocess (C:\Users\dcsdcr\AppData\Roaming\npm\node_modules\markbind-cli\lib\markbind\lib\parser.js:136:21)
    at element.children.element.children.map.e (C:\Users\dcsdcr\AppData\Roaming\npm\node_modules\markbind-cli\lib\markbind\lib\parser.js:250:57)
    at Array.map (<anonymous>)
    at Parser._preprocess (C:\Users\dcsdcr\AppData\Roaming\npm\node_modules\markbind-cli\lib\markbind\lib\parser.js:250:43)
    at element.children.element.children.map.e (C:\Users\dcsdcr\AppData\Roaming\npm\node_modules\markbind-cli\lib\markbind\lib\parser.js:228:57)
    at Array.map (<anonymous>)
    at Parser._preprocess (C:\Users\dcsdcr\AppData\Roaming\npm\node_modules\markbind-cli\lib\markbind\lib\parser.js:228:43)
    at element.children.element.children.map.e (C:\Users\dcsdcr\AppData\Roaming\npm\node_modules\markbind-cli\lib\markbind\lib\parser.js:250:57)
    at Array.map (<anonymous>)
    at Parser._preprocess (C:\Users\dcsdcr\AppData\Roaming\npm\node_modules\markbind-cli\lib\markbind\lib\parser.js:250:43)
    at element.children.element.children.map.e (C:\Users\dcsdcr\AppData\Roaming\npm\node_modules\markbind-cli\lib\markbind\lib\parser.js:250:57)
    at Array.map (<anonymous>)
    at Parser._preprocess (C:\Users\dcsdcr\AppData\Roaming\npm\node_modules\markbind-cli\lib\markbind\lib\parser.js:250:43)
    at element.children.element.children.map.e (C:\Users\dcsdcr\AppData\Roaming\npm\node_modules\markbind-cli\lib\markbind\lib\parser.js:250:57)
    at Array.map (<anonymous>)
    at Parser._preprocess (C:\Users\dcsdcr\AppData\Roaming\npm\node_modules\markbind-cli\lib\markbind\lib\parser.js:250:43)
2018-06-29T06:03:41.108Z - error:  Error: No such file: C:\repos\nus-cs2103\website-base\schedule\evidence\null
Missing reference in C:\repos\nus-cs2103\website-base\schedule\evidence\project.md
    at Parser._preprocess (C:\Users\dcsdcr\AppData\Roaming\npm\node_modules\markbind-cli\lib\markbind\lib\parser.js:136:21)
    at element.children.element.children.map.e (C:\Users\dcsdcr\AppData\Roaming\npm\node_modules\markbind-cli\lib\markbind\lib\parser.js:250:57)
    at Array.map (<anonymous>)
    at Parser._preprocess (C:\Users\dcsdcr\AppData\Roaming\npm\node_modules\markbind-cli\lib\markbind\lib\parser.js:250:43)
    at element.children.element.children.map.e (C:\Users\dcsdcr\AppData\Roaming\npm\node_modules\markbind-cli\lib\markbind\lib\parser.js:228:57)
    at Array.map (<anonymous>)
    at Parser._preprocess (C:\Users\dcsdcr\AppData\Roaming\npm\node_modules\markbind-cli\lib\markbind\lib\parser.js:228:43)
    at element.children.element.children.map.e (C:\Users\dcsdcr\AppData\Roaming\npm\node_modules\markbind-cli\lib\markbind\lib\parser.js:250:57)
    at Array.map (<anonymous>)
    at Parser._preprocess (C:\Users\dcsdcr\AppData\Roaming\npm\node_modules\markbind-cli\lib\markbind\lib\parser.js:250:43)
    at element.children.element.children.map.e (C:\Users\dcsdcr\AppData\Roaming\npm\node_modules\markbind-cli\lib\markbind\lib\parser.js:250:57)
    at Array.map (<anonymous>)
    at Parser._preprocess (C:\Users\dcsdcr\AppData\Roaming\npm\node_modules\markbind-cli\lib\markbind\lib\parser.js:250:43)
    at element.children.element.children.map.e (C:\Users\dcsdcr\AppData\Roaming\npm\node_modules\markbind-cli\lib\markbind\lib\parser.js:228:57)
    at Array.map (<anonymous>)
    at Parser._preprocess (C:\Users\dcsdcr\AppData\Roaming\npm\node_modules\markbind-cli\lib\markbind\lib\parser.js:228:43)
2018-06-29T06:03:50.042Z - info: Pages rebuilt
2018-06-29T06:03:50.048Z - info: Site data built
2018-06-29T06:04:19.479Z - info: Reload for file change: C:\repos\nus-cs2103\website-base\schedule\evidence\project.md
2018-06-29T06:04:20.483Z - verbose: Rebuild affected paths: C:\repos\nus-cs2103\website-base\schedule\evidence\project.md
2018-06-29T06:04:20.492Z - info: Rebuilding 23 pages
2018-06-29T06:04:44.243Z - info: Pages rebuilt
2018-06-29T06:04:44.250Z - info: Site data built
2018-06-29T06:06:32.795Z - info: Pages built
2018-06-29T06:06:32.867Z - info: Site data built
2018-06-29T06:06:32.877Z - info: Generate Site durationMs=51166
2018-06-29T06:06:33.214Z - info: Serving "C:\repos\nus-cs2103\website-base\_site" at http://127.0.0.1:8080
2018-06-29T06:06:33.214Z - info: Press CTRL+C to stop ...
2018-06-29T06:26:36.056Z - info: Pages built
2018-06-29T06:26:36.147Z - info: Site data built
2018-06-29T06:26:36.156Z - info: Generate Site durationMs=55495
2018-06-29T06:26:36.518Z - info: Serving "C:\repos\nus-cs2103\website-base\_site" at http://127.0.0.1:8080
2018-06-29T06:26:36.518Z - info: Press CTRL+C to stop ...
2018-06-29T06:35:21.359Z - info: Reload for file change: C:\repos\nus-cs2103\website-base\se-book-adapted\chapters\chapter.njk
2018-06-29T06:35:21.372Z - info: Reload for file change: C:\repos\nus-cs2103\website-base\se-book-adapted\config.njk
2018-06-29T06:35:22.380Z - info: Assets built
2018-06-29T06:36:28.332Z - info: Pages built
2018-06-29T06:36:28.424Z - info: Site data built
2018-06-29T06:36:28.436Z - info: Generate Site durationMs=46816
2018-06-29T06:36:28.765Z - info: Serving "C:\repos\nus-cs2103\website-base\_site" at http://127.0.0.1:8080
2018-06-29T06:36:28.765Z - info: Press CTRL+C to stop ...
2018-06-29T06:38:04.059Z - info: Reload for file change: C:\repos\nus-cs2103\website-base\se-book-adapted\chapters\chapter.njk
2018-06-29T06:38:05.088Z - info: Assets built
2018-06-29T06:42:38.326Z - info: Reload for file change: C:\repos\nus-cs2103\website-base\se-book-adapted\chapters\chapter.njk
2018-06-29T06:42:38.347Z - info: Reload for file change: C:\repos\nus-cs2103\website-base\se-book-adapted\config.njk
2018-06-29T06:42:39.356Z - info: Assets built
2018-06-29T06:43:51.792Z - info: Pages built
2018-06-29T06:43:51.879Z - info: Site data built
2018-06-29T06:43:51.888Z - info: Generate Site durationMs=48775
2018-06-29T06:43:52.228Z - info: Serving "C:\repos\nus-cs2103\website-base\_site" at http://127.0.0.1:8080
2018-06-29T06:43:52.228Z - info: Press CTRL+C to stop ...
2018-06-29T06:48:12.456Z - info: Reload for file change: C:\repos\nus-cs2103\website-base\se-book-adapted\chapters\chapter.njk
2018-06-29T06:48:12.495Z - info: Reload for file change: C:\repos\nus-cs2103\website-base\se-book-adapted\config.njk
2018-06-29T06:48:13.491Z - info: Assets built
2018-06-29T06:50:23.332Z - info: Reload for file change: C:\repos\nus-cs2103\website-base\se-book-adapted\chapters\chapter-printable.njk
2018-06-29T06:50:24.352Z - info: Assets built
2018-06-29T06:51:33.927Z - info: Pages built
2018-06-29T06:51:33.977Z - info: Site data built
2018-06-29T06:51:33.992Z - info: Generate Site durationMs=54648
2018-06-29T06:51:34.343Z - info: Serving "C:\repos\nus-cs2103\website-base\_site" at http://127.0.0.1:8080
2018-06-29T06:51:34.343Z - info: Press CTRL+C to stop ...
2018-06-29T06:58:32.070Z - info: Reload for file change: C:\repos\nus-cs2103\website-base\se-book-adapted\config.njk
2018-06-29T06:58:33.088Z - info: Assets built
2018-06-29T07:08:37.593Z - info: Reload for file change: C:\repos\nus-cs2103\website-base\_markbind\variables.md
2018-06-29T07:08:37.621Z - info: Reload for file change: C:\repos\nus-cs2103\website-base\common\macros.njk
2018-06-29T07:08:38.596Z - verbose: Rebuild affected paths: C:\repos\nus-cs2103\website-base\_markbind\variables.md
2018-06-29T07:08:38.597Z - info: Rebuilding 0 pages
2018-06-29T07:08:38.598Z - info: Pages rebuilt
2018-06-29T07:08:38.608Z - info: Site data built
2018-06-29T07:08:38.633Z - info: Assets built
2018-06-29T07:09:09.728Z - error: uncaughtException: Cannot read property 'toString' of null date=Fri Jun 29 2018 15:09:09 GMT+0800 (Malay Peninsula Standard Time), pid=13788, uid=null, gid=null, cwd=C:\repos\nus-cs2103\website-base, execPath=C:\Program Files\nodejs\node.exe, version=v8.9.4, argv=[C:\Program Files\nodejs\node.exe, C:\Users\dcsdcr\AppData\Roaming\npm\node_modules\markbind-cli\index.js, serve], rss=97050624, heapTotal=76468224, heapUsed=47505456, external=210712, loadavg=[0, 0, 0], uptime=867990.2285622
TypeError: Cannot read property 'toString' of null
    at fs.readFile (C:\Users\dcsdcr\AppData\Roaming\npm\node_modules\markbind-cli\lib\markbind\lib\parser.js:422:42)
    at FSReqWrap.readFileAfterClose [as oncomplete] (fs.js:511:3)
2018-06-29T07:11:20.162Z - info: Pages built
2018-06-29T07:11:20.252Z - info: Site data built
2018-06-29T07:11:20.261Z - info: Generate Site durationMs=47243
2018-06-29T07:11:20.599Z - info: Serving "C:\repos\nus-cs2103\website-base\_site" at http://127.0.0.1:8080
2018-06-29T07:11:20.599Z - info: Press CTRL+C to stop ...
2018-06-29T07:20:10.776Z - info: Reload for file change: C:\repos\nus-cs2103\website-base\common\outcomes.njk
2018-06-29T07:20:11.796Z - info: Assets built
2018-06-29T07:24:17.816Z - info: Reload for file change: C:\repos\nus-cs2103\website-base\common\outcomes.njk
2018-06-29T07:24:18.832Z - info: Assets built
2018-06-29T07:25:26.468Z - info: Pages built
2018-06-29T07:25:26.529Z - info: Site data built
2018-06-29T07:25:26.538Z - info: Generate Site durationMs=49424
2018-06-29T07:25:26.874Z - info: Serving "C:\repos\nus-cs2103\website-base\_site" at http://127.0.0.1:8080
2018-06-29T07:25:26.875Z - info: Press CTRL+C to stop ...
2018-06-29T07:33:31.020Z - info: Reload for file change: C:\repos\nus-cs2103\website-base\_markbind\variables.md
2018-06-29T07:33:31.044Z - info: Reload for file change: C:\repos\nus-cs2103\website-base\common\macros.njk
2018-06-29T07:33:31.062Z - info: Reload for file change: C:\repos\nus-cs2103\website-base\common\outcomes.njk
2018-06-29T07:33:32.022Z - verbose: Rebuild affected paths: C:\repos\nus-cs2103\website-base\_markbind\variables.md
2018-06-29T07:33:32.023Z - info: Rebuilding 0 pages
2018-06-29T07:33:32.025Z - info: Pages rebuilt
2018-06-29T07:33:32.032Z - info: Site data built
2018-06-29T07:33:32.057Z - info: Assets built
2018-06-29T07:34:31.658Z - info: Pages built
2018-06-29T07:34:31.726Z - info: Site data built
2018-06-29T07:34:31.735Z - info: Generate Site durationMs=45886
2018-06-29T07:34:32.077Z - info: Serving "C:\repos\nus-cs2103\website-base\_site" at http://127.0.0.1:8080
2018-06-29T07:34:32.077Z - info: Press CTRL+C to stop ...
2018-06-29T07:42:00.299Z - info: Reload for file change: C:\repos\nus-cs2103\website-base\_markbind\variables.md
2018-06-29T07:42:00.361Z - info: Reload for file change: C:\repos\nus-cs2103\website-base\common\macros.njk
2018-06-29T07:42:00.386Z - info: Reload for file deletion: C:\repos\nus-cs2103\website-base\se-book-adapted\config.njk
2018-06-29T07:42:00.390Z - info: Reload for file add: C:\repos\nus-cs2103\website-base\se-book-adapted\config.njk
2018-06-29T07:42:01.301Z - verbose: Rebuild affected paths: C:\repos\nus-cs2103\website-base\_markbind\variables.md
2018-06-29T07:42:01.302Z - info: Rebuilding 0 pages
2018-06-29T07:42:01.302Z - info: Pages rebuilt
2018-06-29T07:42:01.309Z - info: Site data built
2018-06-29T07:42:01.375Z - info: Assets built
2018-06-29T07:42:01.389Z - info: Assets removed
2018-06-29T07:43:02.306Z - info: Pages built
2018-06-29T07:43:02.409Z - info: Site data built
2018-06-29T07:43:02.409Z - info: Generate Site durationMs=47234
2018-06-29T07:43:02.763Z - info: Serving "C:\repos\nus-cs2103\website-base\_site" at http://127.0.0.1:8080
2018-06-29T07:43:02.764Z - info: Press CTRL+C to stop ...
2018-06-29T07:49:18.531Z - info: Reload for file change: C:\repos\nus-cs2103\website-base\_markbind\variables.md
2018-06-29T07:49:19.538Z - verbose: Rebuild affected paths: C:\repos\nus-cs2103\website-base\_markbind\variables.md
2018-06-29T07:49:19.539Z - info: Rebuilding 0 pages
2018-06-29T07:49:19.540Z - info: Pages rebuilt
2018-06-29T07:49:19.555Z - info: Site data built
2018-06-29T07:50:17.888Z - info: Pages built
2018-06-29T07:50:17.970Z - info: Site data built
2018-06-29T07:50:17.994Z - info: Generate Site durationMs=46064
2018-06-29T07:50:18.316Z - info: Serving "C:\repos\nus-cs2103\website-base\_site" at http://127.0.0.1:8080
2018-06-29T07:50:18.316Z - info: Press CTRL+C to stop ...
2018-06-29T07:51:31.382Z - info: Reload for file change: C:\repos\nus-cs2103\website-base\_markbind\variables.md
2018-06-29T07:51:32.385Z - verbose: Rebuild affected paths: C:\repos\nus-cs2103\website-base\_markbind\variables.md
2018-06-29T07:51:32.387Z - info: Rebuilding 0 pages
2018-06-29T07:51:32.387Z - info: Pages rebuilt
2018-06-29T07:51:32.398Z - info: Site data built
2018-06-29T08:01:52.381Z - info: Pages built
2018-06-29T08:01:52.458Z - info: Site data built
2018-06-29T08:01:52.468Z - info: Generate Site durationMs=49539
2018-06-29T08:01:52.801Z - info: Serving "C:\repos\nus-cs2103\website-base\_site" at http://127.0.0.1:8080
2018-06-29T08:01:52.801Z - info: Press CTRL+C to stop ...
2018-06-29T08:06:06.766Z - info: Reload for file change: C:\repos\nus-cs2103\website-base\_markbind\variables.md
2018-06-29T08:06:07.771Z - verbose: Rebuild affected paths: C:\repos\nus-cs2103\website-base\_markbind\variables.md
2018-06-29T08:06:07.772Z - info: Rebuilding 0 pages
2018-06-29T08:06:07.773Z - info: Pages rebuilt
2018-06-29T08:06:07.784Z - info: Site data built
2018-06-29T08:39:29.497Z - info: Pages built
2018-06-29T08:39:29.609Z - info: Site data built
2018-06-29T08:39:29.618Z - info: Generate Site durationMs=60267
2018-06-29T08:39:30.073Z - info: Serving "C:\repos\nus-cs2103\website-base\_site" at http://127.0.0.1:8080
2018-06-29T08:39:30.073Z - info: Press CTRL+C to stop ...
2018-06-29T08:52:31.955Z - info: Reload for file change: C:\repos\nus-cs2103\website-base\se-book-adapted\config.njk
2018-06-29T08:52:32.987Z - info: Assets built
2018-06-29T08:53:39.703Z - info: Pages built
2018-06-29T08:53:39.794Z - info: Site data built
2018-06-29T08:53:39.804Z - info: Generate Site durationMs=47548
2018-06-29T08:53:40.160Z - info: Serving "C:\repos\nus-cs2103\website-base\_site" at http://127.0.0.1:8080
2018-06-29T08:53:40.161Z - info: Press CTRL+C to stop ...
2018-06-29T09:04:31.103Z - info: Reload for file change: C:\repos\nus-cs2103\website-base\se-book-adapted\config.njk
2018-06-29T09:04:32.131Z - info: Assets built
2018-06-29T09:06:01.252Z - info: Reload for file change: C:\repos\nus-cs2103\website-base\se-book-adapted\config.njk
2018-06-29T09:06:02.442Z - info: Assets built
2018-06-29T09:10:16.877Z - info: Reload for file change: C:\repos\nus-cs2103\website-base\book\modeling\introduction\how\text.md
2018-06-29T09:10:16.908Z - info: Reload for file change: C:\repos\nus-cs2103\website-base\se-book-adapted\config.njk
2018-06-29T09:10:17.878Z - verbose: Rebuild affected paths: C:\repos\nus-cs2103\website-base\book\modeling\introduction\how\text.md
2018-06-29T09:10:17.903Z - info: Rebuilding 6 pages
2018-06-29T09:10:21.333Z - info: Reload for file change: C:\repos\nus-cs2103\website-base\book\intellij\projectSetup\text.md
2018-06-29T09:10:21.333Z - info: Reload for file change: C:\repos\nus-cs2103\website-base\book\testing\testAutomation\what\text.md
2018-06-29T09:10:21.333Z - info: Reload for file change: C:\repos\nus-cs2103\website-base\book\revisionControl\what\text.md
2018-06-29T09:10:21.333Z - info: Reload for file change: C:\repos\nus-cs2103\website-base\book\revisionControl\repositories\text.md
2018-06-29T09:10:21.333Z - info: Reload for file change: C:\repos\nus-cs2103\website-base\book\revisionControl\savingHistory\text.md
2018-06-29T09:10:21.388Z - info: Reload for file change: C:\repos\nus-cs2103\website-base\book\modeling\introduction\what\text.md
2018-06-29T09:10:30.681Z - info: Reload for file change: C:\repos\nus-cs2103\website-base\book\modeling\modelingASolution\basic\text.md
2018-06-29T09:10:30.682Z - info: Reload for file change: C:\repos\nus-cs2103\website-base\book\oopDesign\inheritance\dynamicAndStaticBinding\text.md
2018-06-29T09:10:30.682Z - info: Reload for file change: C:\repos\nus-cs2103\website-base\book\oopImplementation\inheritance\text.md
2018-06-29T09:10:30.682Z - info: Reload for file change: C:\repos\nus-cs2103\website-base\book\gatheringRequirements\focusGroups\text.md
2018-06-29T09:10:30.682Z - info: Reload for file change: C:\repos\nus-cs2103\website-base\book\qualityAssurance\codeReviews\what\text.md
2018-06-29T09:10:30.682Z - info: Reload for file change: C:\repos\nus-cs2103\website-base\book\qualityAssurance\formalVerification\what\text.md
2018-06-29T09:10:30.682Z - info: Reload for file change: C:\repos\nus-cs2103\website-base\book\testing\testAutomation\testingGuis\text.md
2018-06-29T09:10:30.682Z - info: Reload for file change: C:\repos\nus-cs2103\website-base\book\testing\testCoverage\how\text.md
2018-06-29T09:10:30.683Z - info: Reload for file change: C:\repos\nus-cs2103\website-base\book\testCaseDesign\introduction\blackVsGlass\text.md
2018-06-29T09:10:30.683Z - info: Reload for file change: C:\repos\nus-cs2103\website-base\book\testCaseDesign\more\testingUseCases\text.md
2018-06-29T09:10:30.683Z - info: Reload for file change: C:\repos\nus-cs2103\website-base\book\processModels\exampleProcessModels\scrum\text.md
2018-06-29T09:10:30.683Z - info: Reload for file change: C:\repos\nus-cs2103\website-base\book\gitAndGithub\pull\text.md
2018-06-29T09:10:30.683Z - info: Reload for file change: C:\repos\nus-cs2103\website-base\book\principles\liskovSubstitutionPrinciple\text.md
2018-06-29T09:10:30.685Z - info: Reload for file change: C:\repos\nus-cs2103\website-base\book\principles\separationOfConcernsPrinciple\text.md
2018-06-29T09:10:30.921Z - info: Assets built
2018-06-29T09:10:41.199Z - info: Reload for file change: C:\repos\nus-cs2103\website-base\admin\appendixB-policies.md
2018-06-29T09:10:41.279Z - info: Reload for file change: C:\repos\nus-cs2103\website-base\book\about\usage.md
2018-06-29T09:10:41.280Z - info: Reload for file change: C:\repos\nus-cs2103\website-base\schedule\overview\typicalWeek.md
2018-06-29T09:10:41.280Z - info: Reload for file change: C:\repos\nus-cs2103\website-base\schedule\week3\tutorial.md
2018-06-29T09:10:41.280Z - info: Reload for file change: C:\repos\nus-cs2103\website-base\schedule\evidence\designApproaches.md
2018-06-29T09:10:41.280Z - info: Reload for file change: C:\repos\nus-cs2103\website-base\book\javaTools\streamsBasic\resources.md
2018-06-29T09:10:41.281Z - info: Reload for file change: C:\repos\nus-cs2103\website-base\admin\appendixE-gitHub.md
2018-06-29T09:10:41.281Z - info: Reload for file change: C:\repos\nus-cs2103\website-base\book\integration\buildAutomation\what\resources.md
2018-06-29T09:10:41.281Z - info: Reload for file change: C:\repos\nus-cs2103\website-base\admin\tutorials.md
2018-06-29T09:10:44.767Z - info: Reload for file change: C:\repos\nus-cs2103\website-base\admin\project-product.md
2018-06-29T09:10:45.105Z - info: Reload for file change: C:\repos\nus-cs2103\website-base\admin\teams.md
2018-06-29T09:10:45.106Z - info: Reload for file change: C:\repos\nus-cs2103\website-base\admin\project-v15.md
2018-06-29T09:10:45.106Z - info: Reload for file change: C:\repos\nus-cs2103\website-base\admin\project-assessment.md
2018-06-29T09:10:45.106Z - info: Reload for file change: C:\repos\nus-cs2103\website-base\admin\project-v12.md
2018-06-29T09:10:45.106Z - info: Reload for file change: C:\repos\nus-cs2103\website-base\admin\project-v10.md
2018-06-29T09:10:45.107Z - info: Reload for file change: C:\repos\nus-cs2103\website-base\admin\project-v11.md
2018-06-29T09:10:45.107Z - info: Reload for file change: C:\repos\nus-cs2103\website-base\admin\project-v15rc.md
2018-06-29T09:10:45.107Z - info: Reload for file change: C:\repos\nus-cs2103\website-base\admin\project-v14.md
2018-06-29T09:10:45.111Z - info: Reload for file change: C:\repos\nus-cs2103\website-base\admin\project-v13.md
2018-06-29T09:10:47.515Z - info: Pages rebuilt
2018-06-29T09:10:47.521Z - info: Site data built
2018-06-29T09:10:47.792Z - verbose: Rebuild affected paths: C:\repos\nus-cs2103\website-base\book\intellij\projectSetup\text.md,C:\repos\nus-cs2103\website-base\book\testing\testAutomation\what\text.md,C:\repos\nus-cs2103\website-base\book\revisionControl\what\text.md,C:\repos\nus-cs2103\website-base\book\revisionControl\repositories\text.md,C:\repos\nus-cs2103\website-base\book\revisionControl\savingHistory\text.md,C:\repos\nus-cs2103\website-base\book\modeling\introduction\what\text.md,C:\repos\nus-cs2103\website-base\book\modeling\modelingASolution\basic\text.md,C:\repos\nus-cs2103\website-base\book\oopDesign\inheritance\dynamicAndStaticBinding\text.md,C:\repos\nus-cs2103\website-base\book\oopImplementation\inheritance\text.md,C:\repos\nus-cs2103\website-base\book\gatheringRequirements\focusGroups\text.md,C:\repos\nus-cs2103\website-base\book\qualityAssurance\codeReviews\what\text.md,C:\repos\nus-cs2103\website-base\book\qualityAssurance\formalVerification\what\text.md,C:\repos\nus-cs2103\website-base\book\testing\testAutomation\testingGuis\text.md,C:\repos\nus-cs2103\website-base\book\testing\testCoverage\how\text.md,C:\repos\nus-cs2103\website-base\book\testCaseDesign\introduction\blackVsGlass\text.md,C:\repos\nus-cs2103\website-base\book\testCaseDesign\more\testingUseCases\text.md,C:\repos\nus-cs2103\website-base\book\processModels\exampleProcessModels\scrum\text.md,C:\repos\nus-cs2103\website-base\book\gitAndGithub\pull\text.md,C:\repos\nus-cs2103\website-base\book\principles\liskovSubstitutionPrinciple\text.md,C:\repos\nus-cs2103\website-base\book\principles\separationOfConcernsPrinciple\text.md,C:\repos\nus-cs2103\website-base\admin\appendixB-policies.md,C:\repos\nus-cs2103\website-base\book\about\usage.md,C:\repos\nus-cs2103\website-base\schedule\overview\typicalWeek.md,C:\repos\nus-cs2103\website-base\schedule\week3\tutorial.md,C:\repos\nus-cs2103\website-base\schedule\evidence\designApproaches.md,C:\repos\nus-cs2103\website-base\book\javaTools\streamsBasic\resources.md,C:\repos\nus-cs2103\website-base\admin\appendixE-gitHub.md,C:\repos\nus-cs2103\website-base\book\integration\buildAutomation\what\resources.md,C:\repos\nus-cs2103\website-base\admin\tutorials.md,C:\repos\nus-cs2103\website-base\admin\project-product.md,C:\repos\nus-cs2103\website-base\admin\teams.md,C:\repos\nus-cs2103\website-base\admin\project-v15.md,C:\repos\nus-cs2103\website-base\admin\project-assessment.md,C:\repos\nus-cs2103\website-base\admin\project-v12.md,C:\repos\nus-cs2103\website-base\admin\project-v10.md,C:\repos\nus-cs2103\website-base\admin\project-v11.md,C:\repos\nus-cs2103\website-base\admin\project-v15rc.md,C:\repos\nus-cs2103\website-base\admin\project-v14.md,C:\repos\nus-cs2103\website-base\admin\project-v13.md
2018-06-29T09:10:48.144Z - info: Rebuilding 59 pages
2018-06-29T09:11:07.551Z - info: Reload for file change: C:\repos\nus-cs2103\website-base\admin\preliminaries.md
2018-06-29T09:11:31.007Z - info: Pages rebuilt
2018-06-29T09:11:31.036Z - info: Site data built
2018-06-29T09:11:31.780Z - verbose: Rebuild affected paths: C:\repos\nus-cs2103\website-base\admin\preliminaries.md
2018-06-29T09:11:31.780Z - info: Rebuilding 1 pages
2018-06-29T09:11:35.175Z - info: Pages rebuilt
2018-06-29T09:11:35.183Z - info: Site data built
2018-06-29T09:27:57.044Z - info: Reload for file change: C:\repos\nus-cs2103\website-base\se-book-adapted\chapters\chapter.njk
2018-06-29T09:27:57.098Z - info: Reload for file change: C:\repos\nus-cs2103\website-base\se-book-adapted\config.njk
2018-06-29T09:27:58.076Z - info: Assets built
2018-06-29T09:30:54.520Z - info: Pages built
2018-06-29T09:30:55.275Z - info: Site data built
2018-06-29T09:30:55.285Z - info: Generate Site durationMs=133607
2018-06-29T09:30:55.729Z - info: Serving "C:\repos\nus-cs2103\website-base\_site" at http://127.0.0.1:8080
2018-06-29T09:30:55.730Z - info: Press CTRL+C to stop ...
2018-06-29T10:06:32.777Z - info: Reload for file change: C:\repos\nus-cs2103\website-base\se-book-adapted\config.njk
2018-06-29T10:06:33.806Z - info: Assets built
2018-06-29T10:09:08.159Z - info: Reload for file change: C:\repos\nus-cs2103\website-base\se-book-adapted\config.njk
2018-06-29T10:09:09.183Z - info: Assets built
2018-06-29T10:10:33.411Z - info: Pages built
2018-06-29T10:10:33.601Z - info: Site data built
2018-06-29T10:10:33.611Z - info: Generate Site durationMs=65443
2018-06-29T10:10:34.080Z - info: Serving "C:\repos\nus-cs2103\website-base\_site" at http://127.0.0.1:8080
2018-06-29T10:10:34.080Z - info: Press CTRL+C to stop ...
