2018-07-27T02:00:52.245Z - info: Pages built
2018-07-27T02:00:55.943Z - info: Site data built
2018-07-27T02:00:55.953Z - info: Generate Site durationMs=251837
2018-07-27T02:00:56.330Z - info: Serving "C:\repos\nus-cs2103\website-base\_site" at http://127.0.0.1:8080
2018-07-27T02:00:56.331Z - info: Press CTRL+C to stop ...
2018-07-27T05:58:43.004Z - info: Pages built
2018-07-27T05:58:43.721Z - info: Site data built
2018-07-27T05:58:43.738Z - info: Generate Site durationMs=190493
2018-07-27T05:58:44.217Z - info: Serving "C:\repos\nus-cs2103\website-base\_site" at http://127.0.0.1:8080
2018-07-27T05:58:44.217Z - info: Press CTRL+C to stop ...
2018-07-27T06:00:32.178Z - info: Reload for file change: C:\repos\nus-cs2103\website-base\admin\learningOutcomes.md
2018-07-27T06:00:33.181Z - verbose: Rebuild affected paths: C:\repos\nus-cs2103\website-base\admin\learningOutcomes.md
2018-07-27T06:00:33.184Z - info: Rebuilding 4 pages
2018-07-27T06:00:50.315Z - info: Pages rebuilt
2018-07-27T06:00:50.339Z - info: Site data built
2018-07-27T06:01:32.349Z - info: Reload for file change: C:\repos\nus-cs2103\website-base\admin\learningOutcomes.md
2018-07-27T06:01:33.355Z - verbose: Rebuild affected paths: C:\repos\nus-cs2103\website-base\admin\learningOutcomes.md
2018-07-27T06:01:33.357Z - info: Rebuilding 4 pages
2018-07-27T06:01:51.146Z - info: Pages rebuilt
2018-07-27T06:01:52.270Z - info: Site data built
2018-07-27T06:03:51.863Z - info: Reload for file change: C:\repos\nus-cs2103\website-base\admin\learningOutcomes.md
2018-07-27T06:03:52.865Z - verbose: Rebuild affected paths: C:\repos\nus-cs2103\website-base\admin\learningOutcomes.md
2018-07-27T06:03:52.866Z - info: Rebuilding 4 pages
2018-07-27T06:04:07.552Z - info: Reload for file change: C:\repos\nus-cs2103\website-base\admin\learningOutcomes.md
2018-07-27T06:04:09.743Z - info: Pages rebuilt
2018-07-27T06:04:09.759Z - info: Site data built
2018-07-27T06:04:09.913Z - verbose: Rebuild affected paths: C:\repos\nus-cs2103\website-base\admin\learningOutcomes.md
2018-07-27T06:04:09.914Z - info: Rebuilding 4 pages
2018-07-27T06:04:26.478Z - info: Pages rebuilt
2018-07-27T06:04:26.496Z - info: Site data built
2018-07-27T06:12:39.585Z - info: Pages built
2018-07-27T06:12:40.313Z - info: Site data built
2018-07-27T06:12:40.321Z - info: Generate Site durationMs=121647
2018-07-27T06:12:40.677Z - info: Serving "C:\repos\nus-cs2103\website-base\_site" at http://127.0.0.1:8080
2018-07-27T06:12:40.678Z - info: Press CTRL+C to stop ...
2018-07-27T06:14:37.881Z - info: Reload for file change: C:\repos\nus-cs2103\website-base\book\oop\classes\what\text.md
2018-07-27T06:14:38.901Z - verbose: Rebuild affected paths: C:\repos\nus-cs2103\website-base\book\oop\classes\what\text.md
2018-07-27T06:14:38.901Z - info: Rebuilding 6 pages
2018-07-27T06:15:02.485Z - info: Pages rebuilt
2018-07-27T06:15:02.498Z - info: Site data built
2018-07-27T06:21:46.419Z - info: Reload for file change: C:\repos\nus-cs2103\website-base\book\oop\classes\what\text.md
2018-07-27T06:21:47.429Z - verbose: Rebuild affected paths: C:\repos\nus-cs2103\website-base\book\oop\classes\what\text.md
2018-07-27T06:21:47.429Z - info: Rebuilding 6 pages
2018-07-27T06:22:10.889Z - info: Pages rebuilt
2018-07-27T06:22:10.898Z - info: Site data built
2018-07-27T06:22:30.913Z - info: Reload for file change: C:\repos\nus-cs2103\website-base\book\oop\classes\what\text.md
2018-07-27T06:22:31.929Z - verbose: Rebuild affected paths: C:\repos\nus-cs2103\website-base\book\oop\classes\what\text.md
2018-07-27T06:22:31.929Z - info: Rebuilding 6 pages
2018-07-27T06:22:52.464Z - info: Pages rebuilt
2018-07-27T06:22:52.473Z - info: Site data built
2018-07-27T06:23:28.729Z - info: Reload for file change: C:\repos\nus-cs2103\website-base\book\oop\classes\what\text.md
2018-07-27T06:23:29.739Z - verbose: Rebuild affected paths: C:\repos\nus-cs2103\website-base\book\oop\classes\what\text.md
2018-07-27T06:23:29.749Z - info: Rebuilding 6 pages
2018-07-27T06:23:51.121Z - info: Pages rebuilt
2018-07-27T06:23:51.133Z - info: Site data built
2018-07-27T06:27:01.856Z - info: Reload for file add: C:\repos\nus-cs2103\website-base\_markbind\head\bookHead.md
2018-07-27T06:27:01.856Z - info: Reload for file change: C:\repos\nus-cs2103\website-base\_markbind\head\bookHead.md
2018-07-27T06:27:02.873Z - verbose: Rebuild affected paths: C:\repos\nus-cs2103\website-base\_markbind\head\bookHead.md
2018-07-27T06:27:02.873Z - info: Rebuilding 0 pages
2018-07-27T06:27:02.874Z - info: Pages rebuilt
2018-07-27T06:27:02.884Z - info: Site data built
2018-07-27T06:27:33.662Z - info: Reload for file change: C:\repos\nus-cs2103\website-base\se-book-adapted\chapters\chapter.njk
2018-07-27T06:27:33.676Z - info: Reload for file change: C:\repos\nus-cs2103\website-base\_markbind\head\bookHead.md
2018-07-27T06:27:34.682Z - verbose: Rebuild affected paths: C:\repos\nus-cs2103\website-base\_markbind\head\bookHead.md
2018-07-27T06:27:34.682Z - info: Rebuilding 0 pages
2018-07-27T06:27:34.682Z - info: Pages rebuilt
2018-07-27T06:27:34.682Z - info: Assets built
2018-07-27T06:27:34.682Z - info: Site data built
2018-07-27T06:29:19.293Z - info: Pages built
2018-07-27T06:29:19.454Z - info: Site data built
2018-07-27T06:29:19.461Z - info: Generate Site durationMs=85053
2018-07-27T06:29:19.802Z - info: Serving "C:\repos\nus-cs2103\website-base\_site" at http://127.0.0.1:8080
2018-07-27T06:29:19.802Z - info: Press CTRL+C to stop ...
2018-07-27T06:32:53.522Z - info: Reload for file change: C:\repos\nus-cs2103\website-base\book\css\textbook.css
2018-07-27T06:32:54.544Z - info: Assets built
2018-07-27T06:34:53.106Z - info: Reload for file change: C:\repos\nus-cs2103\website-base\book\css\textbook.css
2018-07-27T06:34:54.118Z - info: Assets built
2018-07-27T06:41:15.532Z - info: Pages built
2018-07-27T06:41:15.687Z - info: Site data built
2018-07-27T06:41:15.697Z - info: Generate Site durationMs=83973
2018-07-27T06:41:16.020Z - info: Serving "C:\repos\nus-cs2103\website-base\_site" at http://127.0.0.1:8080
2018-07-27T06:41:16.020Z - info: Press CTRL+C to stop ...
2018-07-27T06:45:18.288Z - info: Pages built
2018-07-27T06:45:18.457Z - info: Site data built
2018-07-27T06:45:18.457Z - info: Build success!
2018-07-27T06:45:18.457Z - info: Generate Site durationMs=87383
2018-07-27T06:46:44.680Z - info: Deployed!
2018-07-27T08:42:03.812Z - info: Pages built
2018-07-27T08:42:03.990Z - info: Site data built
2018-07-27T08:42:04.000Z - info: Generate Site durationMs=158248
2018-07-27T08:42:04.466Z - info: Serving "C:\repos\nus-cs2103\website-base\_site" at http://127.0.0.1:8080
2018-07-27T08:42:04.466Z - info: Press CTRL+C to stop ...
2018-07-27T08:49:09.961Z - info: Pages built
2018-07-27T08:49:10.121Z - info: Site data built
2018-07-27T08:49:10.121Z - info: Build success!
2018-07-27T08:49:10.121Z - info: Generate Site durationMs=78851
2018-07-27T08:50:32.816Z - info: Deployed!
2018-07-27T09:01:05.723Z - info: Pages built
2018-07-27T09:01:05.885Z - info: Site data built
2018-07-27T09:01:05.894Z - info: Generate Site durationMs=77080
2018-07-27T09:01:06.257Z - info: Serving "C:\repos\nus-cs2103\website-base\_site" at http://127.0.0.1:8080
2018-07-27T09:01:06.257Z - info: Press CTRL+C to stop ...
2018-07-27T09:02:45.961Z - info: Reload for file change: C:\repos\nus-cs2103\website-base\_markbind\navigation\adminSiteNav.md
2018-07-27T09:02:46.965Z - verbose: Rebuild affected paths: C:\repos\nus-cs2103\website-base\_markbind\navigation\adminSiteNav.md
2018-07-27T09:02:46.978Z - info: Rebuilding 42 pages
2018-07-27T09:02:52.783Z - info: Pages rebuilt
2018-07-27T09:02:52.793Z - info: Site data built
2018-07-27T09:05:22.097Z - info: Reload for file change: C:\repos\nus-cs2103\website-base\_markbind\navigation\adminSiteNav-flat.md
2018-07-27T09:05:23.117Z - verbose: Rebuild affected paths: C:\repos\nus-cs2103\website-base\_markbind\navigation\adminSiteNav-flat.md
2018-07-27T09:05:23.117Z - info: Rebuilding 1 pages
2018-07-27T09:05:26.798Z - info: Pages rebuilt
2018-07-27T09:05:26.807Z - info: Site data built
2018-07-27T09:10:59.552Z - info: Reload for file change: C:\repos\nus-cs2103\website-base\_markbind\navigation\adminSiteNav.md
2018-07-27T09:11:00.557Z - verbose: Rebuild affected paths: C:\repos\nus-cs2103\website-base\_markbind\navigation\adminSiteNav.md
2018-07-27T09:11:01.062Z - info: Rebuilding 42 pages
2018-07-27T09:11:10.267Z - info: Pages rebuilt
2018-07-27T09:11:10.282Z - info: Site data built
2018-07-27T09:13:24.690Z - info: Reload for file change: C:\repos\nus-cs2103\website-base\_markbind\navigation\adminSiteNav.md
2018-07-27T09:13:25.700Z - verbose: Rebuild affected paths: C:\repos\nus-cs2103\website-base\_markbind\navigation\adminSiteNav.md
2018-07-27T09:13:25.709Z - info: Rebuilding 42 pages
2018-07-27T09:13:31.545Z - info: Pages rebuilt
2018-07-27T09:13:31.554Z - info: Site data built
2018-07-27T09:18:05.937Z - info: Reload for file change: C:\repos\nus-cs2103\website-base\_markbind\head\bookHead.md
2018-07-27T09:18:06.019Z - info: Reload for file deletion: C:\repos\nus-cs2103\website-base\_markbind\head\adminHead-flat.md
2018-07-27T09:18:06.026Z - info: Reload for file add: C:\repos\nus-cs2103\website-base\_markbind\head\adminHead-flat.md
2018-07-27T09:18:06.120Z - info: Reload for file deletion: C:\repos\nus-cs2103\website-base\_markbind\head\adminHead.md
2018-07-27T09:18:06.135Z - info: Reload for file add: C:\repos\nus-cs2103\website-base\_markbind\head\adminHead.md
2018-07-27T09:18:06.157Z - info: Reload for file change: C:\repos\nus-cs2103\website-base\_markbind\head\scheduleHead.md
2018-07-27T09:18:06.947Z - verbose: Rebuild affected paths: C:\repos\nus-cs2103\website-base\_markbind\head\bookHead.md,C:\repos\nus-cs2103\website-base\_markbind\head\adminHead-flat.md,C:\repos\nus-cs2103\website-base\_markbind\head\adminHead.md,C:\repos\nus-cs2103\website-base\_markbind\head\scheduleHead.md
2018-07-27T09:18:06.977Z - info: Rebuilding 103 pages
2018-07-27T09:19:06.418Z - info: Pages rebuilt
2018-07-27T09:19:06.445Z - info: Site data built
