2018-06-25T12:38:37.060Z - info: Pages built
2018-06-25T12:38:37.124Z - info: Site data built
2018-06-25T12:38:37.132Z - info: Generate Site durationMs=38599
2018-06-25T12:38:37.151Z - info: Serving "C:\repos\nus-cs2103\website-base\_site" at http://127.0.0.1:8080
2018-06-25T12:38:37.151Z - info: Press CTRL+C to stop ...
2018-06-25T12:40:54.189Z - info: Reload for file change: C:\repos\nus-cs2103\website-base\common\macros.njk
2018-06-25T12:40:55.239Z - info: Assets built
2018-06-25T12:41:38.512Z - info: Pages built
2018-06-25T12:41:38.555Z - info: Site data built
2018-06-25T12:41:38.563Z - info: Generate Site durationMs=35174
2018-06-25T12:41:38.564Z - info: Serving "C:\repos\nus-cs2103\website-base\_site" at http://127.0.0.1:8080
2018-06-25T12:41:38.564Z - info: Press CTRL+C to stop ...
2018-06-25T12:42:12.428Z - info: Reload for file change: C:\repos\nus-cs2103\website-base\common\macros.njk
2018-06-25T12:42:13.485Z - info: Assets built
2018-06-25T12:42:55.218Z - info: Pages built
2018-06-25T12:42:55.264Z - info: Site data built
2018-06-25T12:42:55.280Z - info: Generate Site durationMs=34560
2018-06-25T12:42:55.296Z - info: Serving "C:\repos\nus-cs2103\website-base\_site" at http://127.0.0.1:8080
2018-06-25T12:42:55.296Z - info: Press CTRL+C to stop ...
2018-06-25T12:44:23.890Z - info: Reload for file change: C:\repos\nus-cs2103\website-base\common\macros.njk
2018-06-25T12:44:24.939Z - info: Assets built
2018-06-25T12:45:09.980Z - info: Pages built
2018-06-25T12:45:10.051Z - info: Site data built
2018-06-25T12:45:10.058Z - info: Generate Site durationMs=35506
2018-06-25T12:45:10.070Z - info: Serving "C:\repos\nus-cs2103\website-base\_site" at http://127.0.0.1:8080
2018-06-25T12:45:10.070Z - info: Press CTRL+C to stop ...
2018-06-25T12:46:37.179Z - info: Reload for file change: C:\repos\nus-cs2103\website-base\common\macros.njk
2018-06-25T12:46:38.249Z - info: Assets built
2018-06-25T12:47:25.420Z - info: Pages built
2018-06-25T12:47:25.467Z - info: Site data built
2018-06-25T12:47:25.482Z - info: Generate Site durationMs=36477
2018-06-25T12:47:25.498Z - info: Serving "C:\repos\nus-cs2103\website-base\_site" at http://127.0.0.1:8080
2018-06-25T12:47:25.498Z - info: Press CTRL+C to stop ...
2018-06-25T12:48:31.135Z - info: Reload for file change: C:\repos\nus-cs2103\website-base\common\macros.njk
2018-06-25T12:48:32.151Z - info: Assets built
2018-06-25T12:49:48.441Z - info: Pages built
2018-06-25T12:49:48.492Z - info: Site data built
2018-06-25T12:49:48.508Z - info: Generate Site durationMs=37017
2018-06-25T12:49:48.525Z - info: Serving "C:\repos\nus-cs2103\website-base\_site" at http://127.0.0.1:8080
2018-06-25T12:49:48.525Z - info: Press CTRL+C to stop ...
2018-06-25T12:54:43.403Z - info: Pages built
2018-06-25T12:54:43.482Z - info: Site data built
2018-06-25T12:54:43.499Z - info: Generate Site durationMs=41205
2018-06-25T12:54:43.524Z - info: Serving "C:\repos\nus-cs2103\website-base\_site" at http://127.0.0.1:8080
2018-06-25T12:54:43.524Z - info: Press CTRL+C to stop ...
