2018-06-12T05:42:30.272Z - error:  Error: No such file: C:\repos\nus-cs2103\website-base\book\_markbind\boilerplates\text.md
Missing reference in C:\repos\nus-cs2103\website-base\book\_markbind\boilerplates\print.md
    at Parser._preprocess (C:\Users\dcsdcr\AppData\Roaming\npm\node_modules\markbind-cli\lib\markbind\lib\parser.js:136:21)
    at dom.map (C:\Users\dcsdcr\AppData\Roaming\npm\node_modules\markbind-cli\lib\markbind\lib\parser.js:386:28)
    at Array.map (<anonymous>)
    at DomHandler.htmlparser.DomHandler [as _callback] (C:\Users\dcsdcr\AppData\Roaming\npm\node_modules\markbind-cli\lib\markbind\lib\parser.js:383:25)
    at DomHandler._handleCallback.DomHandler.onerror (C:\Users\dcsdcr\AppData\Roaming\npm\node_modules\markbind-cli\node_modules\domhandler\index.js:52:8)
    at DomHandler.onend (C:\Users\dcsdcr\AppData\Roaming\npm\node_modules\markbind-cli\node_modules\domhandler\index.js:46:7)
    at Parser.onend (C:\Users\dcsdcr\AppData\Roaming\npm\node_modules\markbind-cli\node_modules\htmlparser2\lib\Parser.js:310:32)
    at Tokenizer._finish (C:\Users\dcsdcr\AppData\Roaming\npm\node_modules\markbind-cli\node_modules\htmlparser2\lib\Tokenizer.js:853:12)
    at Tokenizer.end (C:\Users\dcsdcr\AppData\Roaming\npm\node_modules\markbind-cli\node_modules\htmlparser2\lib\Tokenizer.js:844:25)
    at Parser.end (C:\Users\dcsdcr\AppData\Roaming\npm\node_modules\markbind-cli\node_modules\htmlparser2\lib\Parser.js:338:18)
    at Parser.parseComplete (C:\Users\dcsdcr\AppData\Roaming\npm\node_modules\markbind-cli\node_modules\htmlparser2\lib\Parser.js:330:7)
    at fs.readFile (C:\Users\dcsdcr\AppData\Roaming\npm\node_modules\markbind-cli\lib\markbind\lib\parser.js:422:16)
    at FSReqWrap.readFileAfterClose [as oncomplete] (fs.js:511:3)
2018-06-12T05:42:30.275Z - error:  Error: No such file: C:\repos\nus-cs2103\website-base\book\_markbind\boilerplates\text.md
Missing reference in C:\repos\nus-cs2103\website-base\book\_markbind\boilerplates\print.md
    at Parser._preprocess (C:\Users\dcsdcr\AppData\Roaming\npm\node_modules\markbind-cli\lib\markbind\lib\parser.js:136:21)
    at dom.map (C:\Users\dcsdcr\AppData\Roaming\npm\node_modules\markbind-cli\lib\markbind\lib\parser.js:386:28)
    at Array.map (<anonymous>)
    at DomHandler.htmlparser.DomHandler [as _callback] (C:\Users\dcsdcr\AppData\Roaming\npm\node_modules\markbind-cli\lib\markbind\lib\parser.js:383:25)
    at DomHandler._handleCallback.DomHandler.onerror (C:\Users\dcsdcr\AppData\Roaming\npm\node_modules\markbind-cli\node_modules\domhandler\index.js:52:8)
    at DomHandler.onend (C:\Users\dcsdcr\AppData\Roaming\npm\node_modules\markbind-cli\node_modules\domhandler\index.js:46:7)
    at Parser.onend (C:\Users\dcsdcr\AppData\Roaming\npm\node_modules\markbind-cli\node_modules\htmlparser2\lib\Parser.js:310:32)
    at Tokenizer._finish (C:\Users\dcsdcr\AppData\Roaming\npm\node_modules\markbind-cli\node_modules\htmlparser2\lib\Tokenizer.js:853:12)
    at Tokenizer.end (C:\Users\dcsdcr\AppData\Roaming\npm\node_modules\markbind-cli\node_modules\htmlparser2\lib\Tokenizer.js:844:25)
    at Parser.end (C:\Users\dcsdcr\AppData\Roaming\npm\node_modules\markbind-cli\node_modules\htmlparser2\lib\Parser.js:338:18)
    at Parser.parseComplete (C:\Users\dcsdcr\AppData\Roaming\npm\node_modules\markbind-cli\node_modules\htmlparser2\lib\Parser.js:330:7)
    at fs.readFile (C:\Users\dcsdcr\AppData\Roaming\npm\node_modules\markbind-cli\lib\markbind\lib\parser.js:422:16)
    at FSReqWrap.readFileAfterClose [as oncomplete] (fs.js:511:3)
2018-06-12T05:42:50.121Z - error:  Error: No such file: C:\repos\nus-cs2103\website-base\book\architecture\introduction\what\embed-inParent.md
Missing reference in C:\repos\nus-cs2103\website-base\se-book-adapted\chapters\architecture.md
    at Parser._preprocess (C:\Users\dcsdcr\AppData\Roaming\npm\node_modules\markbind-cli\lib\markbind\lib\parser.js:136:21)
    at element.children.element.children.map.e (C:\Users\dcsdcr\AppData\Roaming\npm\node_modules\markbind-cli\lib\markbind\lib\parser.js:250:57)
    at Array.map (<anonymous>)
    at Parser._preprocess (C:\Users\dcsdcr\AppData\Roaming\npm\node_modules\markbind-cli\lib\markbind\lib\parser.js:250:43)
    at element.children.element.children.map.e (C:\Users\dcsdcr\AppData\Roaming\npm\node_modules\markbind-cli\lib\markbind\lib\parser.js:250:57)
    at Array.map (<anonymous>)
    at Parser._preprocess (C:\Users\dcsdcr\AppData\Roaming\npm\node_modules\markbind-cli\lib\markbind\lib\parser.js:250:43)
    at element.children.element.children.map.e (C:\Users\dcsdcr\AppData\Roaming\npm\node_modules\markbind-cli\lib\markbind\lib\parser.js:250:57)
    at Array.map (<anonymous>)
    at Parser._preprocess (C:\Users\dcsdcr\AppData\Roaming\npm\node_modules\markbind-cli\lib\markbind\lib\parser.js:250:43)
    at element.children.element.children.map.e (C:\Users\dcsdcr\AppData\Roaming\npm\node_modules\markbind-cli\lib\markbind\lib\parser.js:250:57)
    at Array.map (<anonymous>)
    at Parser._preprocess (C:\Users\dcsdcr\AppData\Roaming\npm\node_modules\markbind-cli\lib\markbind\lib\parser.js:250:43)
    at dom.map (C:\Users\dcsdcr\AppData\Roaming\npm\node_modules\markbind-cli\lib\markbind\lib\parser.js:386:28)
    at Array.map (<anonymous>)
    at DomHandler.htmlparser.DomHandler [as _callback] (C:\Users\dcsdcr\AppData\Roaming\npm\node_modules\markbind-cli\lib\markbind\lib\parser.js:383:25)
2018-06-12T05:42:50.123Z - error:  Error: No such file: C:\repos\nus-cs2103\website-base\book\architecture\architectureDiagrams\reading\embed-inParent.md
Missing reference in C:\repos\nus-cs2103\website-base\se-book-adapted\chapters\architecture.md
    at Parser._preprocess (C:\Users\dcsdcr\AppData\Roaming\npm\node_modules\markbind-cli\lib\markbind\lib\parser.js:136:21)
    at element.children.element.children.map.e (C:\Users\dcsdcr\AppData\Roaming\npm\node_modules\markbind-cli\lib\markbind\lib\parser.js:250:57)
    at Array.map (<anonymous>)
    at Parser._preprocess (C:\Users\dcsdcr\AppData\Roaming\npm\node_modules\markbind-cli\lib\markbind\lib\parser.js:250:43)
    at element.children.element.children.map.e (C:\Users\dcsdcr\AppData\Roaming\npm\node_modules\markbind-cli\lib\markbind\lib\parser.js:250:57)
    at Array.map (<anonymous>)
    at Parser._preprocess (C:\Users\dcsdcr\AppData\Roaming\npm\node_modules\markbind-cli\lib\markbind\lib\parser.js:250:43)
    at element.children.element.children.map.e (C:\Users\dcsdcr\AppData\Roaming\npm\node_modules\markbind-cli\lib\markbind\lib\parser.js:250:57)
    at Array.map (<anonymous>)
    at Parser._preprocess (C:\Users\dcsdcr\AppData\Roaming\npm\node_modules\markbind-cli\lib\markbind\lib\parser.js:250:43)
    at element.children.element.children.map.e (C:\Users\dcsdcr\AppData\Roaming\npm\node_modules\markbind-cli\lib\markbind\lib\parser.js:250:57)
    at Array.map (<anonymous>)
    at Parser._preprocess (C:\Users\dcsdcr\AppData\Roaming\npm\node_modules\markbind-cli\lib\markbind\lib\parser.js:250:43)
    at dom.map (C:\Users\dcsdcr\AppData\Roaming\npm\node_modules\markbind-cli\lib\markbind\lib\parser.js:386:28)
    at Array.map (<anonymous>)
    at DomHandler.htmlparser.DomHandler [as _callback] (C:\Users\dcsdcr\AppData\Roaming\npm\node_modules\markbind-cli\lib\markbind\lib\parser.js:383:25)
2018-06-12T05:42:50.124Z - error:  Error: No such file: C:\repos\nus-cs2103\website-base\book\architecture\architectureDiagrams\drawing\embed-inParent.md
Missing reference in C:\repos\nus-cs2103\website-base\se-book-adapted\chapters\architecture.md
    at Parser._preprocess (C:\Users\dcsdcr\AppData\Roaming\npm\node_modules\markbind-cli\lib\markbind\lib\parser.js:136:21)
    at element.children.element.children.map.e (C:\Users\dcsdcr\AppData\Roaming\npm\node_modules\markbind-cli\lib\markbind\lib\parser.js:250:57)
    at Array.map (<anonymous>)
    at Parser._preprocess (C:\Users\dcsdcr\AppData\Roaming\npm\node_modules\markbind-cli\lib\markbind\lib\parser.js:250:43)
    at element.children.element.children.map.e (C:\Users\dcsdcr\AppData\Roaming\npm\node_modules\markbind-cli\lib\markbind\lib\parser.js:250:57)
    at Array.map (<anonymous>)
    at Parser._preprocess (C:\Users\dcsdcr\AppData\Roaming\npm\node_modules\markbind-cli\lib\markbind\lib\parser.js:250:43)
    at element.children.element.children.map.e (C:\Users\dcsdcr\AppData\Roaming\npm\node_modules\markbind-cli\lib\markbind\lib\parser.js:250:57)
    at Array.map (<anonymous>)
    at Parser._preprocess (C:\Users\dcsdcr\AppData\Roaming\npm\node_modules\markbind-cli\lib\markbind\lib\parser.js:250:43)
    at element.children.element.children.map.e (C:\Users\dcsdcr\AppData\Roaming\npm\node_modules\markbind-cli\lib\markbind\lib\parser.js:250:57)
    at Array.map (<anonymous>)
    at Parser._preprocess (C:\Users\dcsdcr\AppData\Roaming\npm\node_modules\markbind-cli\lib\markbind\lib\parser.js:250:43)
    at dom.map (C:\Users\dcsdcr\AppData\Roaming\npm\node_modules\markbind-cli\lib\markbind\lib\parser.js:386:28)
    at Array.map (<anonymous>)
    at DomHandler.htmlparser.DomHandler [as _callback] (C:\Users\dcsdcr\AppData\Roaming\npm\node_modules\markbind-cli\lib\markbind\lib\parser.js:383:25)
2018-06-12T05:42:50.127Z - error:  Error: No such file: C:\repos\nus-cs2103\website-base\book\architecture\architecturalStyles\introduction\what\embed-inParent.md
Missing reference in C:\repos\nus-cs2103\website-base\se-book-adapted\chapters\architecture.md
    at Parser._preprocess (C:\Users\dcsdcr\AppData\Roaming\npm\node_modules\markbind-cli\lib\markbind\lib\parser.js:136:21)
    at element.children.element.children.map.e (C:\Users\dcsdcr\AppData\Roaming\npm\node_modules\markbind-cli\lib\markbind\lib\parser.js:250:57)
    at Array.map (<anonymous>)
    at Parser._preprocess (C:\Users\dcsdcr\AppData\Roaming\npm\node_modules\markbind-cli\lib\markbind\lib\parser.js:250:43)
    at element.children.element.children.map.e (C:\Users\dcsdcr\AppData\Roaming\npm\node_modules\markbind-cli\lib\markbind\lib\parser.js:250:57)
    at Array.map (<anonymous>)
    at Parser._preprocess (C:\Users\dcsdcr\AppData\Roaming\npm\node_modules\markbind-cli\lib\markbind\lib\parser.js:250:43)
    at element.children.element.children.map.e (C:\Users\dcsdcr\AppData\Roaming\npm\node_modules\markbind-cli\lib\markbind\lib\parser.js:250:57)
    at Array.map (<anonymous>)
    at Parser._preprocess (C:\Users\dcsdcr\AppData\Roaming\npm\node_modules\markbind-cli\lib\markbind\lib\parser.js:250:43)
    at element.children.element.children.map.e (C:\Users\dcsdcr\AppData\Roaming\npm\node_modules\markbind-cli\lib\markbind\lib\parser.js:250:57)
    at Array.map (<anonymous>)
    at Parser._preprocess (C:\Users\dcsdcr\AppData\Roaming\npm\node_modules\markbind-cli\lib\markbind\lib\parser.js:250:43)
    at element.children.element.children.map.e (C:\Users\dcsdcr\AppData\Roaming\npm\node_modules\markbind-cli\lib\markbind\lib\parser.js:250:57)
    at Array.map (<anonymous>)
    at Parser._preprocess (C:\Users\dcsdcr\AppData\Roaming\npm\node_modules\markbind-cli\lib\markbind\lib\parser.js:250:43)
2018-06-12T05:42:50.128Z - error:  Error: No such file: C:\repos\nus-cs2103\website-base\book\architecture\architecturalStyles\nTier\what\embed-inParent.md
Missing reference in C:\repos\nus-cs2103\website-base\se-book-adapted\chapters\architecture.md
    at Parser._preprocess (C:\Users\dcsdcr\AppData\Roaming\npm\node_modules\markbind-cli\lib\markbind\lib\parser.js:136:21)
    at element.children.element.children.map.e (C:\Users\dcsdcr\AppData\Roaming\npm\node_modules\markbind-cli\lib\markbind\lib\parser.js:250:57)
    at Array.map (<anonymous>)
    at Parser._preprocess (C:\Users\dcsdcr\AppData\Roaming\npm\node_modules\markbind-cli\lib\markbind\lib\parser.js:250:43)
    at element.children.element.children.map.e (C:\Users\dcsdcr\AppData\Roaming\npm\node_modules\markbind-cli\lib\markbind\lib\parser.js:250:57)
    at Array.map (<anonymous>)
    at Parser._preprocess (C:\Users\dcsdcr\AppData\Roaming\npm\node_modules\markbind-cli\lib\markbind\lib\parser.js:250:43)
    at element.children.element.children.map.e (C:\Users\dcsdcr\AppData\Roaming\npm\node_modules\markbind-cli\lib\markbind\lib\parser.js:250:57)
    at Array.map (<anonymous>)
    at Parser._preprocess (C:\Users\dcsdcr\AppData\Roaming\npm\node_modules\markbind-cli\lib\markbind\lib\parser.js:250:43)
    at element.children.element.children.map.e (C:\Users\dcsdcr\AppData\Roaming\npm\node_modules\markbind-cli\lib\markbind\lib\parser.js:250:57)
    at Array.map (<anonymous>)
    at Parser._preprocess (C:\Users\dcsdcr\AppData\Roaming\npm\node_modules\markbind-cli\lib\markbind\lib\parser.js:250:43)
    at element.children.element.children.map.e (C:\Users\dcsdcr\AppData\Roaming\npm\node_modules\markbind-cli\lib\markbind\lib\parser.js:250:57)
    at Array.map (<anonymous>)
    at Parser._preprocess (C:\Users\dcsdcr\AppData\Roaming\npm\node_modules\markbind-cli\lib\markbind\lib\parser.js:250:43)
2018-06-12T05:42:50.130Z - error:  Error: No such file: C:\repos\nus-cs2103\website-base\book\architecture\architecturalStyles\clientServer\what\embed-inParent.md
Missing reference in C:\repos\nus-cs2103\website-base\se-book-adapted\chapters\architecture.md
    at Parser._preprocess (C:\Users\dcsdcr\AppData\Roaming\npm\node_modules\markbind-cli\lib\markbind\lib\parser.js:136:21)
    at element.children.element.children.map.e (C:\Users\dcsdcr\AppData\Roaming\npm\node_modules\markbind-cli\lib\markbind\lib\parser.js:250:57)
    at Array.map (<anonymous>)
    at Parser._preprocess (C:\Users\dcsdcr\AppData\Roaming\npm\node_modules\markbind-cli\lib\markbind\lib\parser.js:250:43)
    at element.children.element.children.map.e (C:\Users\dcsdcr\AppData\Roaming\npm\node_modules\markbind-cli\lib\markbind\lib\parser.js:250:57)
    at Array.map (<anonymous>)
    at Parser._preprocess (C:\Users\dcsdcr\AppData\Roaming\npm\node_modules\markbind-cli\lib\markbind\lib\parser.js:250:43)
    at element.children.element.children.map.e (C:\Users\dcsdcr\AppData\Roaming\npm\node_modules\markbind-cli\lib\markbind\lib\parser.js:250:57)
    at Array.map (<anonymous>)
    at Parser._preprocess (C:\Users\dcsdcr\AppData\Roaming\npm\node_modules\markbind-cli\lib\markbind\lib\parser.js:250:43)
    at element.children.element.children.map.e (C:\Users\dcsdcr\AppData\Roaming\npm\node_modules\markbind-cli\lib\markbind\lib\parser.js:250:57)
    at Array.map (<anonymous>)
    at Parser._preprocess (C:\Users\dcsdcr\AppData\Roaming\npm\node_modules\markbind-cli\lib\markbind\lib\parser.js:250:43)
    at element.children.element.children.map.e (C:\Users\dcsdcr\AppData\Roaming\npm\node_modules\markbind-cli\lib\markbind\lib\parser.js:250:57)
    at Array.map (<anonymous>)
    at Parser._preprocess (C:\Users\dcsdcr\AppData\Roaming\npm\node_modules\markbind-cli\lib\markbind\lib\parser.js:250:43)
2018-06-12T05:42:50.132Z - error:  Error: No such file: C:\repos\nus-cs2103\website-base\book\architecture\architecturalStyles\transactionProcessing\what\embed-inParent.md
Missing reference in C:\repos\nus-cs2103\website-base\se-book-adapted\chapters\architecture.md
    at Parser._preprocess (C:\Users\dcsdcr\AppData\Roaming\npm\node_modules\markbind-cli\lib\markbind\lib\parser.js:136:21)
    at element.children.element.children.map.e (C:\Users\dcsdcr\AppData\Roaming\npm\node_modules\markbind-cli\lib\markbind\lib\parser.js:250:57)
    at Array.map (<anonymous>)
    at Parser._preprocess (C:\Users\dcsdcr\AppData\Roaming\npm\node_modules\markbind-cli\lib\markbind\lib\parser.js:250:43)
    at element.children.element.children.map.e (C:\Users\dcsdcr\AppData\Roaming\npm\node_modules\markbind-cli\lib\markbind\lib\parser.js:250:57)
    at Array.map (<anonymous>)
    at Parser._preprocess (C:\Users\dcsdcr\AppData\Roaming\npm\node_modules\markbind-cli\lib\markbind\lib\parser.js:250:43)
    at element.children.element.children.map.e (C:\Users\dcsdcr\AppData\Roaming\npm\node_modules\markbind-cli\lib\markbind\lib\parser.js:250:57)
    at Array.map (<anonymous>)
    at Parser._preprocess (C:\Users\dcsdcr\AppData\Roaming\npm\node_modules\markbind-cli\lib\markbind\lib\parser.js:250:43)
    at element.children.element.children.map.e (C:\Users\dcsdcr\AppData\Roaming\npm\node_modules\markbind-cli\lib\markbind\lib\parser.js:250:57)
    at Array.map (<anonymous>)
    at Parser._preprocess (C:\Users\dcsdcr\AppData\Roaming\npm\node_modules\markbind-cli\lib\markbind\lib\parser.js:250:43)
    at element.children.element.children.map.e (C:\Users\dcsdcr\AppData\Roaming\npm\node_modules\markbind-cli\lib\markbind\lib\parser.js:250:57)
    at Array.map (<anonymous>)
    at Parser._preprocess (C:\Users\dcsdcr\AppData\Roaming\npm\node_modules\markbind-cli\lib\markbind\lib\parser.js:250:43)
2018-06-12T05:42:50.133Z - error:  Error: No such file: C:\repos\nus-cs2103\website-base\book\architecture\architecturalStyles\serviceOriented\what\embed-inParent.md
Missing reference in C:\repos\nus-cs2103\website-base\se-book-adapted\chapters\architecture.md
    at Parser._preprocess (C:\Users\dcsdcr\AppData\Roaming\npm\node_modules\markbind-cli\lib\markbind\lib\parser.js:136:21)
    at element.children.element.children.map.e (C:\Users\dcsdcr\AppData\Roaming\npm\node_modules\markbind-cli\lib\markbind\lib\parser.js:250:57)
    at Array.map (<anonymous>)
    at Parser._preprocess (C:\Users\dcsdcr\AppData\Roaming\npm\node_modules\markbind-cli\lib\markbind\lib\parser.js:250:43)
    at element.children.element.children.map.e (C:\Users\dcsdcr\AppData\Roaming\npm\node_modules\markbind-cli\lib\markbind\lib\parser.js:250:57)
    at Array.map (<anonymous>)
    at Parser._preprocess (C:\Users\dcsdcr\AppData\Roaming\npm\node_modules\markbind-cli\lib\markbind\lib\parser.js:250:43)
    at element.children.element.children.map.e (C:\Users\dcsdcr\AppData\Roaming\npm\node_modules\markbind-cli\lib\markbind\lib\parser.js:250:57)
    at Array.map (<anonymous>)
    at Parser._preprocess (C:\Users\dcsdcr\AppData\Roaming\npm\node_modules\markbind-cli\lib\markbind\lib\parser.js:250:43)
    at element.children.element.children.map.e (C:\Users\dcsdcr\AppData\Roaming\npm\node_modules\markbind-cli\lib\markbind\lib\parser.js:250:57)
    at Array.map (<anonymous>)
    at Parser._preprocess (C:\Users\dcsdcr\AppData\Roaming\npm\node_modules\markbind-cli\lib\markbind\lib\parser.js:250:43)
    at element.children.element.children.map.e (C:\Users\dcsdcr\AppData\Roaming\npm\node_modules\markbind-cli\lib\markbind\lib\parser.js:250:57)
    at Array.map (<anonymous>)
    at Parser._preprocess (C:\Users\dcsdcr\AppData\Roaming\npm\node_modules\markbind-cli\lib\markbind\lib\parser.js:250:43)
2018-06-12T05:42:50.135Z - error:  Error: No such file: C:\repos\nus-cs2103\website-base\book\architecture\architecturalStyles\eventDriven\what\embed-inParent.md
Missing reference in C:\repos\nus-cs2103\website-base\se-book-adapted\chapters\architecture.md
    at Parser._preprocess (C:\Users\dcsdcr\AppData\Roaming\npm\node_modules\markbind-cli\lib\markbind\lib\parser.js:136:21)
    at element.children.element.children.map.e (C:\Users\dcsdcr\AppData\Roaming\npm\node_modules\markbind-cli\lib\markbind\lib\parser.js:250:57)
    at Array.map (<anonymous>)
    at Parser._preprocess (C:\Users\dcsdcr\AppData\Roaming\npm\node_modules\markbind-cli\lib\markbind\lib\parser.js:250:43)
    at element.children.element.children.map.e (C:\Users\dcsdcr\AppData\Roaming\npm\node_modules\markbind-cli\lib\markbind\lib\parser.js:250:57)
    at Array.map (<anonymous>)
    at Parser._preprocess (C:\Users\dcsdcr\AppData\Roaming\npm\node_modules\markbind-cli\lib\markbind\lib\parser.js:250:43)
    at element.children.element.children.map.e (C:\Users\dcsdcr\AppData\Roaming\npm\node_modules\markbind-cli\lib\markbind\lib\parser.js:250:57)
    at Array.map (<anonymous>)
    at Parser._preprocess (C:\Users\dcsdcr\AppData\Roaming\npm\node_modules\markbind-cli\lib\markbind\lib\parser.js:250:43)
    at element.children.element.children.map.e (C:\Users\dcsdcr\AppData\Roaming\npm\node_modules\markbind-cli\lib\markbind\lib\parser.js:250:57)
    at Array.map (<anonymous>)
    at Parser._preprocess (C:\Users\dcsdcr\AppData\Roaming\npm\node_modules\markbind-cli\lib\markbind\lib\parser.js:250:43)
    at element.children.element.children.map.e (C:\Users\dcsdcr\AppData\Roaming\npm\node_modules\markbind-cli\lib\markbind\lib\parser.js:250:57)
    at Array.map (<anonymous>)
    at Parser._preprocess (C:\Users\dcsdcr\AppData\Roaming\npm\node_modules\markbind-cli\lib\markbind\lib\parser.js:250:43)
2018-06-12T05:42:50.136Z - error:  Error: No such file: C:\repos\nus-cs2103\website-base\book\architecture\architecturalStyles\more\moreStyles\embed-inParent.md
Missing reference in C:\repos\nus-cs2103\website-base\se-book-adapted\chapters\architecture.md
    at Parser._preprocess (C:\Users\dcsdcr\AppData\Roaming\npm\node_modules\markbind-cli\lib\markbind\lib\parser.js:136:21)
    at element.children.element.children.map.e (C:\Users\dcsdcr\AppData\Roaming\npm\node_modules\markbind-cli\lib\markbind\lib\parser.js:250:57)
    at Array.map (<anonymous>)
    at Parser._preprocess (C:\Users\dcsdcr\AppData\Roaming\npm\node_modules\markbind-cli\lib\markbind\lib\parser.js:250:43)
    at element.children.element.children.map.e (C:\Users\dcsdcr\AppData\Roaming\npm\node_modules\markbind-cli\lib\markbind\lib\parser.js:250:57)
    at Array.map (<anonymous>)
    at Parser._preprocess (C:\Users\dcsdcr\AppData\Roaming\npm\node_modules\markbind-cli\lib\markbind\lib\parser.js:250:43)
    at element.children.element.children.map.e (C:\Users\dcsdcr\AppData\Roaming\npm\node_modules\markbind-cli\lib\markbind\lib\parser.js:250:57)
    at Array.map (<anonymous>)
    at Parser._preprocess (C:\Users\dcsdcr\AppData\Roaming\npm\node_modules\markbind-cli\lib\markbind\lib\parser.js:250:43)
    at element.children.element.children.map.e (C:\Users\dcsdcr\AppData\Roaming\npm\node_modules\markbind-cli\lib\markbind\lib\parser.js:250:57)
    at Array.map (<anonymous>)
    at Parser._preprocess (C:\Users\dcsdcr\AppData\Roaming\npm\node_modules\markbind-cli\lib\markbind\lib\parser.js:250:43)
    at element.children.element.children.map.e (C:\Users\dcsdcr\AppData\Roaming\npm\node_modules\markbind-cli\lib\markbind\lib\parser.js:250:57)
    at Array.map (<anonymous>)
    at Parser._preprocess (C:\Users\dcsdcr\AppData\Roaming\npm\node_modules\markbind-cli\lib\markbind\lib\parser.js:250:43)
2018-06-12T05:42:50.136Z - error:  Error: No such file: C:\repos\nus-cs2103\website-base\book\architecture\architecturalStyles\more\usingStyles\embed-inParent.md
Missing reference in C:\repos\nus-cs2103\website-base\se-book-adapted\chapters\architecture.md
    at Parser._preprocess (C:\Users\dcsdcr\AppData\Roaming\npm\node_modules\markbind-cli\lib\markbind\lib\parser.js:136:21)
    at element.children.element.children.map.e (C:\Users\dcsdcr\AppData\Roaming\npm\node_modules\markbind-cli\lib\markbind\lib\parser.js:250:57)
    at Array.map (<anonymous>)
    at Parser._preprocess (C:\Users\dcsdcr\AppData\Roaming\npm\node_modules\markbind-cli\lib\markbind\lib\parser.js:250:43)
    at element.children.element.children.map.e (C:\Users\dcsdcr\AppData\Roaming\npm\node_modules\markbind-cli\lib\markbind\lib\parser.js:250:57)
    at Array.map (<anonymous>)
    at Parser._preprocess (C:\Users\dcsdcr\AppData\Roaming\npm\node_modules\markbind-cli\lib\markbind\lib\parser.js:250:43)
    at element.children.element.children.map.e (C:\Users\dcsdcr\AppData\Roaming\npm\node_modules\markbind-cli\lib\markbind\lib\parser.js:250:57)
    at Array.map (<anonymous>)
    at Parser._preprocess (C:\Users\dcsdcr\AppData\Roaming\npm\node_modules\markbind-cli\lib\markbind\lib\parser.js:250:43)
    at element.children.element.children.map.e (C:\Users\dcsdcr\AppData\Roaming\npm\node_modules\markbind-cli\lib\markbind\lib\parser.js:250:57)
    at Array.map (<anonymous>)
    at Parser._preprocess (C:\Users\dcsdcr\AppData\Roaming\npm\node_modules\markbind-cli\lib\markbind\lib\parser.js:250:43)
    at element.children.element.children.map.e (C:\Users\dcsdcr\AppData\Roaming\npm\node_modules\markbind-cli\lib\markbind\lib\parser.js:250:57)
    at Array.map (<anonymous>)
    at Parser._preprocess (C:\Users\dcsdcr\AppData\Roaming\npm\node_modules\markbind-cli\lib\markbind\lib\parser.js:250:43)
2018-06-12T05:43:25.114Z - info: Pages built
2018-06-12T05:43:25.348Z - info: Site data built
2018-06-12T05:43:25.356Z - info: Generate Site durationMs=103659
2018-06-12T05:43:25.752Z - info: Serving "C:\repos\nus-cs2103\website-base\_site" at http://127.0.0.1:8080
2018-06-12T05:43:25.752Z - info: Press CTRL+C to stop ...
2018-06-12T05:45:13.683Z - info: Reload for file change: C:\repos\nus-cs2103\website-base\se-book-adapted\chapters\architecture.md
2018-06-12T05:45:14.703Z - verbose: Rebuild affected paths: C:\repos\nus-cs2103\website-base\se-book-adapted\chapters\architecture.md
2018-06-12T05:45:14.703Z - info: Rebuilding 1 pages
2018-06-12T05:45:15.145Z - info: Pages rebuilt
2018-06-12T05:45:15.161Z - info: Site data built
2018-06-12T05:51:43.371Z - error:  Error: No such file: C:\repos\nus-cs2103\website-base\book\_markbind\boilerplates\text.md
Missing reference in C:\repos\nus-cs2103\website-base\book\_markbind\boilerplates\print.md
    at Parser._preprocess (C:\Users\dcsdcr\AppData\Roaming\npm\node_modules\markbind-cli\lib\markbind\lib\parser.js:136:21)
    at dom.map (C:\Users\dcsdcr\AppData\Roaming\npm\node_modules\markbind-cli\lib\markbind\lib\parser.js:386:28)
    at Array.map (<anonymous>)
    at DomHandler.htmlparser.DomHandler [as _callback] (C:\Users\dcsdcr\AppData\Roaming\npm\node_modules\markbind-cli\lib\markbind\lib\parser.js:383:25)
    at DomHandler._handleCallback.DomHandler.onerror (C:\Users\dcsdcr\AppData\Roaming\npm\node_modules\markbind-cli\node_modules\domhandler\index.js:52:8)
    at DomHandler.onend (C:\Users\dcsdcr\AppData\Roaming\npm\node_modules\markbind-cli\node_modules\domhandler\index.js:46:7)
    at Parser.onend (C:\Users\dcsdcr\AppData\Roaming\npm\node_modules\markbind-cli\node_modules\htmlparser2\lib\Parser.js:310:32)
    at Tokenizer._finish (C:\Users\dcsdcr\AppData\Roaming\npm\node_modules\markbind-cli\node_modules\htmlparser2\lib\Tokenizer.js:853:12)
    at Tokenizer.end (C:\Users\dcsdcr\AppData\Roaming\npm\node_modules\markbind-cli\node_modules\htmlparser2\lib\Tokenizer.js:844:25)
    at Parser.end (C:\Users\dcsdcr\AppData\Roaming\npm\node_modules\markbind-cli\node_modules\htmlparser2\lib\Parser.js:338:18)
    at Parser.parseComplete (C:\Users\dcsdcr\AppData\Roaming\npm\node_modules\markbind-cli\node_modules\htmlparser2\lib\Parser.js:330:7)
    at fs.readFile (C:\Users\dcsdcr\AppData\Roaming\npm\node_modules\markbind-cli\lib\markbind\lib\parser.js:422:16)
    at FSReqWrap.readFileAfterClose [as oncomplete] (fs.js:511:3)
2018-06-12T05:51:43.373Z - error:  Error: No such file: C:\repos\nus-cs2103\website-base\book\_markbind\boilerplates\text.md
Missing reference in C:\repos\nus-cs2103\website-base\book\_markbind\boilerplates\print.md
    at Parser._preprocess (C:\Users\dcsdcr\AppData\Roaming\npm\node_modules\markbind-cli\lib\markbind\lib\parser.js:136:21)
    at dom.map (C:\Users\dcsdcr\AppData\Roaming\npm\node_modules\markbind-cli\lib\markbind\lib\parser.js:386:28)
    at Array.map (<anonymous>)
    at DomHandler.htmlparser.DomHandler [as _callback] (C:\Users\dcsdcr\AppData\Roaming\npm\node_modules\markbind-cli\lib\markbind\lib\parser.js:383:25)
    at DomHandler._handleCallback.DomHandler.onerror (C:\Users\dcsdcr\AppData\Roaming\npm\node_modules\markbind-cli\node_modules\domhandler\index.js:52:8)
    at DomHandler.onend (C:\Users\dcsdcr\AppData\Roaming\npm\node_modules\markbind-cli\node_modules\domhandler\index.js:46:7)
    at Parser.onend (C:\Users\dcsdcr\AppData\Roaming\npm\node_modules\markbind-cli\node_modules\htmlparser2\lib\Parser.js:310:32)
    at Tokenizer._finish (C:\Users\dcsdcr\AppData\Roaming\npm\node_modules\markbind-cli\node_modules\htmlparser2\lib\Tokenizer.js:853:12)
    at Tokenizer.end (C:\Users\dcsdcr\AppData\Roaming\npm\node_modules\markbind-cli\node_modules\htmlparser2\lib\Tokenizer.js:844:25)
    at Parser.end (C:\Users\dcsdcr\AppData\Roaming\npm\node_modules\markbind-cli\node_modules\htmlparser2\lib\Parser.js:338:18)
    at Parser.parseComplete (C:\Users\dcsdcr\AppData\Roaming\npm\node_modules\markbind-cli\node_modules\htmlparser2\lib\Parser.js:330:7)
    at fs.readFile (C:\Users\dcsdcr\AppData\Roaming\npm\node_modules\markbind-cli\lib\markbind\lib\parser.js:422:16)
    at FSReqWrap.readFileAfterClose [as oncomplete] (fs.js:511:3)
2018-06-12T05:52:01.833Z - error: uncaughtException: Cannot read property 'toString' of null date=Tue Jun 12 2018 13:52:01 GMT+0800 (Malay Peninsula Standard Time), pid=9424, uid=null, gid=null, cwd=C:\repos\nus-cs2103\website-base, execPath=C:\Program Files\nodejs\node.exe, version=v8.9.4, argv=[C:\Program Files\nodejs\node.exe, C:\Users\dcsdcr\AppData\Roaming\npm\node_modules\markbind-cli\index.js, serve], rss=296824832, heapTotal=275484672, heapUsed=208724560, external=298436, loadavg=[0, 0, 0], uptime=700637.3334969
TypeError: Cannot read property 'toString' of null
    at fs.readFile (C:\Users\dcsdcr\AppData\Roaming\npm\node_modules\markbind-cli\lib\markbind\lib\parser.js:422:42)
    at FSReqWrap.readFileAfterClose [as oncomplete] (fs.js:511:3)
2018-06-12T05:52:08.372Z - error: uncaughtException: Cannot read property 'toString' of null date=Tue Jun 12 2018 13:52:08 GMT+0800 (Malay Peninsula Standard Time), pid=9424, uid=null, gid=null, cwd=C:\repos\nus-cs2103\website-base, execPath=C:\Program Files\nodejs\node.exe, version=v8.9.4, argv=[C:\Program Files\nodejs\node.exe, C:\Users\dcsdcr\AppData\Roaming\npm\node_modules\markbind-cli\index.js, serve], rss=340848640, heapTotal=318582784, heapUsed=177000200, external=159076, loadavg=[0, 0, 0], uptime=700643.8763514
TypeError: Cannot read property 'toString' of null
    at fs.readFile (C:\Users\dcsdcr\AppData\Roaming\npm\node_modules\markbind-cli\lib\markbind\lib\parser.js:422:42)
    at FSReqWrap.readFileAfterClose [as oncomplete] (fs.js:511:3)
2018-06-12T05:55:08.056Z - error:  Error: No such file: C:\repos\nus-cs2103\website-base\book\_markbind\boilerplates\text.md
Missing reference in C:\repos\nus-cs2103\website-base\book\_markbind\boilerplates\print.md
    at Parser._preprocess (C:\Users\dcsdcr\AppData\Roaming\npm\node_modules\markbind-cli\lib\markbind\lib\parser.js:136:21)
    at dom.map (C:\Users\dcsdcr\AppData\Roaming\npm\node_modules\markbind-cli\lib\markbind\lib\parser.js:386:28)
    at Array.map (<anonymous>)
    at DomHandler.htmlparser.DomHandler [as _callback] (C:\Users\dcsdcr\AppData\Roaming\npm\node_modules\markbind-cli\lib\markbind\lib\parser.js:383:25)
    at DomHandler._handleCallback.DomHandler.onerror (C:\Users\dcsdcr\AppData\Roaming\npm\node_modules\markbind-cli\node_modules\domhandler\index.js:52:8)
    at DomHandler.onend (C:\Users\dcsdcr\AppData\Roaming\npm\node_modules\markbind-cli\node_modules\domhandler\index.js:46:7)
    at Parser.onend (C:\Users\dcsdcr\AppData\Roaming\npm\node_modules\markbind-cli\node_modules\htmlparser2\lib\Parser.js:310:32)
    at Tokenizer._finish (C:\Users\dcsdcr\AppData\Roaming\npm\node_modules\markbind-cli\node_modules\htmlparser2\lib\Tokenizer.js:853:12)
    at Tokenizer.end (C:\Users\dcsdcr\AppData\Roaming\npm\node_modules\markbind-cli\node_modules\htmlparser2\lib\Tokenizer.js:844:25)
    at Parser.end (C:\Users\dcsdcr\AppData\Roaming\npm\node_modules\markbind-cli\node_modules\htmlparser2\lib\Parser.js:338:18)
    at Parser.parseComplete (C:\Users\dcsdcr\AppData\Roaming\npm\node_modules\markbind-cli\node_modules\htmlparser2\lib\Parser.js:330:7)
    at fs.readFile (C:\Users\dcsdcr\AppData\Roaming\npm\node_modules\markbind-cli\lib\markbind\lib\parser.js:422:16)
    at FSReqWrap.readFileAfterClose [as oncomplete] (fs.js:511:3)
2018-06-12T05:55:08.058Z - error:  Error: No such file: C:\repos\nus-cs2103\website-base\book\_markbind\boilerplates\text.md
Missing reference in C:\repos\nus-cs2103\website-base\book\_markbind\boilerplates\print.md
    at Parser._preprocess (C:\Users\dcsdcr\AppData\Roaming\npm\node_modules\markbind-cli\lib\markbind\lib\parser.js:136:21)
    at dom.map (C:\Users\dcsdcr\AppData\Roaming\npm\node_modules\markbind-cli\lib\markbind\lib\parser.js:386:28)
    at Array.map (<anonymous>)
    at DomHandler.htmlparser.DomHandler [as _callback] (C:\Users\dcsdcr\AppData\Roaming\npm\node_modules\markbind-cli\lib\markbind\lib\parser.js:383:25)
    at DomHandler._handleCallback.DomHandler.onerror (C:\Users\dcsdcr\AppData\Roaming\npm\node_modules\markbind-cli\node_modules\domhandler\index.js:52:8)
    at DomHandler.onend (C:\Users\dcsdcr\AppData\Roaming\npm\node_modules\markbind-cli\node_modules\domhandler\index.js:46:7)
    at Parser.onend (C:\Users\dcsdcr\AppData\Roaming\npm\node_modules\markbind-cli\node_modules\htmlparser2\lib\Parser.js:310:32)
    at Tokenizer._finish (C:\Users\dcsdcr\AppData\Roaming\npm\node_modules\markbind-cli\node_modules\htmlparser2\lib\Tokenizer.js:853:12)
    at Tokenizer.end (C:\Users\dcsdcr\AppData\Roaming\npm\node_modules\markbind-cli\node_modules\htmlparser2\lib\Tokenizer.js:844:25)
    at Parser.end (C:\Users\dcsdcr\AppData\Roaming\npm\node_modules\markbind-cli\node_modules\htmlparser2\lib\Parser.js:338:18)
    at Parser.parseComplete (C:\Users\dcsdcr\AppData\Roaming\npm\node_modules\markbind-cli\node_modules\htmlparser2\lib\Parser.js:330:7)
    at fs.readFile (C:\Users\dcsdcr\AppData\Roaming\npm\node_modules\markbind-cli\lib\markbind\lib\parser.js:422:16)
    at FSReqWrap.readFileAfterClose [as oncomplete] (fs.js:511:3)
2018-06-12T05:55:25.910Z - error: uncaughtException: Cannot read property 'toString' of null date=Tue Jun 12 2018 13:55:25 GMT+0800 (Malay Peninsula Standard Time), pid=15348, uid=null, gid=null, cwd=C:\repos\nus-cs2103\website-base, execPath=C:\Program Files\nodejs\node.exe, version=v8.9.4, argv=[C:\Program Files\nodejs\node.exe, C:\Users\dcsdcr\AppData\Roaming\npm\node_modules\markbind-cli\index.js, serve], rss=289214464, heapTotal=267096064, heapUsed=142064752, external=214771, loadavg=[0, 0, 0], uptime=700841.4135926
TypeError: Cannot read property 'toString' of null
    at fs.readFile (C:\Users\dcsdcr\AppData\Roaming\npm\node_modules\markbind-cli\lib\markbind\lib\parser.js:422:42)
    at FSReqWrap.readFileAfterClose [as oncomplete] (fs.js:511:3)
2018-06-12T05:55:25.915Z - error: uncaughtException: Cannot read property 'toString' of null date=Tue Jun 12 2018 13:55:25 GMT+0800 (Malay Peninsula Standard Time), pid=15348, uid=null, gid=null, cwd=C:\repos\nus-cs2103\website-base, execPath=C:\Program Files\nodejs\node.exe, version=v8.9.4, argv=[C:\Program Files\nodejs\node.exe, C:\Users\dcsdcr\AppData\Roaming\npm\node_modules\markbind-cli\index.js, serve], rss=290111488, heapTotal=267096064, heapUsed=142415600, external=222987, loadavg=[0, 0, 0], uptime=700841.4205866
TypeError: Cannot read property 'toString' of null
    at fs.readFile (C:\Users\dcsdcr\AppData\Roaming\npm\node_modules\markbind-cli\lib\markbind\lib\parser.js:422:42)
    at FSReqWrap.readFileAfterClose [as oncomplete] (fs.js:511:3)
2018-06-12T05:57:38.634Z - error:  Error: No such file: C:\repos\nus-cs2103\website-base\book\_markbind\boilerplates\text.md
Missing reference in C:\repos\nus-cs2103\website-base\book\_markbind\boilerplates\print.md
    at Parser._preprocess (C:\Users\dcsdcr\AppData\Roaming\npm\node_modules\markbind-cli\lib\markbind\lib\parser.js:136:21)
    at dom.map (C:\Users\dcsdcr\AppData\Roaming\npm\node_modules\markbind-cli\lib\markbind\lib\parser.js:386:28)
    at Array.map (<anonymous>)
    at DomHandler.htmlparser.DomHandler [as _callback] (C:\Users\dcsdcr\AppData\Roaming\npm\node_modules\markbind-cli\lib\markbind\lib\parser.js:383:25)
    at DomHandler._handleCallback.DomHandler.onerror (C:\Users\dcsdcr\AppData\Roaming\npm\node_modules\markbind-cli\node_modules\domhandler\index.js:52:8)
    at DomHandler.onend (C:\Users\dcsdcr\AppData\Roaming\npm\node_modules\markbind-cli\node_modules\domhandler\index.js:46:7)
    at Parser.onend (C:\Users\dcsdcr\AppData\Roaming\npm\node_modules\markbind-cli\node_modules\htmlparser2\lib\Parser.js:310:32)
    at Tokenizer._finish (C:\Users\dcsdcr\AppData\Roaming\npm\node_modules\markbind-cli\node_modules\htmlparser2\lib\Tokenizer.js:853:12)
    at Tokenizer.end (C:\Users\dcsdcr\AppData\Roaming\npm\node_modules\markbind-cli\node_modules\htmlparser2\lib\Tokenizer.js:844:25)
    at Parser.end (C:\Users\dcsdcr\AppData\Roaming\npm\node_modules\markbind-cli\node_modules\htmlparser2\lib\Parser.js:338:18)
    at Parser.parseComplete (C:\Users\dcsdcr\AppData\Roaming\npm\node_modules\markbind-cli\node_modules\htmlparser2\lib\Parser.js:330:7)
    at fs.readFile (C:\Users\dcsdcr\AppData\Roaming\npm\node_modules\markbind-cli\lib\markbind\lib\parser.js:422:16)
    at FSReqWrap.readFileAfterClose [as oncomplete] (fs.js:511:3)
2018-06-12T05:57:38.636Z - error:  Error: No such file: C:\repos\nus-cs2103\website-base\book\_markbind\boilerplates\text.md
Missing reference in C:\repos\nus-cs2103\website-base\book\_markbind\boilerplates\print.md
    at Parser._preprocess (C:\Users\dcsdcr\AppData\Roaming\npm\node_modules\markbind-cli\lib\markbind\lib\parser.js:136:21)
    at dom.map (C:\Users\dcsdcr\AppData\Roaming\npm\node_modules\markbind-cli\lib\markbind\lib\parser.js:386:28)
    at Array.map (<anonymous>)
    at DomHandler.htmlparser.DomHandler [as _callback] (C:\Users\dcsdcr\AppData\Roaming\npm\node_modules\markbind-cli\lib\markbind\lib\parser.js:383:25)
    at DomHandler._handleCallback.DomHandler.onerror (C:\Users\dcsdcr\AppData\Roaming\npm\node_modules\markbind-cli\node_modules\domhandler\index.js:52:8)
    at DomHandler.onend (C:\Users\dcsdcr\AppData\Roaming\npm\node_modules\markbind-cli\node_modules\domhandler\index.js:46:7)
    at Parser.onend (C:\Users\dcsdcr\AppData\Roaming\npm\node_modules\markbind-cli\node_modules\htmlparser2\lib\Parser.js:310:32)
    at Tokenizer._finish (C:\Users\dcsdcr\AppData\Roaming\npm\node_modules\markbind-cli\node_modules\htmlparser2\lib\Tokenizer.js:853:12)
    at Tokenizer.end (C:\Users\dcsdcr\AppData\Roaming\npm\node_modules\markbind-cli\node_modules\htmlparser2\lib\Tokenizer.js:844:25)
    at Parser.end (C:\Users\dcsdcr\AppData\Roaming\npm\node_modules\markbind-cli\node_modules\htmlparser2\lib\Parser.js:338:18)
    at Parser.parseComplete (C:\Users\dcsdcr\AppData\Roaming\npm\node_modules\markbind-cli\node_modules\htmlparser2\lib\Parser.js:330:7)
    at fs.readFile (C:\Users\dcsdcr\AppData\Roaming\npm\node_modules\markbind-cli\lib\markbind\lib\parser.js:422:16)
    at FSReqWrap.readFileAfterClose [as oncomplete] (fs.js:511:3)
2018-06-12T05:57:57.728Z - error: uncaughtException: Cannot read property 'toString' of null date=Tue Jun 12 2018 13:57:57 GMT+0800 (Malay Peninsula Standard Time), pid=15668, uid=null, gid=null, cwd=C:\repos\nus-cs2103\website-base, execPath=C:\Program Files\nodejs\node.exe, version=v8.9.4, argv=[C:\Program Files\nodejs\node.exe, C:\Users\dcsdcr\AppData\Roaming\npm\node_modules\markbind-cli\index.js, serve], rss=267534336, heapTotal=245551104, heapUsed=142372000, external=287813, loadavg=[0, 0, 0], uptime=700993.2315539
TypeError: Cannot read property 'toString' of null
    at fs.readFile (C:\Users\dcsdcr\AppData\Roaming\npm\node_modules\markbind-cli\lib\markbind\lib\parser.js:422:42)
    at FSReqWrap.readFileAfterClose [as oncomplete] (fs.js:511:3)
2018-06-12T05:57:57.733Z - error: uncaughtException: Cannot read property 'toString' of null date=Tue Jun 12 2018 13:57:57 GMT+0800 (Malay Peninsula Standard Time), pid=15668, uid=null, gid=null, cwd=C:\repos\nus-cs2103\website-base, execPath=C:\Program Files\nodejs\node.exe, version=v8.9.4, argv=[C:\Program Files\nodejs\node.exe, C:\Users\dcsdcr\AppData\Roaming\npm\node_modules\markbind-cli\index.js, serve], rss=268156928, heapTotal=245551104, heapUsed=142690240, external=296029, loadavg=[0, 0, 0], uptime=700993.2385496
TypeError: Cannot read property 'toString' of null
    at fs.readFile (C:\Users\dcsdcr\AppData\Roaming\npm\node_modules\markbind-cli\lib\markbind\lib\parser.js:422:42)
    at FSReqWrap.readFileAfterClose [as oncomplete] (fs.js:511:3)
2018-06-12T05:58:51.223Z - error:  Error: No such file: C:\repos\nus-cs2103\website-base\book\_markbind\boilerplates\text.md
Missing reference in C:\repos\nus-cs2103\website-base\book\_markbind\boilerplates\print.md
    at Parser._preprocess (C:\Users\dcsdcr\AppData\Roaming\npm\node_modules\markbind-cli\lib\markbind\lib\parser.js:136:21)
    at dom.map (C:\Users\dcsdcr\AppData\Roaming\npm\node_modules\markbind-cli\lib\markbind\lib\parser.js:386:28)
    at Array.map (<anonymous>)
    at DomHandler.htmlparser.DomHandler [as _callback] (C:\Users\dcsdcr\AppData\Roaming\npm\node_modules\markbind-cli\lib\markbind\lib\parser.js:383:25)
    at DomHandler._handleCallback.DomHandler.onerror (C:\Users\dcsdcr\AppData\Roaming\npm\node_modules\markbind-cli\node_modules\domhandler\index.js:52:8)
    at DomHandler.onend (C:\Users\dcsdcr\AppData\Roaming\npm\node_modules\markbind-cli\node_modules\domhandler\index.js:46:7)
    at Parser.onend (C:\Users\dcsdcr\AppData\Roaming\npm\node_modules\markbind-cli\node_modules\htmlparser2\lib\Parser.js:310:32)
    at Tokenizer._finish (C:\Users\dcsdcr\AppData\Roaming\npm\node_modules\markbind-cli\node_modules\htmlparser2\lib\Tokenizer.js:853:12)
    at Tokenizer.end (C:\Users\dcsdcr\AppData\Roaming\npm\node_modules\markbind-cli\node_modules\htmlparser2\lib\Tokenizer.js:844:25)
    at Parser.end (C:\Users\dcsdcr\AppData\Roaming\npm\node_modules\markbind-cli\node_modules\htmlparser2\lib\Parser.js:338:18)
    at Parser.parseComplete (C:\Users\dcsdcr\AppData\Roaming\npm\node_modules\markbind-cli\node_modules\htmlparser2\lib\Parser.js:330:7)
    at fs.readFile (C:\Users\dcsdcr\AppData\Roaming\npm\node_modules\markbind-cli\lib\markbind\lib\parser.js:422:16)
    at FSReqWrap.readFileAfterClose [as oncomplete] (fs.js:511:3)
2018-06-12T05:58:51.225Z - error:  Error: No such file: C:\repos\nus-cs2103\website-base\book\_markbind\boilerplates\text.md
Missing reference in C:\repos\nus-cs2103\website-base\book\_markbind\boilerplates\print.md
    at Parser._preprocess (C:\Users\dcsdcr\AppData\Roaming\npm\node_modules\markbind-cli\lib\markbind\lib\parser.js:136:21)
    at dom.map (C:\Users\dcsdcr\AppData\Roaming\npm\node_modules\markbind-cli\lib\markbind\lib\parser.js:386:28)
    at Array.map (<anonymous>)
    at DomHandler.htmlparser.DomHandler [as _callback] (C:\Users\dcsdcr\AppData\Roaming\npm\node_modules\markbind-cli\lib\markbind\lib\parser.js:383:25)
    at DomHandler._handleCallback.DomHandler.onerror (C:\Users\dcsdcr\AppData\Roaming\npm\node_modules\markbind-cli\node_modules\domhandler\index.js:52:8)
    at DomHandler.onend (C:\Users\dcsdcr\AppData\Roaming\npm\node_modules\markbind-cli\node_modules\domhandler\index.js:46:7)
    at Parser.onend (C:\Users\dcsdcr\AppData\Roaming\npm\node_modules\markbind-cli\node_modules\htmlparser2\lib\Parser.js:310:32)
    at Tokenizer._finish (C:\Users\dcsdcr\AppData\Roaming\npm\node_modules\markbind-cli\node_modules\htmlparser2\lib\Tokenizer.js:853:12)
    at Tokenizer.end (C:\Users\dcsdcr\AppData\Roaming\npm\node_modules\markbind-cli\node_modules\htmlparser2\lib\Tokenizer.js:844:25)
    at Parser.end (C:\Users\dcsdcr\AppData\Roaming\npm\node_modules\markbind-cli\node_modules\htmlparser2\lib\Parser.js:338:18)
    at Parser.parseComplete (C:\Users\dcsdcr\AppData\Roaming\npm\node_modules\markbind-cli\node_modules\htmlparser2\lib\Parser.js:330:7)
    at fs.readFile (C:\Users\dcsdcr\AppData\Roaming\npm\node_modules\markbind-cli\lib\markbind\lib\parser.js:422:16)
    at FSReqWrap.readFileAfterClose [as oncomplete] (fs.js:511:3)
2018-06-12T05:59:48.566Z - info: Pages built
2018-06-12T05:59:48.633Z - info: Site data built
2018-06-12T05:59:48.643Z - info: Generate Site durationMs=70288
2018-06-12T05:59:49.000Z - info: Serving "C:\repos\nus-cs2103\website-base\_site" at http://127.0.0.1:8080
2018-06-12T05:59:49.000Z - info: Press CTRL+C to stop ...
2018-06-12T06:02:33.085Z - error:  Error: No such file: C:\repos\nus-cs2103\website-base\book\_markbind\boilerplates\text.md
Missing reference in C:\repos\nus-cs2103\website-base\book\_markbind\boilerplates\print.md
    at Parser._preprocess (C:\Users\dcsdcr\AppData\Roaming\npm\node_modules\markbind-cli\lib\markbind\lib\parser.js:136:21)
    at dom.map (C:\Users\dcsdcr\AppData\Roaming\npm\node_modules\markbind-cli\lib\markbind\lib\parser.js:386:28)
    at Array.map (<anonymous>)
    at DomHandler.htmlparser.DomHandler [as _callback] (C:\Users\dcsdcr\AppData\Roaming\npm\node_modules\markbind-cli\lib\markbind\lib\parser.js:383:25)
    at DomHandler._handleCallback.DomHandler.onerror (C:\Users\dcsdcr\AppData\Roaming\npm\node_modules\markbind-cli\node_modules\domhandler\index.js:52:8)
    at DomHandler.onend (C:\Users\dcsdcr\AppData\Roaming\npm\node_modules\markbind-cli\node_modules\domhandler\index.js:46:7)
    at Parser.onend (C:\Users\dcsdcr\AppData\Roaming\npm\node_modules\markbind-cli\node_modules\htmlparser2\lib\Parser.js:310:32)
    at Tokenizer._finish (C:\Users\dcsdcr\AppData\Roaming\npm\node_modules\markbind-cli\node_modules\htmlparser2\lib\Tokenizer.js:853:12)
    at Tokenizer.end (C:\Users\dcsdcr\AppData\Roaming\npm\node_modules\markbind-cli\node_modules\htmlparser2\lib\Tokenizer.js:844:25)
    at Parser.end (C:\Users\dcsdcr\AppData\Roaming\npm\node_modules\markbind-cli\node_modules\htmlparser2\lib\Parser.js:338:18)
    at Parser.parseComplete (C:\Users\dcsdcr\AppData\Roaming\npm\node_modules\markbind-cli\node_modules\htmlparser2\lib\Parser.js:330:7)
    at fs.readFile (C:\Users\dcsdcr\AppData\Roaming\npm\node_modules\markbind-cli\lib\markbind\lib\parser.js:422:16)
    at FSReqWrap.readFileAfterClose [as oncomplete] (fs.js:511:3)
2018-06-12T06:02:33.085Z - error:  Error: No such file: C:\repos\nus-cs2103\website-base\book\_markbind\boilerplates\text.md
Missing reference in C:\repos\nus-cs2103\website-base\book\_markbind\boilerplates\print.md
    at Parser._preprocess (C:\Users\dcsdcr\AppData\Roaming\npm\node_modules\markbind-cli\lib\markbind\lib\parser.js:136:21)
    at dom.map (C:\Users\dcsdcr\AppData\Roaming\npm\node_modules\markbind-cli\lib\markbind\lib\parser.js:386:28)
    at Array.map (<anonymous>)
    at DomHandler.htmlparser.DomHandler [as _callback] (C:\Users\dcsdcr\AppData\Roaming\npm\node_modules\markbind-cli\lib\markbind\lib\parser.js:383:25)
    at DomHandler._handleCallback.DomHandler.onerror (C:\Users\dcsdcr\AppData\Roaming\npm\node_modules\markbind-cli\node_modules\domhandler\index.js:52:8)
    at DomHandler.onend (C:\Users\dcsdcr\AppData\Roaming\npm\node_modules\markbind-cli\node_modules\domhandler\index.js:46:7)
    at Parser.onend (C:\Users\dcsdcr\AppData\Roaming\npm\node_modules\markbind-cli\node_modules\htmlparser2\lib\Parser.js:310:32)
    at Tokenizer._finish (C:\Users\dcsdcr\AppData\Roaming\npm\node_modules\markbind-cli\node_modules\htmlparser2\lib\Tokenizer.js:853:12)
    at Tokenizer.end (C:\Users\dcsdcr\AppData\Roaming\npm\node_modules\markbind-cli\node_modules\htmlparser2\lib\Tokenizer.js:844:25)
    at Parser.end (C:\Users\dcsdcr\AppData\Roaming\npm\node_modules\markbind-cli\node_modules\htmlparser2\lib\Parser.js:338:18)
    at Parser.parseComplete (C:\Users\dcsdcr\AppData\Roaming\npm\node_modules\markbind-cli\node_modules\htmlparser2\lib\Parser.js:330:7)
    at fs.readFile (C:\Users\dcsdcr\AppData\Roaming\npm\node_modules\markbind-cli\lib\markbind\lib\parser.js:422:16)
    at FSReqWrap.readFileAfterClose [as oncomplete] (fs.js:511:3)
2018-06-12T06:03:28.748Z - info: Pages built
2018-06-12T06:03:28.807Z - info: Site data built
2018-06-12T06:03:28.816Z - info: Generate Site durationMs=69247
2018-06-12T06:03:29.156Z - info: Serving "C:\repos\nus-cs2103\website-base\_site" at http://127.0.0.1:8080
2018-06-12T06:03:29.156Z - info: Press CTRL+C to stop ...
2018-06-12T06:05:48.958Z - error:  Error: No such file: C:\repos\nus-cs2103\website-base\book\_markbind\boilerplates\text.md
Missing reference in C:\repos\nus-cs2103\website-base\book\_markbind\boilerplates\print.md
    at Parser._preprocess (C:\Users\dcsdcr\AppData\Roaming\npm\node_modules\markbind-cli\lib\markbind\lib\parser.js:136:21)
    at dom.map (C:\Users\dcsdcr\AppData\Roaming\npm\node_modules\markbind-cli\lib\markbind\lib\parser.js:386:28)
    at Array.map (<anonymous>)
    at DomHandler.htmlparser.DomHandler [as _callback] (C:\Users\dcsdcr\AppData\Roaming\npm\node_modules\markbind-cli\lib\markbind\lib\parser.js:383:25)
    at DomHandler._handleCallback.DomHandler.onerror (C:\Users\dcsdcr\AppData\Roaming\npm\node_modules\markbind-cli\node_modules\domhandler\index.js:52:8)
    at DomHandler.onend (C:\Users\dcsdcr\AppData\Roaming\npm\node_modules\markbind-cli\node_modules\domhandler\index.js:46:7)
    at Parser.onend (C:\Users\dcsdcr\AppData\Roaming\npm\node_modules\markbind-cli\node_modules\htmlparser2\lib\Parser.js:310:32)
    at Tokenizer._finish (C:\Users\dcsdcr\AppData\Roaming\npm\node_modules\markbind-cli\node_modules\htmlparser2\lib\Tokenizer.js:853:12)
    at Tokenizer.end (C:\Users\dcsdcr\AppData\Roaming\npm\node_modules\markbind-cli\node_modules\htmlparser2\lib\Tokenizer.js:844:25)
    at Parser.end (C:\Users\dcsdcr\AppData\Roaming\npm\node_modules\markbind-cli\node_modules\htmlparser2\lib\Parser.js:338:18)
    at Parser.parseComplete (C:\Users\dcsdcr\AppData\Roaming\npm\node_modules\markbind-cli\node_modules\htmlparser2\lib\Parser.js:330:7)
    at fs.readFile (C:\Users\dcsdcr\AppData\Roaming\npm\node_modules\markbind-cli\lib\markbind\lib\parser.js:422:16)
    at FSReqWrap.readFileAfterClose [as oncomplete] (fs.js:511:3)
2018-06-12T06:05:48.958Z - error:  Error: No such file: C:\repos\nus-cs2103\website-base\book\_markbind\boilerplates\text.md
Missing reference in C:\repos\nus-cs2103\website-base\book\_markbind\boilerplates\print.md
    at Parser._preprocess (C:\Users\dcsdcr\AppData\Roaming\npm\node_modules\markbind-cli\lib\markbind\lib\parser.js:136:21)
    at dom.map (C:\Users\dcsdcr\AppData\Roaming\npm\node_modules\markbind-cli\lib\markbind\lib\parser.js:386:28)
    at Array.map (<anonymous>)
    at DomHandler.htmlparser.DomHandler [as _callback] (C:\Users\dcsdcr\AppData\Roaming\npm\node_modules\markbind-cli\lib\markbind\lib\parser.js:383:25)
    at DomHandler._handleCallback.DomHandler.onerror (C:\Users\dcsdcr\AppData\Roaming\npm\node_modules\markbind-cli\node_modules\domhandler\index.js:52:8)
    at DomHandler.onend (C:\Users\dcsdcr\AppData\Roaming\npm\node_modules\markbind-cli\node_modules\domhandler\index.js:46:7)
    at Parser.onend (C:\Users\dcsdcr\AppData\Roaming\npm\node_modules\markbind-cli\node_modules\htmlparser2\lib\Parser.js:310:32)
    at Tokenizer._finish (C:\Users\dcsdcr\AppData\Roaming\npm\node_modules\markbind-cli\node_modules\htmlparser2\lib\Tokenizer.js:853:12)
    at Tokenizer.end (C:\Users\dcsdcr\AppData\Roaming\npm\node_modules\markbind-cli\node_modules\htmlparser2\lib\Tokenizer.js:844:25)
    at Parser.end (C:\Users\dcsdcr\AppData\Roaming\npm\node_modules\markbind-cli\node_modules\htmlparser2\lib\Parser.js:338:18)
    at Parser.parseComplete (C:\Users\dcsdcr\AppData\Roaming\npm\node_modules\markbind-cli\node_modules\htmlparser2\lib\Parser.js:330:7)
    at fs.readFile (C:\Users\dcsdcr\AppData\Roaming\npm\node_modules\markbind-cli\lib\markbind\lib\parser.js:422:16)
    at FSReqWrap.readFileAfterClose [as oncomplete] (fs.js:511:3)
2018-06-12T06:06:46.188Z - info: Pages built
2018-06-12T06:06:46.246Z - info: Site data built
2018-06-12T06:06:46.255Z - info: Generate Site durationMs=68386
2018-06-12T06:06:46.586Z - info: Serving "C:\repos\nus-cs2103\website-base\_site" at http://127.0.0.1:8080
2018-06-12T06:06:46.586Z - info: Press CTRL+C to stop ...
2018-06-12T06:10:05.033Z - error:  Error: No such file: C:\repos\nus-cs2103\website-base\book\_markbind\boilerplates\text.md
Missing reference in C:\repos\nus-cs2103\website-base\book\_markbind\boilerplates\print.md
    at Parser._preprocess (C:\Users\dcsdcr\AppData\Roaming\npm\node_modules\markbind-cli\lib\markbind\lib\parser.js:136:21)
    at dom.map (C:\Users\dcsdcr\AppData\Roaming\npm\node_modules\markbind-cli\lib\markbind\lib\parser.js:386:28)
    at Array.map (<anonymous>)
    at DomHandler.htmlparser.DomHandler [as _callback] (C:\Users\dcsdcr\AppData\Roaming\npm\node_modules\markbind-cli\lib\markbind\lib\parser.js:383:25)
    at DomHandler._handleCallback.DomHandler.onerror (C:\Users\dcsdcr\AppData\Roaming\npm\node_modules\markbind-cli\node_modules\domhandler\index.js:52:8)
    at DomHandler.onend (C:\Users\dcsdcr\AppData\Roaming\npm\node_modules\markbind-cli\node_modules\domhandler\index.js:46:7)
    at Parser.onend (C:\Users\dcsdcr\AppData\Roaming\npm\node_modules\markbind-cli\node_modules\htmlparser2\lib\Parser.js:310:32)
    at Tokenizer._finish (C:\Users\dcsdcr\AppData\Roaming\npm\node_modules\markbind-cli\node_modules\htmlparser2\lib\Tokenizer.js:853:12)
    at Tokenizer.end (C:\Users\dcsdcr\AppData\Roaming\npm\node_modules\markbind-cli\node_modules\htmlparser2\lib\Tokenizer.js:844:25)
    at Parser.end (C:\Users\dcsdcr\AppData\Roaming\npm\node_modules\markbind-cli\node_modules\htmlparser2\lib\Parser.js:338:18)
    at Parser.parseComplete (C:\Users\dcsdcr\AppData\Roaming\npm\node_modules\markbind-cli\node_modules\htmlparser2\lib\Parser.js:330:7)
    at fs.readFile (C:\Users\dcsdcr\AppData\Roaming\npm\node_modules\markbind-cli\lib\markbind\lib\parser.js:422:16)
    at FSReqWrap.readFileAfterClose [as oncomplete] (fs.js:511:3)
2018-06-12T06:10:05.033Z - error:  Error: No such file: C:\repos\nus-cs2103\website-base\book\_markbind\boilerplates\text.md
Missing reference in C:\repos\nus-cs2103\website-base\book\_markbind\boilerplates\print.md
    at Parser._preprocess (C:\Users\dcsdcr\AppData\Roaming\npm\node_modules\markbind-cli\lib\markbind\lib\parser.js:136:21)
    at dom.map (C:\Users\dcsdcr\AppData\Roaming\npm\node_modules\markbind-cli\lib\markbind\lib\parser.js:386:28)
    at Array.map (<anonymous>)
    at DomHandler.htmlparser.DomHandler [as _callback] (C:\Users\dcsdcr\AppData\Roaming\npm\node_modules\markbind-cli\lib\markbind\lib\parser.js:383:25)
    at DomHandler._handleCallback.DomHandler.onerror (C:\Users\dcsdcr\AppData\Roaming\npm\node_modules\markbind-cli\node_modules\domhandler\index.js:52:8)
    at DomHandler.onend (C:\Users\dcsdcr\AppData\Roaming\npm\node_modules\markbind-cli\node_modules\domhandler\index.js:46:7)
    at Parser.onend (C:\Users\dcsdcr\AppData\Roaming\npm\node_modules\markbind-cli\node_modules\htmlparser2\lib\Parser.js:310:32)
    at Tokenizer._finish (C:\Users\dcsdcr\AppData\Roaming\npm\node_modules\markbind-cli\node_modules\htmlparser2\lib\Tokenizer.js:853:12)
    at Tokenizer.end (C:\Users\dcsdcr\AppData\Roaming\npm\node_modules\markbind-cli\node_modules\htmlparser2\lib\Tokenizer.js:844:25)
    at Parser.end (C:\Users\dcsdcr\AppData\Roaming\npm\node_modules\markbind-cli\node_modules\htmlparser2\lib\Parser.js:338:18)
    at Parser.parseComplete (C:\Users\dcsdcr\AppData\Roaming\npm\node_modules\markbind-cli\node_modules\htmlparser2\lib\Parser.js:330:7)
    at fs.readFile (C:\Users\dcsdcr\AppData\Roaming\npm\node_modules\markbind-cli\lib\markbind\lib\parser.js:422:16)
    at FSReqWrap.readFileAfterClose [as oncomplete] (fs.js:511:3)
2018-06-12T06:10:30.339Z - error:  YAMLException: incomplete explicit mapping pair; a key node is missed; or followed by a non-tabulated empty line at line 6, column 26:
    title: Text Book Chapter : Code Quality
                             ^
    at generateError (C:\Users\dcsdcr\AppData\Roaming\npm\node_modules\markbind-cli\node_modules\js-yaml\lib\js-yaml\loader.js:165:10)
    at throwError (C:\Users\dcsdcr\AppData\Roaming\npm\node_modules\markbind-cli\node_modules\js-yaml\lib\js-yaml\loader.js:171:9)
    at readBlockMapping (C:\Users\dcsdcr\AppData\Roaming\npm\node_modules\markbind-cli\node_modules\js-yaml\lib\js-yaml\loader.js:1000:9)
    at composeNode (C:\Users\dcsdcr\AppData\Roaming\npm\node_modules\markbind-cli\node_modules\js-yaml\lib\js-yaml\loader.js:1332:12)
    at readDocument (C:\Users\dcsdcr\AppData\Roaming\npm\node_modules\markbind-cli\node_modules\js-yaml\lib\js-yaml\loader.js:1492:3)
    at loadDocuments (C:\Users\dcsdcr\AppData\Roaming\npm\node_modules\markbind-cli\node_modules\js-yaml\lib\js-yaml\loader.js:1548:5)
    at load (C:\Users\dcsdcr\AppData\Roaming\npm\node_modules\markbind-cli\node_modules\js-yaml\lib\js-yaml\loader.js:1569:19)
    at fastmatter (C:\Users\dcsdcr\AppData\Roaming\npm\node_modules\markbind-cli\node_modules\fastmatter\index.js:48:37)
    at Page.collectFrontMatter (C:\Users\dcsdcr\AppData\Roaming\npm\node_modules\markbind-cli\lib\Page.js:148:24)
    at markbinder.includeFile.then (C:\Users\dcsdcr\AppData\Roaming\npm\node_modules\markbind-cli\lib\Page.js:205:14)
    at tryCatcher (C:\Users\dcsdcr\AppData\Roaming\npm\node_modules\markbind-cli\node_modules\bluebird\js\release\util.js:16:23)
    at Promise._settlePromiseFromHandler (C:\Users\dcsdcr\AppData\Roaming\npm\node_modules\markbind-cli\node_modules\bluebird\js\release\promise.js:512:31)
    at Promise._settlePromise (C:\Users\dcsdcr\AppData\Roaming\npm\node_modules\markbind-cli\node_modules\bluebird\js\release\promise.js:569:18)
    at Promise._settlePromise0 (C:\Users\dcsdcr\AppData\Roaming\npm\node_modules\markbind-cli\node_modules\bluebird\js\release\promise.js:614:10)
    at Promise._settlePromises (C:\Users\dcsdcr\AppData\Roaming\npm\node_modules\markbind-cli\node_modules\bluebird\js\release\promise.js:693:18)
    at Async._drainQueue (C:\Users\dcsdcr\AppData\Roaming\npm\node_modules\markbind-cli\node_modules\bluebird\js\release\async.js:133:16)
2018-06-12T06:10:30.340Z - warn:  Error: Error while generating C:\repos\nus-cs2103\website-base\se-book-adapted\chapters\codeQuality.md
    at processingFiles.push.page.generate.catch (C:\Users\dcsdcr\AppData\Roaming\npm\node_modules\markbind-cli\lib\Site.js:475:31)
    at tryCatcher (C:\Users\dcsdcr\AppData\Roaming\npm\node_modules\markbind-cli\node_modules\bluebird\js\release\util.js:16:23)
    at Promise._settlePromiseFromHandler (C:\Users\dcsdcr\AppData\Roaming\npm\node_modules\markbind-cli\node_modules\bluebird\js\release\promise.js:512:31)
    at Promise._settlePromise (C:\Users\dcsdcr\AppData\Roaming\npm\node_modules\markbind-cli\node_modules\bluebird\js\release\promise.js:569:18)
    at Promise._settlePromise0 (C:\Users\dcsdcr\AppData\Roaming\npm\node_modules\markbind-cli\node_modules\bluebird\js\release\promise.js:614:10)
    at Promise._settlePromises (C:\Users\dcsdcr\AppData\Roaming\npm\node_modules\markbind-cli\node_modules\bluebird\js\release\promise.js:689:18)
    at Async._drainQueue (C:\Users\dcsdcr\AppData\Roaming\npm\node_modules\markbind-cli\node_modules\bluebird\js\release\async.js:133:16)
    at Async._drainQueues (C:\Users\dcsdcr\AppData\Roaming\npm\node_modules\markbind-cli\node_modules\bluebird\js\release\async.js:143:10)
    at Immediate.Async.drainQueues (C:\Users\dcsdcr\AppData\Roaming\npm\node_modules\markbind-cli\node_modules\bluebird\js\release\async.js:17:14)
    at runCallback (timers.js:789:20)
    at tryOnImmediate (timers.js:751:5)
    at processImmediate [as _immediateCallback] (timers.js:722:5)
2018-06-12T06:11:10.874Z - error:  Error: No such file: C:\repos\nus-cs2103\website-base\book\_markbind\boilerplates\text.md
Missing reference in C:\repos\nus-cs2103\website-base\book\_markbind\boilerplates\print.md
    at Parser._preprocess (C:\Users\dcsdcr\AppData\Roaming\npm\node_modules\markbind-cli\lib\markbind\lib\parser.js:136:21)
    at dom.map (C:\Users\dcsdcr\AppData\Roaming\npm\node_modules\markbind-cli\lib\markbind\lib\parser.js:386:28)
    at Array.map (<anonymous>)
    at DomHandler.htmlparser.DomHandler [as _callback] (C:\Users\dcsdcr\AppData\Roaming\npm\node_modules\markbind-cli\lib\markbind\lib\parser.js:383:25)
    at DomHandler._handleCallback.DomHandler.onerror (C:\Users\dcsdcr\AppData\Roaming\npm\node_modules\markbind-cli\node_modules\domhandler\index.js:52:8)
    at DomHandler.onend (C:\Users\dcsdcr\AppData\Roaming\npm\node_modules\markbind-cli\node_modules\domhandler\index.js:46:7)
    at Parser.onend (C:\Users\dcsdcr\AppData\Roaming\npm\node_modules\markbind-cli\node_modules\htmlparser2\lib\Parser.js:310:32)
    at Tokenizer._finish (C:\Users\dcsdcr\AppData\Roaming\npm\node_modules\markbind-cli\node_modules\htmlparser2\lib\Tokenizer.js:853:12)
    at Tokenizer.end (C:\Users\dcsdcr\AppData\Roaming\npm\node_modules\markbind-cli\node_modules\htmlparser2\lib\Tokenizer.js:844:25)
    at Parser.end (C:\Users\dcsdcr\AppData\Roaming\npm\node_modules\markbind-cli\node_modules\htmlparser2\lib\Parser.js:338:18)
    at Parser.parseComplete (C:\Users\dcsdcr\AppData\Roaming\npm\node_modules\markbind-cli\node_modules\htmlparser2\lib\Parser.js:330:7)
    at fs.readFile (C:\Users\dcsdcr\AppData\Roaming\npm\node_modules\markbind-cli\lib\markbind\lib\parser.js:422:16)
    at FSReqWrap.readFileAfterClose [as oncomplete] (fs.js:511:3)
2018-06-12T06:11:10.876Z - error:  Error: No such file: C:\repos\nus-cs2103\website-base\book\_markbind\boilerplates\text.md
Missing reference in C:\repos\nus-cs2103\website-base\book\_markbind\boilerplates\print.md
    at Parser._preprocess (C:\Users\dcsdcr\AppData\Roaming\npm\node_modules\markbind-cli\lib\markbind\lib\parser.js:136:21)
    at dom.map (C:\Users\dcsdcr\AppData\Roaming\npm\node_modules\markbind-cli\lib\markbind\lib\parser.js:386:28)
    at Array.map (<anonymous>)
    at DomHandler.htmlparser.DomHandler [as _callback] (C:\Users\dcsdcr\AppData\Roaming\npm\node_modules\markbind-cli\lib\markbind\lib\parser.js:383:25)
    at DomHandler._handleCallback.DomHandler.onerror (C:\Users\dcsdcr\AppData\Roaming\npm\node_modules\markbind-cli\node_modules\domhandler\index.js:52:8)
    at DomHandler.onend (C:\Users\dcsdcr\AppData\Roaming\npm\node_modules\markbind-cli\node_modules\domhandler\index.js:46:7)
    at Parser.onend (C:\Users\dcsdcr\AppData\Roaming\npm\node_modules\markbind-cli\node_modules\htmlparser2\lib\Parser.js:310:32)
    at Tokenizer._finish (C:\Users\dcsdcr\AppData\Roaming\npm\node_modules\markbind-cli\node_modules\htmlparser2\lib\Tokenizer.js:853:12)
    at Tokenizer.end (C:\Users\dcsdcr\AppData\Roaming\npm\node_modules\markbind-cli\node_modules\htmlparser2\lib\Tokenizer.js:844:25)
    at Parser.end (C:\Users\dcsdcr\AppData\Roaming\npm\node_modules\markbind-cli\node_modules\htmlparser2\lib\Parser.js:338:18)
    at Parser.parseComplete (C:\Users\dcsdcr\AppData\Roaming\npm\node_modules\markbind-cli\node_modules\htmlparser2\lib\Parser.js:330:7)
    at fs.readFile (C:\Users\dcsdcr\AppData\Roaming\npm\node_modules\markbind-cli\lib\markbind\lib\parser.js:422:16)
    at FSReqWrap.readFileAfterClose [as oncomplete] (fs.js:511:3)
2018-06-12T06:12:06.929Z - info: Pages built
2018-06-12T06:12:06.992Z - info: Site data built
2018-06-12T06:12:07.002Z - info: Generate Site durationMs=65428
2018-06-12T06:12:07.367Z - info: Serving "C:\repos\nus-cs2103\website-base\_site" at http://127.0.0.1:8080
2018-06-12T06:12:07.368Z - info: Press CTRL+C to stop ...
