2018-06-05T10:17:25.051Z - error:  Error: No such file: C:\repos\nus-cs2103\website-base\book\_markbind\boilerplates\text.md
Missing reference in C:\repos\nus-cs2103\website-base\book\_markbind\boilerplates\print.md
    at Parser._preprocess (C:\Users\dcsdcr\AppData\Roaming\npm\node_modules\markbind-cli\lib\markbind\lib\parser.js:136:21)
    at dom.map (C:\Users\dcsdcr\AppData\Roaming\npm\node_modules\markbind-cli\lib\markbind\lib\parser.js:386:28)
    at Array.map (<anonymous>)
    at DomHandler.htmlparser.DomHandler [as _callback] (C:\Users\dcsdcr\AppData\Roaming\npm\node_modules\markbind-cli\lib\markbind\lib\parser.js:383:25)
    at DomHandler._handleCallback.DomHandler.onerror (C:\Users\dcsdcr\AppData\Roaming\npm\node_modules\markbind-cli\node_modules\domhandler\index.js:52:8)
    at DomHandler.onend (C:\Users\dcsdcr\AppData\Roaming\npm\node_modules\markbind-cli\node_modules\domhandler\index.js:46:7)
    at Parser.onend (C:\Users\dcsdcr\AppData\Roaming\npm\node_modules\markbind-cli\node_modules\htmlparser2\lib\Parser.js:310:32)
    at Tokenizer._finish (C:\Users\dcsdcr\AppData\Roaming\npm\node_modules\markbind-cli\node_modules\htmlparser2\lib\Tokenizer.js:853:12)
    at Tokenizer.end (C:\Users\dcsdcr\AppData\Roaming\npm\node_modules\markbind-cli\node_modules\htmlparser2\lib\Tokenizer.js:844:25)
    at Parser.end (C:\Users\dcsdcr\AppData\Roaming\npm\node_modules\markbind-cli\node_modules\htmlparser2\lib\Parser.js:338:18)
    at Parser.parseComplete (C:\Users\dcsdcr\AppData\Roaming\npm\node_modules\markbind-cli\node_modules\htmlparser2\lib\Parser.js:330:7)
    at fs.readFile (C:\Users\dcsdcr\AppData\Roaming\npm\node_modules\markbind-cli\lib\markbind\lib\parser.js:422:16)
    at FSReqWrap.readFileAfterClose [as oncomplete] (fs.js:511:3)
2018-06-05T10:17:25.053Z - error:  Error: No such file: C:\repos\nus-cs2103\website-base\book\_markbind\boilerplates\text.md
Missing reference in C:\repos\nus-cs2103\website-base\book\_markbind\boilerplates\print.md
    at Parser._preprocess (C:\Users\dcsdcr\AppData\Roaming\npm\node_modules\markbind-cli\lib\markbind\lib\parser.js:136:21)
    at dom.map (C:\Users\dcsdcr\AppData\Roaming\npm\node_modules\markbind-cli\lib\markbind\lib\parser.js:386:28)
    at Array.map (<anonymous>)
    at DomHandler.htmlparser.DomHandler [as _callback] (C:\Users\dcsdcr\AppData\Roaming\npm\node_modules\markbind-cli\lib\markbind\lib\parser.js:383:25)
    at DomHandler._handleCallback.DomHandler.onerror (C:\Users\dcsdcr\AppData\Roaming\npm\node_modules\markbind-cli\node_modules\domhandler\index.js:52:8)
    at DomHandler.onend (C:\Users\dcsdcr\AppData\Roaming\npm\node_modules\markbind-cli\node_modules\domhandler\index.js:46:7)
    at Parser.onend (C:\Users\dcsdcr\AppData\Roaming\npm\node_modules\markbind-cli\node_modules\htmlparser2\lib\Parser.js:310:32)
    at Tokenizer._finish (C:\Users\dcsdcr\AppData\Roaming\npm\node_modules\markbind-cli\node_modules\htmlparser2\lib\Tokenizer.js:853:12)
    at Tokenizer.end (C:\Users\dcsdcr\AppData\Roaming\npm\node_modules\markbind-cli\node_modules\htmlparser2\lib\Tokenizer.js:844:25)
    at Parser.end (C:\Users\dcsdcr\AppData\Roaming\npm\node_modules\markbind-cli\node_modules\htmlparser2\lib\Parser.js:338:18)
    at Parser.parseComplete (C:\Users\dcsdcr\AppData\Roaming\npm\node_modules\markbind-cli\node_modules\htmlparser2\lib\Parser.js:330:7)
    at fs.readFile (C:\Users\dcsdcr\AppData\Roaming\npm\node_modules\markbind-cli\lib\markbind\lib\parser.js:422:16)
    at FSReqWrap.readFileAfterClose [as oncomplete] (fs.js:511:3)
2018-06-05T10:18:33.144Z - info: Pages built
2018-06-05T10:18:33.401Z - info: Site data built
2018-06-05T10:18:33.426Z - info: Generate Site durationMs=85043
2018-06-05T10:18:33.935Z - info: Serving "C:\repos\nus-cs2103\website-base\_site" at http://127.0.0.1:8080
2018-06-05T10:18:33.935Z - info: Press CTRL+C to stop ...
2018-06-05T10:20:32.029Z - info: Reload for file change: C:\repos\nus-cs2103\website-base\book\common\outcomes.md
2018-06-05T10:20:33.032Z - verbose: Rebuild affected paths: C:\repos\nus-cs2103\website-base\book\common\outcomes.md
2018-06-05T10:20:33.035Z - info: Rebuilding 1 pages
2018-06-05T10:20:45.225Z - info: Pages rebuilt
2018-06-05T10:20:45.291Z - info: Site data built
2018-06-05T10:21:43.246Z - info: Reload for file change: C:\repos\nus-cs2103\website-base\book\common\print.md
2018-06-05T10:21:44.250Z - verbose: Rebuild affected paths: C:\repos\nus-cs2103\website-base\book\common\print.md
2018-06-05T10:21:44.252Z - info: Rebuilding 1 pages
2018-06-05T10:21:48.988Z - info: Pages rebuilt
2018-06-05T10:21:49.003Z - info: Site data built
2018-06-05T10:25:02.334Z - error:  Error: No such file: C:\repos\nus-cs2103\website-base\book\_markbind\boilerplates\text.md
Missing reference in C:\repos\nus-cs2103\website-base\book\_markbind\boilerplates\print.md
    at Parser._preprocess (C:\Users\dcsdcr\AppData\Roaming\npm\node_modules\markbind-cli\lib\markbind\lib\parser.js:136:21)
    at dom.map (C:\Users\dcsdcr\AppData\Roaming\npm\node_modules\markbind-cli\lib\markbind\lib\parser.js:386:28)
    at Array.map (<anonymous>)
    at DomHandler.htmlparser.DomHandler [as _callback] (C:\Users\dcsdcr\AppData\Roaming\npm\node_modules\markbind-cli\lib\markbind\lib\parser.js:383:25)
    at DomHandler._handleCallback.DomHandler.onerror (C:\Users\dcsdcr\AppData\Roaming\npm\node_modules\markbind-cli\node_modules\domhandler\index.js:52:8)
    at DomHandler.onend (C:\Users\dcsdcr\AppData\Roaming\npm\node_modules\markbind-cli\node_modules\domhandler\index.js:46:7)
    at Parser.onend (C:\Users\dcsdcr\AppData\Roaming\npm\node_modules\markbind-cli\node_modules\htmlparser2\lib\Parser.js:310:32)
    at Tokenizer._finish (C:\Users\dcsdcr\AppData\Roaming\npm\node_modules\markbind-cli\node_modules\htmlparser2\lib\Tokenizer.js:853:12)
    at Tokenizer.end (C:\Users\dcsdcr\AppData\Roaming\npm\node_modules\markbind-cli\node_modules\htmlparser2\lib\Tokenizer.js:844:25)
    at Parser.end (C:\Users\dcsdcr\AppData\Roaming\npm\node_modules\markbind-cli\node_modules\htmlparser2\lib\Parser.js:338:18)
    at Parser.parseComplete (C:\Users\dcsdcr\AppData\Roaming\npm\node_modules\markbind-cli\node_modules\htmlparser2\lib\Parser.js:330:7)
    at fs.readFile (C:\Users\dcsdcr\AppData\Roaming\npm\node_modules\markbind-cli\lib\markbind\lib\parser.js:422:16)
    at FSReqWrap.readFileAfterClose [as oncomplete] (fs.js:511:3)
2018-06-05T10:25:02.336Z - error:  Error: No such file: C:\repos\nus-cs2103\website-base\book\_markbind\boilerplates\text.md
Missing reference in C:\repos\nus-cs2103\website-base\book\_markbind\boilerplates\print.md
    at Parser._preprocess (C:\Users\dcsdcr\AppData\Roaming\npm\node_modules\markbind-cli\lib\markbind\lib\parser.js:136:21)
    at dom.map (C:\Users\dcsdcr\AppData\Roaming\npm\node_modules\markbind-cli\lib\markbind\lib\parser.js:386:28)
    at Array.map (<anonymous>)
    at DomHandler.htmlparser.DomHandler [as _callback] (C:\Users\dcsdcr\AppData\Roaming\npm\node_modules\markbind-cli\lib\markbind\lib\parser.js:383:25)
    at DomHandler._handleCallback.DomHandler.onerror (C:\Users\dcsdcr\AppData\Roaming\npm\node_modules\markbind-cli\node_modules\domhandler\index.js:52:8)
    at DomHandler.onend (C:\Users\dcsdcr\AppData\Roaming\npm\node_modules\markbind-cli\node_modules\domhandler\index.js:46:7)
    at Parser.onend (C:\Users\dcsdcr\AppData\Roaming\npm\node_modules\markbind-cli\node_modules\htmlparser2\lib\Parser.js:310:32)
    at Tokenizer._finish (C:\Users\dcsdcr\AppData\Roaming\npm\node_modules\markbind-cli\node_modules\htmlparser2\lib\Tokenizer.js:853:12)
    at Tokenizer.end (C:\Users\dcsdcr\AppData\Roaming\npm\node_modules\markbind-cli\node_modules\htmlparser2\lib\Tokenizer.js:844:25)
    at Parser.end (C:\Users\dcsdcr\AppData\Roaming\npm\node_modules\markbind-cli\node_modules\htmlparser2\lib\Parser.js:338:18)
    at Parser.parseComplete (C:\Users\dcsdcr\AppData\Roaming\npm\node_modules\markbind-cli\node_modules\htmlparser2\lib\Parser.js:330:7)
    at fs.readFile (C:\Users\dcsdcr\AppData\Roaming\npm\node_modules\markbind-cli\lib\markbind\lib\parser.js:422:16)
    at FSReqWrap.readFileAfterClose [as oncomplete] (fs.js:511:3)
2018-06-05T10:26:01.384Z - info: Pages built
2018-06-05T10:26:01.457Z - info: Site data built
2018-06-05T10:26:01.467Z - info: Generate Site durationMs=71144
2018-06-05T10:26:01.834Z - info: Serving "C:\repos\nus-cs2103\website-base\_site" at http://127.0.0.1:8080
2018-06-05T10:26:01.834Z - info: Press CTRL+C to stop ...
2018-06-05T10:47:36.236Z - info: Reload for file change: C:\repos\nus-cs2103\website-base\book\softwareEngineering\prosAndCons\index.md
2018-06-05T10:47:37.241Z - verbose: Rebuild affected paths: C:\repos\nus-cs2103\website-base\book\softwareEngineering\prosAndCons\index.md
2018-06-05T10:47:37.243Z - info: Rebuilding 1 pages
2018-06-05T10:47:37.320Z - info: Reload for file change: C:\repos\nus-cs2103\website-base\book\softwareEngineering\prosAndCons\outcomes.md
2018-06-05T10:47:37.377Z - info: Pages rebuilt
2018-06-05T10:47:37.390Z - info: Site data built
2018-06-05T10:47:38.322Z - verbose: Rebuild affected paths: C:\repos\nus-cs2103\website-base\book\softwareEngineering\prosAndCons\outcomes.md
2018-06-05T10:47:38.324Z - info: Rebuilding 5 pages
2018-06-05T10:47:44.929Z - info: Reload for file change: C:\repos\nus-cs2103\website-base\book\oopDesign\introduction\outcomes.md
2018-06-05T10:47:44.930Z - info: Reload for file change: C:\repos\nus-cs2103\website-base\book\oopDesign\objects\basic\outcomes.md
2018-06-05T10:47:44.930Z - info: Reload for file change: C:\repos\nus-cs2103\website-base\book\oopDesign\objects\abstraction\outcomes.md
2018-06-05T10:47:44.930Z - info: Reload for file change: C:\repos\nus-cs2103\website-base\book\oopDesign\objects\encapsulation\outcomes.md
2018-06-05T10:47:44.930Z - info: Reload for file change: C:\repos\nus-cs2103\website-base\book\oopDesign\classes\basic\outcomes.md
2018-06-05T10:47:44.930Z - info: Reload for file change: C:\repos\nus-cs2103\website-base\book\oopDesign\classes\classLevelMembers\outcomes.md
2018-06-05T10:47:44.930Z - info: Reload for file change: C:\repos\nus-cs2103\website-base\book\oopDesign\classes\enumerations\outcomes.md
2018-06-05T10:47:44.931Z - info: Reload for file change: C:\repos\nus-cs2103\website-base\book\oopDesign\associations\basic\outcomes.md
2018-06-05T10:47:44.931Z - info: Reload for file change: C:\repos\nus-cs2103\website-base\book\oopDesign\associations\navigability\outcomes.md
2018-06-05T10:47:44.931Z - info: Reload for file change: C:\repos\nus-cs2103\website-base\book\oopDesign\associations\multiplicity\outcomes.md
2018-06-05T10:47:44.931Z - info: Reload for file change: C:\repos\nus-cs2103\website-base\book\oopDesign\associations\dependencies\outcomes.md
2018-06-05T10:47:44.931Z - info: Reload for file change: C:\repos\nus-cs2103\website-base\book\oopDesign\associations\composition\outcomes.md
2018-06-05T10:47:44.931Z - info: Reload for file change: C:\repos\nus-cs2103\website-base\book\oopDesign\associations\aggregation\outcomes.md
2018-06-05T10:47:44.931Z - info: Reload for file change: C:\repos\nus-cs2103\website-base\book\oopDesign\associations\associationClasses\outcomes.md
2018-06-05T10:47:44.932Z - info: Reload for file change: C:\repos\nus-cs2103\website-base\book\oopDesign\inheritance\what\outcomes.md
2018-06-05T10:47:44.932Z - info: Reload for file change: C:\repos\nus-cs2103\website-base\book\oopDesign\inheritance\overriding\outcomes.md
2018-06-05T10:47:44.932Z - info: Reload for file change: C:\repos\nus-cs2103\website-base\book\oopDesign\inheritance\overloading\outcomes.md
2018-06-05T10:47:44.932Z - info: Reload for file change: C:\repos\nus-cs2103\website-base\book\oopDesign\inheritance\interfaces\outcomes.md
2018-06-05T10:47:44.932Z - info: Reload for file change: C:\repos\nus-cs2103\website-base\book\oopDesign\inheritance\abstractClasses\outcomes.md
2018-06-05T10:47:44.932Z - info: Reload for file change: C:\repos\nus-cs2103\website-base\book\oopDesign\inheritance\dynamicAndStaticBinding\outcomes.md
2018-06-05T10:47:44.932Z - info: Reload for file change: C:\repos\nus-cs2103\website-base\book\oopDesign\inheritance\substitutability\outcomes.md
2018-06-05T10:47:44.932Z - info: Reload for file change: C:\repos\nus-cs2103\website-base\book\oopDesign\polymorphism\introduction\outcomes.md
2018-06-05T10:47:44.932Z - info: Reload for file change: C:\repos\nus-cs2103\website-base\book\oopDesign\polymorphism\mechanism\outcomes.md
2018-06-05T10:47:44.933Z - info: Reload for file change: C:\repos\nus-cs2103\website-base\book\oopDesign\miscellaneous\outcomes.md
2018-06-05T10:47:44.933Z - info: Reload for file change: C:\repos\nus-cs2103\website-base\book\oopDesign\review\outcomes.md
2018-06-05T10:47:44.933Z - info: Reload for file change: C:\repos\nus-cs2103\website-base\book\oopImplementation\classes\outcomes.md
2018-06-05T10:47:44.933Z - info: Reload for file change: C:\repos\nus-cs2103\website-base\book\oopImplementation\classLevelMembers\outcomes.md
2018-06-05T10:47:44.933Z - info: Reload for file change: C:\repos\nus-cs2103\website-base\book\oopImplementation\associations\outcomes.md
2018-06-05T10:47:44.933Z - info: Reload for file change: C:\repos\nus-cs2103\website-base\book\oopImplementation\dependencies\outcomes.md
2018-06-05T10:47:44.933Z - info: Reload for file change: C:\repos\nus-cs2103\website-base\book\oopImplementation\composition\outcomes.md
2018-06-05T10:47:44.933Z - info: Reload for file change: C:\repos\nus-cs2103\website-base\book\oopImplementation\aggregation\outcomes.md
2018-06-05T10:47:44.934Z - info: Reload for file change: C:\repos\nus-cs2103\website-base\book\oopImplementation\associationClasses\outcomes.md
2018-06-05T10:47:44.934Z - info: Reload for file change: C:\repos\nus-cs2103\website-base\book\oopImplementation\inheritance\outcomes.md
2018-06-05T10:47:44.934Z - info: Reload for file change: C:\repos\nus-cs2103\website-base\book\oopImplementation\overriding\outcomes.md
2018-06-05T10:47:44.934Z - info: Reload for file change: C:\repos\nus-cs2103\website-base\book\oopImplementation\overloading\outcomes.md
2018-06-05T10:47:44.934Z - info: Reload for file change: C:\repos\nus-cs2103\website-base\book\oopImplementation\interfaces\outcomes.md
2018-06-05T10:47:44.934Z - info: Reload for file change: C:\repos\nus-cs2103\website-base\book\oopImplementation\abstractClasses\outcomes.md
2018-06-05T10:47:44.934Z - info: Reload for file change: C:\repos\nus-cs2103\website-base\book\oopImplementation\polymorphism\outcomes.md
2018-06-05T10:47:44.934Z - info: Reload for file change: C:\repos\nus-cs2103\website-base\book\requirements\introduction\outcomes.md
2018-06-05T10:47:44.934Z - info: Reload for file change: C:\repos\nus-cs2103\website-base\book\requirements\nonFunctionalRequirements\outcomes.md
2018-06-05T10:47:44.935Z - info: Reload for file change: C:\repos\nus-cs2103\website-base\book\requirements\prioritizing\outcomes.md
2018-06-05T10:47:44.935Z - info: Reload for file change: C:\repos\nus-cs2103\website-base\book\requirements\quality\outcomes.md
2018-06-05T10:47:44.935Z - info: Reload for file change: C:\repos\nus-cs2103\website-base\book\gatheringRequirements\brainstorming\outcomes.md
2018-06-05T10:47:44.935Z - info: Reload for file change: C:\repos\nus-cs2103\website-base\book\gatheringRequirements\userSurveys\outcomes.md
2018-06-05T10:47:44.935Z - info: Reload for file change: C:\repos\nus-cs2103\website-base\book\gatheringRequirements\observation\outcomes.md
2018-06-05T10:47:44.935Z - info: Reload for file change: C:\repos\nus-cs2103\website-base\book\gatheringRequirements\interviews\outcomes.md
2018-06-05T10:47:44.936Z - info: Reload for file change: C:\repos\nus-cs2103\website-base\book\gatheringRequirements\focusGroups\outcomes.md
2018-06-05T10:47:44.936Z - info: Reload for file change: C:\repos\nus-cs2103\website-base\book\gatheringRequirements\prototyping\outcomes.md
2018-06-05T10:47:44.936Z - info: Reload for file change: C:\repos\nus-cs2103\website-base\book\gatheringRequirements\productSurveys\outcomes.md
2018-06-05T10:47:44.936Z - info: Reload for file change: C:\repos\nus-cs2103\website-base\book\specifyingRequirements\prose\what\outcomes.md
2018-06-05T10:47:44.936Z - info: Reload for file change: C:\repos\nus-cs2103\website-base\book\specifyingRequirements\featureList\what\outcomes.md
2018-06-05T10:47:44.936Z - info: Reload for file change: C:\repos\nus-cs2103\website-base\book\specifyingRequirements\userStories\introduction\outcomes.md
2018-06-05T10:47:44.936Z - info: Reload for file change: C:\repos\nus-cs2103\website-base\book\specifyingRequirements\userStories\details\outcomes.md
2018-06-05T10:47:44.936Z - info: Reload for file change: C:\repos\nus-cs2103\website-base\book\specifyingRequirements\userStories\usage\outcomes.md
2018-06-05T10:47:44.937Z - info: Reload for file change: C:\repos\nus-cs2103\website-base\book\specifyingRequirements\useCases\introduction\outcomes.md
2018-06-05T10:47:44.937Z - info: Reload for file change: C:\repos\nus-cs2103\website-base\book\specifyingRequirements\useCases\identifying\outcomes.md
2018-06-05T10:47:44.937Z - info: Reload for file change: C:\repos\nus-cs2103\website-base\book\specifyingRequirements\useCases\details\outcomes.md
2018-06-05T10:47:44.937Z - info: Reload for file change: C:\repos\nus-cs2103\website-base\book\specifyingRequirements\useCases\usage\outcomes.md
2018-06-05T10:47:44.937Z - info: Reload for file change: C:\repos\nus-cs2103\website-base\book\specifyingRequirements\glossary\what\outcomes.md
2018-06-05T10:47:44.937Z - info: Reload for file change: C:\repos\nus-cs2103\website-base\book\specifyingRequirements\supplementaryRequirements\what\outcomes.md
2018-06-05T10:47:44.937Z - info: Reload for file change: C:\repos\nus-cs2103\website-base\book\design\introduction\what\outcomes.md
2018-06-05T10:47:44.938Z - info: Reload for file change: C:\repos\nus-cs2103\website-base\book\designFundamentals\abstraction\what\outcomes.md
2018-06-05T10:47:44.938Z - info: Reload for file change: C:\repos\nus-cs2103\website-base\book\designFundamentals\coupling\what\outcomes.md
2018-06-05T10:47:44.938Z - info: Reload for file change: C:\repos\nus-cs2103\website-base\book\designFundamentals\coupling\how\outcomes.md
2018-06-05T10:47:44.938Z - info: Reload for file change: C:\repos\nus-cs2103\website-base\book\designFundamentals\coupling\types\outcomes.md
2018-06-05T10:47:44.938Z - info: Reload for file change: C:\repos\nus-cs2103\website-base\book\designFundamentals\cohesion\what\outcomes.md
2018-06-05T10:47:44.938Z - info: Reload for file change: C:\repos\nus-cs2103\website-base\book\designFundamentals\cohesion\how\outcomes.md
2018-06-05T10:47:44.938Z - info: Reload for file change: C:\repos\nus-cs2103\website-base\book\modeling\introduction\what\outcomes.md
2018-06-05T10:47:44.938Z - info: Reload for file change: C:\repos\nus-cs2103\website-base\book\modeling\introduction\how\outcomes.md
2018-06-05T10:47:44.938Z - info: Reload for file change: C:\repos\nus-cs2103\website-base\book\modeling\introduction\umlModels\outcomes.md
2018-06-05T10:47:44.939Z - info: Reload for file change: C:\repos\nus-cs2103\website-base\book\modeling\modelingStructures\classDiagramsBasic\outcomes.md
2018-06-05T10:47:44.939Z - info: Reload for file change: C:\repos\nus-cs2103\website-base\book\modeling\modelingStructures\objectDiagrams\outcomes.md
2018-06-05T10:47:44.939Z - info: Reload for file change: C:\repos\nus-cs2103\website-base\book\modeling\modelingStructures\objectOrientedDomainModels\outcomes.md
2018-06-05T10:47:44.939Z - info: Reload for file change: C:\repos\nus-cs2103\website-base\book\modeling\modelingStructures\deploymentDiagrams\outcomes.md
2018-06-05T10:47:44.939Z - info: Reload for file change: C:\repos\nus-cs2103\website-base\book\modeling\modelingStructures\componentDiagrams\outcomes.md
2018-06-05T10:47:44.939Z - info: Reload for file change: C:\repos\nus-cs2103\website-base\book\modeling\modelingStructures\packageDiagrams\outcomes.md
2018-06-05T10:47:44.940Z - info: Reload for file change: C:\repos\nus-cs2103\website-base\book\modeling\modelingStructures\compositeStructureDiagrams\outcomes.md
2018-06-05T10:47:44.940Z - info: Reload for file change: C:\repos\nus-cs2103\website-base\book\modeling\modelingBehaviors\activityDiagrams\outcomes.md
2018-06-05T10:47:44.940Z - info: Reload for file change: C:\repos\nus-cs2103\website-base\book\modeling\modelingBehaviors\sequenceDiagramsBasic\outcomes.md
2018-06-05T10:47:44.940Z - info: Reload for file change: C:\repos\nus-cs2103\website-base\book\modeling\modelingBehaviors\useCaseDiagrams\outcomes.md
2018-06-05T10:47:44.940Z - info: Reload for file change: C:\repos\nus-cs2103\website-base\book\modeling\modelingBehaviors\timingDiagrams\outcomes.md
2018-06-05T10:47:44.940Z - info: Reload for file change: C:\repos\nus-cs2103\website-base\book\modeling\modelingBehaviors\interactionOverviewDiagrams\outcomes.md
2018-06-05T10:47:44.940Z - info: Reload for file change: C:\repos\nus-cs2103\website-base\book\modeling\modelingBehaviors\communicationDiagrams\outcomes.md
2018-06-05T10:47:44.941Z - info: Reload for file change: C:\repos\nus-cs2103\website-base\book\modeling\modelingBehaviors\stateMachineDiagrams\outcomes.md
2018-06-05T10:47:44.941Z - info: Reload for file change: C:\repos\nus-cs2103\website-base\book\modeling\modelingASolution\introduction\outcomes.md
2018-06-05T10:47:44.941Z - info: Reload for file change: C:\repos\nus-cs2103\website-base\book\modeling\modelingASolution\basic\outcomes.md
2018-06-05T10:47:44.941Z - info: Reload for file change: C:\repos\nus-cs2103\website-base\book\modeling\modelingASolution\intermediate\outcomes.md
2018-06-05T10:47:44.941Z - info: Reload for file change: C:\repos\nus-cs2103\website-base\book\modeling\review\outcomes.md
2018-06-05T10:47:44.941Z - info: Reload for file change: C:\repos\nus-cs2103\website-base\book\architecture\introduction\what\outcomes.md
2018-06-05T10:47:44.941Z - info: Reload for file change: C:\repos\nus-cs2103\website-base\book\designPatterns\introduction\what\outcomes.md
2018-06-05T10:47:44.942Z - info: Reload for file change: C:\repos\nus-cs2103\website-base\book\designPatterns\introduction\format\outcomes.md
2018-06-05T10:47:44.942Z - info: Reload for file change: C:\repos\nus-cs2103\website-base\book\designPatterns\singleton\what\outcomes.md
2018-06-05T10:47:44.942Z - info: Reload for file change: C:\repos\nus-cs2103\website-base\book\designPatterns\singleton\implementation\outcomes.md
2018-06-05T10:47:44.942Z - info: Reload for file change: C:\repos\nus-cs2103\website-base\book\designPatterns\singleton\evaluation\outcomes.md
2018-06-05T10:47:44.942Z - info: Reload for file change: C:\repos\nus-cs2103\website-base\book\designPatterns\abstractionOccurrence\what\outcomes.md
2018-06-05T10:47:44.942Z - info: Reload for file change: C:\repos\nus-cs2103\website-base\book\designPatterns\facade\what\outcomes.md
2018-06-05T10:47:44.942Z - info: Reload for file change: C:\repos\nus-cs2103\website-base\book\designPatterns\command\what\outcomes.md
2018-06-05T10:47:44.942Z - info: Reload for file change: C:\repos\nus-cs2103\website-base\book\designPatterns\modelViewController\what\outcomes.md
2018-06-05T10:47:44.943Z - info: Reload for file change: C:\repos\nus-cs2103\website-base\book\designPatterns\observer\what\outcomes.md
2018-06-05T10:47:44.943Z - info: Reload for file change: C:\repos\nus-cs2103\website-base\book\designPatterns\more\combiningDesignPatterns\outcomes.md
2018-06-05T10:47:44.943Z - info: Reload for file change: C:\repos\nus-cs2103\website-base\book\designPatterns\more\otherDesignPatterns\outcomes.md
2018-06-05T10:47:44.943Z - info: Reload for file change: C:\repos\nus-cs2103\website-base\book\designPatterns\more\usingDesignPatterns\outcomes.md
2018-06-05T10:47:44.943Z - info: Reload for file change: C:\repos\nus-cs2103\website-base\book\designPatterns\more\otherTypesOfPatterns\outcomes.md
2018-06-05T10:47:44.943Z - info: Reload for file change: C:\repos\nus-cs2103\website-base\book\designPatterns\more\vsPrinciples\outcomes.md
2018-06-05T10:47:44.943Z - info: Reload for file change: C:\repos\nus-cs2103\website-base\book\designApproaches\multilevelDesign\what\outcomes.md
2018-06-05T10:47:44.943Z - info: Reload for file change: C:\repos\nus-cs2103\website-base\book\designApproaches\topDownBottomUp\what\outcomes.md
2018-06-05T10:47:44.944Z - info: Reload for file change: C:\repos\nus-cs2103\website-base\book\designApproaches\agileDesign\what\outcomes.md
2018-06-05T10:47:44.944Z - info: Reload for file change: C:\repos\nus-cs2103\website-base\book\ides\introduction\what\outcomes.md
2018-06-05T10:47:44.944Z - info: Reload for file change: C:\repos\nus-cs2103\website-base\book\ides\debugging\what\outcomes.md
2018-06-05T10:47:44.944Z - info: Reload for file change: C:\repos\nus-cs2103\website-base\book\refactoring\what\outcomes.md
2018-06-05T10:47:44.944Z - info: Reload for file change: C:\repos\nus-cs2103\website-base\book\refactoring\how\outcomes.md
2018-06-05T10:47:44.944Z - info: Reload for file change: C:\repos\nus-cs2103\website-base\book\refactoring\when\outcomes.md
2018-06-05T10:47:44.944Z - info: Reload for file change: C:\repos\nus-cs2103\website-base\book\documentation\introduction\what\outcomes.md
2018-06-05T10:47:44.944Z - info: Reload for file change: C:\repos\nus-cs2103\website-base\book\documentation\guidelines\goTopDown\what\outcomes.md
2018-06-05T10:47:44.945Z - info: Reload for file change: C:\repos\nus-cs2103\website-base\book\documentation\guidelines\goTopDown\why\outcomes.md
2018-06-05T10:47:44.945Z - info: Reload for file change: C:\repos\nus-cs2103\website-base\book\documentation\guidelines\goTopDown\how\outcomes.md
2018-06-05T10:47:44.945Z - info: Reload for file change: C:\repos\nus-cs2103\website-base\book\documentation\guidelines\aimForComprehensibility\what\outcomes.md
2018-06-05T10:47:44.945Z - info: Reload for file change: C:\repos\nus-cs2103\website-base\book\documentation\guidelines\aimForComprehensibility\how\outcomes.md
2018-06-05T10:47:44.945Z - info: Reload for file change: C:\repos\nus-cs2103\website-base\book\documentation\guidelines\documentMinimally\what\outcomes.md
2018-06-05T10:47:44.945Z - info: Reload for file change: C:\repos\nus-cs2103\website-base\book\documentation\guidelines\documentMinimally\how\outcomes.md
2018-06-05T10:47:44.945Z - info: Reload for file change: C:\repos\nus-cs2103\website-base\book\documentation\tools\javaDoc\what\outcomes.md
2018-06-05T10:47:44.945Z - info: Reload for file change: C:\repos\nus-cs2103\website-base\book\documentation\tools\javaDoc\how\outcomes.md
2018-06-05T10:47:44.945Z - info: Reload for file change: C:\repos\nus-cs2103\website-base\book\documentation\tools\markdown\what\outcomes.md
2018-06-05T10:47:44.946Z - info: Reload for file change: C:\repos\nus-cs2103\website-base\book\documentation\tools\markdown\how\outcomes.md
2018-06-05T10:47:44.946Z - info: Reload for file change: C:\repos\nus-cs2103\website-base\book\documentation\tools\asciiDoc\what\outcomes.md
2018-06-05T10:47:44.946Z - info: Reload for file change: C:\repos\nus-cs2103\website-base\book\errorHandling\introduction\what\outcomes.md
2018-06-05T10:47:44.946Z - info: Reload for file change: C:\repos\nus-cs2103\website-base\book\errorHandling\exceptions\what\outcomes.md
2018-06-05T10:47:44.946Z - info: Reload for file change: C:\repos\nus-cs2103\website-base\book\errorHandling\exceptions\how\outcomes.md
2018-06-05T10:47:44.946Z - info: Reload for file change: C:\repos\nus-cs2103\website-base\book\errorHandling\exceptions\when\outcomes.md
2018-06-05T10:47:44.946Z - info: Reload for file change: C:\repos\nus-cs2103\website-base\book\errorHandling\assertions\what\outcomes.md
2018-06-05T10:47:44.946Z - info: Reload for file change: C:\repos\nus-cs2103\website-base\book\errorHandling\assertions\how\outcomes.md
2018-06-05T10:47:44.947Z - info: Reload for file change: C:\repos\nus-cs2103\website-base\book\errorHandling\assertions\when\outcomes.md
2018-06-05T10:47:44.947Z - info: Reload for file change: C:\repos\nus-cs2103\website-base\book\errorHandling\logging\what\outcomes.md
2018-06-05T10:47:44.947Z - info: Reload for file change: C:\repos\nus-cs2103\website-base\book\errorHandling\logging\how\outcomes.md
2018-06-05T10:47:44.947Z - info: Reload for file change: C:\repos\nus-cs2103\website-base\book\errorHandling\defensiveProgramming\what\outcomes.md
2018-06-05T10:47:44.947Z - info: Reload for file change: C:\repos\nus-cs2103\website-base\book\errorHandling\defensiveProgramming\compulsoryAssociations\outcomes.md
2018-06-05T10:47:44.947Z - info: Reload for file change: C:\repos\nus-cs2103\website-base\book\errorHandling\defensiveProgramming\1to1Associations\outcomes.md
2018-06-05T10:47:44.947Z - info: Reload for file change: C:\repos\nus-cs2103\website-base\book\errorHandling\defensiveProgramming\referentialIntegrity\outcomes.md
2018-06-05T10:47:44.947Z - info: Reload for file change: C:\repos\nus-cs2103\website-base\book\errorHandling\defensiveProgramming\when\outcomes.md
2018-06-05T10:47:44.947Z - info: Reload for file change: C:\repos\nus-cs2103\website-base\book\errorHandling\designByContract\what\outcomes.md
2018-06-05T10:47:44.948Z - info: Reload for file change: C:\repos\nus-cs2103\website-base\book\integration\introduction\what\outcomes.md
2018-06-05T10:47:44.948Z - info: Reload for file change: C:\repos\nus-cs2103\website-base\book\integration\approaches\lateVsEarly\outcomes.md
2018-06-05T10:47:44.948Z - info: Reload for file change: C:\repos\nus-cs2103\website-base\book\integration\approaches\bigBangVsIncremental\outcomes.md
2018-06-05T10:47:44.948Z - info: Reload for file change: C:\repos\nus-cs2103\website-base\book\integration\approaches\topDownVsBottomUp\outcomes.md
2018-06-05T10:47:44.948Z - info: Reload for file change: C:\repos\nus-cs2103\website-base\book\integration\buildAutomation\what\outcomes.md
2018-06-05T10:47:44.948Z - info: Reload for file change: C:\repos\nus-cs2103\website-base\book\integration\buildAutomation\continuousIntegrationDeployment\outcomes.md
2018-06-05T10:47:44.948Z - info: Reload for file change: C:\repos\nus-cs2103\website-base\book\integration\review\outcomes.md
2018-06-05T10:47:44.948Z - info: Reload for file change: C:\repos\nus-cs2103\website-base\book\reuse\introduction\what\outcomes.md
2018-06-05T10:47:44.949Z - info: Reload for file change: C:\repos\nus-cs2103\website-base\book\reuse\introduction\when\outcomes.md
2018-06-05T10:47:44.949Z - info: Reload for file change: C:\repos\nus-cs2103\website-base\book\reuse\apis\what\outcomes.md
2018-06-05T10:47:44.949Z - info: Reload for file change: C:\repos\nus-cs2103\website-base\book\reuse\apis\designingAPIs\outcomes.md
2018-06-05T10:47:44.949Z - info: Reload for file change: C:\repos\nus-cs2103\website-base\book\reuse\libraries\what\outcomes.md
2018-06-05T10:47:44.949Z - info: Reload for file change: C:\repos\nus-cs2103\website-base\book\reuse\libraries\how\outcomes.md
2018-06-05T10:47:44.949Z - info: Reload for file change: C:\repos\nus-cs2103\website-base\book\reuse\frameworks\what\outcomes.md
2018-06-05T10:47:44.949Z - info: Reload for file change: C:\repos\nus-cs2103\website-base\book\reuse\frameworks\frameworksVsLibraries\outcomes.md
2018-06-05T10:47:44.949Z - info: Reload for file change: C:\repos\nus-cs2103\website-base\book\reuse\platforms\what\outcomes.md
2018-06-05T10:47:44.950Z - info: Reload for file change: C:\repos\nus-cs2103\website-base\book\reuse\cloudComputing\what\outcomes.md
2018-06-05T10:47:44.950Z - info: Reload for file change: C:\repos\nus-cs2103\website-base\book\reuse\cloudComputing\services\outcomes.md
2018-06-05T10:47:44.950Z - info: Reload for file change: C:\repos\nus-cs2103\website-base\book\qualityAssurance\introduction\what\outcomes.md
2018-06-05T10:47:44.950Z - info: Reload for file change: C:\repos\nus-cs2103\website-base\book\qualityAssurance\introduction\validationVsVerification\outcomes.md
2018-06-05T10:47:44.950Z - info: Reload for file change: C:\repos\nus-cs2103\website-base\book\qualityAssurance\codeReviews\what\outcomes.md
2018-06-05T10:47:44.950Z - info: Reload for file change: C:\repos\nus-cs2103\website-base\book\qualityAssurance\staticAnalysis\what\outcomes.md
2018-06-05T10:47:44.950Z - info: Reload for file change: C:\repos\nus-cs2103\website-base\book\qualityAssurance\formalVerification\what\outcomes.md
2018-06-05T10:47:44.950Z - info: Reload for file change: C:\repos\nus-cs2103\website-base\book\testing\introduction\what\outcomes.md
2018-06-05T10:47:44.951Z - info: Reload for file change: C:\repos\nus-cs2103\website-base\book\testing\introduction\testability\outcomes.md
2018-06-05T10:47:44.951Z - info: Reload for file change: C:\repos\nus-cs2103\website-base\book\testing\testingTypes\unitTesting\what\outcomes.md
2018-06-05T10:47:44.951Z - info: Reload for file change: C:\repos\nus-cs2103\website-base\book\testing\testingTypes\unitTesting\stubs\outcomes.md
2018-06-05T10:47:44.951Z - info: Reload for file change: C:\repos\nus-cs2103\website-base\book\testing\testingTypes\integrationTesting\what\outcomes.md
2018-06-05T10:47:44.951Z - info: Reload for file change: C:\repos\nus-cs2103\website-base\book\testing\testingTypes\systemTesting\what\outcomes.md
2018-06-05T10:47:44.951Z - info: Reload for file change: C:\repos\nus-cs2103\website-base\book\testing\testingTypes\alphaBetaTesting\what\outcomes.md
2018-06-05T10:47:44.951Z - info: Reload for file change: C:\repos\nus-cs2103\website-base\book\testing\testingTypes\dogfooding\what\outcomes.md
2018-06-05T10:47:44.951Z - info: Reload for file change: C:\repos\nus-cs2103\website-base\book\testing\testingTypes\developerTesting\what\outcomes.md
2018-06-05T10:47:44.952Z - info: Reload for file change: C:\repos\nus-cs2103\website-base\book\testing\testingTypes\developerTesting\why\outcomes.md
2018-06-05T10:47:44.952Z - info: Reload for file change: C:\repos\nus-cs2103\website-base\book\testing\testingTypes\exploratoryVsScriptedTesting\what\outcomes.md
2018-06-05T10:47:44.952Z - info: Reload for file change: C:\repos\nus-cs2103\website-base\book\testing\testingTypes\exploratoryVsScriptedTesting\when\outcomes.md
2018-06-05T10:47:44.952Z - info: Reload for file change: C:\repos\nus-cs2103\website-base\book\testing\testingTypes\acceptanceTesting\what\outcomes.md
2018-06-05T10:47:44.952Z - info: Reload for file change: C:\repos\nus-cs2103\website-base\book\testing\testingTypes\acceptanceTesting\acceptanceVsSystemTesting\outcomes.md
2018-06-05T10:47:44.952Z - info: Reload for file change: C:\repos\nus-cs2103\website-base\book\testing\testingTypes\regressionTesting\what\outcomes.md
2018-06-05T10:47:44.953Z - info: Reload for file change: C:\repos\nus-cs2103\website-base\book\testing\testAutomation\what\outcomes.md
2018-06-05T10:47:44.953Z - info: Reload for file change: C:\repos\nus-cs2103\website-base\book\testing\testAutomation\testingTextUis\outcomes.md
2018-06-05T10:47:44.953Z - info: Reload for file change: C:\repos\nus-cs2103\website-base\book\testing\testAutomation\usingTestDrivers\outcomes.md
2018-06-05T10:47:44.953Z - info: Reload for file change: C:\repos\nus-cs2103\website-base\book\testing\testAutomation\tools\outcomes.md
2018-06-05T10:47:44.953Z - info: Reload for file change: C:\repos\nus-cs2103\website-base\book\testing\testAutomation\testingGuis\outcomes.md
2018-06-05T10:47:44.953Z - info: Reload for file change: C:\repos\nus-cs2103\website-base\book\testing\testCoverage\what\outcomes.md
2018-06-05T10:47:44.953Z - info: Reload for file change: C:\repos\nus-cs2103\website-base\book\testing\testCoverage\how\outcomes.md
2018-06-05T10:47:44.954Z - info: Reload for file change: C:\repos\nus-cs2103\website-base\book\testing\dependencyInjection\what\outcomes.md
2018-06-05T10:47:44.954Z - info: Reload for file change: C:\repos\nus-cs2103\website-base\book\testing\dependencyInjection\how\outcomes.md
2018-06-05T10:47:44.954Z - info: Reload for file change: C:\repos\nus-cs2103\website-base\book\testing\tdd\what\outcomes.md
2018-06-05T10:47:44.954Z - info: Reload for file change: C:\repos\nus-cs2103\website-base\book\testing\tdd\how\outcomes.md
2018-06-05T10:47:44.954Z - info: Reload for file change: C:\repos\nus-cs2103\website-base\book\testCaseDesign\introduction\what\outcomes.md
2018-06-05T10:47:44.954Z - info: Reload for file change: C:\repos\nus-cs2103\website-base\book\testCaseDesign\introduction\positiveVsNegative\outcomes.md
2018-06-05T10:47:44.954Z - info: Reload for file change: C:\repos\nus-cs2103\website-base\book\testCaseDesign\introduction\blackVsGlass\outcomes.md
2018-06-05T10:47:44.955Z - info: Reload for file change: C:\repos\nus-cs2103\website-base\book\testCaseDesign\equivalencePartitions\what\outcomes.md
2018-06-05T10:47:44.955Z - info: Reload for file change: C:\repos\nus-cs2103\website-base\book\testCaseDesign\equivalencePartitions\basic\outcomes.md
2018-06-05T10:47:44.955Z - info: Reload for file change: C:\repos\nus-cs2103\website-base\book\testCaseDesign\equivalencePartitions\intermediate\outcomes.md
2018-06-05T10:47:44.955Z - info: Reload for file change: C:\repos\nus-cs2103\website-base\book\testCaseDesign\boundaryValueAnalysis\what\outcomes.md
2018-06-05T10:47:44.955Z - info: Reload for file change: C:\repos\nus-cs2103\website-base\book\testCaseDesign\boundaryValueAnalysis\how\outcomes.md
2018-06-05T10:47:44.955Z - info: Reload for file change: C:\repos\nus-cs2103\website-base\book\testCaseDesign\combiningTestInputs\why\outcomes.md
2018-06-05T10:47:44.955Z - info: Reload for file change: C:\repos\nus-cs2103\website-base\book\testCaseDesign\combiningTestInputs\combinationStrategies\outcomes.md
2018-06-05T10:47:44.955Z - info: Reload for file change: C:\repos\nus-cs2103\website-base\book\testCaseDesign\combiningTestInputs\heuristicValid\outcomes.md
2018-06-05T10:47:44.956Z - info: Reload for file change: C:\repos\nus-cs2103\website-base\book\testCaseDesign\combiningTestInputs\heuristicInvalid\outcomes.md
2018-06-05T10:47:44.956Z - info: Reload for file change: C:\repos\nus-cs2103\website-base\book\testCaseDesign\combiningTestInputs\mix\outcomes.md
2018-06-05T10:47:44.956Z - info: Reload for file change: C:\repos\nus-cs2103\website-base\book\testCaseDesign\more\testingUseCases\outcomes.md
2018-06-05T10:47:44.956Z - info: Reload for file change: C:\repos\nus-cs2103\website-base\book\testCaseDesign\summary\recap\outcomes.md
2018-06-05T10:47:44.956Z - info: Reload for file change: C:\repos\nus-cs2103\website-base\book\testCaseDesign\summary\exercises\outcomes.md
2018-06-05T10:47:44.956Z - info: Reload for file change: C:\repos\nus-cs2103\website-base\book\revisionControl\what\outcomes.md
2018-06-05T10:47:44.956Z - info: Reload for file change: C:\repos\nus-cs2103\website-base\book\revisionControl\repositories\outcomes.md
2018-06-05T10:47:44.956Z - info: Reload for file change: C:\repos\nus-cs2103\website-base\book\revisionControl\savingHistory\outcomes.md
2018-06-05T10:47:44.957Z - info: Reload for file change: C:\repos\nus-cs2103\website-base\book\revisionControl\usingHistory\outcomes.md
2018-06-05T10:47:44.957Z - info: Reload for file change: C:\repos\nus-cs2103\website-base\book\revisionControl\remoteRepositories\outcomes.md
2018-06-05T10:47:44.957Z - info: Reload for file change: C:\repos\nus-cs2103\website-base\book\revisionControl\branching\outcomes.md
2018-06-05T10:47:44.957Z - info: Reload for file change: C:\repos\nus-cs2103\website-base\book\revisionControl\drcsVsCrcs\outcomes.md
2018-06-05T10:47:44.957Z - info: Reload for file change: C:\repos\nus-cs2103\website-base\book\revisionControl\forkingWorkflow\outcomes.md
2018-06-05T10:47:44.957Z - info: Reload for file change: C:\repos\nus-cs2103\website-base\book\revisionControl\featureBranchFlow\outcomes.md
2018-06-05T10:47:44.957Z - info: Reload for file change: C:\repos\nus-cs2103\website-base\book\revisionControl\centralizedFlow\outcomes.md
2018-06-05T10:47:44.957Z - info: Reload for file change: C:\repos\nus-cs2103\website-base\book\projectPlanning\workBreakdownStructure\outcomes.md
2018-06-05T10:47:44.958Z - info: Reload for file change: C:\repos\nus-cs2103\website-base\book\projectPlanning\milestones\outcomes.md
2018-06-05T10:47:44.958Z - info: Reload for file change: C:\repos\nus-cs2103\website-base\book\projectPlanning\buffers\outcomes.md
2018-06-05T10:47:44.958Z - info: Reload for file change: C:\repos\nus-cs2103\website-base\book\projectPlanning\issueTrackers\outcomes.md
2018-06-05T10:47:44.958Z - info: Reload for file change: C:\repos\nus-cs2103\website-base\book\projectPlanning\ganttCharts\outcomes.md
2018-06-05T10:47:44.958Z - info: Reload for file change: C:\repos\nus-cs2103\website-base\book\projectPlanning\pertCharts\outcomes.md
2018-06-05T10:47:44.958Z - info: Reload for file change: C:\repos\nus-cs2103\website-base\book\teamwork\teamStructures\outcomes.md
2018-06-05T10:47:44.958Z - info: Reload for file change: C:\repos\nus-cs2103\website-base\book\processModels\introduction\what\outcomes.md
2018-06-05T10:47:44.958Z - info: Reload for file change: C:\repos\nus-cs2103\website-base\book\processModels\introduction\sequentialModels\outcomes.md
2018-06-05T10:47:44.959Z - info: Reload for file change: C:\repos\nus-cs2103\website-base\book\processModels\introduction\iterativeModels\outcomes.md
2018-06-05T10:47:44.959Z - info: Reload for file change: C:\repos\nus-cs2103\website-base\book\processModels\introduction\agileModels\outcomes.md
2018-06-05T10:47:44.959Z - info: Reload for file change: C:\repos\nus-cs2103\website-base\book\processModels\exampleProcessModels\xp\outcomes.md
2018-06-05T10:47:44.959Z - info: Reload for file change: C:\repos\nus-cs2103\website-base\book\processModels\exampleProcessModels\scrum\outcomes.md
2018-06-05T10:47:44.959Z - info: Reload for file change: C:\repos\nus-cs2103\website-base\book\processModels\exampleProcessModels\unifiedProcess\outcomes.md
2018-06-05T10:47:44.959Z - info: Reload for file change: C:\repos\nus-cs2103\website-base\book\processModels\more\cmmi\outcomes.md
2018-06-05T10:47:44.959Z - info: Reload for file change: C:\repos\nus-cs2103\website-base\book\processModels\summary\recap\outcomes.md
2018-06-05T10:47:44.959Z - info: Reload for file change: C:\repos\nus-cs2103\website-base\book\uml\classDiagrams\introduction\what\outcomes.md
2018-06-05T10:47:44.959Z - info: Reload for file change: C:\repos\nus-cs2103\website-base\book\uml\classDiagrams\classes\what\outcomes.md
2018-06-05T10:47:44.960Z - info: Reload for file change: C:\repos\nus-cs2103\website-base\book\uml\classDiagrams\associations\basic\outcomes.md
2018-06-05T10:47:44.960Z - info: Reload for file change: C:\repos\nus-cs2103\website-base\book\uml\classDiagrams\associations\navigability\outcomes.md
2018-06-05T10:47:44.960Z - info: Reload for file change: C:\repos\nus-cs2103\website-base\book\uml\classDiagrams\associations\roles\outcomes.md
2018-06-05T10:47:44.960Z - info: Reload for file change: C:\repos\nus-cs2103\website-base\book\uml\classDiagrams\associations\labels\outcomes.md
2018-06-05T10:47:44.960Z - info: Reload for file change: C:\repos\nus-cs2103\website-base\book\uml\classDiagrams\associations\multiplicity\outcomes.md
2018-06-05T10:47:44.960Z - info: Reload for file change: C:\repos\nus-cs2103\website-base\book\uml\classDiagrams\dependencies\what\outcomes.md
2018-06-05T10:47:44.960Z - info: Reload for file change: C:\repos\nus-cs2103\website-base\book\uml\classDiagrams\associationsAsAttributes\what\outcomes.md
2018-06-05T10:47:44.961Z - info: Reload for file change: C:\repos\nus-cs2103\website-base\book\uml\classDiagrams\enumerations\what\outcomes.md
2018-06-05T10:47:44.961Z - info: Reload for file change: C:\repos\nus-cs2103\website-base\book\uml\classDiagrams\classLevelMembers\what\outcomes.md
2018-06-05T10:47:44.961Z - info: Reload for file change: C:\repos\nus-cs2103\website-base\book\uml\classDiagrams\associationClasses\what\outcomes.md
2018-06-05T10:47:44.961Z - info: Reload for file change: C:\repos\nus-cs2103\website-base\book\uml\classDiagrams\composition\what\outcomes.md
2018-06-05T10:47:44.961Z - info: Reload for file change: C:\repos\nus-cs2103\website-base\book\uml\classDiagrams\aggregation\what\outcomes.md
2018-06-05T10:47:44.961Z - info: Reload for file change: C:\repos\nus-cs2103\website-base\book\uml\classDiagrams\classInheritance\what\outcomes.md
2018-06-05T10:47:44.961Z - info: Reload for file change: C:\repos\nus-cs2103\website-base\book\uml\classDiagrams\interfaces\what\outcomes.md
2018-06-05T10:47:44.962Z - info: Reload for file change: C:\repos\nus-cs2103\website-base\book\uml\classDiagrams\abstractClasses\what\outcomes.md
2018-06-05T10:47:44.962Z - info: Reload for file change: C:\repos\nus-cs2103\website-base\book\uml\sequenceDiagrams\introduction\outcomes.md
2018-06-05T10:47:44.962Z - info: Reload for file change: C:\repos\nus-cs2103\website-base\book\uml\sequenceDiagrams\basic\outcomes.md
2018-06-05T10:47:44.962Z - info: Reload for file change: C:\repos\nus-cs2103\website-base\book\uml\sequenceDiagrams\objectCreation\outcomes.md
2018-06-05T10:47:44.962Z - info: Reload for file change: C:\repos\nus-cs2103\website-base\book\uml\sequenceDiagrams\objectDeletion\outcomes.md
2018-06-05T10:47:44.962Z - info: Reload for file change: C:\repos\nus-cs2103\website-base\book\uml\sequenceDiagrams\loops\outcomes.md
2018-06-05T10:47:44.962Z - info: Reload for file change: C:\repos\nus-cs2103\website-base\book\uml\sequenceDiagrams\selfInvocation\outcomes.md
2018-06-05T10:47:44.963Z - info: Reload for file change: C:\repos\nus-cs2103\website-base\book\uml\sequenceDiagrams\alternativePaths\outcomes.md
2018-06-05T10:47:44.963Z - info: Reload for file change: C:\repos\nus-cs2103\website-base\book\uml\sequenceDiagrams\optionalPaths\outcomes.md
2018-06-05T10:47:44.963Z - info: Reload for file change: C:\repos\nus-cs2103\website-base\book\uml\sequenceDiagrams\parallelPaths\outcomes.md
2018-06-05T10:47:44.963Z - info: Reload for file change: C:\repos\nus-cs2103\website-base\book\uml\sequenceDiagrams\referenceFrames\outcomes.md
2018-06-05T10:47:44.963Z - info: Reload for file change: C:\repos\nus-cs2103\website-base\book\uml\sequenceDiagrams\minimalNotation\outcomes.md
2018-06-05T10:47:44.963Z - info: Reload for file change: C:\repos\nus-cs2103\website-base\book\uml\objectDiagrams\introduction\outcomes.md
2018-06-05T10:47:44.963Z - info: Reload for file change: C:\repos\nus-cs2103\website-base\book\uml\objectDiagrams\objects\outcomes.md
2018-06-05T10:47:44.963Z - info: Reload for file change: C:\repos\nus-cs2103\website-base\book\uml\objectDiagrams\associations\what\outcomes.md
2018-06-05T10:47:44.964Z - info: Reload for file change: C:\repos\nus-cs2103\website-base\book\uml\activityDiagrams\introduction\what\outcomes.md
2018-06-05T10:47:44.964Z - info: Reload for file change: C:\repos\nus-cs2103\website-base\book\uml\activityDiagrams\basicNotations\linearPaths\outcomes.md
2018-06-05T10:47:44.964Z - info: Reload for file change: C:\repos\nus-cs2103\website-base\book\uml\activityDiagrams\basicNotations\alternatePaths\outcomes.md
2018-06-05T10:47:44.964Z - info: Reload for file change: C:\repos\nus-cs2103\website-base\book\uml\activityDiagrams\basicNotations\parallelPaths\outcomes.md
2018-06-05T10:47:44.964Z - info: Reload for file change: C:\repos\nus-cs2103\website-base\book\uml\activityDiagrams\basicNotations\rakes\outcomes.md
2018-06-05T10:47:44.964Z - info: Reload for file change: C:\repos\nus-cs2103\website-base\book\uml\activityDiagrams\basicNotations\swimlanes\outcomes.md
2018-06-05T10:47:44.964Z - info: Reload for file change: C:\repos\nus-cs2103\website-base\book\uml\notes\notes\outcomes.md
2018-06-05T10:47:44.964Z - info: Reload for file change: C:\repos\nus-cs2103\website-base\book\uml\notes\constraints\outcomes.md
2018-06-05T10:47:44.965Z - info: Reload for file change: C:\repos\nus-cs2103\website-base\book\uml\miscellaneous\objectVsClassDiagrams\outcomes.md
2018-06-05T10:47:44.965Z - info: Reload for file change: C:\repos\nus-cs2103\website-base\book\intellij\projectSetup\outcomes.md
2018-06-05T10:47:44.965Z - info: Reload for file change: C:\repos\nus-cs2103\website-base\book\intellij\codeNavigation\outcomes.md
2018-06-05T10:47:44.965Z - info: Reload for file change: C:\repos\nus-cs2103\website-base\book\intellij\productivityShortcuts\outcomes.md
2018-06-05T10:47:44.965Z - info: Reload for file change: C:\repos\nus-cs2103\website-base\book\intellij\debuggingBasic\outcomes.md
2018-06-05T10:47:44.965Z - info: Reload for file change: C:\repos\nus-cs2103\website-base\book\intellij\refactoring\outcomes.md
2018-06-05T10:47:44.965Z - info: Reload for file change: C:\repos\nus-cs2103\website-base\book\gitAndGithub\init\outcomes.md
2018-06-05T10:47:44.965Z - info: Reload for file change: C:\repos\nus-cs2103\website-base\book\gitAndGithub\commit\outcomes.md
2018-06-05T10:47:44.966Z - info: Reload for file change: C:\repos\nus-cs2103\website-base\book\gitAndGithub\ignore\outcomes.md
2018-06-05T10:47:44.966Z - info: Reload for file change: C:\repos\nus-cs2103\website-base\book\gitAndGithub\tag\outcomes.md
2018-06-05T10:47:44.966Z - info: Reload for file change: C:\repos\nus-cs2103\website-base\book\gitAndGithub\checkout\outcomes.md
2018-06-05T10:47:44.966Z - info: Reload for file change: C:\repos\nus-cs2103\website-base\book\gitAndGithub\stash\outcomes.md
2018-06-05T10:47:44.966Z - info: Reload for file change: C:\repos\nus-cs2103\website-base\book\gitAndGithub\clone\outcomes.md
2018-06-05T10:47:44.966Z - info: Reload for file change: C:\repos\nus-cs2103\website-base\book\gitAndGithub\pull\outcomes.md
2018-06-05T10:47:44.966Z - info: Reload for file change: C:\repos\nus-cs2103\website-base\book\gitAndGithub\push\outcomes.md
2018-06-05T10:47:44.967Z - info: Reload for file change: C:\repos\nus-cs2103\website-base\book\gitAndGithub\branch\outcomes.md
2018-06-05T10:47:44.967Z - info: Reload for file change: C:\repos\nus-cs2103\website-base\book\gitAndGithub\mergeConflicts\outcomes.md
2018-06-05T10:47:44.967Z - info: Reload for file change: C:\repos\nus-cs2103\website-base\book\gitAndGithub\createPRs\outcomes.md
2018-06-05T10:47:44.967Z - info: Reload for file change: C:\repos\nus-cs2103\website-base\book\gitAndGithub\managePRs\outcomes.md
2018-06-05T10:47:44.967Z - info: Reload for file change: C:\repos\nus-cs2103\website-base\book\gitAndGithub\forkingWorkflow\outcomes.md
2018-06-05T10:47:44.967Z - info: Reload for file change: C:\repos\nus-cs2103\website-base\book\javaTools\collections\outcomes.md
2018-06-05T10:47:44.967Z - info: Reload for file change: C:\repos\nus-cs2103\website-base\book\javaTools\enums\outcomes.md
2018-06-05T10:47:44.967Z - info: Reload for file change: C:\repos\nus-cs2103\website-base\book\javaTools\varargs\outcomes.md
2018-06-05T10:47:44.968Z - info: Reload for file change: C:\repos\nus-cs2103\website-base\book\javaTools\javaFXBasic\outcomes.md
2018-06-05T10:47:44.968Z - info: Reload for file change: C:\repos\nus-cs2103\website-base\book\javaTools\streamsBasic\outcomes.md
2018-06-05T10:47:44.968Z - info: Reload for file change: C:\repos\nus-cs2103\website-base\book\junit\basic\outcomes.md
2018-06-05T10:47:44.968Z - info: Reload for file change: C:\repos\nus-cs2103\website-base\book\junit\intermediate\outcomes.md
2018-06-05T10:47:44.968Z - info: Reload for file change: C:\repos\nus-cs2103\website-base\book\principles\singleResponsibilityPrinciple\outcomes.md
2018-06-05T10:47:44.968Z - info: Reload for file change: C:\repos\nus-cs2103\website-base\book\principles\interfaceSegregationPrinciple\outcomes.md
2018-06-05T10:47:44.968Z - info: Reload for file change: C:\repos\nus-cs2103\website-base\book\principles\liskovSubstitutionPrinciple\outcomes.md
2018-06-05T10:47:44.968Z - info: Reload for file change: C:\repos\nus-cs2103\website-base\book\principles\dependencyInversionPrinciple\outcomes.md
2018-06-05T10:47:44.969Z - info: Reload for file change: C:\repos\nus-cs2103\website-base\book\principles\openClosedPrinciple\outcomes.md
2018-06-05T10:47:44.969Z - info: Reload for file change: C:\repos\nus-cs2103\website-base\book\principles\solidPrinciples\outcomes.md
2018-06-05T10:47:44.969Z - info: Reload for file change: C:\repos\nus-cs2103\website-base\book\principles\separationOfConcernsPrinciple\outcomes.md
2018-06-05T10:47:44.969Z - info: Reload for file change: C:\repos\nus-cs2103\website-base\book\principles\lawOfDemeter\outcomes.md
2018-06-05T10:47:44.969Z - info: Reload for file change: C:\repos\nus-cs2103\website-base\book\principles\brooksLaw\outcomes.md
2018-06-05T10:47:44.969Z - info: Reload for file change: C:\repos\nus-cs2103\website-base\book\principles\yagniPrinciple\outcomes.md
2018-06-05T10:47:44.969Z - info: Reload for file change: C:\repos\nus-cs2103\website-base\book\principles\dryPrinciple\outcomes.md
2018-06-05T10:47:44.970Z - info: Reload for file change: C:\repos\nus-cs2103\website-base\book\modeling\modelingStructures\classDiagramsIntermediate\outcomes.md
2018-06-05T10:47:44.970Z - info: Reload for file change: C:\repos\nus-cs2103\website-base\book\modeling\modelingStructures\classDiagramsAdvanced\outcomes.md
2018-06-05T10:47:44.970Z - info: Reload for file change: C:\repos\nus-cs2103\website-base\book\modeling\modelingBehaviors\sequenceDiagramsIntermediate\outcomes.md
2018-06-05T10:47:44.970Z - info: Reload for file change: C:\repos\nus-cs2103\website-base\book\modeling\modelingBehaviors\sequenceDiagramsAdvanced\outcomes.md
2018-06-05T10:47:44.970Z - info: Reload for file change: C:\repos\nus-cs2103\website-base\book\architecture\architectureDiagrams\reading\outcomes.md
2018-06-05T10:47:44.970Z - info: Reload for file change: C:\repos\nus-cs2103\website-base\book\architecture\architectureDiagrams\drawing\outcomes.md
2018-06-05T10:47:44.970Z - info: Reload for file change: C:\repos\nus-cs2103\website-base\book\architecture\architecturalStyles\introduction\what\outcomes.md
2018-06-05T10:47:44.971Z - info: Reload for file change: C:\repos\nus-cs2103\website-base\book\architecture\architecturalStyles\nTier\what\outcomes.md
2018-06-05T10:47:44.971Z - info: Reload for file change: C:\repos\nus-cs2103\website-base\book\architecture\architecturalStyles\clientServer\what\outcomes.md
2018-06-05T10:47:44.971Z - info: Reload for file change: C:\repos\nus-cs2103\website-base\book\architecture\architecturalStyles\transactionProcessing\what\outcomes.md
2018-06-05T10:47:44.971Z - info: Reload for file change: C:\repos\nus-cs2103\website-base\book\architecture\architecturalStyles\serviceOriented\what\outcomes.md
2018-06-05T10:47:44.971Z - info: Reload for file change: C:\repos\nus-cs2103\website-base\book\architecture\architecturalStyles\eventDriven\what\outcomes.md
2018-06-05T10:47:44.971Z - info: Reload for file change: C:\repos\nus-cs2103\website-base\book\architecture\architecturalStyles\more\moreStyles\outcomes.md
2018-06-05T10:47:44.971Z - info: Reload for file change: C:\repos\nus-cs2103\website-base\book\architecture\architecturalStyles\more\usingStyles\outcomes.md
2018-06-05T10:47:44.972Z - info: Reload for file change: C:\repos\nus-cs2103\website-base\book\codeQuality\introduction\basic\outcomes.md
2018-06-05T10:47:44.972Z - info: Reload for file change: C:\repos\nus-cs2103\website-base\book\codeQuality\maximiseReadability\introduction\outcomes.md
2018-06-05T10:47:44.972Z - info: Reload for file change: C:\repos\nus-cs2103\website-base\book\codeQuality\maximiseReadability\basic\outcomes.md
2018-06-05T10:47:44.972Z - info: Reload for file change: C:\repos\nus-cs2103\website-base\book\codeQuality\maximiseReadability\intermediate\outcomes.md
2018-06-05T10:47:44.972Z - info: Reload for file change: C:\repos\nus-cs2103\website-base\book\codeQuality\maximiseReadability\advanced\outcomes.md
2018-06-05T10:47:44.972Z - info: Reload for file change: C:\repos\nus-cs2103\website-base\book\codeQuality\followStandard\introduction\outcomes.md
2018-06-05T10:47:44.972Z - info: Reload for file change: C:\repos\nus-cs2103\website-base\book\codeQuality\followStandard\basic\outcomes.md
2018-06-05T10:47:44.972Z - info: Reload for file change: C:\repos\nus-cs2103\website-base\book\codeQuality\followStandard\intermediate\outcomes.md
2018-06-05T10:47:44.973Z - info: Reload for file change: C:\repos\nus-cs2103\website-base\book\codeQuality\nameWell\introduction\outcomes.md
2018-06-05T10:47:44.973Z - info: Reload for file change: C:\repos\nus-cs2103\website-base\book\codeQuality\nameWell\basic\outcomes.md
2018-06-05T10:47:44.973Z - info: Reload for file change: C:\repos\nus-cs2103\website-base\book\codeQuality\nameWell\intermediate\outcomes.md
2018-06-05T10:47:44.973Z - info: Reload for file change: C:\repos\nus-cs2103\website-base\book\codeQuality\avoidShortcuts\introduction\outcomes.md
2018-06-05T10:47:44.973Z - info: Reload for file change: C:\repos\nus-cs2103\website-base\book\codeQuality\avoidShortcuts\basic\outcomes.md
2018-06-05T10:47:44.973Z - info: Reload for file change: C:\repos\nus-cs2103\website-base\book\codeQuality\avoidShortcuts\intermediate\outcomes.md
2018-06-05T10:47:44.973Z - info: Reload for file change: C:\repos\nus-cs2103\website-base\book\codeQuality\commentMinimally\introduction\outcomes.md
2018-06-05T10:47:44.973Z - info: Reload for file change: C:\repos\nus-cs2103\website-base\book\codeQuality\commentMinimally\basic\outcomes.md
2018-06-05T10:47:44.974Z - info: Reload for file change: C:\repos\nus-cs2103\website-base\book\codeQuality\commentMinimally\intermediate\outcomes.md
2018-06-05T10:47:44.974Z - info: Reload for file change: C:\repos\nus-cs2103\website-base\book\principles\review\outcomes.md
2018-06-05T10:47:44.974Z - info: Reload for file change: C:\repos\nus-cs2103\website-base\book\review\review\outcomes.md
2018-06-05T10:47:59.585Z - info: Pages rebuilt
2018-06-05T10:47:59.635Z - info: Site data built
2018-06-05T10:48:00.295Z - verbose: Rebuild affected paths: C:\repos\nus-cs2103\website-base\book\oopDesign\introduction\outcomes.md,C:\repos\nus-cs2103\website-base\book\oopDesign\objects\basic\outcomes.md,C:\repos\nus-cs2103\website-base\book\oopDesign\objects\abstraction\outcomes.md,C:\repos\nus-cs2103\website-base\book\oopDesign\objects\encapsulation\outcomes.md,C:\repos\nus-cs2103\website-base\book\oopDesign\classes\basic\outcomes.md,C:\repos\nus-cs2103\website-base\book\oopDesign\classes\classLevelMembers\outcomes.md,C:\repos\nus-cs2103\website-base\book\oopDesign\classes\enumerations\outcomes.md,C:\repos\nus-cs2103\website-base\book\oopDesign\associations\basic\outcomes.md,C:\repos\nus-cs2103\website-base\book\oopDesign\associations\navigability\outcomes.md,C:\repos\nus-cs2103\website-base\book\oopDesign\associations\multiplicity\outcomes.md,C:\repos\nus-cs2103\website-base\book\oopDesign\associations\dependencies\outcomes.md,C:\repos\nus-cs2103\website-base\book\oopDesign\associations\composition\outcomes.md,C:\repos\nus-cs2103\website-base\book\oopDesign\associations\aggregation\outcomes.md,C:\repos\nus-cs2103\website-base\book\oopDesign\associations\associationClasses\outcomes.md,C:\repos\nus-cs2103\website-base\book\oopDesign\inheritance\what\outcomes.md,C:\repos\nus-cs2103\website-base\book\oopDesign\inheritance\overriding\outcomes.md,C:\repos\nus-cs2103\website-base\book\oopDesign\inheritance\overloading\outcomes.md,C:\repos\nus-cs2103\website-base\book\oopDesign\inheritance\interfaces\outcomes.md,C:\repos\nus-cs2103\website-base\book\oopDesign\inheritance\abstractClasses\outcomes.md,C:\repos\nus-cs2103\website-base\book\oopDesign\inheritance\dynamicAndStaticBinding\outcomes.md,C:\repos\nus-cs2103\website-base\book\oopDesign\inheritance\substitutability\outcomes.md,C:\repos\nus-cs2103\website-base\book\oopDesign\polymorphism\introduction\outcomes.md,C:\repos\nus-cs2103\website-base\book\oopDesign\polymorphism\mechanism\outcomes.md,C:\repos\nus-cs2103\website-base\book\oopDesign\miscellaneous\outcomes.md,C:\repos\nus-cs2103\website-base\book\oopDesign\review\outcomes.md,C:\repos\nus-cs2103\website-base\book\oopImplementation\classes\outcomes.md,C:\repos\nus-cs2103\website-base\book\oopImplementation\classLevelMembers\outcomes.md,C:\repos\nus-cs2103\website-base\book\oopImplementation\associations\outcomes.md,C:\repos\nus-cs2103\website-base\book\oopImplementation\dependencies\outcomes.md,C:\repos\nus-cs2103\website-base\book\oopImplementation\composition\outcomes.md,C:\repos\nus-cs2103\website-base\book\oopImplementation\aggregation\outcomes.md,C:\repos\nus-cs2103\website-base\book\oopImplementation\associationClasses\outcomes.md,C:\repos\nus-cs2103\website-base\book\oopImplementation\inheritance\outcomes.md,C:\repos\nus-cs2103\website-base\book\oopImplementation\overriding\outcomes.md,C:\repos\nus-cs2103\website-base\book\oopImplementation\overloading\outcomes.md,C:\repos\nus-cs2103\website-base\book\oopImplementation\interfaces\outcomes.md,C:\repos\nus-cs2103\website-base\book\oopImplementation\abstractClasses\outcomes.md,C:\repos\nus-cs2103\website-base\book\oopImplementation\polymorphism\outcomes.md,C:\repos\nus-cs2103\website-base\book\requirements\introduction\outcomes.md,C:\repos\nus-cs2103\website-base\book\requirements\nonFunctionalRequirements\outcomes.md,C:\repos\nus-cs2103\website-base\book\requirements\prioritizing\outcomes.md,C:\repos\nus-cs2103\website-base\book\requirements\quality\outcomes.md,C:\repos\nus-cs2103\website-base\book\gatheringRequirements\brainstorming\outcomes.md,C:\repos\nus-cs2103\website-base\book\gatheringRequirements\userSurveys\outcomes.md,C:\repos\nus-cs2103\website-base\book\gatheringRequirements\observation\outcomes.md,C:\repos\nus-cs2103\website-base\book\gatheringRequirements\interviews\outcomes.md,C:\repos\nus-cs2103\website-base\book\gatheringRequirements\focusGroups\outcomes.md,C:\repos\nus-cs2103\website-base\book\gatheringRequirements\prototyping\outcomes.md,C:\repos\nus-cs2103\website-base\book\gatheringRequirements\productSurveys\outcomes.md,C:\repos\nus-cs2103\website-base\book\specifyingRequirements\prose\what\outcomes.md,C:\repos\nus-cs2103\website-base\book\specifyingRequirements\featureList\what\outcomes.md,C:\repos\nus-cs2103\website-base\book\specifyingRequirements\userStories\introduction\outcomes.md,C:\repos\nus-cs2103\website-base\book\specifyingRequirements\userStories\details\outcomes.md,C:\repos\nus-cs2103\website-base\book\specifyingRequirements\userStories\usage\outcomes.md,C:\repos\nus-cs2103\website-base\book\specifyingRequirements\useCases\introduction\outcomes.md,C:\repos\nus-cs2103\website-base\book\specifyingRequirements\useCases\identifying\outcomes.md,C:\repos\nus-cs2103\website-base\book\specifyingRequirements\useCases\details\outcomes.md,C:\repos\nus-cs2103\website-base\book\specifyingRequirements\useCases\usage\outcomes.md,C:\repos\nus-cs2103\website-base\book\specifyingRequirements\glossary\what\outcomes.md,C:\repos\nus-cs2103\website-base\book\specifyingRequirements\supplementaryRequirements\what\outcomes.md,C:\repos\nus-cs2103\website-base\book\design\introduction\what\outcomes.md,C:\repos\nus-cs2103\website-base\book\designFundamentals\abstraction\what\outcomes.md,C:\repos\nus-cs2103\website-base\book\designFundamentals\coupling\what\outcomes.md,C:\repos\nus-cs2103\website-base\book\designFundamentals\coupling\how\outcomes.md,C:\repos\nus-cs2103\website-base\book\designFundamentals\coupling\types\outcomes.md,C:\repos\nus-cs2103\website-base\book\designFundamentals\cohesion\what\outcomes.md,C:\repos\nus-cs2103\website-base\book\designFundamentals\cohesion\how\outcomes.md,C:\repos\nus-cs2103\website-base\book\modeling\introduction\what\outcomes.md,C:\repos\nus-cs2103\website-base\book\modeling\introduction\how\outcomes.md,C:\repos\nus-cs2103\website-base\book\modeling\introduction\umlModels\outcomes.md,C:\repos\nus-cs2103\website-base\book\modeling\modelingStructures\classDiagramsBasic\outcomes.md,C:\repos\nus-cs2103\website-base\book\modeling\modelingStructures\objectDiagrams\outcomes.md,C:\repos\nus-cs2103\website-base\book\modeling\modelingStructures\objectOrientedDomainModels\outcomes.md,C:\repos\nus-cs2103\website-base\book\modeling\modelingStructures\deploymentDiagrams\outcomes.md,C:\repos\nus-cs2103\website-base\book\modeling\modelingStructures\componentDiagrams\outcomes.md,C:\repos\nus-cs2103\website-base\book\modeling\modelingStructures\packageDiagrams\outcomes.md,C:\repos\nus-cs2103\website-base\book\modeling\modelingStructures\compositeStructureDiagrams\outcomes.md,C:\repos\nus-cs2103\website-base\book\modeling\modelingBehaviors\activityDiagrams\outcomes.md,C:\repos\nus-cs2103\website-base\book\modeling\modelingBehaviors\sequenceDiagramsBasic\outcomes.md,C:\repos\nus-cs2103\website-base\book\modeling\modelingBehaviors\useCaseDiagrams\outcomes.md,C:\repos\nus-cs2103\website-base\book\modeling\modelingBehaviors\timingDiagrams\outcomes.md,C:\repos\nus-cs2103\website-base\book\modeling\modelingBehaviors\interactionOverviewDiagrams\outcomes.md,C:\repos\nus-cs2103\website-base\book\modeling\modelingBehaviors\communicationDiagrams\outcomes.md,C:\repos\nus-cs2103\website-base\book\modeling\modelingBehaviors\stateMachineDiagrams\outcomes.md,C:\repos\nus-cs2103\website-base\book\modeling\modelingASolution\introduction\outcomes.md,C:\repos\nus-cs2103\website-base\book\modeling\modelingASolution\basic\outcomes.md,C:\repos\nus-cs2103\website-base\book\modeling\modelingASolution\intermediate\outcomes.md,C:\repos\nus-cs2103\website-base\book\modeling\review\outcomes.md,C:\repos\nus-cs2103\website-base\book\architecture\introduction\what\outcomes.md,C:\repos\nus-cs2103\website-base\book\designPatterns\introduction\what\outcomes.md,C:\repos\nus-cs2103\website-base\book\designPatterns\introduction\format\outcomes.md,C:\repos\nus-cs2103\website-base\book\designPatterns\singleton\what\outcomes.md,C:\repos\nus-cs2103\website-base\book\designPatterns\singleton\implementation\outcomes.md,C:\repos\nus-cs2103\website-base\book\designPatterns\singleton\evaluation\outcomes.md,C:\repos\nus-cs2103\website-base\book\designPatterns\abstractionOccurrence\what\outcomes.md,C:\repos\nus-cs2103\website-base\book\designPatterns\facade\what\outcomes.md,C:\repos\nus-cs2103\website-base\book\designPatterns\command\what\outcomes.md,C:\repos\nus-cs2103\website-base\book\designPatterns\modelViewController\what\outcomes.md,C:\repos\nus-cs2103\website-base\book\designPatterns\observer\what\outcomes.md,C:\repos\nus-cs2103\website-base\book\designPatterns\more\combiningDesignPatterns\outcomes.md,C:\repos\nus-cs2103\website-base\book\designPatterns\more\otherDesignPatterns\outcomes.md,C:\repos\nus-cs2103\website-base\book\designPatterns\more\usingDesignPatterns\outcomes.md,C:\repos\nus-cs2103\website-base\book\designPatterns\more\otherTypesOfPatterns\outcomes.md,C:\repos\nus-cs2103\website-base\book\designPatterns\more\vsPrinciples\outcomes.md,C:\repos\nus-cs2103\website-base\book\designApproaches\multilevelDesign\what\outcomes.md,C:\repos\nus-cs2103\website-base\book\designApproaches\topDownBottomUp\what\outcomes.md,C:\repos\nus-cs2103\website-base\book\designApproaches\agileDesign\what\outcomes.md,C:\repos\nus-cs2103\website-base\book\ides\introduction\what\outcomes.md,C:\repos\nus-cs2103\website-base\book\ides\debugging\what\outcomes.md,C:\repos\nus-cs2103\website-base\book\refactoring\what\outcomes.md,C:\repos\nus-cs2103\website-base\book\refactoring\how\outcomes.md,C:\repos\nus-cs2103\website-base\book\refactoring\when\outcomes.md,C:\repos\nus-cs2103\website-base\book\documentation\introduction\what\outcomes.md,C:\repos\nus-cs2103\website-base\book\documentation\guidelines\goTopDown\what\outcomes.md,C:\repos\nus-cs2103\website-base\book\documentation\guidelines\goTopDown\why\outcomes.md,C:\repos\nus-cs2103\website-base\book\documentation\guidelines\goTopDown\how\outcomes.md,C:\repos\nus-cs2103\website-base\book\documentation\guidelines\aimForComprehensibility\what\outcomes.md,C:\repos\nus-cs2103\website-base\book\documentation\guidelines\aimForComprehensibility\how\outcomes.md,C:\repos\nus-cs2103\website-base\book\documentation\guidelines\documentMinimally\what\outcomes.md,C:\repos\nus-cs2103\website-base\book\documentation\guidelines\documentMinimally\how\outcomes.md,C:\repos\nus-cs2103\website-base\book\documentation\tools\javaDoc\what\outcomes.md,C:\repos\nus-cs2103\website-base\book\documentation\tools\javaDoc\how\outcomes.md,C:\repos\nus-cs2103\website-base\book\documentation\tools\markdown\what\outcomes.md,C:\repos\nus-cs2103\website-base\book\documentation\tools\markdown\how\outcomes.md,C:\repos\nus-cs2103\website-base\book\documentation\tools\asciiDoc\what\outcomes.md,C:\repos\nus-cs2103\website-base\book\errorHandling\introduction\what\outcomes.md,C:\repos\nus-cs2103\website-base\book\errorHandling\exceptions\what\outcomes.md,C:\repos\nus-cs2103\website-base\book\errorHandling\exceptions\how\outcomes.md,C:\repos\nus-cs2103\website-base\book\errorHandling\exceptions\when\outcomes.md,C:\repos\nus-cs2103\website-base\book\errorHandling\assertions\what\outcomes.md,C:\repos\nus-cs2103\website-base\book\errorHandling\assertions\how\outcomes.md,C:\repos\nus-cs2103\website-base\book\errorHandling\assertions\when\outcomes.md,C:\repos\nus-cs2103\website-base\book\errorHandling\logging\what\outcomes.md,C:\repos\nus-cs2103\website-base\book\errorHandling\logging\how\outcomes.md,C:\repos\nus-cs2103\website-base\book\errorHandling\defensiveProgramming\what\outcomes.md,C:\repos\nus-cs2103\website-base\book\errorHandling\defensiveProgramming\compulsoryAssociations\outcomes.md,C:\repos\nus-cs2103\website-base\book\errorHandling\defensiveProgramming\1to1Associations\outcomes.md,C:\repos\nus-cs2103\website-base\book\errorHandling\defensiveProgramming\referentialIntegrity\outcomes.md,C:\repos\nus-cs2103\website-base\book\errorHandling\defensiveProgramming\when\outcomes.md,C:\repos\nus-cs2103\website-base\book\errorHandling\designByContract\what\outcomes.md,C:\repos\nus-cs2103\website-base\book\integration\introduction\what\outcomes.md,C:\repos\nus-cs2103\website-base\book\integration\approaches\lateVsEarly\outcomes.md,C:\repos\nus-cs2103\website-base\book\integration\approaches\bigBangVsIncremental\outcomes.md,C:\repos\nus-cs2103\website-base\book\integration\approaches\topDownVsBottomUp\outcomes.md,C:\repos\nus-cs2103\website-base\book\integration\buildAutomation\what\outcomes.md,C:\repos\nus-cs2103\website-base\book\integration\buildAutomation\continuousIntegrationDeployment\outcomes.md,C:\repos\nus-cs2103\website-base\book\integration\review\outcomes.md,C:\repos\nus-cs2103\website-base\book\reuse\introduction\what\outcomes.md,C:\repos\nus-cs2103\website-base\book\reuse\introduction\when\outcomes.md,C:\repos\nus-cs2103\website-base\book\reuse\apis\what\outcomes.md,C:\repos\nus-cs2103\website-base\book\reuse\apis\designingAPIs\outcomes.md,C:\repos\nus-cs2103\website-base\book\reuse\libraries\what\outcomes.md,C:\repos\nus-cs2103\website-base\book\reuse\libraries\how\outcomes.md,C:\repos\nus-cs2103\website-base\book\reuse\frameworks\what\outcomes.md,C:\repos\nus-cs2103\website-base\book\reuse\frameworks\frameworksVsLibraries\outcomes.md,C:\repos\nus-cs2103\website-base\book\reuse\platforms\what\outcomes.md,C:\repos\nus-cs2103\website-base\book\reuse\cloudComputing\what\outcomes.md,C:\repos\nus-cs2103\website-base\book\reuse\cloudComputing\services\outcomes.md,C:\repos\nus-cs2103\website-base\book\qualityAssurance\introduction\what\outcomes.md,C:\repos\nus-cs2103\website-base\book\qualityAssurance\introduction\validationVsVerification\outcomes.md,C:\repos\nus-cs2103\website-base\book\qualityAssurance\codeReviews\what\outcomes.md,C:\repos\nus-cs2103\website-base\book\qualityAssurance\staticAnalysis\what\outcomes.md,C:\repos\nus-cs2103\website-base\book\qualityAssurance\formalVerification\what\outcomes.md,C:\repos\nus-cs2103\website-base\book\testing\introduction\what\outcomes.md,C:\repos\nus-cs2103\website-base\book\testing\introduction\testability\outcomes.md,C:\repos\nus-cs2103\website-base\book\testing\testingTypes\unitTesting\what\outcomes.md,C:\repos\nus-cs2103\website-base\book\testing\testingTypes\unitTesting\stubs\outcomes.md,C:\repos\nus-cs2103\website-base\book\testing\testingTypes\integrationTesting\what\outcomes.md,C:\repos\nus-cs2103\website-base\book\testing\testingTypes\systemTesting\what\outcomes.md,C:\repos\nus-cs2103\website-base\book\testing\testingTypes\alphaBetaTesting\what\outcomes.md,C:\repos\nus-cs2103\website-base\book\testing\testingTypes\dogfooding\what\outcomes.md,C:\repos\nus-cs2103\website-base\book\testing\testingTypes\developerTesting\what\outcomes.md,C:\repos\nus-cs2103\website-base\book\testing\testingTypes\developerTesting\why\outcomes.md,C:\repos\nus-cs2103\website-base\book\testing\testingTypes\exploratoryVsScriptedTesting\what\outcomes.md,C:\repos\nus-cs2103\website-base\book\testing\testingTypes\exploratoryVsScriptedTesting\when\outcomes.md,C:\repos\nus-cs2103\website-base\book\testing\testingTypes\acceptanceTesting\what\outcomes.md,C:\repos\nus-cs2103\website-base\book\testing\testingTypes\acceptanceTesting\acceptanceVsSystemTesting\outcomes.md,C:\repos\nus-cs2103\website-base\book\testing\testingTypes\regressionTesting\what\outcomes.md,C:\repos\nus-cs2103\website-base\book\testing\testAutomation\what\outcomes.md,C:\repos\nus-cs2103\website-base\book\testing\testAutomation\testingTextUis\outcomes.md,C:\repos\nus-cs2103\website-base\book\testing\testAutomation\usingTestDrivers\outcomes.md,C:\repos\nus-cs2103\website-base\book\testing\testAutomation\tools\outcomes.md,C:\repos\nus-cs2103\website-base\book\testing\testAutomation\testingGuis\outcomes.md,C:\repos\nus-cs2103\website-base\book\testing\testCoverage\what\outcomes.md,C:\repos\nus-cs2103\website-base\book\testing\testCoverage\how\outcomes.md,C:\repos\nus-cs2103\website-base\book\testing\dependencyInjection\what\outcomes.md,C:\repos\nus-cs2103\website-base\book\testing\dependencyInjection\how\outcomes.md,C:\repos\nus-cs2103\website-base\book\testing\tdd\what\outcomes.md,C:\repos\nus-cs2103\website-base\book\testing\tdd\how\outcomes.md,C:\repos\nus-cs2103\website-base\book\testCaseDesign\introduction\what\outcomes.md,C:\repos\nus-cs2103\website-base\book\testCaseDesign\introduction\positiveVsNegative\outcomes.md,C:\repos\nus-cs2103\website-base\book\testCaseDesign\introduction\blackVsGlass\outcomes.md,C:\repos\nus-cs2103\website-base\book\testCaseDesign\equivalencePartitions\what\outcomes.md,C:\repos\nus-cs2103\website-base\book\testCaseDesign\equivalencePartitions\basic\outcomes.md,C:\repos\nus-cs2103\website-base\book\testCaseDesign\equivalencePartitions\intermediate\outcomes.md,C:\repos\nus-cs2103\website-base\book\testCaseDesign\boundaryValueAnalysis\what\outcomes.md,C:\repos\nus-cs2103\website-base\book\testCaseDesign\boundaryValueAnalysis\how\outcomes.md,C:\repos\nus-cs2103\website-base\book\testCaseDesign\combiningTestInputs\why\outcomes.md,C:\repos\nus-cs2103\website-base\book\testCaseDesign\combiningTestInputs\combinationStrategies\outcomes.md,C:\repos\nus-cs2103\website-base\book\testCaseDesign\combiningTestInputs\heuristicValid\outcomes.md,C:\repos\nus-cs2103\website-base\book\testCaseDesign\combiningTestInputs\heuristicInvalid\outcomes.md,C:\repos\nus-cs2103\website-base\book\testCaseDesign\combiningTestInputs\mix\outcomes.md,C:\repos\nus-cs2103\website-base\book\testCaseDesign\more\testingUseCases\outcomes.md,C:\repos\nus-cs2103\website-base\book\testCaseDesign\summary\recap\outcomes.md,C:\repos\nus-cs2103\website-base\book\testCaseDesign\summary\exercises\outcomes.md,C:\repos\nus-cs2103\website-base\book\revisionControl\what\outcomes.md,C:\repos\nus-cs2103\website-base\book\revisionControl\repositories\outcomes.md,C:\repos\nus-cs2103\website-base\book\revisionControl\savingHistory\outcomes.md,C:\repos\nus-cs2103\website-base\book\revisionControl\usingHistory\outcomes.md,C:\repos\nus-cs2103\website-base\book\revisionControl\remoteRepositories\outcomes.md,C:\repos\nus-cs2103\website-base\book\revisionControl\branching\outcomes.md,C:\repos\nus-cs2103\website-base\book\revisionControl\drcsVsCrcs\outcomes.md,C:\repos\nus-cs2103\website-base\book\revisionControl\forkingWorkflow\outcomes.md,C:\repos\nus-cs2103\website-base\book\revisionControl\featureBranchFlow\outcomes.md,C:\repos\nus-cs2103\website-base\book\revisionControl\centralizedFlow\outcomes.md,C:\repos\nus-cs2103\website-base\book\projectPlanning\workBreakdownStructure\outcomes.md,C:\repos\nus-cs2103\website-base\book\projectPlanning\milestones\outcomes.md,C:\repos\nus-cs2103\website-base\book\projectPlanning\buffers\outcomes.md,C:\repos\nus-cs2103\website-base\book\projectPlanning\issueTrackers\outcomes.md,C:\repos\nus-cs2103\website-base\book\projectPlanning\ganttCharts\outcomes.md,C:\repos\nus-cs2103\website-base\book\projectPlanning\pertCharts\outcomes.md,C:\repos\nus-cs2103\website-base\book\teamwork\teamStructures\outcomes.md,C:\repos\nus-cs2103\website-base\book\processModels\introduction\what\outcomes.md,C:\repos\nus-cs2103\website-base\book\processModels\introduction\sequentialModels\outcomes.md,C:\repos\nus-cs2103\website-base\book\processModels\introduction\iterativeModels\outcomes.md,C:\repos\nus-cs2103\website-base\book\processModels\introduction\agileModels\outcomes.md,C:\repos\nus-cs2103\website-base\book\processModels\exampleProcessModels\xp\outcomes.md,C:\repos\nus-cs2103\website-base\book\processModels\exampleProcessModels\scrum\outcomes.md,C:\repos\nus-cs2103\website-base\book\processModels\exampleProcessModels\unifiedProcess\outcomes.md,C:\repos\nus-cs2103\website-base\book\processModels\more\cmmi\outcomes.md,C:\repos\nus-cs2103\website-base\book\processModels\summary\recap\outcomes.md,C:\repos\nus-cs2103\website-base\book\uml\classDiagrams\introduction\what\outcomes.md,C:\repos\nus-cs2103\website-base\book\uml\classDiagrams\classes\what\outcomes.md,C:\repos\nus-cs2103\website-base\book\uml\classDiagrams\associations\basic\outcomes.md,C:\repos\nus-cs2103\website-base\book\uml\classDiagrams\associations\navigability\outcomes.md,C:\repos\nus-cs2103\website-base\book\uml\classDiagrams\associations\roles\outcomes.md,C:\repos\nus-cs2103\website-base\book\uml\classDiagrams\associations\labels\outcomes.md,C:\repos\nus-cs2103\website-base\book\uml\classDiagrams\associations\multiplicity\outcomes.md,C:\repos\nus-cs2103\website-base\book\uml\classDiagrams\dependencies\what\outcomes.md,C:\repos\nus-cs2103\website-base\book\uml\classDiagrams\associationsAsAttributes\what\outcomes.md,C:\repos\nus-cs2103\website-base\book\uml\classDiagrams\enumerations\what\outcomes.md,C:\repos\nus-cs2103\website-base\book\uml\classDiagrams\classLevelMembers\what\outcomes.md,C:\repos\nus-cs2103\website-base\book\uml\classDiagrams\associationClasses\what\outcomes.md,C:\repos\nus-cs2103\website-base\book\uml\classDiagrams\composition\what\outcomes.md,C:\repos\nus-cs2103\website-base\book\uml\classDiagrams\aggregation\what\outcomes.md,C:\repos\nus-cs2103\website-base\book\uml\classDiagrams\classInheritance\what\outcomes.md,C:\repos\nus-cs2103\website-base\book\uml\classDiagrams\interfaces\what\outcomes.md,C:\repos\nus-cs2103\website-base\book\uml\classDiagrams\abstractClasses\what\outcomes.md,C:\repos\nus-cs2103\website-base\book\uml\sequenceDiagrams\introduction\outcomes.md,C:\repos\nus-cs2103\website-base\book\uml\sequenceDiagrams\basic\outcomes.md,C:\repos\nus-cs2103\website-base\book\uml\sequenceDiagrams\objectCreation\outcomes.md,C:\repos\nus-cs2103\website-base\book\uml\sequenceDiagrams\objectDeletion\outcomes.md,C:\repos\nus-cs2103\website-base\book\uml\sequenceDiagrams\loops\outcomes.md,C:\repos\nus-cs2103\website-base\book\uml\sequenceDiagrams\selfInvocation\outcomes.md,C:\repos\nus-cs2103\website-base\book\uml\sequenceDiagrams\alternativePaths\outcomes.md,C:\repos\nus-cs2103\website-base\book\uml\sequenceDiagrams\optionalPaths\outcomes.md,C:\repos\nus-cs2103\website-base\book\uml\sequenceDiagrams\parallelPaths\outcomes.md,C:\repos\nus-cs2103\website-base\book\uml\sequenceDiagrams\referenceFrames\outcomes.md,C:\repos\nus-cs2103\website-base\book\uml\sequenceDiagrams\minimalNotation\outcomes.md,C:\repos\nus-cs2103\website-base\book\uml\objectDiagrams\introduction\outcomes.md,C:\repos\nus-cs2103\website-base\book\uml\objectDiagrams\objects\outcomes.md,C:\repos\nus-cs2103\website-base\book\uml\objectDiagrams\associations\what\outcomes.md,C:\repos\nus-cs2103\website-base\book\uml\activityDiagrams\introduction\what\outcomes.md,C:\repos\nus-cs2103\website-base\book\uml\activityDiagrams\basicNotations\linearPaths\outcomes.md,C:\repos\nus-cs2103\website-base\book\uml\activityDiagrams\basicNotations\alternatePaths\outcomes.md,C:\repos\nus-cs2103\website-base\book\uml\activityDiagrams\basicNotations\parallelPaths\outcomes.md,C:\repos\nus-cs2103\website-base\book\uml\activityDiagrams\basicNotations\rakes\outcomes.md,C:\repos\nus-cs2103\website-base\book\uml\activityDiagrams\basicNotations\swimlanes\outcomes.md,C:\repos\nus-cs2103\website-base\book\uml\notes\notes\outcomes.md,C:\repos\nus-cs2103\website-base\book\uml\notes\constraints\outcomes.md,C:\repos\nus-cs2103\website-base\book\uml\miscellaneous\objectVsClassDiagrams\outcomes.md,C:\repos\nus-cs2103\website-base\book\intellij\projectSetup\outcomes.md,C:\repos\nus-cs2103\website-base\book\intellij\codeNavigation\outcomes.md,C:\repos\nus-cs2103\website-base\book\intellij\productivityShortcuts\outcomes.md,C:\repos\nus-cs2103\website-base\book\intellij\debuggingBasic\outcomes.md,C:\repos\nus-cs2103\website-base\book\intellij\refactoring\outcomes.md,C:\repos\nus-cs2103\website-base\book\gitAndGithub\init\outcomes.md,C:\repos\nus-cs2103\website-base\book\gitAndGithub\commit\outcomes.md,C:\repos\nus-cs2103\website-base\book\gitAndGithub\ignore\outcomes.md,C:\repos\nus-cs2103\website-base\book\gitAndGithub\tag\outcomes.md,C:\repos\nus-cs2103\website-base\book\gitAndGithub\checkout\outcomes.md,C:\repos\nus-cs2103\website-base\book\gitAndGithub\stash\outcomes.md,C:\repos\nus-cs2103\website-base\book\gitAndGithub\clone\outcomes.md,C:\repos\nus-cs2103\website-base\book\gitAndGithub\pull\outcomes.md,C:\repos\nus-cs2103\website-base\book\gitAndGithub\push\outcomes.md,C:\repos\nus-cs2103\website-base\book\gitAndGithub\branch\outcomes.md,C:\repos\nus-cs2103\website-base\book\gitAndGithub\mergeConflicts\outcomes.md,C:\repos\nus-cs2103\website-base\book\gitAndGithub\createPRs\outcomes.md,C:\repos\nus-cs2103\website-base\book\gitAndGithub\managePRs\outcomes.md,C:\repos\nus-cs2103\website-base\book\gitAndGithub\forkingWorkflow\outcomes.md,C:\repos\nus-cs2103\website-base\book\javaTools\collections\outcomes.md,C:\repos\nus-cs2103\website-base\book\javaTools\enums\outcomes.md,C:\repos\nus-cs2103\website-base\book\javaTools\varargs\outcomes.md,C:\repos\nus-cs2103\website-base\book\javaTools\javaFXBasic\outcomes.md,C:\repos\nus-cs2103\website-base\book\javaTools\streamsBasic\outcomes.md,C:\repos\nus-cs2103\website-base\book\junit\basic\outcomes.md,C:\repos\nus-cs2103\website-base\book\junit\intermediate\outcomes.md,C:\repos\nus-cs2103\website-base\book\principles\singleResponsibilityPrinciple\outcomes.md,C:\repos\nus-cs2103\website-base\book\principles\interfaceSegregationPrinciple\outcomes.md,C:\repos\nus-cs2103\website-base\book\principles\liskovSubstitutionPrinciple\outcomes.md,C:\repos\nus-cs2103\website-base\book\principles\dependencyInversionPrinciple\outcomes.md,C:\repos\nus-cs2103\website-base\book\principles\openClosedPrinciple\outcomes.md,C:\repos\nus-cs2103\website-base\book\principles\solidPrinciples\outcomes.md,C:\repos\nus-cs2103\website-base\book\principles\separationOfConcernsPrinciple\outcomes.md,C:\repos\nus-cs2103\website-base\book\principles\lawOfDemeter\outcomes.md,C:\repos\nus-cs2103\website-base\book\principles\brooksLaw\outcomes.md,C:\repos\nus-cs2103\website-base\book\principles\yagniPrinciple\outcomes.md,C:\repos\nus-cs2103\website-base\book\principles\dryPrinciple\outcomes.md,C:\repos\nus-cs2103\website-base\book\modeling\modelingStructures\classDiagramsIntermediate\outcomes.md,C:\repos\nus-cs2103\website-base\book\modeling\modelingStructures\classDiagramsAdvanced\outcomes.md,C:\repos\nus-cs2103\website-base\book\modeling\modelingBehaviors\sequenceDiagramsIntermediate\outcomes.md,C:\repos\nus-cs2103\website-base\book\modeling\modelingBehaviors\sequenceDiagramsAdvanced\outcomes.md,C:\repos\nus-cs2103\website-base\book\architecture\architectureDiagrams\reading\outcomes.md,C:\repos\nus-cs2103\website-base\book\architecture\architectureDiagrams\drawing\outcomes.md,C:\repos\nus-cs2103\website-base\book\architecture\architecturalStyles\introduction\what\outcomes.md,C:\repos\nus-cs2103\website-base\book\architecture\architecturalStyles\nTier\what\outcomes.md,C:\repos\nus-cs2103\website-base\book\architecture\architecturalStyles\clientServer\what\outcomes.md,C:\repos\nus-cs2103\website-base\book\architecture\architecturalStyles\transactionProcessing\what\outcomes.md,C:\repos\nus-cs2103\website-base\book\architecture\architecturalStyles\serviceOriented\what\outcomes.md,C:\repos\nus-cs2103\website-base\book\architecture\architecturalStyles\eventDriven\what\outcomes.md,C:\repos\nus-cs2103\website-base\book\architecture\architecturalStyles\more\moreStyles\outcomes.md,C:\repos\nus-cs2103\website-base\book\architecture\architecturalStyles\more\usingStyles\outcomes.md,C:\repos\nus-cs2103\website-base\book\codeQuality\introduction\basic\outcomes.md,C:\repos\nus-cs2103\website-base\book\codeQuality\maximiseReadability\introduction\outcomes.md,C:\repos\nus-cs2103\website-base\book\codeQuality\maximiseReadability\basic\outcomes.md,C:\repos\nus-cs2103\website-base\book\codeQuality\maximiseReadability\intermediate\outcomes.md,C:\repos\nus-cs2103\website-base\book\codeQuality\maximiseReadability\advanced\outcomes.md,C:\repos\nus-cs2103\website-base\book\codeQuality\followStandard\introduction\outcomes.md,C:\repos\nus-cs2103\website-base\book\codeQuality\followStandard\basic\outcomes.md,C:\repos\nus-cs2103\website-base\book\codeQuality\followStandard\intermediate\outcomes.md,C:\repos\nus-cs2103\website-base\book\codeQuality\nameWell\introduction\outcomes.md,C:\repos\nus-cs2103\website-base\book\codeQuality\nameWell\basic\outcomes.md,C:\repos\nus-cs2103\website-base\book\codeQuality\nameWell\intermediate\outcomes.md,C:\repos\nus-cs2103\website-base\book\codeQuality\avoidShortcuts\introduction\outcomes.md,C:\repos\nus-cs2103\website-base\book\codeQuality\avoidShortcuts\basic\outcomes.md,C:\repos\nus-cs2103\website-base\book\codeQuality\avoidShortcuts\intermediate\outcomes.md,C:\repos\nus-cs2103\website-base\book\codeQuality\commentMinimally\introduction\outcomes.md,C:\repos\nus-cs2103\website-base\book\codeQuality\commentMinimally\basic\outcomes.md,C:\repos\nus-cs2103\website-base\book\codeQuality\commentMinimally\intermediate\outcomes.md,C:\repos\nus-cs2103\website-base\book\principles\review\outcomes.md,C:\repos\nus-cs2103\website-base\book\review\review\outcomes.md
2018-06-05T10:48:00.552Z - info: Rebuilding 821 pages
2018-06-05T10:48:19.466Z - info: Reload for file change: C:\repos\nus-cs2103\website-base\schedule\week3\outcomes.md
2018-06-05T10:48:19.466Z - info: Reload for file change: C:\repos\nus-cs2103\website-base\schedule\week7\index.md
2018-06-05T10:48:19.632Z - info: Reload for file change: C:\repos\nus-cs2103\website-base\schedule\week7\outcomes.md
2018-06-05T10:49:02.680Z - error:  Error: No such file: C:\repos\nus-cs2103\website-base\book\_markbind\boilerplates\text.md
Missing reference in C:\repos\nus-cs2103\website-base\book\_markbind\boilerplates\print.md
    at Parser._preprocess (C:\Users\dcsdcr\AppData\Roaming\npm\node_modules\markbind-cli\lib\markbind\lib\parser.js:136:21)
    at dom.map (C:\Users\dcsdcr\AppData\Roaming\npm\node_modules\markbind-cli\lib\markbind\lib\parser.js:386:28)
    at Array.map (<anonymous>)
    at DomHandler.htmlparser.DomHandler [as _callback] (C:\Users\dcsdcr\AppData\Roaming\npm\node_modules\markbind-cli\lib\markbind\lib\parser.js:383:25)
    at DomHandler._handleCallback.DomHandler.onerror (C:\Users\dcsdcr\AppData\Roaming\npm\node_modules\markbind-cli\node_modules\domhandler\index.js:52:8)
    at DomHandler.onend (C:\Users\dcsdcr\AppData\Roaming\npm\node_modules\markbind-cli\node_modules\domhandler\index.js:46:7)
    at Parser.onend (C:\Users\dcsdcr\AppData\Roaming\npm\node_modules\markbind-cli\node_modules\htmlparser2\lib\Parser.js:310:32)
    at Tokenizer._finish (C:\Users\dcsdcr\AppData\Roaming\npm\node_modules\markbind-cli\node_modules\htmlparser2\lib\Tokenizer.js:853:12)
    at Tokenizer.end (C:\Users\dcsdcr\AppData\Roaming\npm\node_modules\markbind-cli\node_modules\htmlparser2\lib\Tokenizer.js:844:25)
    at Parser.end (C:\Users\dcsdcr\AppData\Roaming\npm\node_modules\markbind-cli\node_modules\htmlparser2\lib\Parser.js:338:18)
    at Parser.parseComplete (C:\Users\dcsdcr\AppData\Roaming\npm\node_modules\markbind-cli\node_modules\htmlparser2\lib\Parser.js:330:7)
    at fs.readFile (C:\Users\dcsdcr\AppData\Roaming\npm\node_modules\markbind-cli\lib\markbind\lib\parser.js:422:16)
    at FSReqWrap.readFileAfterClose [as oncomplete] (fs.js:511:3)
2018-06-05T10:49:02.683Z - error:  Error: No such file: C:\repos\nus-cs2103\website-base\book\_markbind\boilerplates\text.md
Missing reference in C:\repos\nus-cs2103\website-base\book\_markbind\boilerplates\print.md
    at Parser._preprocess (C:\Users\dcsdcr\AppData\Roaming\npm\node_modules\markbind-cli\lib\markbind\lib\parser.js:136:21)
    at dom.map (C:\Users\dcsdcr\AppData\Roaming\npm\node_modules\markbind-cli\lib\markbind\lib\parser.js:386:28)
    at Array.map (<anonymous>)
    at DomHandler.htmlparser.DomHandler [as _callback] (C:\Users\dcsdcr\AppData\Roaming\npm\node_modules\markbind-cli\lib\markbind\lib\parser.js:383:25)
    at DomHandler._handleCallback.DomHandler.onerror (C:\Users\dcsdcr\AppData\Roaming\npm\node_modules\markbind-cli\node_modules\domhandler\index.js:52:8)
    at DomHandler.onend (C:\Users\dcsdcr\AppData\Roaming\npm\node_modules\markbind-cli\node_modules\domhandler\index.js:46:7)
    at Parser.onend (C:\Users\dcsdcr\AppData\Roaming\npm\node_modules\markbind-cli\node_modules\htmlparser2\lib\Parser.js:310:32)
    at Tokenizer._finish (C:\Users\dcsdcr\AppData\Roaming\npm\node_modules\markbind-cli\node_modules\htmlparser2\lib\Tokenizer.js:853:12)
    at Tokenizer.end (C:\Users\dcsdcr\AppData\Roaming\npm\node_modules\markbind-cli\node_modules\htmlparser2\lib\Tokenizer.js:844:25)
    at Parser.end (C:\Users\dcsdcr\AppData\Roaming\npm\node_modules\markbind-cli\node_modules\htmlparser2\lib\Parser.js:338:18)
    at Parser.parseComplete (C:\Users\dcsdcr\AppData\Roaming\npm\node_modules\markbind-cli\node_modules\htmlparser2\lib\Parser.js:330:7)
    at fs.readFile (C:\Users\dcsdcr\AppData\Roaming\npm\node_modules\markbind-cli\lib\markbind\lib\parser.js:422:16)
    at FSReqWrap.readFileAfterClose [as oncomplete] (fs.js:511:3)
2018-06-05T10:50:14.727Z - info: Pages built
2018-06-05T10:50:14.839Z - info: Site data built
2018-06-05T10:50:14.852Z - info: Generate Site durationMs=93182
2018-06-05T10:50:15.225Z - info: Serving "C:\repos\nus-cs2103\website-base\_site" at http://127.0.0.1:8080
2018-06-05T10:50:15.226Z - info: Press CTRL+C to stop ...
