2018-07-20T14:16:53.090Z - info: Pages built
2018-07-20T14:16:53.174Z - info: Site data built
2018-07-20T14:16:53.183Z - info: Generate Site durationMs=91460
2018-07-20T14:16:53.203Z - info: Serving "C:\repos\nus-cs2103\website-base\_site" at http://127.0.0.1:8080
2018-07-20T14:16:53.203Z - info: Press CTRL+C to stop ...
2018-07-20T14:23:29.284Z - info: Reload for file change: C:\repos\nus-cs2103\website-base\schedule\week3\tutorial.md
2018-07-20T14:23:30.293Z - verbose: Rebuild affected paths: C:\repos\nus-cs2103\website-base\schedule\week3\tutorial.md
2018-07-20T14:23:30.299Z - info: Rebuilding 1 pages
2018-07-20T14:23:52.748Z - info: Pages rebuilt
2018-07-20T14:23:52.776Z - info: Site data built
2018-07-20T14:26:52.807Z - info: Reload for file change: C:\repos\nus-cs2103\website-base\schedule\week3\tutorial.md
2018-07-20T14:26:53.813Z - verbose: Rebuild affected paths: C:\repos\nus-cs2103\website-base\schedule\week3\tutorial.md
2018-07-20T14:26:53.814Z - info: Rebuilding 1 pages
2018-07-20T14:27:13.767Z - info: Pages rebuilt
2018-07-20T14:27:13.798Z - info: Site data built
2018-07-20T14:29:15.139Z - info: Reload for file change: C:\repos\nus-cs2103\website-base\schedule\index.md
2018-07-20T14:29:16.142Z - verbose: Rebuild affected paths: C:\repos\nus-cs2103\website-base\schedule\index.md
2018-07-20T14:29:16.145Z - info: Rebuilding 2 pages
2018-07-20T14:29:25.984Z - info: Reload for file change: C:\repos\nus-cs2103\website-base\schedule\week2\index.md
2018-07-20T14:29:27.367Z - info: Reload for file change: C:\repos\nus-cs2103\website-base\schedule\week1\index.md
2018-07-20T14:29:35.168Z - info: Pages rebuilt
2018-07-20T14:29:35.214Z - info: Site data built
2018-07-20T14:29:35.704Z - verbose: Rebuild affected paths: C:\repos\nus-cs2103\website-base\schedule\week2\index.md,C:\repos\nus-cs2103\website-base\schedule\week1\index.md
2018-07-20T14:29:35.705Z - info: Rebuilding 2 pages
2018-07-20T14:29:53.951Z - info: Pages rebuilt
2018-07-20T14:29:53.966Z - info: Site data built
2018-07-20T14:32:22.111Z - info: Pages built
2018-07-20T14:32:22.183Z - info: Site data built
2018-07-20T14:32:22.195Z - info: Generate Site durationMs=77801
2018-07-20T14:32:22.216Z - info: Serving "C:\repos\nus-cs2103\website-base\_site" at http://127.0.0.1:8080
2018-07-20T14:32:22.216Z - info: Press CTRL+C to stop ...
2018-07-20T14:33:25.035Z - info: Reload for file change: C:\repos\nus-cs2103\website-base\schedule\week3\tutorial.md
2018-07-20T14:33:26.049Z - verbose: Rebuild affected paths: C:\repos\nus-cs2103\website-base\schedule\week3\tutorial.md
2018-07-20T14:33:26.051Z - info: Rebuilding 2 pages
2018-07-20T14:33:48.227Z - info: Pages rebuilt
2018-07-20T14:33:48.244Z - info: Site data built
2018-07-20T14:34:22.989Z - info: Reload for file change: C:\repos\nus-cs2103\website-base\schedule\week3\tutorial.md
2018-07-20T14:34:24.003Z - verbose: Rebuild affected paths: C:\repos\nus-cs2103\website-base\schedule\week3\tutorial.md
2018-07-20T14:34:24.006Z - info: Rebuilding 2 pages
2018-07-20T14:34:52.058Z - info: Pages rebuilt
2018-07-20T14:34:52.100Z - info: Site data built
2018-07-20T14:38:25.665Z - info: Reload for file change: C:\repos\nus-cs2103\website-base\schedule\week3\tutorial.md
2018-07-20T14:38:26.677Z - verbose: Rebuild affected paths: C:\repos\nus-cs2103\website-base\schedule\week3\tutorial.md
2018-07-20T14:38:26.683Z - info: Rebuilding 2 pages
2018-07-20T14:38:48.888Z - info: Pages rebuilt
2018-07-20T14:38:48.908Z - info: Site data built
2018-07-20T14:40:18.787Z - info: Reload for file change: C:\repos\nus-cs2103\website-base\schedule\week3\tutorial.md
2018-07-20T14:40:19.803Z - verbose: Rebuild affected paths: C:\repos\nus-cs2103\website-base\schedule\week3\tutorial.md
2018-07-20T14:40:19.806Z - info: Rebuilding 2 pages
2018-07-20T14:40:40.578Z - info: Pages rebuilt
2018-07-20T14:40:40.601Z - info: Site data built
2018-07-20T14:41:09.699Z - info: Reload for file change: C:\repos\nus-cs2103\website-base\schedule\week3\tutorial.md
2018-07-20T14:41:10.700Z - verbose: Rebuild affected paths: C:\repos\nus-cs2103\website-base\schedule\week3\tutorial.md
2018-07-20T14:41:10.700Z - info: Rebuilding 2 pages
2018-07-20T14:41:12.415Z - info: Reload for file change: C:\repos\nus-cs2103\website-base\common\header.md
2018-07-20T14:41:12.415Z - info: Reload for file change: C:\repos\nus-cs2103\website-base\schedule\week3\todo.md
2018-07-20T14:41:24.549Z - info: Reload for file change: C:\repos\nus-cs2103\website-base\admin\appendixC-faq.md
2018-07-20T14:41:24.550Z - info: Reload for file change: C:\repos\nus-cs2103\website-base\schedule\week2\todo.md
2018-07-20T14:41:24.563Z - info: Reload for file change: C:\repos\nus-cs2103\website-base\schedule\week1\todo.md
2018-07-20T14:41:24.563Z - info: Reload for file change: C:\repos\nus-cs2103\website-base\schedule\week4\todo.md
2018-07-20T14:41:24.563Z - info: Reload for file change: C:\repos\nus-cs2103\website-base\book\gatheringRequirements\focusGroups\text.md
2018-07-20T14:41:24.563Z - info: Reload for file change: C:\repos\nus-cs2103\website-base\book\oop\objects\what\text.md
2018-07-20T14:41:24.564Z - info: Reload for file change: C:\repos\nus-cs2103\website-base\schedule\week6\todo.md
2018-07-20T14:41:24.564Z - info: Reload for file change: C:\repos\nus-cs2103\website-base\schedule\week8\todo.md
2018-07-20T14:41:24.564Z - info: Reload for file change: C:\repos\nus-cs2103\website-base\schedule\week7\todo.md
2018-07-20T14:41:24.564Z - info: Reload for file change: C:\repos\nus-cs2103\website-base\schedule\week9\todo.md
2018-07-20T14:41:24.566Z - info: Reload for file change: C:\repos\nus-cs2103\website-base\schedule\week11\todo.md
2018-07-20T14:41:24.566Z - info: Reload for file change: C:\repos\nus-cs2103\website-base\schedule\week10\todo.md
2018-07-20T14:41:24.566Z - info: Reload for file change: C:\repos\nus-cs2103\website-base\schedule\week12\todo.md
2018-07-20T14:41:24.567Z - info: Reload for file change: C:\repos\nus-cs2103\website-base\schedule\week13\todo.md
2018-07-20T14:41:24.567Z - info: Reload for file change: C:\repos\nus-cs2103\website-base\schedule\week5\todo.md
2018-07-20T14:41:32.877Z - info: Pages rebuilt
2018-07-20T14:41:32.896Z - info: Site data built
2018-07-20T14:41:33.507Z - verbose: Rebuild affected paths: C:\repos\nus-cs2103\website-base\common\header.md,C:\repos\nus-cs2103\website-base\schedule\week3\todo.md,C:\repos\nus-cs2103\website-base\admin\appendixC-faq.md,C:\repos\nus-cs2103\website-base\schedule\week2\todo.md,C:\repos\nus-cs2103\website-base\schedule\week1\todo.md,C:\repos\nus-cs2103\website-base\schedule\week4\todo.md,C:\repos\nus-cs2103\website-base\book\gatheringRequirements\focusGroups\text.md,C:\repos\nus-cs2103\website-base\book\oop\objects\what\text.md,C:\repos\nus-cs2103\website-base\schedule\week6\todo.md,C:\repos\nus-cs2103\website-base\schedule\week8\todo.md,C:\repos\nus-cs2103\website-base\schedule\week7\todo.md,C:\repos\nus-cs2103\website-base\schedule\week9\todo.md,C:\repos\nus-cs2103\website-base\schedule\week11\todo.md,C:\repos\nus-cs2103\website-base\schedule\week10\todo.md,C:\repos\nus-cs2103\website-base\schedule\week12\todo.md,C:\repos\nus-cs2103\website-base\schedule\week13\todo.md,C:\repos\nus-cs2103\website-base\schedule\week5\todo.md
2018-07-20T14:41:33.518Z - info: Rebuilding 91 pages
2018-07-20T14:42:24.998Z - info: Pages rebuilt
2018-07-20T14:42:25.029Z - info: Site data built
2018-07-20T14:43:22.402Z - info: Reload for file change: C:\repos\nus-cs2103\website-base\schedule\week3\tutorial.md
2018-07-20T14:43:23.418Z - verbose: Rebuild affected paths: C:\repos\nus-cs2103\website-base\schedule\week3\tutorial.md
2018-07-20T14:43:23.423Z - info: Rebuilding 2 pages
2018-07-20T14:43:44.919Z - info: Pages rebuilt
2018-07-20T14:43:44.943Z - info: Site data built
2018-07-20T14:46:18.331Z - info: Reload for file change: C:\repos\nus-cs2103\website-base\schedule\week3\tutorial.md
2018-07-20T14:46:19.353Z - verbose: Rebuild affected paths: C:\repos\nus-cs2103\website-base\schedule\week3\tutorial.md
2018-07-20T14:46:19.353Z - info: Rebuilding 2 pages
2018-07-20T14:46:41.977Z - info: Pages rebuilt
2018-07-20T14:46:41.993Z - info: Site data built
2018-07-20T14:52:30.061Z - info: Reload for file change: C:\repos\nus-cs2103\website-base\schedule\week3\tutorial.md
2018-07-20T14:52:31.072Z - verbose: Rebuild affected paths: C:\repos\nus-cs2103\website-base\schedule\week3\tutorial.md
2018-07-20T14:52:31.077Z - info: Rebuilding 2 pages
2018-07-20T14:52:52.132Z - info: Pages rebuilt
2018-07-20T14:52:52.154Z - info: Site data built
2018-07-20T15:00:14.753Z - info: Reload for file change: C:\repos\nus-cs2103\website-base\schedule\evidence\project.md
2018-07-20T15:00:15.768Z - verbose: Rebuild affected paths: C:\repos\nus-cs2103\website-base\schedule\evidence\project.md
2018-07-20T15:00:15.779Z - info: Rebuilding 13 pages
2018-07-20T15:00:26.972Z - info: Reload for file change: C:\repos\nus-cs2103\website-base\schedule\evidence\oop.md
2018-07-20T15:00:42.388Z - info: Reload for file change: C:\repos\nus-cs2103\website-base\schedule\week2\tutorial.md
2018-07-20T15:00:42.388Z - info: Reload for file change: C:\repos\nus-cs2103\website-base\schedule\week4\tutorial.md
2018-07-20T15:00:42.388Z - info: Reload for file change: C:\repos\nus-cs2103\website-base\schedule\week5\tutorial.md
2018-07-20T15:00:42.389Z - info: Reload for file change: C:\repos\nus-cs2103\website-base\schedule\week6\tutorial.md
2018-07-20T15:00:42.389Z - info: Reload for file change: C:\repos\nus-cs2103\website-base\schedule\week8\tutorial.md
2018-07-20T15:00:42.389Z - info: Reload for file change: C:\repos\nus-cs2103\website-base\schedule\week9\tutorial.md
2018-07-20T15:00:42.391Z - info: Reload for file change: C:\repos\nus-cs2103\website-base\schedule\week10\tutorial.md
2018-07-20T15:00:42.391Z - info: Reload for file change: C:\repos\nus-cs2103\website-base\schedule\week11\tutorial.md
2018-07-20T15:00:42.391Z - info: Reload for file change: C:\repos\nus-cs2103\website-base\schedule\week12\tutorial.md
2018-07-20T15:00:42.391Z - info: Reload for file change: C:\repos\nus-cs2103\website-base\schedule\week13\tutorial.md
2018-07-20T15:00:42.391Z - info: Reload for file change: C:\repos\nus-cs2103\website-base\schedule\week7\tutorial.md
2018-07-20T15:00:42.430Z - info: Reload for file change: C:\repos\nus-cs2103\website-base\schedule\evidence\project.md
2018-07-20T15:00:49.945Z - info: Pages rebuilt
2018-07-20T15:00:49.949Z - info: Site data built
2018-07-20T15:00:51.173Z - verbose: Rebuild affected paths: C:\repos\nus-cs2103\website-base\schedule\evidence\oop.md,C:\repos\nus-cs2103\website-base\schedule\week2\tutorial.md,C:\repos\nus-cs2103\website-base\schedule\week4\tutorial.md,C:\repos\nus-cs2103\website-base\schedule\week5\tutorial.md,C:\repos\nus-cs2103\website-base\schedule\week6\tutorial.md,C:\repos\nus-cs2103\website-base\schedule\week8\tutorial.md,C:\repos\nus-cs2103\website-base\schedule\week9\tutorial.md,C:\repos\nus-cs2103\website-base\schedule\week10\tutorial.md,C:\repos\nus-cs2103\website-base\schedule\week11\tutorial.md,C:\repos\nus-cs2103\website-base\schedule\week12\tutorial.md,C:\repos\nus-cs2103\website-base\schedule\week13\tutorial.md,C:\repos\nus-cs2103\website-base\schedule\week7\tutorial.md,C:\repos\nus-cs2103\website-base\schedule\evidence\project.md
2018-07-20T15:00:51.176Z - info: Rebuilding 13 pages
2018-07-20T15:01:23.081Z - info: Pages rebuilt
2018-07-20T15:01:23.092Z - info: Site data built
2018-07-20T15:04:53.576Z - info: Reload for file change: C:\repos\nus-cs2103\website-base\schedule\week3\tutorial.md
2018-07-20T15:04:54.583Z - verbose: Rebuild affected paths: C:\repos\nus-cs2103\website-base\schedule\week3\tutorial.md
2018-07-20T15:04:54.587Z - info: Rebuilding 2 pages
2018-07-20T15:06:20.221Z - info: Pages built
2018-07-20T15:06:20.293Z - info: Site data built
2018-07-20T15:06:20.306Z - info: Generate Site durationMs=70342
2018-07-20T15:06:20.327Z - info: Serving "C:\repos\nus-cs2103\website-base\_site" at http://127.0.0.1:8080
2018-07-20T15:06:20.327Z - info: Press CTRL+C to stop ...
2018-07-20T15:07:10.420Z - info: Reload for file change: C:\repos\nus-cs2103\website-base\schedule\index.md
2018-07-20T15:07:11.425Z - verbose: Rebuild affected paths: C:\repos\nus-cs2103\website-base\schedule\index.md
2018-07-20T15:07:11.426Z - info: Rebuilding 2 pages
2018-07-20T15:07:35.149Z - info: Pages rebuilt
2018-07-20T15:07:35.197Z - info: Site data built
2018-07-20T15:14:46.777Z - info: Reload for file change: C:\repos\nus-cs2103\website-base\common\tutorial.njk
2018-07-20T15:14:47.829Z - info: Assets built
2018-07-20T15:16:11.718Z - info: Pages built
2018-07-20T15:16:11.792Z - info: Site data built
2018-07-20T15:16:11.802Z - info: Generate Site durationMs=75968
2018-07-20T15:16:11.817Z - info: Serving "C:\repos\nus-cs2103\website-base\_site" at http://127.0.0.1:8080
2018-07-20T15:16:11.817Z - info: Press CTRL+C to stop ...
2018-07-20T15:28:42.131Z - info: Pages built
2018-07-20T15:28:42.205Z - info: Site data built
2018-07-20T15:28:42.219Z - info: Generate Site durationMs=64122
2018-07-20T15:28:42.243Z - info: Serving "C:\repos\nus-cs2103\website-base\_site" at http://127.0.0.1:8080
2018-07-20T15:28:42.243Z - info: Press CTRL+C to stop ...
