2018-06-11T11:24:53.926Z - error:  Error: No such file: C:\repos\nus-cs2103\website-base\book\_markbind\boilerplates\text.md
Missing reference in C:\repos\nus-cs2103\website-base\book\_markbind\boilerplates\print.md
    at Parser._preprocess (C:\Users\dcsdcr\AppData\Roaming\npm\node_modules\markbind-cli\lib\markbind\lib\parser.js:136:21)
    at dom.map (C:\Users\dcsdcr\AppData\Roaming\npm\node_modules\markbind-cli\lib\markbind\lib\parser.js:386:28)
    at Array.map (<anonymous>)
    at DomHandler.htmlparser.DomHandler [as _callback] (C:\Users\dcsdcr\AppData\Roaming\npm\node_modules\markbind-cli\lib\markbind\lib\parser.js:383:25)
    at DomHandler._handleCallback.DomHandler.onerror (C:\Users\dcsdcr\AppData\Roaming\npm\node_modules\markbind-cli\node_modules\domhandler\index.js:52:8)
    at DomHandler.onend (C:\Users\dcsdcr\AppData\Roaming\npm\node_modules\markbind-cli\node_modules\domhandler\index.js:46:7)
    at Parser.onend (C:\Users\dcsdcr\AppData\Roaming\npm\node_modules\markbind-cli\node_modules\htmlparser2\lib\Parser.js:310:32)
    at Tokenizer._finish (C:\Users\dcsdcr\AppData\Roaming\npm\node_modules\markbind-cli\node_modules\htmlparser2\lib\Tokenizer.js:853:12)
    at Tokenizer.end (C:\Users\dcsdcr\AppData\Roaming\npm\node_modules\markbind-cli\node_modules\htmlparser2\lib\Tokenizer.js:844:25)
    at Parser.end (C:\Users\dcsdcr\AppData\Roaming\npm\node_modules\markbind-cli\node_modules\htmlparser2\lib\Parser.js:338:18)
    at Parser.parseComplete (C:\Users\dcsdcr\AppData\Roaming\npm\node_modules\markbind-cli\node_modules\htmlparser2\lib\Parser.js:330:7)
    at fs.readFile (C:\Users\dcsdcr\AppData\Roaming\npm\node_modules\markbind-cli\lib\markbind\lib\parser.js:422:16)
    at FSReqWrap.readFileAfterClose [as oncomplete] (fs.js:511:3)
2018-06-11T11:24:53.928Z - error:  Error: No such file: C:\repos\nus-cs2103\website-base\book\_markbind\boilerplates\text.md
Missing reference in C:\repos\nus-cs2103\website-base\book\_markbind\boilerplates\print.md
    at Parser._preprocess (C:\Users\dcsdcr\AppData\Roaming\npm\node_modules\markbind-cli\lib\markbind\lib\parser.js:136:21)
    at dom.map (C:\Users\dcsdcr\AppData\Roaming\npm\node_modules\markbind-cli\lib\markbind\lib\parser.js:386:28)
    at Array.map (<anonymous>)
    at DomHandler.htmlparser.DomHandler [as _callback] (C:\Users\dcsdcr\AppData\Roaming\npm\node_modules\markbind-cli\lib\markbind\lib\parser.js:383:25)
    at DomHandler._handleCallback.DomHandler.onerror (C:\Users\dcsdcr\AppData\Roaming\npm\node_modules\markbind-cli\node_modules\domhandler\index.js:52:8)
    at DomHandler.onend (C:\Users\dcsdcr\AppData\Roaming\npm\node_modules\markbind-cli\node_modules\domhandler\index.js:46:7)
    at Parser.onend (C:\Users\dcsdcr\AppData\Roaming\npm\node_modules\markbind-cli\node_modules\htmlparser2\lib\Parser.js:310:32)
    at Tokenizer._finish (C:\Users\dcsdcr\AppData\Roaming\npm\node_modules\markbind-cli\node_modules\htmlparser2\lib\Tokenizer.js:853:12)
    at Tokenizer.end (C:\Users\dcsdcr\AppData\Roaming\npm\node_modules\markbind-cli\node_modules\htmlparser2\lib\Tokenizer.js:844:25)
    at Parser.end (C:\Users\dcsdcr\AppData\Roaming\npm\node_modules\markbind-cli\node_modules\htmlparser2\lib\Parser.js:338:18)
    at Parser.parseComplete (C:\Users\dcsdcr\AppData\Roaming\npm\node_modules\markbind-cli\node_modules\htmlparser2\lib\Parser.js:330:7)
    at fs.readFile (C:\Users\dcsdcr\AppData\Roaming\npm\node_modules\markbind-cli\lib\markbind\lib\parser.js:422:16)
    at FSReqWrap.readFileAfterClose [as oncomplete] (fs.js:511:3)
2018-06-11T11:25:56.067Z - info: Pages built
2018-06-11T11:25:56.131Z - info: Site data built
2018-06-11T11:25:56.132Z - info: Build success!
2018-06-11T11:25:56.132Z - info: Generate Site durationMs=68922
2018-06-11T11:26:59.087Z - info: Deployed!
