2018-06-30T04:43:37.174Z - info: Pages built
2018-06-30T04:43:37.477Z - info: Site data built
2018-06-30T04:43:37.501Z - info: Generate Site durationMs=143081
2018-06-30T04:43:38.011Z - info: Serving "C:\repos\nus-cs2103\website-base\_site" at http://127.0.0.1:8080
2018-06-30T04:43:38.011Z - info: Press CTRL+C to stop ...
2018-06-30T04:44:22.015Z - info: Reload for file change: C:\repos\nus-cs2103\website-base\se-book-adapted\config.njk
2018-06-30T04:44:23.026Z - info: Assets built
2018-06-30T04:46:00.469Z - info: Reload for file change: C:\repos\nus-cs2103\website-base\se-book-adapted\config.njk
2018-06-30T04:46:01.487Z - info: Assets built
2018-06-30T04:52:47.224Z - info: Reload for file change: C:\repos\nus-cs2103\website-base\se-book-adapted\config.njk
2018-06-30T04:52:48.232Z - info: Assets built
2018-06-30T04:53:49.979Z - info: Reload for file change: C:\repos\nus-cs2103\website-base\se-book-adapted\config.njk
2018-06-30T04:53:50.993Z - info: Assets built
2018-06-30T04:59:15.415Z - info: Reload for file change: C:\repos\nus-cs2103\website-base\se-book-adapted\config.njk
2018-06-30T04:59:16.424Z - info: Assets built
2018-06-30T05:13:47.220Z - info: Reload for file change: C:\repos\nus-cs2103\website-base\se-book-adapted\config.njk
2018-06-30T05:13:48.229Z - info: Assets built
2018-06-30T05:14:25.982Z - info: Reload for file change: C:\repos\nus-cs2103\website-base\se-book-adapted\config.njk
2018-06-30T05:14:26.996Z - info: Assets built
2018-06-30T05:15:45.483Z - info: Reload for file change: C:\repos\nus-cs2103\website-base\se-book-adapted\config.njk
2018-06-30T05:15:46.492Z - info: Assets built
2018-06-30T05:20:08.720Z - info: Reload for file change: C:\repos\nus-cs2103\website-base\se-book-adapted\config.njk
2018-06-30T05:20:09.734Z - info: Assets built
2018-06-30T05:22:29.882Z - info: Pages built
2018-06-30T05:22:30.107Z - info: Site data built
2018-06-30T05:22:30.117Z - info: Generate Site durationMs=112983
2018-06-30T05:22:30.637Z - info: Serving "C:\repos\nus-cs2103\website-base\_site" at http://127.0.0.1:8080
2018-06-30T05:22:30.637Z - info: Press CTRL+C to stop ...
2018-06-30T05:29:07.655Z - info: Reload for file change: C:\repos\nus-cs2103\website-base\se-book-adapted\chapters\chapter.njk
2018-06-30T05:29:08.678Z - info: Assets built
2018-06-30T05:31:35.382Z - info: Pages built
2018-06-30T05:31:35.458Z - info: Site data built
2018-06-30T05:31:35.467Z - info: Generate Site durationMs=58953
2018-06-30T05:31:35.904Z - info: Serving "C:\repos\nus-cs2103\website-base\_site" at http://127.0.0.1:8080
2018-06-30T05:31:35.904Z - info: Press CTRL+C to stop ...
2018-06-30T05:31:51.705Z - info: Reload for file change: C:\repos\nus-cs2103\website-base\se-book-adapted\config.njk
2018-06-30T05:31:52.722Z - info: Assets built
2018-06-30T05:32:41.075Z - info: Reload for file change: C:\repos\nus-cs2103\website-base\se-book-adapted\chapters\chapter.njk
2018-06-30T05:32:42.086Z - info: Assets built
2018-06-30T05:34:59.902Z - info: Reload for file change: C:\repos\nus-cs2103\website-base\se-book-adapted\chapters\chapter.njk
2018-06-30T05:35:00.913Z - info: Assets built
2018-06-30T05:35:23.467Z - info: Reload for file change: C:\repos\nus-cs2103\website-base\se-book-adapted\chapters\chapter.njk
2018-06-30T05:35:24.479Z - info: Assets built
2018-06-30T05:35:44.983Z - info: Reload for file change: C:\repos\nus-cs2103\website-base\se-book-adapted\chapters\chapter.njk
2018-06-30T05:35:45.994Z - info: Assets built
2018-06-30T05:36:13.326Z - info: Reload for file change: C:\repos\nus-cs2103\website-base\se-book-adapted\chapters\chapter.njk
2018-06-30T05:36:14.339Z - info: Assets built
2018-06-30T05:36:27.125Z - info: Reload for file change: C:\repos\nus-cs2103\website-base\se-book-adapted\chapters\chapter.njk
2018-06-30T05:36:28.135Z - info: Assets built
2018-06-30T05:37:24.393Z - info: Reload for file change: C:\repos\nus-cs2103\website-base\se-book-adapted\chapters\chapter.njk
2018-06-30T05:37:25.410Z - info: Assets built
2018-06-30T05:38:41.023Z - info: Pages built
2018-06-30T05:38:41.114Z - info: Site data built
2018-06-30T05:38:41.127Z - info: Generate Site durationMs=54002
2018-06-30T05:38:41.472Z - info: Serving "C:\repos\nus-cs2103\website-base\_site" at http://127.0.0.1:8080
2018-06-30T05:38:41.472Z - info: Press CTRL+C to stop ...
2018-06-30T05:38:42.268Z - info: Reload for file change: C:\repos\nus-cs2103\website-base\se-book-adapted\config.njk
2018-06-30T05:38:44.274Z - info: Assets built
2018-06-30T05:42:11.580Z - info: Reload for file change: C:\repos\nus-cs2103\website-base\_markbind\variables.md
2018-06-30T05:42:12.581Z - verbose: Rebuild affected paths: C:\repos\nus-cs2103\website-base\_markbind\variables.md
2018-06-30T05:42:12.583Z - info: Rebuilding 0 pages
2018-06-30T05:42:12.583Z - info: Pages rebuilt
2018-06-30T05:42:12.590Z - info: Site data built
2018-06-30T05:43:30.546Z - info: Pages built
2018-06-30T05:43:30.625Z - info: Site data built
2018-06-30T05:43:30.635Z - info: Generate Site durationMs=58439
2018-06-30T05:43:30.983Z - info: Serving "C:\repos\nus-cs2103\website-base\_site" at http://127.0.0.1:8080
2018-06-30T05:43:30.983Z - info: Press CTRL+C to stop ...
2018-06-30T05:43:32.059Z - info: Reload for file change: C:\repos\nus-cs2103\website-base\se-book-adapted\config.njk
2018-06-30T05:43:33.784Z - info: Assets built
2018-06-30T05:44:49.322Z - info: Reload for file change: C:\repos\nus-cs2103\website-base\_markbind\variables.md
2018-06-30T05:44:50.325Z - verbose: Rebuild affected paths: C:\repos\nus-cs2103\website-base\_markbind\variables.md
2018-06-30T05:44:50.326Z - info: Rebuilding 0 pages
2018-06-30T05:44:50.326Z - info: Pages rebuilt
2018-06-30T05:44:50.333Z - info: Site data built
2018-06-30T05:46:39.951Z - info: Reload for file change: C:\repos\nus-cs2103\website-base\se-book-adapted\config.njk
2018-06-30T05:46:40.966Z - info: Assets built
2018-06-30T05:48:27.423Z - info: Reload for file change: C:\repos\nus-cs2103\website-base\se-book-adapted\config.njk
2018-06-30T05:48:28.437Z - info: Assets built
2018-06-30T05:51:05.670Z - info: Reload for file change: C:\repos\nus-cs2103\website-base\se-book-adapted\config.njk
2018-06-30T05:51:06.682Z - info: Assets built
2018-06-30T05:52:24.118Z - info: Pages built
2018-06-30T05:52:24.200Z - info: Site data built
2018-06-30T05:52:24.212Z - info: Generate Site durationMs=52776
2018-06-30T05:52:24.549Z - info: Serving "C:\repos\nus-cs2103\website-base\_site" at http://127.0.0.1:8080
2018-06-30T05:52:24.549Z - info: Press CTRL+C to stop ...
2018-06-30T06:00:19.714Z - info: Reload for file change: C:\repos\nus-cs2103\website-base\se-book-adapted\config.njk
2018-06-30T06:00:20.727Z - info: Assets built
2018-06-30T06:05:12.011Z - info: Reload for file change: C:\repos\nus-cs2103\website-base\se-book-adapted\config.njk
2018-06-30T06:05:13.024Z - info: Assets built
2018-06-30T06:09:00.281Z - info: Reload for file change: C:\repos\nus-cs2103\website-base\se-book-adapted\config.njk
2018-06-30T06:09:01.295Z - info: Assets built
2018-06-30T06:10:33.670Z - info: Reload for file change: C:\repos\nus-cs2103\website-base\se-book-adapted\config.njk
2018-06-30T06:10:34.681Z - info: Assets built
2018-06-30T06:52:55.968Z - info: Reload for file change: C:\repos\nus-cs2103\website-base\se-book-adapted\config.njk
2018-06-30T06:52:56.994Z - info: Assets built
2018-06-30T06:53:30.935Z - info: Reload for file change: C:\repos\nus-cs2103\website-base\se-book-adapted\config.njk
2018-06-30T06:53:31.945Z - info: Assets built
2018-06-30T06:54:00.890Z - info: Reload for file change: C:\repos\nus-cs2103\website-base\se-book-adapted\config.njk
2018-06-30T06:54:01.907Z - info: Assets built
2018-06-30T06:55:28.329Z - info: Reload for file change: C:\repos\nus-cs2103\website-base\se-book-adapted\config.njk
2018-06-30T06:55:29.344Z - info: Assets built
2018-06-30T06:57:49.425Z - info: Reload for file change: C:\repos\nus-cs2103\website-base\se-book-adapted\config.njk
2018-06-30T06:57:50.436Z - info: Assets built
2018-06-30T07:02:45.765Z - info: Reload for file change: C:\repos\nus-cs2103\website-base\se-book-adapted\config.njk
2018-06-30T07:02:46.776Z - info: Assets built
2018-06-30T07:03:04.834Z - info: Reload for file change: C:\repos\nus-cs2103\website-base\se-book-adapted\config.njk
2018-06-30T07:03:05.843Z - info: Assets built
2018-06-30T07:06:03.195Z - info: Pages built
2018-06-30T07:06:03.440Z - info: Site data built
2018-06-30T07:06:03.451Z - info: Generate Site durationMs=123257
2018-06-30T07:06:04.196Z - info: Serving "C:\repos\nus-cs2103\website-base\_site" at http://127.0.0.1:8080
2018-06-30T07:06:04.196Z - info: Press CTRL+C to stop ...
2018-06-30T07:14:15.138Z - info: Reload for file change: C:\repos\nus-cs2103\website-base\common\outcomes.njk
2018-06-30T07:14:16.149Z - info: Assets built
2018-06-30T07:18:15.783Z - info: Pages built
2018-06-30T07:18:15.855Z - info: Site data built
2018-06-30T07:18:15.867Z - info: Generate Site durationMs=104996
2018-06-30T07:18:16.220Z - info: Serving "C:\repos\nus-cs2103\website-base\_site" at http://127.0.0.1:8080
2018-06-30T07:18:16.221Z - info: Press CTRL+C to stop ...
2018-06-30T07:20:25.743Z - info: Reload for file change: C:\repos\nus-cs2103\website-base\schedule\index.md
2018-06-30T07:20:26.746Z - verbose: Rebuild affected paths: C:\repos\nus-cs2103\website-base\schedule\index.md
2018-06-30T07:20:26.747Z - info: Rebuilding 2 pages
2018-06-30T07:20:38.616Z - info: Pages rebuilt
2018-06-30T07:20:38.624Z - info: Site data built
2018-06-30T07:22:38.658Z - info: Reload for file change: C:\repos\nus-cs2103\website-base\common\outcomes.njk
2018-06-30T07:22:39.669Z - info: Assets built
2018-06-30T07:26:52.764Z - info: Reload for file change: C:\repos\nus-cs2103\website-base\schedule\index.md
2018-06-30T07:26:53.767Z - verbose: Rebuild affected paths: C:\repos\nus-cs2103\website-base\schedule\index.md
2018-06-30T07:26:53.768Z - info: Rebuilding 2 pages
2018-06-30T07:27:06.021Z - info: Pages rebuilt
2018-06-30T07:27:06.028Z - info: Site data built
2018-06-30T07:27:50.393Z - info: Reload for file change: C:\repos\nus-cs2103\website-base\common\outcomes.njk
2018-06-30T07:27:51.453Z - info: Assets built
2018-06-30T08:40:48.896Z - info: Pages built
2018-06-30T08:40:49.102Z - info: Site data built
2018-06-30T08:40:49.113Z - info: Generate Site durationMs=64872
2018-06-30T08:40:49.529Z - info: Serving "C:\repos\nus-cs2103\website-base\_site" at http://127.0.0.1:8080
2018-06-30T08:40:49.529Z - info: Press CTRL+C to stop ...
2018-06-30T08:43:06.585Z - info: Reload for file change: C:\repos\nus-cs2103\website-base\se-book-adapted\config.njk
2018-06-30T08:43:07.597Z - info: Assets built
2018-06-30T09:49:34.894Z - error:  Error: No such file: C:\repos\nus-cs2103\website-base\schedule\outcomes.md
Missing reference in C:\repos\nus-cs2103\website-base\schedule\index.md
    at Parser._preprocess (C:\Users\dcsdcr\AppData\Roaming\npm\node_modules\markbind-cli\lib\markbind\lib\parser.js:136:21)
    at element.children.element.children.map.e (C:\Users\dcsdcr\AppData\Roaming\npm\node_modules\markbind-cli\lib\markbind\lib\parser.js:250:57)
    at Array.map (<anonymous>)
    at Parser._preprocess (C:\Users\dcsdcr\AppData\Roaming\npm\node_modules\markbind-cli\lib\markbind\lib\parser.js:250:43)
    at element.children.element.children.map.e (C:\Users\dcsdcr\AppData\Roaming\npm\node_modules\markbind-cli\lib\markbind\lib\parser.js:250:57)
    at Array.map (<anonymous>)
    at Parser._preprocess (C:\Users\dcsdcr\AppData\Roaming\npm\node_modules\markbind-cli\lib\markbind\lib\parser.js:250:43)
    at element.children.element.children.map.e (C:\Users\dcsdcr\AppData\Roaming\npm\node_modules\markbind-cli\lib\markbind\lib\parser.js:250:57)
    at Array.map (<anonymous>)
    at Parser._preprocess (C:\Users\dcsdcr\AppData\Roaming\npm\node_modules\markbind-cli\lib\markbind\lib\parser.js:250:43)
    at element.children.element.children.map.e (C:\Users\dcsdcr\AppData\Roaming\npm\node_modules\markbind-cli\lib\markbind\lib\parser.js:250:57)
    at Array.map (<anonymous>)
    at Parser._preprocess (C:\Users\dcsdcr\AppData\Roaming\npm\node_modules\markbind-cli\lib\markbind\lib\parser.js:250:43)
    at element.children.element.children.map.e (C:\Users\dcsdcr\AppData\Roaming\npm\node_modules\markbind-cli\lib\markbind\lib\parser.js:250:57)
    at Array.map (<anonymous>)
    at Parser._preprocess (C:\Users\dcsdcr\AppData\Roaming\npm\node_modules\markbind-cli\lib\markbind\lib\parser.js:250:43)
2018-06-30T09:56:02.442Z - info: Pages built
2018-06-30T09:56:02.602Z - info: Site data built
2018-06-30T09:56:02.612Z - info: Generate Site durationMs=46679
2018-06-30T09:56:03.026Z - info: Serving "C:\repos\nus-cs2103\website-base\_site" at http://127.0.0.1:8080
2018-06-30T09:56:03.026Z - info: Press CTRL+C to stop ...
2018-06-30T10:09:51.063Z - info: Pages built
2018-06-30T10:09:51.142Z - info: Site data built
2018-06-30T10:09:51.155Z - info: Generate Site durationMs=50901
2018-06-30T10:09:51.508Z - info: Serving "C:\repos\nus-cs2103\website-base\_site" at http://127.0.0.1:8080
2018-06-30T10:09:51.508Z - info: Press CTRL+C to stop ...
2018-06-30T10:14:56.180Z - error:  Error: No such file: C:\repos\nus-cs2103\book\softwareEngineering\introduction\prosAndCons\text.md
Missing reference in C:\repos\nus-cs2103\website-base\schedule\index.md
    at Parser._preprocess (C:\Users\dcsdcr\AppData\Roaming\npm\node_modules\markbind-cli\lib\markbind\lib\parser.js:136:21)
    at element.children.element.children.map.e (C:\Users\dcsdcr\AppData\Roaming\npm\node_modules\markbind-cli\lib\markbind\lib\parser.js:250:57)
    at Array.map (<anonymous>)
    at Parser._preprocess (C:\Users\dcsdcr\AppData\Roaming\npm\node_modules\markbind-cli\lib\markbind\lib\parser.js:250:43)
    at element.children.element.children.map.e (C:\Users\dcsdcr\AppData\Roaming\npm\node_modules\markbind-cli\lib\markbind\lib\parser.js:250:57)
    at Array.map (<anonymous>)
    at Parser._preprocess (C:\Users\dcsdcr\AppData\Roaming\npm\node_modules\markbind-cli\lib\markbind\lib\parser.js:250:43)
    at element.children.element.children.map.e (C:\Users\dcsdcr\AppData\Roaming\npm\node_modules\markbind-cli\lib\markbind\lib\parser.js:250:57)
    at Array.map (<anonymous>)
    at Parser._preprocess (C:\Users\dcsdcr\AppData\Roaming\npm\node_modules\markbind-cli\lib\markbind\lib\parser.js:250:43)
    at element.children.element.children.map.e (C:\Users\dcsdcr\AppData\Roaming\npm\node_modules\markbind-cli\lib\markbind\lib\parser.js:250:57)
    at Array.map (<anonymous>)
    at Parser._preprocess (C:\Users\dcsdcr\AppData\Roaming\npm\node_modules\markbind-cli\lib\markbind\lib\parser.js:250:43)
    at element.children.element.children.map.e (C:\Users\dcsdcr\AppData\Roaming\npm\node_modules\markbind-cli\lib\markbind\lib\parser.js:250:57)
    at Array.map (<anonymous>)
    at Parser._preprocess (C:\Users\dcsdcr\AppData\Roaming\npm\node_modules\markbind-cli\lib\markbind\lib\parser.js:250:43)
2018-06-30T10:30:44.804Z - error:  Error: No such file: C:\repos\nus-cs2103\book\week2\softwareEngineering\introduction\prosAndCons\text.md
Missing reference in C:\repos\nus-cs2103\website-base\schedule\index.md
    at Parser._preprocess (C:\Users\dcsdcr\AppData\Roaming\npm\node_modules\markbind-cli\lib\markbind\lib\parser.js:136:21)
    at element.children.element.children.map.e (C:\Users\dcsdcr\AppData\Roaming\npm\node_modules\markbind-cli\lib\markbind\lib\parser.js:250:57)
    at Array.map (<anonymous>)
    at Parser._preprocess (C:\Users\dcsdcr\AppData\Roaming\npm\node_modules\markbind-cli\lib\markbind\lib\parser.js:250:43)
    at element.children.element.children.map.e (C:\Users\dcsdcr\AppData\Roaming\npm\node_modules\markbind-cli\lib\markbind\lib\parser.js:250:57)
    at Array.map (<anonymous>)
    at Parser._preprocess (C:\Users\dcsdcr\AppData\Roaming\npm\node_modules\markbind-cli\lib\markbind\lib\parser.js:250:43)
    at element.children.element.children.map.e (C:\Users\dcsdcr\AppData\Roaming\npm\node_modules\markbind-cli\lib\markbind\lib\parser.js:250:57)
    at Array.map (<anonymous>)
    at Parser._preprocess (C:\Users\dcsdcr\AppData\Roaming\npm\node_modules\markbind-cli\lib\markbind\lib\parser.js:250:43)
    at element.children.element.children.map.e (C:\Users\dcsdcr\AppData\Roaming\npm\node_modules\markbind-cli\lib\markbind\lib\parser.js:250:57)
    at Array.map (<anonymous>)
    at Parser._preprocess (C:\Users\dcsdcr\AppData\Roaming\npm\node_modules\markbind-cli\lib\markbind\lib\parser.js:250:43)
    at element.children.element.children.map.e (C:\Users\dcsdcr\AppData\Roaming\npm\node_modules\markbind-cli\lib\markbind\lib\parser.js:250:57)
    at Array.map (<anonymous>)
    at Parser._preprocess (C:\Users\dcsdcr\AppData\Roaming\npm\node_modules\markbind-cli\lib\markbind\lib\parser.js:250:43)
2018-06-30T10:30:44.806Z - error:  Error: Path given 'C:\repos\nus-cs2103\book\week2\softwareEngineering\introduction\prosAndCons\unit-inElsewhere-asFlat.md' is not in root 'C:\repos\nus-cs2103\website-base'
Error while preprocessing 'C:\repos\nus-cs2103\website-base\index.md'
    at calculateNewBaseUrls (C:\Users\dcsdcr\AppData\Roaming\npm\node_modules\markbind-cli\lib\markbind\lib\parser.js:43:11)
    at calculateBoilerplateFilePath (C:\Users\dcsdcr\AppData\Roaming\npm\node_modules\markbind-cli\lib\markbind\lib\parser.js:62:32)
    at Parser._preprocess (C:\Users\dcsdcr\AppData\Roaming\npm\node_modules\markbind-cli\lib\markbind\lib\parser.js:131:24)
    at element.children.element.children.map.e (C:\Users\dcsdcr\AppData\Roaming\npm\node_modules\markbind-cli\lib\markbind\lib\parser.js:250:57)
    at Array.map (<anonymous>)
    at Parser._preprocess (C:\Users\dcsdcr\AppData\Roaming\npm\node_modules\markbind-cli\lib\markbind\lib\parser.js:250:43)
    at element.children.element.children.map.e (C:\Users\dcsdcr\AppData\Roaming\npm\node_modules\markbind-cli\lib\markbind\lib\parser.js:250:57)
    at Array.map (<anonymous>)
    at Parser._preprocess (C:\Users\dcsdcr\AppData\Roaming\npm\node_modules\markbind-cli\lib\markbind\lib\parser.js:250:43)
    at element.children.element.children.map.e (C:\Users\dcsdcr\AppData\Roaming\npm\node_modules\markbind-cli\lib\markbind\lib\parser.js:250:57)
    at Array.map (<anonymous>)
    at Parser._preprocess (C:\Users\dcsdcr\AppData\Roaming\npm\node_modules\markbind-cli\lib\markbind\lib\parser.js:250:43)
    at element.children.element.children.map.e (C:\Users\dcsdcr\AppData\Roaming\npm\node_modules\markbind-cli\lib\markbind\lib\parser.js:250:57)
    at Array.map (<anonymous>)
    at Parser._preprocess (C:\Users\dcsdcr\AppData\Roaming\npm\node_modules\markbind-cli\lib\markbind\lib\parser.js:250:43)
    at element.children.element.children.map.e (C:\Users\dcsdcr\AppData\Roaming\npm\node_modules\markbind-cli\lib\markbind\lib\parser.js:250:57)
2018-06-30T10:30:45.811Z - error:  Error: No such file: C:\repos\nus-cs2103\book\week2\softwareEngineering\introduction\prosAndCons\text.md
Missing reference in C:\repos\nus-cs2103\website-base\schedule\index.md
    at Parser._preprocess (C:\Users\dcsdcr\AppData\Roaming\npm\node_modules\markbind-cli\lib\markbind\lib\parser.js:136:21)
    at element.children.element.children.map.e (C:\Users\dcsdcr\AppData\Roaming\npm\node_modules\markbind-cli\lib\markbind\lib\parser.js:250:57)
    at Array.map (<anonymous>)
    at Parser._preprocess (C:\Users\dcsdcr\AppData\Roaming\npm\node_modules\markbind-cli\lib\markbind\lib\parser.js:250:43)
    at element.children.element.children.map.e (C:\Users\dcsdcr\AppData\Roaming\npm\node_modules\markbind-cli\lib\markbind\lib\parser.js:250:57)
    at Array.map (<anonymous>)
    at Parser._preprocess (C:\Users\dcsdcr\AppData\Roaming\npm\node_modules\markbind-cli\lib\markbind\lib\parser.js:250:43)
    at element.children.element.children.map.e (C:\Users\dcsdcr\AppData\Roaming\npm\node_modules\markbind-cli\lib\markbind\lib\parser.js:250:57)
    at Array.map (<anonymous>)
    at Parser._preprocess (C:\Users\dcsdcr\AppData\Roaming\npm\node_modules\markbind-cli\lib\markbind\lib\parser.js:250:43)
    at element.children.element.children.map.e (C:\Users\dcsdcr\AppData\Roaming\npm\node_modules\markbind-cli\lib\markbind\lib\parser.js:250:57)
    at Array.map (<anonymous>)
    at Parser._preprocess (C:\Users\dcsdcr\AppData\Roaming\npm\node_modules\markbind-cli\lib\markbind\lib\parser.js:250:43)
    at element.children.element.children.map.e (C:\Users\dcsdcr\AppData\Roaming\npm\node_modules\markbind-cli\lib\markbind\lib\parser.js:250:57)
    at Array.map (<anonymous>)
    at Parser._preprocess (C:\Users\dcsdcr\AppData\Roaming\npm\node_modules\markbind-cli\lib\markbind\lib\parser.js:250:43)
2018-06-30T10:30:45.812Z - error:  Error: Path given 'C:\repos\nus-cs2103\book\week2\softwareEngineering\introduction\prosAndCons\unit-inElsewhere-asFlat.md' is not in root 'C:\repos\nus-cs2103\website-base'
Error while preprocessing 'C:\repos\nus-cs2103\website-base\schedule\index.md'
    at calculateNewBaseUrls (C:\Users\dcsdcr\AppData\Roaming\npm\node_modules\markbind-cli\lib\markbind\lib\parser.js:43:11)
    at calculateBoilerplateFilePath (C:\Users\dcsdcr\AppData\Roaming\npm\node_modules\markbind-cli\lib\markbind\lib\parser.js:62:32)
    at Parser._preprocess (C:\Users\dcsdcr\AppData\Roaming\npm\node_modules\markbind-cli\lib\markbind\lib\parser.js:131:24)
    at element.children.element.children.map.e (C:\Users\dcsdcr\AppData\Roaming\npm\node_modules\markbind-cli\lib\markbind\lib\parser.js:250:57)
    at Array.map (<anonymous>)
    at Parser._preprocess (C:\Users\dcsdcr\AppData\Roaming\npm\node_modules\markbind-cli\lib\markbind\lib\parser.js:250:43)
    at element.children.element.children.map.e (C:\Users\dcsdcr\AppData\Roaming\npm\node_modules\markbind-cli\lib\markbind\lib\parser.js:250:57)
    at Array.map (<anonymous>)
    at Parser._preprocess (C:\Users\dcsdcr\AppData\Roaming\npm\node_modules\markbind-cli\lib\markbind\lib\parser.js:250:43)
    at element.children.element.children.map.e (C:\Users\dcsdcr\AppData\Roaming\npm\node_modules\markbind-cli\lib\markbind\lib\parser.js:250:57)
    at Array.map (<anonymous>)
    at Parser._preprocess (C:\Users\dcsdcr\AppData\Roaming\npm\node_modules\markbind-cli\lib\markbind\lib\parser.js:250:43)
    at element.children.element.children.map.e (C:\Users\dcsdcr\AppData\Roaming\npm\node_modules\markbind-cli\lib\markbind\lib\parser.js:250:57)
    at Array.map (<anonymous>)
    at Parser._preprocess (C:\Users\dcsdcr\AppData\Roaming\npm\node_modules\markbind-cli\lib\markbind\lib\parser.js:250:43)
    at element.children.element.children.map.e (C:\Users\dcsdcr\AppData\Roaming\npm\node_modules\markbind-cli\lib\markbind\lib\parser.js:250:57)
2018-06-30T10:31:17.817Z - info: Pages built
2018-06-30T10:31:17.919Z - info: Site data built
2018-06-30T10:31:17.930Z - info: Generate Site durationMs=41733
2018-06-30T10:31:18.294Z - info: Serving "C:\repos\nus-cs2103\website-base\_site" at http://127.0.0.1:8080
2018-06-30T10:31:18.295Z - info: Press CTRL+C to stop ...
2018-06-30T10:33:39.229Z - info: Pages built
2018-06-30T10:33:39.296Z - info: Site data built
2018-06-30T10:33:39.307Z - info: Generate Site durationMs=47664
2018-06-30T10:33:39.650Z - info: Serving "C:\repos\nus-cs2103\website-base\_site" at http://127.0.0.1:8080
2018-06-30T10:33:39.650Z - info: Press CTRL+C to stop ...
2018-06-30T10:38:40.866Z - info: Reload for file change: C:\repos\nus-cs2103\website-base\common\outcomes.njk
2018-06-30T10:38:40.887Z - info: Reload for file change: C:\repos\nus-cs2103\website-base\schedule\index.md
2018-06-30T10:38:41.881Z - info: Assets built
2018-06-30T10:38:41.888Z - verbose: Rebuild affected paths: C:\repos\nus-cs2103\website-base\schedule\index.md
2018-06-30T10:38:41.889Z - info: Rebuilding 2 pages
2018-06-30T10:38:41.997Z - error: uncaughtException: Cannot read property 'toString' of null date=Sat Jun 30 2018 18:38:41 GMT+0800 (Malay Peninsula Standard Time), pid=17020, uid=null, gid=null, cwd=C:\repos\nus-cs2103\website-base, execPath=C:\Program Files\nodejs\node.exe, version=v8.9.4, argv=[C:\Program Files\nodejs\node.exe, C:\Users\dcsdcr\AppData\Roaming\npm\node_modules\markbind-cli\index.js, serve], rss=128880640, heapTotal=80994304, heapUsed=70109072, external=225970, loadavg=[0, 0, 0], uptime=966962.4997831
TypeError: Cannot read property 'toString' of null
    at fs.readFile (C:\Users\dcsdcr\AppData\Roaming\npm\node_modules\markbind-cli\lib\markbind\lib\parser.js:422:42)
    at FSReqWrap.readFileAfterClose [as oncomplete] (fs.js:511:3)
2018-06-30T10:39:56.558Z - info: Pages built
2018-06-30T10:39:56.643Z - info: Site data built
2018-06-30T10:39:56.652Z - info: Generate Site durationMs=44509
2018-06-30T10:39:56.993Z - info: Serving "C:\repos\nus-cs2103\website-base\_site" at http://127.0.0.1:8080
2018-06-30T10:39:56.994Z - info: Press CTRL+C to stop ...
2018-06-30T10:43:25.251Z - info: Reload for file change: C:\repos\nus-cs2103\website-base\schedule\index.md
2018-06-30T10:43:26.252Z - verbose: Rebuild affected paths: C:\repos\nus-cs2103\website-base\schedule\index.md
2018-06-30T10:43:26.253Z - info: Rebuilding 2 pages
2018-06-30T10:43:34.095Z - info: Pages rebuilt
2018-06-30T10:43:34.104Z - info: Site data built
2018-06-30T10:45:10.119Z - info: Reload for file change: C:\repos\nus-cs2103\website-base\schedule\index.md
2018-06-30T10:45:11.120Z - verbose: Rebuild affected paths: C:\repos\nus-cs2103\website-base\schedule\index.md
2018-06-30T10:45:11.122Z - info: Rebuilding 2 pages
2018-06-30T10:46:16.357Z - info: Pages built
2018-06-30T10:46:16.419Z - info: Site data built
2018-06-30T10:46:16.435Z - info: Generate Site durationMs=46660
2018-06-30T10:46:16.787Z - info: Serving "C:\repos\nus-cs2103\website-base\_site" at http://127.0.0.1:8080
2018-06-30T10:46:16.787Z - info: Press CTRL+C to stop ...
2018-06-30T10:55:44.360Z - error: uncaughtException: Cannot read property 'toString' of null date=Sat Jun 30 2018 18:55:44 GMT+0800 (Malay Peninsula Standard Time), pid=16084, uid=null, gid=null, cwd=C:\repos\nus-cs2103\website-base, execPath=C:\Program Files\nodejs\node.exe, version=v8.9.4, argv=[C:\Program Files\nodejs\node.exe, C:\Users\dcsdcr\AppData\Roaming\npm\node_modules\markbind-cli\index.js, serve], rss=114597888, heapTotal=93769728, heapUsed=58140816, external=248640, loadavg=[0, 0, 0], uptime=967984.8626791
TypeError: Cannot read property 'toString' of null
    at fs.readFile (C:\Users\dcsdcr\AppData\Roaming\npm\node_modules\markbind-cli\lib\markbind\lib\parser.js:422:42)
    at FSReqWrap.readFileAfterClose [as oncomplete] (fs.js:511:3)
2018-06-30T10:55:44.667Z - error: uncaughtException: Cannot read property 'toString' of null date=Sat Jun 30 2018 18:55:44 GMT+0800 (Malay Peninsula Standard Time), pid=16084, uid=null, gid=null, cwd=C:\repos\nus-cs2103\website-base, execPath=C:\Program Files\nodejs\node.exe, version=v8.9.4, argv=[C:\Program Files\nodejs\node.exe, C:\Users\dcsdcr\AppData\Roaming\npm\node_modules\markbind-cli\index.js, serve], rss=116973568, heapTotal=95342592, heapUsed=59880840, external=248279, loadavg=[0, 0, 0], uptime=967985.1714922
TypeError: Cannot read property 'toString' of null
    at fs.readFile (C:\Users\dcsdcr\AppData\Roaming\npm\node_modules\markbind-cli\lib\markbind\lib\parser.js:422:42)
    at FSReqWrap.readFileAfterClose [as oncomplete] (fs.js:511:3)
2018-06-30T10:55:44.670Z - error: uncaughtException: Cannot read property 'toString' of null date=Sat Jun 30 2018 18:55:44 GMT+0800 (Malay Peninsula Standard Time), pid=16084, uid=null, gid=null, cwd=C:\repos\nus-cs2103\website-base, execPath=C:\Program Files\nodejs\node.exe, version=v8.9.4, argv=[C:\Program Files\nodejs\node.exe, C:\Users\dcsdcr\AppData\Roaming\npm\node_modules\markbind-cli\index.js, serve], rss=116977664, heapTotal=95342592, heapUsed=60434032, external=248279, loadavg=[0, 0, 0], uptime=967985.1764889
TypeError: Cannot read property 'toString' of null
    at fs.readFile (C:\Users\dcsdcr\AppData\Roaming\npm\node_modules\markbind-cli\lib\markbind\lib\parser.js:422:42)
    at FSReqWrap.readFileAfterClose [as oncomplete] (fs.js:511:3)
2018-06-30T10:55:45.053Z - error: uncaughtException: Cannot read property 'toString' of null date=Sat Jun 30 2018 18:55:45 GMT+0800 (Malay Peninsula Standard Time), pid=16084, uid=null, gid=null, cwd=C:\repos\nus-cs2103\website-base, execPath=C:\Program Files\nodejs\node.exe, version=v8.9.4, argv=[C:\Program Files\nodejs\node.exe, C:\Users\dcsdcr\AppData\Roaming\npm\node_modules\markbind-cli\index.js, serve], rss=123207680, heapTotal=101109760, heapUsed=63005160, external=240087, loadavg=[0, 0, 0], uptime=967985.5592585
TypeError: Cannot read property 'toString' of null
    at fs.readFile (C:\Users\dcsdcr\AppData\Roaming\npm\node_modules\markbind-cli\lib\markbind\lib\parser.js:422:42)
    at FSReqWrap.readFileAfterClose [as oncomplete] (fs.js:511:3)
2018-06-30T10:55:45.058Z - error: uncaughtException: Cannot read property 'toString' of null date=Sat Jun 30 2018 18:55:45 GMT+0800 (Malay Peninsula Standard Time), pid=16084, uid=null, gid=null, cwd=C:\repos\nus-cs2103\website-base, execPath=C:\Program Files\nodejs\node.exe, version=v8.9.4, argv=[C:\Program Files\nodejs\node.exe, C:\Users\dcsdcr\AppData\Roaming\npm\node_modules\markbind-cli\index.js, serve], rss=123219968, heapTotal=101109760, heapUsed=63550464, external=248279, loadavg=[0, 0, 0], uptime=967985.5642552
TypeError: Cannot read property 'toString' of null
    at fs.readFile (C:\Users\dcsdcr\AppData\Roaming\npm\node_modules\markbind-cli\lib\markbind\lib\parser.js:422:42)
    at FSReqWrap.readFileAfterClose [as oncomplete] (fs.js:511:3)
2018-06-30T10:55:45.748Z - error: uncaughtException: Cannot read property 'toString' of null date=Sat Jun 30 2018 18:55:45 GMT+0800 (Malay Peninsula Standard Time), pid=16084, uid=null, gid=null, cwd=C:\repos\nus-cs2103\website-base, execPath=C:\Program Files\nodejs\node.exe, version=v8.9.4, argv=[C:\Program Files\nodejs\node.exe, C:\Users\dcsdcr\AppData\Roaming\npm\node_modules\markbind-cli\index.js, serve], rss=129257472, heapTotal=107925504, heapUsed=82769256, external=273240, loadavg=[0, 0, 0], uptime=967986.2528391
TypeError: Cannot read property 'toString' of null
    at fs.readFile (C:\Users\dcsdcr\AppData\Roaming\npm\node_modules\markbind-cli\lib\markbind\lib\parser.js:422:42)
    at FSReqWrap.readFileAfterClose [as oncomplete] (fs.js:511:3)
2018-06-30T10:55:46.424Z - error: uncaughtException: Cannot read property 'toString' of null date=Sat Jun 30 2018 18:55:46 GMT+0800 (Malay Peninsula Standard Time), pid=16084, uid=null, gid=null, cwd=C:\repos\nus-cs2103\website-base, execPath=C:\Program Files\nodejs\node.exe, version=v8.9.4, argv=[C:\Program Files\nodejs\node.exe, C:\Users\dcsdcr\AppData\Roaming\npm\node_modules\markbind-cli\index.js, serve], rss=145514496, heapTotal=122081280, heapUsed=94560008, external=272855, loadavg=[0, 0, 0], uptime=967986.9294315
TypeError: Cannot read property 'toString' of null
    at fs.readFile (C:\Users\dcsdcr\AppData\Roaming\npm\node_modules\markbind-cli\lib\markbind\lib\parser.js:422:42)
    at FSReqWrap.readFileAfterClose [as oncomplete] (fs.js:511:3)
2018-06-30T10:55:46.428Z - error: uncaughtException: Cannot read property 'toString' of null date=Sat Jun 30 2018 18:55:46 GMT+0800 (Malay Peninsula Standard Time), pid=16084, uid=null, gid=null, cwd=C:\repos\nus-cs2103\website-base, execPath=C:\Program Files\nodejs\node.exe, version=v8.9.4, argv=[C:\Program Files\nodejs\node.exe, C:\Users\dcsdcr\AppData\Roaming\npm\node_modules\markbind-cli\index.js, serve], rss=145580032, heapTotal=122081280, heapUsed=95119440, external=272855, loadavg=[0, 0, 0], uptime=967986.9344289
TypeError: Cannot read property 'toString' of null
    at fs.readFile (C:\Users\dcsdcr\AppData\Roaming\npm\node_modules\markbind-cli\lib\markbind\lib\parser.js:422:42)
    at FSReqWrap.readFileAfterClose [as oncomplete] (fs.js:511:3)
2018-06-30T10:55:47.895Z - error: uncaughtException: Cannot read property 'toString' of null date=Sat Jun 30 2018 18:55:47 GMT+0800 (Malay Peninsula Standard Time), pid=16084, uid=null, gid=null, cwd=C:\repos\nus-cs2103\website-base, execPath=C:\Program Files\nodejs\node.exe, version=v8.9.4, argv=[C:\Program Files\nodejs\node.exe, C:\Users\dcsdcr\AppData\Roaming\npm\node_modules\markbind-cli\index.js, serve], rss=159506432, heapTotal=135712768, heapUsed=74660368, external=232898, loadavg=[0, 0, 0], uptime=967988.3995955
TypeError: Cannot read property 'toString' of null
    at fs.readFile (C:\Users\dcsdcr\AppData\Roaming\npm\node_modules\markbind-cli\lib\markbind\lib\parser.js:422:42)
    at FSReqWrap.readFileAfterClose [as oncomplete] (fs.js:511:3)
2018-06-30T10:55:47.900Z - error: uncaughtException: Cannot read property 'toString' of null date=Sat Jun 30 2018 18:55:47 GMT+0800 (Malay Peninsula Standard Time), pid=16084, uid=null, gid=null, cwd=C:\repos\nus-cs2103\website-base, execPath=C:\Program Files\nodejs\node.exe, version=v8.9.4, argv=[C:\Program Files\nodejs\node.exe, C:\Users\dcsdcr\AppData\Roaming\npm\node_modules\markbind-cli\index.js, serve], rss=159506432, heapTotal=135712768, heapUsed=75224360, external=241090, loadavg=[0, 0, 0], uptime=967988.4045932
TypeError: Cannot read property 'toString' of null
    at fs.readFile (C:\Users\dcsdcr\AppData\Roaming\npm\node_modules\markbind-cli\lib\markbind\lib\parser.js:422:42)
    at FSReqWrap.readFileAfterClose [as oncomplete] (fs.js:511:3)
2018-06-30T10:55:49.298Z - error: uncaughtException: Cannot read property 'toString' of null date=Sat Jun 30 2018 18:55:49 GMT+0800 (Malay Peninsula Standard Time), pid=16084, uid=null, gid=null, cwd=C:\repos\nus-cs2103\website-base, execPath=C:\Program Files\nodejs\node.exe, version=v8.9.4, argv=[C:\Program Files\nodejs\node.exe, C:\Users\dcsdcr\AppData\Roaming\npm\node_modules\markbind-cli\index.js, serve], rss=174821376, heapTotal=151670784, heapUsed=74644552, external=224051, loadavg=[0, 0, 0], uptime=967989.8027481
TypeError: Cannot read property 'toString' of null
    at fs.readFile (C:\Users\dcsdcr\AppData\Roaming\npm\node_modules\markbind-cli\lib\markbind\lib\parser.js:422:42)
    at FSReqWrap.readFileAfterClose [as oncomplete] (fs.js:511:3)
2018-06-30T10:55:54.506Z - error: uncaughtException: Cannot read property 'toString' of null date=Sat Jun 30 2018 18:55:54 GMT+0800 (Malay Peninsula Standard Time), pid=16084, uid=null, gid=null, cwd=C:\repos\nus-cs2103\website-base, execPath=C:\Program Files\nodejs\node.exe, version=v8.9.4, argv=[C:\Program Files\nodejs\node.exe, C:\Users\dcsdcr\AppData\Roaming\npm\node_modules\markbind-cli\index.js, serve], rss=176910336, heapTotal=153243648, heapUsed=93601840, external=232243, loadavg=[0, 0, 0], uptime=967995.0125293
TypeError: Cannot read property 'toString' of null
    at fs.readFile (C:\Users\dcsdcr\AppData\Roaming\npm\node_modules\markbind-cli\lib\markbind\lib\parser.js:422:42)
    at FSReqWrap.readFileAfterClose [as oncomplete] (fs.js:511:3)
2018-06-30T10:57:45.338Z - info: Pages built
2018-06-30T10:57:45.409Z - info: Site data built
2018-06-30T10:57:45.419Z - info: Generate Site durationMs=47447
2018-06-30T10:57:45.767Z - info: Serving "C:\repos\nus-cs2103\website-base\_site" at http://127.0.0.1:8080
2018-06-30T10:57:45.767Z - info: Press CTRL+C to stop ...
2018-06-30T10:59:47.406Z - info: Reload for file change: C:\repos\nus-cs2103\website-base\schedule\index.md
2018-06-30T10:59:48.409Z - verbose: Rebuild affected paths: C:\repos\nus-cs2103\website-base\schedule\index.md
2018-06-30T10:59:48.411Z - info: Rebuilding 2 pages
2018-06-30T11:00:00.409Z - info: Pages rebuilt
2018-06-30T11:00:00.417Z - info: Site data built
2018-06-30T11:02:55.485Z - info: Pages built
2018-06-30T11:02:55.576Z - info: Site data built
2018-06-30T11:02:55.585Z - info: Generate Site durationMs=47704
2018-06-30T11:02:55.923Z - info: Serving "C:\repos\nus-cs2103\website-base\_site" at http://127.0.0.1:8080
2018-06-30T11:02:55.924Z - info: Press CTRL+C to stop ...
2018-06-30T11:04:01.628Z - info: Reload for file change: C:\repos\nus-cs2103\website-base\schedule\index.md
2018-06-30T11:04:02.631Z - verbose: Rebuild affected paths: C:\repos\nus-cs2103\website-base\schedule\index.md
2018-06-30T11:04:02.633Z - info: Rebuilding 2 pages
2018-06-30T11:04:13.833Z - info: Pages rebuilt
2018-06-30T11:04:13.841Z - info: Site data built
2018-06-30T11:05:42.966Z - info: Reload for file change: C:\repos\nus-cs2103\website-base\schedule\index.md
2018-06-30T11:05:43.966Z - verbose: Rebuild affected paths: C:\repos\nus-cs2103\website-base\schedule\index.md
2018-06-30T11:05:43.968Z - info: Rebuilding 2 pages
2018-06-30T11:05:55.499Z - info: Pages rebuilt
2018-06-30T11:05:55.506Z - info: Site data built
2018-06-30T11:08:35.489Z - info: Reload for file change: C:\repos\nus-cs2103\website-base\schedule\index.md
2018-06-30T11:08:36.490Z - verbose: Rebuild affected paths: C:\repos\nus-cs2103\website-base\schedule\index.md
2018-06-30T11:08:36.492Z - info: Rebuilding 2 pages
2018-06-30T11:08:42.625Z - info: Reload for file change: C:\repos\nus-cs2103\website-base\schedule\week3\index.md
2018-06-30T11:08:42.625Z - info: Reload for file change: C:\repos\nus-cs2103\website-base\schedule\week5\index.md
2018-06-30T11:08:42.626Z - info: Reload for file change: C:\repos\nus-cs2103\website-base\schedule\week4\index.md
2018-06-30T11:08:42.626Z - info: Reload for file change: C:\repos\nus-cs2103\website-base\schedule\week6\index.md
2018-06-30T11:08:42.626Z - info: Reload for file change: C:\repos\nus-cs2103\website-base\schedule\week7\index.md
2018-06-30T11:08:42.626Z - info: Reload for file change: C:\repos\nus-cs2103\website-base\schedule\week9\index.md
2018-06-30T11:08:42.626Z - info: Reload for file change: C:\repos\nus-cs2103\website-base\schedule\week8\index.md
2018-06-30T11:08:42.626Z - info: Reload for file change: C:\repos\nus-cs2103\website-base\schedule\week11\index.md
2018-06-30T11:08:42.627Z - info: Reload for file change: C:\repos\nus-cs2103\website-base\schedule\week12\index.md
2018-06-30T11:08:42.627Z - info: Reload for file change: C:\repos\nus-cs2103\website-base\schedule\week13\index.md
2018-06-30T11:08:42.627Z - info: Reload for file change: C:\repos\nus-cs2103\website-base\schedule\week10\index.md
2018-06-30T11:08:47.784Z - info: Pages rebuilt
2018-06-30T11:08:47.790Z - info: Site data built
2018-06-30T11:08:48.071Z - verbose: Rebuild affected paths: C:\repos\nus-cs2103\website-base\schedule\week3\index.md,C:\repos\nus-cs2103\website-base\schedule\week5\index.md,C:\repos\nus-cs2103\website-base\schedule\week4\index.md,C:\repos\nus-cs2103\website-base\schedule\week6\index.md,C:\repos\nus-cs2103\website-base\schedule\week7\index.md,C:\repos\nus-cs2103\website-base\schedule\week9\index.md,C:\repos\nus-cs2103\website-base\schedule\week8\index.md,C:\repos\nus-cs2103\website-base\schedule\week11\index.md,C:\repos\nus-cs2103\website-base\schedule\week12\index.md,C:\repos\nus-cs2103\website-base\schedule\week13\index.md,C:\repos\nus-cs2103\website-base\schedule\week10\index.md
2018-06-30T11:08:48.074Z - info: Rebuilding 13 pages
2018-06-30T11:09:07.634Z - info: Pages rebuilt
2018-06-30T11:09:07.640Z - info: Site data built
2018-06-30T11:11:05.900Z - info: Reload for file change: C:\repos\nus-cs2103\website-base\schedule\index.md
2018-06-30T11:11:06.903Z - verbose: Rebuild affected paths: C:\repos\nus-cs2103\website-base\schedule\index.md
2018-06-30T11:11:06.905Z - info: Rebuilding 2 pages
2018-06-30T11:11:18.226Z - info: Pages rebuilt
2018-06-30T11:11:18.232Z - info: Site data built
2018-06-30T11:20:35.130Z - info: Pages built
2018-06-30T11:20:35.216Z - info: Site data built
2018-06-30T11:20:35.225Z - info: Generate Site durationMs=47363
2018-06-30T11:20:35.560Z - info: Serving "C:\repos\nus-cs2103\website-base\_site" at http://127.0.0.1:8080
2018-06-30T11:20:35.560Z - info: Press CTRL+C to stop ...
2018-06-30T11:27:48.269Z - info: Pages built
2018-06-30T11:27:48.361Z - info: Site data built
2018-06-30T11:27:48.361Z - info: Build success!
2018-06-30T11:27:48.362Z - info: Generate Site durationMs=46072
2018-06-30T11:29:15.863Z - info: Deployed!
