2018-06-04T09:57:41.332Z - error:  Error: No such file: C:\repos\nus-cs2103\website-base\book\_markbind\boilerplates\text.md
Missing reference in C:\repos\nus-cs2103\website-base\book\_markbind\boilerplates\print.md
    at Parser._preprocess (C:\Users\dcsdcr\AppData\Roaming\npm\node_modules\markbind-cli\lib\markbind\lib\parser.js:136:21)
    at dom.map (C:\Users\dcsdcr\AppData\Roaming\npm\node_modules\markbind-cli\lib\markbind\lib\parser.js:386:28)
    at Array.map (<anonymous>)
    at DomHandler.htmlparser.DomHandler [as _callback] (C:\Users\dcsdcr\AppData\Roaming\npm\node_modules\markbind-cli\lib\markbind\lib\parser.js:383:25)
    at DomHandler._handleCallback.DomHandler.onerror (C:\Users\dcsdcr\AppData\Roaming\npm\node_modules\markbind-cli\node_modules\domhandler\index.js:52:8)
    at DomHandler.onend (C:\Users\dcsdcr\AppData\Roaming\npm\node_modules\markbind-cli\node_modules\domhandler\index.js:46:7)
    at Parser.onend (C:\Users\dcsdcr\AppData\Roaming\npm\node_modules\markbind-cli\node_modules\htmlparser2\lib\Parser.js:310:32)
    at Tokenizer._finish (C:\Users\dcsdcr\AppData\Roaming\npm\node_modules\markbind-cli\node_modules\htmlparser2\lib\Tokenizer.js:853:12)
    at Tokenizer.end (C:\Users\dcsdcr\AppData\Roaming\npm\node_modules\markbind-cli\node_modules\htmlparser2\lib\Tokenizer.js:844:25)
    at Parser.end (C:\Users\dcsdcr\AppData\Roaming\npm\node_modules\markbind-cli\node_modules\htmlparser2\lib\Parser.js:338:18)
    at Parser.parseComplete (C:\Users\dcsdcr\AppData\Roaming\npm\node_modules\markbind-cli\node_modules\htmlparser2\lib\Parser.js:330:7)
    at fs.readFile (C:\Users\dcsdcr\AppData\Roaming\npm\node_modules\markbind-cli\lib\markbind\lib\parser.js:422:16)
    at FSReqWrap.readFileAfterClose [as oncomplete] (fs.js:511:3)
2018-06-04T09:57:41.334Z - error:  Error: No such file: C:\repos\nus-cs2103\website-base\book\_markbind\boilerplates\text.md
Missing reference in C:\repos\nus-cs2103\website-base\book\_markbind\boilerplates\print.md
    at Parser._preprocess (C:\Users\dcsdcr\AppData\Roaming\npm\node_modules\markbind-cli\lib\markbind\lib\parser.js:136:21)
    at dom.map (C:\Users\dcsdcr\AppData\Roaming\npm\node_modules\markbind-cli\lib\markbind\lib\parser.js:386:28)
    at Array.map (<anonymous>)
    at DomHandler.htmlparser.DomHandler [as _callback] (C:\Users\dcsdcr\AppData\Roaming\npm\node_modules\markbind-cli\lib\markbind\lib\parser.js:383:25)
    at DomHandler._handleCallback.DomHandler.onerror (C:\Users\dcsdcr\AppData\Roaming\npm\node_modules\markbind-cli\node_modules\domhandler\index.js:52:8)
    at DomHandler.onend (C:\Users\dcsdcr\AppData\Roaming\npm\node_modules\markbind-cli\node_modules\domhandler\index.js:46:7)
    at Parser.onend (C:\Users\dcsdcr\AppData\Roaming\npm\node_modules\markbind-cli\node_modules\htmlparser2\lib\Parser.js:310:32)
    at Tokenizer._finish (C:\Users\dcsdcr\AppData\Roaming\npm\node_modules\markbind-cli\node_modules\htmlparser2\lib\Tokenizer.js:853:12)
    at Tokenizer.end (C:\Users\dcsdcr\AppData\Roaming\npm\node_modules\markbind-cli\node_modules\htmlparser2\lib\Tokenizer.js:844:25)
    at Parser.end (C:\Users\dcsdcr\AppData\Roaming\npm\node_modules\markbind-cli\node_modules\htmlparser2\lib\Parser.js:338:18)
    at Parser.parseComplete (C:\Users\dcsdcr\AppData\Roaming\npm\node_modules\markbind-cli\node_modules\htmlparser2\lib\Parser.js:330:7)
    at fs.readFile (C:\Users\dcsdcr\AppData\Roaming\npm\node_modules\markbind-cli\lib\markbind\lib\parser.js:422:16)
    at FSReqWrap.readFileAfterClose [as oncomplete] (fs.js:511:3)
2018-06-04T09:59:03.474Z - info: Pages built
2018-06-04T09:59:03.646Z - info: Site data built
2018-06-04T09:59:03.646Z - info: Generate Site durationMs=127764
2018-06-04T09:59:04.032Z - info: Serving "C:\repos\nus-cs2103\website-base\_site" at http://127.0.0.1:8080
2018-06-04T09:59:04.032Z - info: Press CTRL+C to stop ...
2018-06-04T10:01:38.648Z - info: Reload for file add: C:\repos\nus-cs2103\website-base\_markbind\footers\footer.md
2018-06-04T10:01:39.651Z - verbose: Rebuild affected paths: C:\repos\nus-cs2103\website-base\_markbind\footers\footer.md
2018-06-04T10:01:39.651Z - info: Rebuilding 0 pages
2018-06-04T10:01:39.651Z - info: Pages rebuilt
2018-06-04T10:01:39.682Z - info: Site data built
2018-06-04T10:03:44.425Z - info: Reload for file change: C:\repos\nus-cs2103\website-base\schedule\index.md
2018-06-04T10:03:45.439Z - verbose: Rebuild affected paths: C:\repos\nus-cs2103\website-base\schedule\index.md
2018-06-04T10:03:45.439Z - info: Rebuilding 2 pages
2018-06-04T10:03:55.593Z - info: Pages rebuilt
2018-06-04T10:03:55.624Z - info: Site data built
2018-06-04T10:04:46.314Z - info: Reload for file change: C:\repos\nus-cs2103\website-base\schedule\index.md
2018-06-04T10:04:47.326Z - verbose: Rebuild affected paths: C:\repos\nus-cs2103\website-base\schedule\index.md
2018-06-04T10:04:47.326Z - info: Rebuilding 2 pages
2018-06-04T10:04:55.653Z - info: Pages rebuilt
2018-06-04T10:04:55.684Z - info: Site data built
2018-06-04T10:05:48.965Z - info: Reload for file change: C:\repos\nus-cs2103\website-base\schedule\index.md
2018-06-04T10:05:49.982Z - verbose: Rebuild affected paths: C:\repos\nus-cs2103\website-base\schedule\index.md
2018-06-04T10:05:49.982Z - info: Rebuilding 2 pages
2018-06-04T10:05:58.112Z - info: Pages rebuilt
2018-06-04T10:05:58.135Z - info: Site data built
2018-06-04T10:07:18.104Z - info: Reload for file change: C:\repos\nus-cs2103\website-base\schedule\index.md
2018-06-04T10:07:18.122Z - info: Reload for file change: C:\repos\nus-cs2103\website-base\_markbind\footers\footer.md
2018-06-04T10:07:19.106Z - verbose: Rebuild affected paths: C:\repos\nus-cs2103\website-base\schedule\index.md,C:\repos\nus-cs2103\website-base\_markbind\footers\footer.md
2018-06-04T10:07:19.106Z - info: Rebuilding 2 pages
2018-06-04T10:07:27.600Z - info: Pages rebuilt
2018-06-04T10:07:27.616Z - info: Site data built
2018-06-04T10:08:40.030Z - info: Reload for file change: C:\repos\nus-cs2103\website-base\schedule\index.md
2018-06-04T10:08:41.032Z - verbose: Rebuild affected paths: C:\repos\nus-cs2103\website-base\schedule\index.md
2018-06-04T10:08:41.032Z - info: Rebuilding 2 pages
2018-06-04T10:08:49.323Z - info: Pages rebuilt
2018-06-04T10:08:49.347Z - info: Site data built
2018-06-04T10:10:00.728Z - error:  Error: No such file: C:\repos\nus-cs2103\website-base\book\_markbind\boilerplates\text.md
Missing reference in C:\repos\nus-cs2103\website-base\book\_markbind\boilerplates\print.md
    at Parser._preprocess (C:\Users\dcsdcr\AppData\Roaming\npm\node_modules\markbind-cli\lib\markbind\lib\parser.js:136:21)
    at dom.map (C:\Users\dcsdcr\AppData\Roaming\npm\node_modules\markbind-cli\lib\markbind\lib\parser.js:386:28)
    at Array.map (<anonymous>)
    at DomHandler.htmlparser.DomHandler [as _callback] (C:\Users\dcsdcr\AppData\Roaming\npm\node_modules\markbind-cli\lib\markbind\lib\parser.js:383:25)
    at DomHandler._handleCallback.DomHandler.onerror (C:\Users\dcsdcr\AppData\Roaming\npm\node_modules\markbind-cli\node_modules\domhandler\index.js:52:8)
    at DomHandler.onend (C:\Users\dcsdcr\AppData\Roaming\npm\node_modules\markbind-cli\node_modules\domhandler\index.js:46:7)
    at Parser.onend (C:\Users\dcsdcr\AppData\Roaming\npm\node_modules\markbind-cli\node_modules\htmlparser2\lib\Parser.js:310:32)
    at Tokenizer._finish (C:\Users\dcsdcr\AppData\Roaming\npm\node_modules\markbind-cli\node_modules\htmlparser2\lib\Tokenizer.js:853:12)
    at Tokenizer.end (C:\Users\dcsdcr\AppData\Roaming\npm\node_modules\markbind-cli\node_modules\htmlparser2\lib\Tokenizer.js:844:25)
    at Parser.end (C:\Users\dcsdcr\AppData\Roaming\npm\node_modules\markbind-cli\node_modules\htmlparser2\lib\Parser.js:338:18)
    at Parser.parseComplete (C:\Users\dcsdcr\AppData\Roaming\npm\node_modules\markbind-cli\node_modules\htmlparser2\lib\Parser.js:330:7)
    at fs.readFile (C:\Users\dcsdcr\AppData\Roaming\npm\node_modules\markbind-cli\lib\markbind\lib\parser.js:422:16)
    at FSReqWrap.readFileAfterClose [as oncomplete] (fs.js:511:3)
2018-06-04T10:10:00.728Z - error:  Error: No such file: C:\repos\nus-cs2103\website-base\book\_markbind\boilerplates\text.md
Missing reference in C:\repos\nus-cs2103\website-base\book\_markbind\boilerplates\print.md
    at Parser._preprocess (C:\Users\dcsdcr\AppData\Roaming\npm\node_modules\markbind-cli\lib\markbind\lib\parser.js:136:21)
    at dom.map (C:\Users\dcsdcr\AppData\Roaming\npm\node_modules\markbind-cli\lib\markbind\lib\parser.js:386:28)
    at Array.map (<anonymous>)
    at DomHandler.htmlparser.DomHandler [as _callback] (C:\Users\dcsdcr\AppData\Roaming\npm\node_modules\markbind-cli\lib\markbind\lib\parser.js:383:25)
    at DomHandler._handleCallback.DomHandler.onerror (C:\Users\dcsdcr\AppData\Roaming\npm\node_modules\markbind-cli\node_modules\domhandler\index.js:52:8)
    at DomHandler.onend (C:\Users\dcsdcr\AppData\Roaming\npm\node_modules\markbind-cli\node_modules\domhandler\index.js:46:7)
    at Parser.onend (C:\Users\dcsdcr\AppData\Roaming\npm\node_modules\markbind-cli\node_modules\htmlparser2\lib\Parser.js:310:32)
    at Tokenizer._finish (C:\Users\dcsdcr\AppData\Roaming\npm\node_modules\markbind-cli\node_modules\htmlparser2\lib\Tokenizer.js:853:12)
    at Tokenizer.end (C:\Users\dcsdcr\AppData\Roaming\npm\node_modules\markbind-cli\node_modules\htmlparser2\lib\Tokenizer.js:844:25)
    at Parser.end (C:\Users\dcsdcr\AppData\Roaming\npm\node_modules\markbind-cli\node_modules\htmlparser2\lib\Parser.js:338:18)
    at Parser.parseComplete (C:\Users\dcsdcr\AppData\Roaming\npm\node_modules\markbind-cli\node_modules\htmlparser2\lib\Parser.js:330:7)
    at fs.readFile (C:\Users\dcsdcr\AppData\Roaming\npm\node_modules\markbind-cli\lib\markbind\lib\parser.js:422:16)
    at FSReqWrap.readFileAfterClose [as oncomplete] (fs.js:511:3)
2018-06-04T10:10:54.328Z - info: Pages built
2018-06-04T10:10:54.581Z - info: Site data built
2018-06-04T10:10:54.597Z - info: Generate Site durationMs=74993
2018-06-04T10:10:54.982Z - info: Serving "C:\repos\nus-cs2103\website-base\_site" at http://127.0.0.1:8080
2018-06-04T10:10:54.982Z - info: Press CTRL+C to stop ...
2018-06-04T10:13:41.372Z - info: Reload for file change: C:\repos\nus-cs2103\website-base\_markbind\footers\footer.md
2018-06-04T10:13:42.389Z - verbose: Rebuild affected paths: C:\repos\nus-cs2103\website-base\_markbind\footers\footer.md
2018-06-04T10:13:42.389Z - info: Rebuilding 0 pages
2018-06-04T10:13:42.389Z - info: Pages rebuilt
2018-06-04T10:13:42.405Z - info: Site data built
2018-06-04T10:19:55.652Z - error:  Error: No such file: C:\repos\nus-cs2103\website-base\book\_markbind\boilerplates\text.md
Missing reference in C:\repos\nus-cs2103\website-base\book\_markbind\boilerplates\print.md
    at Parser._preprocess (C:\Users\dcsdcr\AppData\Roaming\npm\node_modules\markbind-cli\lib\markbind\lib\parser.js:136:21)
    at dom.map (C:\Users\dcsdcr\AppData\Roaming\npm\node_modules\markbind-cli\lib\markbind\lib\parser.js:386:28)
    at Array.map (<anonymous>)
    at DomHandler.htmlparser.DomHandler [as _callback] (C:\Users\dcsdcr\AppData\Roaming\npm\node_modules\markbind-cli\lib\markbind\lib\parser.js:383:25)
    at DomHandler._handleCallback.DomHandler.onerror (C:\Users\dcsdcr\AppData\Roaming\npm\node_modules\markbind-cli\node_modules\domhandler\index.js:52:8)
    at DomHandler.onend (C:\Users\dcsdcr\AppData\Roaming\npm\node_modules\markbind-cli\node_modules\domhandler\index.js:46:7)
    at Parser.onend (C:\Users\dcsdcr\AppData\Roaming\npm\node_modules\markbind-cli\node_modules\htmlparser2\lib\Parser.js:310:32)
    at Tokenizer._finish (C:\Users\dcsdcr\AppData\Roaming\npm\node_modules\markbind-cli\node_modules\htmlparser2\lib\Tokenizer.js:853:12)
    at Tokenizer.end (C:\Users\dcsdcr\AppData\Roaming\npm\node_modules\markbind-cli\node_modules\htmlparser2\lib\Tokenizer.js:844:25)
    at Parser.end (C:\Users\dcsdcr\AppData\Roaming\npm\node_modules\markbind-cli\node_modules\htmlparser2\lib\Parser.js:338:18)
    at Parser.parseComplete (C:\Users\dcsdcr\AppData\Roaming\npm\node_modules\markbind-cli\node_modules\htmlparser2\lib\Parser.js:330:7)
    at fs.readFile (C:\Users\dcsdcr\AppData\Roaming\npm\node_modules\markbind-cli\lib\markbind\lib\parser.js:422:16)
    at FSReqWrap.readFileAfterClose [as oncomplete] (fs.js:511:3)
2018-06-04T10:19:55.653Z - error:  Error: No such file: C:\repos\nus-cs2103\website-base\book\_markbind\boilerplates\text.md
Missing reference in C:\repos\nus-cs2103\website-base\book\_markbind\boilerplates\print.md
    at Parser._preprocess (C:\Users\dcsdcr\AppData\Roaming\npm\node_modules\markbind-cli\lib\markbind\lib\parser.js:136:21)
    at dom.map (C:\Users\dcsdcr\AppData\Roaming\npm\node_modules\markbind-cli\lib\markbind\lib\parser.js:386:28)
    at Array.map (<anonymous>)
    at DomHandler.htmlparser.DomHandler [as _callback] (C:\Users\dcsdcr\AppData\Roaming\npm\node_modules\markbind-cli\lib\markbind\lib\parser.js:383:25)
    at DomHandler._handleCallback.DomHandler.onerror (C:\Users\dcsdcr\AppData\Roaming\npm\node_modules\markbind-cli\node_modules\domhandler\index.js:52:8)
    at DomHandler.onend (C:\Users\dcsdcr\AppData\Roaming\npm\node_modules\markbind-cli\node_modules\domhandler\index.js:46:7)
    at Parser.onend (C:\Users\dcsdcr\AppData\Roaming\npm\node_modules\markbind-cli\node_modules\htmlparser2\lib\Parser.js:310:32)
    at Tokenizer._finish (C:\Users\dcsdcr\AppData\Roaming\npm\node_modules\markbind-cli\node_modules\htmlparser2\lib\Tokenizer.js:853:12)
    at Tokenizer.end (C:\Users\dcsdcr\AppData\Roaming\npm\node_modules\markbind-cli\node_modules\htmlparser2\lib\Tokenizer.js:844:25)
    at Parser.end (C:\Users\dcsdcr\AppData\Roaming\npm\node_modules\markbind-cli\node_modules\htmlparser2\lib\Parser.js:338:18)
    at Parser.parseComplete (C:\Users\dcsdcr\AppData\Roaming\npm\node_modules\markbind-cli\node_modules\htmlparser2\lib\Parser.js:330:7)
    at fs.readFile (C:\Users\dcsdcr\AppData\Roaming\npm\node_modules\markbind-cli\lib\markbind\lib\parser.js:422:16)
    at FSReqWrap.readFileAfterClose [as oncomplete] (fs.js:511:3)
2018-06-04T10:20:57.211Z - info: Pages built
2018-06-04T10:20:57.299Z - info: Site data built
2018-06-04T10:20:57.308Z - info: Generate Site durationMs=72057
2018-06-04T10:20:57.681Z - info: Serving "C:\repos\nus-cs2103\website-base\_site" at http://127.0.0.1:8080
2018-06-04T10:20:57.682Z - info: Press CTRL+C to stop ...
2018-06-04T10:21:56.499Z - info: Reload for file change: C:\repos\nus-cs2103\website-base\admin\index.md
2018-06-04T10:21:57.501Z - verbose: Rebuild affected paths: C:\repos\nus-cs2103\website-base\admin\index.md
2018-06-04T10:21:57.503Z - info: Rebuilding 1 pages
2018-06-04T10:21:59.462Z - info: Pages rebuilt
2018-06-04T10:21:59.480Z - info: Site data built
2018-06-04T10:23:24.246Z - info: Reload for file change: C:\repos\nus-cs2103\website-base\_markbind\footers\footer.md
2018-06-04T10:23:25.248Z - verbose: Rebuild affected paths: C:\repos\nus-cs2103\website-base\_markbind\footers\footer.md
2018-06-04T10:23:25.249Z - info: Rebuilding 0 pages
2018-06-04T10:23:25.250Z - info: Pages rebuilt
2018-06-04T10:23:25.270Z - info: Site data built
2018-06-04T10:23:49.252Z - info: Reload for file change: C:\repos\nus-cs2103\website-base\schedule\index.md
2018-06-04T10:23:50.253Z - verbose: Rebuild affected paths: C:\repos\nus-cs2103\website-base\schedule\index.md
2018-06-04T10:23:50.254Z - info: Rebuilding 2 pages
2018-06-04T10:23:59.943Z - info: Pages rebuilt
2018-06-04T10:23:59.971Z - info: Site data built
2018-06-04T10:25:47.208Z - info: Reload for file change: C:\repos\nus-cs2103\website-base\schedule\index.md
2018-06-04T10:25:48.218Z - verbose: Rebuild affected paths: C:\repos\nus-cs2103\website-base\schedule\index.md
2018-06-04T10:25:48.218Z - info: Rebuilding 2 pages
2018-06-04T10:25:56.846Z - info: Pages rebuilt
2018-06-04T10:25:56.877Z - info: Site data built
2018-06-04T10:52:04.206Z - error:  Error: No such file: C:\repos\nus-cs2103\website-base\book\_markbind\boilerplates\text.md
Missing reference in C:\repos\nus-cs2103\website-base\book\_markbind\boilerplates\print.md
    at Parser._preprocess (C:\Users\dcsdcr\AppData\Roaming\npm\node_modules\markbind-cli\lib\markbind\lib\parser.js:136:21)
    at dom.map (C:\Users\dcsdcr\AppData\Roaming\npm\node_modules\markbind-cli\lib\markbind\lib\parser.js:386:28)
    at Array.map (<anonymous>)
    at DomHandler.htmlparser.DomHandler [as _callback] (C:\Users\dcsdcr\AppData\Roaming\npm\node_modules\markbind-cli\lib\markbind\lib\parser.js:383:25)
    at DomHandler._handleCallback.DomHandler.onerror (C:\Users\dcsdcr\AppData\Roaming\npm\node_modules\markbind-cli\node_modules\domhandler\index.js:52:8)
    at DomHandler.onend (C:\Users\dcsdcr\AppData\Roaming\npm\node_modules\markbind-cli\node_modules\domhandler\index.js:46:7)
    at Parser.onend (C:\Users\dcsdcr\AppData\Roaming\npm\node_modules\markbind-cli\node_modules\htmlparser2\lib\Parser.js:310:32)
    at Tokenizer._finish (C:\Users\dcsdcr\AppData\Roaming\npm\node_modules\markbind-cli\node_modules\htmlparser2\lib\Tokenizer.js:853:12)
    at Tokenizer.end (C:\Users\dcsdcr\AppData\Roaming\npm\node_modules\markbind-cli\node_modules\htmlparser2\lib\Tokenizer.js:844:25)
    at Parser.end (C:\Users\dcsdcr\AppData\Roaming\npm\node_modules\markbind-cli\node_modules\htmlparser2\lib\Parser.js:338:18)
    at Parser.parseComplete (C:\Users\dcsdcr\AppData\Roaming\npm\node_modules\markbind-cli\node_modules\htmlparser2\lib\Parser.js:330:7)
    at fs.readFile (C:\Users\dcsdcr\AppData\Roaming\npm\node_modules\markbind-cli\lib\markbind\lib\parser.js:422:16)
    at FSReqWrap.readFileAfterClose [as oncomplete] (fs.js:511:3)
2018-06-04T10:52:04.207Z - error:  Error: No such file: C:\repos\nus-cs2103\website-base\book\_markbind\boilerplates\text.md
Missing reference in C:\repos\nus-cs2103\website-base\book\_markbind\boilerplates\print.md
    at Parser._preprocess (C:\Users\dcsdcr\AppData\Roaming\npm\node_modules\markbind-cli\lib\markbind\lib\parser.js:136:21)
    at dom.map (C:\Users\dcsdcr\AppData\Roaming\npm\node_modules\markbind-cli\lib\markbind\lib\parser.js:386:28)
    at Array.map (<anonymous>)
    at DomHandler.htmlparser.DomHandler [as _callback] (C:\Users\dcsdcr\AppData\Roaming\npm\node_modules\markbind-cli\lib\markbind\lib\parser.js:383:25)
    at DomHandler._handleCallback.DomHandler.onerror (C:\Users\dcsdcr\AppData\Roaming\npm\node_modules\markbind-cli\node_modules\domhandler\index.js:52:8)
    at DomHandler.onend (C:\Users\dcsdcr\AppData\Roaming\npm\node_modules\markbind-cli\node_modules\domhandler\index.js:46:7)
    at Parser.onend (C:\Users\dcsdcr\AppData\Roaming\npm\node_modules\markbind-cli\node_modules\htmlparser2\lib\Parser.js:310:32)
    at Tokenizer._finish (C:\Users\dcsdcr\AppData\Roaming\npm\node_modules\markbind-cli\node_modules\htmlparser2\lib\Tokenizer.js:853:12)
    at Tokenizer.end (C:\Users\dcsdcr\AppData\Roaming\npm\node_modules\markbind-cli\node_modules\htmlparser2\lib\Tokenizer.js:844:25)
    at Parser.end (C:\Users\dcsdcr\AppData\Roaming\npm\node_modules\markbind-cli\node_modules\htmlparser2\lib\Parser.js:338:18)
    at Parser.parseComplete (C:\Users\dcsdcr\AppData\Roaming\npm\node_modules\markbind-cli\node_modules\htmlparser2\lib\Parser.js:330:7)
    at fs.readFile (C:\Users\dcsdcr\AppData\Roaming\npm\node_modules\markbind-cli\lib\markbind\lib\parser.js:422:16)
    at FSReqWrap.readFileAfterClose [as oncomplete] (fs.js:511:3)
2018-06-04T10:52:59.773Z - info: Pages built
2018-06-04T10:52:59.869Z - info: Site data built
2018-06-04T10:52:59.878Z - info: Generate Site durationMs=69759
2018-06-04T10:53:00.220Z - info: Serving "C:\repos\nus-cs2103\website-base\_site" at http://127.0.0.1:8080
2018-06-04T10:53:00.220Z - info: Press CTRL+C to stop ...
