2018-06-07T05:55:39.646Z - error: uncaughtException: Cannot read property 'toString' of null date=Thu Jun 07 2018 13:55:39 GMT+0800 (Malay Peninsula Standard Time), pid=4944, uid=null, gid=null, cwd=C:\repos\nus-cs2103\website-base\book, execPath=C:\Program Files\nodejs\node.exe, version=v8.9.4, argv=[C:\Program Files\nodejs\node.exe, C:\Users\dcsdcr\AppData\Roaming\npm\node_modules\markbind-cli\index.js, serve], rss=204779520, heapTotal=181850112, heapUsed=95614816, external=316788, loadavg=[0, 0, 0], uptime=268855.1515248
TypeError: Cannot read property 'toString' of null
    at fs.readFile (C:\Users\dcsdcr\AppData\Roaming\npm\node_modules\markbind-cli\lib\markbind\lib\parser.js:422:42)
    at FSReqWrap.readFileAfterClose [as oncomplete] (fs.js:511:3)
2018-06-07T06:03:45.770Z - info: Pages built
2018-06-07T06:03:46.344Z - info: Site data built
2018-06-07T06:03:46.364Z - info: Generate Site durationMs=81886
2018-06-07T06:03:46.894Z - info: Serving "C:\repos\nus-cs2103\website-base\book\_site" at http://127.0.0.1:8080
2018-06-07T06:03:46.894Z - info: Press CTRL+C to stop ...
2018-06-07T06:04:32.285Z - info: Reload for file change: C:\repos\nus-cs2103\website-base\book\index.md
2018-06-07T06:04:33.310Z - verbose: Rebuild affected paths: C:\repos\nus-cs2103\website-base\book\index.md
2018-06-07T06:04:33.312Z - info: Rebuilding 1 pages
2018-06-07T06:04:33.320Z - error:  Error: No such file: C:\repos\nus-cs2103\website-base\softwareEngineering\topicToc.md
Missing reference in C:\repos\nus-cs2103\website-base\book\index.md
    at Parser._preprocess (C:\Users\dcsdcr\AppData\Roaming\npm\node_modules\markbind-cli\lib\markbind\lib\parser.js:136:21)
    at element.children.element.children.map.e (C:\Users\dcsdcr\AppData\Roaming\npm\node_modules\markbind-cli\lib\markbind\lib\parser.js:250:57)
    at Array.map (<anonymous>)
    at Parser._preprocess (C:\Users\dcsdcr\AppData\Roaming\npm\node_modules\markbind-cli\lib\markbind\lib\parser.js:250:43)
    at element.children.element.children.map.e (C:\Users\dcsdcr\AppData\Roaming\npm\node_modules\markbind-cli\lib\markbind\lib\parser.js:250:57)
    at Array.map (<anonymous>)
    at Parser._preprocess (C:\Users\dcsdcr\AppData\Roaming\npm\node_modules\markbind-cli\lib\markbind\lib\parser.js:250:43)
    at dom.map (C:\Users\dcsdcr\AppData\Roaming\npm\node_modules\markbind-cli\lib\markbind\lib\parser.js:386:28)
    at Array.map (<anonymous>)
    at DomHandler.htmlparser.DomHandler [as _callback] (C:\Users\dcsdcr\AppData\Roaming\npm\node_modules\markbind-cli\lib\markbind\lib\parser.js:383:25)
    at DomHandler._handleCallback.DomHandler.onerror (C:\Users\dcsdcr\AppData\Roaming\npm\node_modules\markbind-cli\node_modules\domhandler\index.js:52:8)
    at DomHandler.onend (C:\Users\dcsdcr\AppData\Roaming\npm\node_modules\markbind-cli\node_modules\domhandler\index.js:46:7)
    at Parser.onend (C:\Users\dcsdcr\AppData\Roaming\npm\node_modules\markbind-cli\node_modules\htmlparser2\lib\Parser.js:310:32)
    at Tokenizer._finish (C:\Users\dcsdcr\AppData\Roaming\npm\node_modules\markbind-cli\node_modules\htmlparser2\lib\Tokenizer.js:853:12)
    at Tokenizer.end (C:\Users\dcsdcr\AppData\Roaming\npm\node_modules\markbind-cli\node_modules\htmlparser2\lib\Tokenizer.js:844:25)
    at Parser.end (C:\Users\dcsdcr\AppData\Roaming\npm\node_modules\markbind-cli\node_modules\htmlparser2\lib\Parser.js:338:18)
2018-06-07T06:04:33.608Z - info: Pages rebuilt
2018-06-07T06:04:33.631Z - info: Site data built
2018-06-07T06:04:38.393Z - info: Reload for file change: C:\repos\nus-cs2103\website-base\book\index.md
2018-06-07T06:04:39.393Z - verbose: Rebuild affected paths: C:\repos\nus-cs2103\website-base\book\index.md
2018-06-07T06:04:39.395Z - info: Rebuilding 1 pages
2018-06-07T06:04:39.557Z - info: Pages rebuilt
2018-06-07T06:04:39.572Z - info: Site data built
