2018-07-11T11:05:07.278Z - error:  Error: No such file: C:\repos\nus-cs2103\website-base\book\oop\objects\basic\text.md
Missing reference in C:\repos\nus-cs2103\website-base\book\oop\objects\basic\unit-inParent-asPanel.md
    at Parser._preprocess (C:\Users\dcsdcr\AppData\Roaming\npm\node_modules\markbind-cli\lib\markbind\lib\parser.js:136:21)
    at element.children.element.children.map.e (C:\Users\dcsdcr\AppData\Roaming\npm\node_modules\markbind-cli\lib\markbind\lib\parser.js:250:57)
    at Array.map (<anonymous>)
    at Parser._preprocess (C:\Users\dcsdcr\AppData\Roaming\npm\node_modules\markbind-cli\lib\markbind\lib\parser.js:250:43)
    at element.children.element.children.map.e (C:\Users\dcsdcr\AppData\Roaming\npm\node_modules\markbind-cli\lib\markbind\lib\parser.js:250:57)
    at Array.map (<anonymous>)
    at Parser._preprocess (C:\Users\dcsdcr\AppData\Roaming\npm\node_modules\markbind-cli\lib\markbind\lib\parser.js:250:43)
    at element.children.element.children.map.e (C:\Users\dcsdcr\AppData\Roaming\npm\node_modules\markbind-cli\lib\markbind\lib\parser.js:228:57)
    at Array.map (<anonymous>)
    at Parser._preprocess (C:\Users\dcsdcr\AppData\Roaming\npm\node_modules\markbind-cli\lib\markbind\lib\parser.js:228:43)
    at element.children.element.children.map.e (C:\Users\dcsdcr\AppData\Roaming\npm\node_modules\markbind-cli\lib\markbind\lib\parser.js:228:57)
    at Array.map (<anonymous>)
    at Parser._preprocess (C:\Users\dcsdcr\AppData\Roaming\npm\node_modules\markbind-cli\lib\markbind\lib\parser.js:228:43)
    at element.children.element.children.map.e (C:\Users\dcsdcr\AppData\Roaming\npm\node_modules\markbind-cli\lib\markbind\lib\parser.js:250:57)
    at Array.map (<anonymous>)
    at Parser._preprocess (C:\Users\dcsdcr\AppData\Roaming\npm\node_modules\markbind-cli\lib\markbind\lib\parser.js:250:43)
2018-07-11T11:05:07.279Z - error:  Error: No such file: C:\repos\nus-cs2103\website-base\book\oop\objects\basic\text.md
Missing reference in C:\repos\nus-cs2103\website-base\book\oop\objects\basic\unit-inParent-asPanel.md
    at Parser._preprocess (C:\Users\dcsdcr\AppData\Roaming\npm\node_modules\markbind-cli\lib\markbind\lib\parser.js:136:21)
    at element.children.element.children.map.e (C:\Users\dcsdcr\AppData\Roaming\npm\node_modules\markbind-cli\lib\markbind\lib\parser.js:250:57)
    at Array.map (<anonymous>)
    at Parser._preprocess (C:\Users\dcsdcr\AppData\Roaming\npm\node_modules\markbind-cli\lib\markbind\lib\parser.js:250:43)
    at element.children.element.children.map.e (C:\Users\dcsdcr\AppData\Roaming\npm\node_modules\markbind-cli\lib\markbind\lib\parser.js:250:57)
    at Array.map (<anonymous>)
    at Parser._preprocess (C:\Users\dcsdcr\AppData\Roaming\npm\node_modules\markbind-cli\lib\markbind\lib\parser.js:250:43)
    at element.children.element.children.map.e (C:\Users\dcsdcr\AppData\Roaming\npm\node_modules\markbind-cli\lib\markbind\lib\parser.js:250:57)
    at Array.map (<anonymous>)
    at Parser._preprocess (C:\Users\dcsdcr\AppData\Roaming\npm\node_modules\markbind-cli\lib\markbind\lib\parser.js:250:43)
    at element.children.element.children.map.e (C:\Users\dcsdcr\AppData\Roaming\npm\node_modules\markbind-cli\lib\markbind\lib\parser.js:228:57)
    at Array.map (<anonymous>)
    at Parser._preprocess (C:\Users\dcsdcr\AppData\Roaming\npm\node_modules\markbind-cli\lib\markbind\lib\parser.js:228:43)
    at element.children.element.children.map.e (C:\Users\dcsdcr\AppData\Roaming\npm\node_modules\markbind-cli\lib\markbind\lib\parser.js:228:57)
    at Array.map (<anonymous>)
    at Parser._preprocess (C:\Users\dcsdcr\AppData\Roaming\npm\node_modules\markbind-cli\lib\markbind\lib\parser.js:228:43)
2018-07-11T11:05:07.280Z - error:  Error: No such file: C:\repos\nus-cs2103\website-base\book\oop\objects\basic\text.md
Missing reference in C:\repos\nus-cs2103\website-base\book\oop\objects\basic\unit-inParent-asPanel.md
    at Parser._preprocess (C:\Users\dcsdcr\AppData\Roaming\npm\node_modules\markbind-cli\lib\markbind\lib\parser.js:136:21)
    at element.children.element.children.map.e (C:\Users\dcsdcr\AppData\Roaming\npm\node_modules\markbind-cli\lib\markbind\lib\parser.js:250:57)
    at Array.map (<anonymous>)
    at Parser._preprocess (C:\Users\dcsdcr\AppData\Roaming\npm\node_modules\markbind-cli\lib\markbind\lib\parser.js:250:43)
    at element.children.element.children.map.e (C:\Users\dcsdcr\AppData\Roaming\npm\node_modules\markbind-cli\lib\markbind\lib\parser.js:228:57)
    at Array.map (<anonymous>)
    at Parser._preprocess (C:\Users\dcsdcr\AppData\Roaming\npm\node_modules\markbind-cli\lib\markbind\lib\parser.js:228:43)
    at element.children.element.children.map.e (C:\Users\dcsdcr\AppData\Roaming\npm\node_modules\markbind-cli\lib\markbind\lib\parser.js:228:57)
    at Array.map (<anonymous>)
    at Parser._preprocess (C:\Users\dcsdcr\AppData\Roaming\npm\node_modules\markbind-cli\lib\markbind\lib\parser.js:228:43)
    at element.children.element.children.map.e (C:\Users\dcsdcr\AppData\Roaming\npm\node_modules\markbind-cli\lib\markbind\lib\parser.js:250:57)
    at Array.map (<anonymous>)
    at Parser._preprocess (C:\Users\dcsdcr\AppData\Roaming\npm\node_modules\markbind-cli\lib\markbind\lib\parser.js:250:43)
    at element.children.element.children.map.e (C:\Users\dcsdcr\AppData\Roaming\npm\node_modules\markbind-cli\lib\markbind\lib\parser.js:228:57)
    at Array.map (<anonymous>)
    at Parser._preprocess (C:\Users\dcsdcr\AppData\Roaming\npm\node_modules\markbind-cli\lib\markbind\lib\parser.js:228:43)
2018-07-11T11:05:07.280Z - error:  Error: No such file: C:\repos\nus-cs2103\website-base\book\oop\objects\basic\text.md
Missing reference in C:\repos\nus-cs2103\website-base\book\oop\objects\basic\unit-inParent-asPanel.md
    at Parser._preprocess (C:\Users\dcsdcr\AppData\Roaming\npm\node_modules\markbind-cli\lib\markbind\lib\parser.js:136:21)
    at element.children.element.children.map.e (C:\Users\dcsdcr\AppData\Roaming\npm\node_modules\markbind-cli\lib\markbind\lib\parser.js:250:57)
    at Array.map (<anonymous>)
    at Parser._preprocess (C:\Users\dcsdcr\AppData\Roaming\npm\node_modules\markbind-cli\lib\markbind\lib\parser.js:250:43)
    at element.children.element.children.map.e (C:\Users\dcsdcr\AppData\Roaming\npm\node_modules\markbind-cli\lib\markbind\lib\parser.js:228:57)
    at Array.map (<anonymous>)
    at Parser._preprocess (C:\Users\dcsdcr\AppData\Roaming\npm\node_modules\markbind-cli\lib\markbind\lib\parser.js:228:43)
    at element.children.element.children.map.e (C:\Users\dcsdcr\AppData\Roaming\npm\node_modules\markbind-cli\lib\markbind\lib\parser.js:228:57)
    at Array.map (<anonymous>)
    at Parser._preprocess (C:\Users\dcsdcr\AppData\Roaming\npm\node_modules\markbind-cli\lib\markbind\lib\parser.js:228:43)
    at element.children.element.children.map.e (C:\Users\dcsdcr\AppData\Roaming\npm\node_modules\markbind-cli\lib\markbind\lib\parser.js:250:57)
    at Array.map (<anonymous>)
    at Parser._preprocess (C:\Users\dcsdcr\AppData\Roaming\npm\node_modules\markbind-cli\lib\markbind\lib\parser.js:250:43)
    at element.children.element.children.map.e (C:\Users\dcsdcr\AppData\Roaming\npm\node_modules\markbind-cli\lib\markbind\lib\parser.js:228:57)
    at Array.map (<anonymous>)
    at Parser._preprocess (C:\Users\dcsdcr\AppData\Roaming\npm\node_modules\markbind-cli\lib\markbind\lib\parser.js:228:43)
2018-07-11T11:05:07.467Z - error:  Error: No such file: C:\repos\nus-cs2103\website-base\book\oop\polymorphism\introduction\text.md
Missing reference in C:\repos\nus-cs2103\website-base\book\oop\polymorphism\introduction\unit-inParent-asPanel.md
    at Parser._preprocess (C:\Users\dcsdcr\AppData\Roaming\npm\node_modules\markbind-cli\lib\markbind\lib\parser.js:136:21)
    at element.children.element.children.map.e (C:\Users\dcsdcr\AppData\Roaming\npm\node_modules\markbind-cli\lib\markbind\lib\parser.js:250:57)
    at Array.map (<anonymous>)
    at Parser._preprocess (C:\Users\dcsdcr\AppData\Roaming\npm\node_modules\markbind-cli\lib\markbind\lib\parser.js:250:43)
    at element.children.element.children.map.e (C:\Users\dcsdcr\AppData\Roaming\npm\node_modules\markbind-cli\lib\markbind\lib\parser.js:250:57)
    at Array.map (<anonymous>)
    at Parser._preprocess (C:\Users\dcsdcr\AppData\Roaming\npm\node_modules\markbind-cli\lib\markbind\lib\parser.js:250:43)
    at element.children.element.children.map.e (C:\Users\dcsdcr\AppData\Roaming\npm\node_modules\markbind-cli\lib\markbind\lib\parser.js:228:57)
    at Array.map (<anonymous>)
    at Parser._preprocess (C:\Users\dcsdcr\AppData\Roaming\npm\node_modules\markbind-cli\lib\markbind\lib\parser.js:228:43)
    at element.children.element.children.map.e (C:\Users\dcsdcr\AppData\Roaming\npm\node_modules\markbind-cli\lib\markbind\lib\parser.js:228:57)
    at Array.map (<anonymous>)
    at Parser._preprocess (C:\Users\dcsdcr\AppData\Roaming\npm\node_modules\markbind-cli\lib\markbind\lib\parser.js:228:43)
    at element.children.element.children.map.e (C:\Users\dcsdcr\AppData\Roaming\npm\node_modules\markbind-cli\lib\markbind\lib\parser.js:250:57)
    at Array.map (<anonymous>)
    at Parser._preprocess (C:\Users\dcsdcr\AppData\Roaming\npm\node_modules\markbind-cli\lib\markbind\lib\parser.js:250:43)
2018-07-11T11:05:07.467Z - error:  Error: No such file: C:\repos\nus-cs2103\website-base\book\oop\polymorphism\introduction\text.md
Missing reference in C:\repos\nus-cs2103\website-base\book\oop\polymorphism\introduction\unit-inParent-asPanel.md
    at Parser._preprocess (C:\Users\dcsdcr\AppData\Roaming\npm\node_modules\markbind-cli\lib\markbind\lib\parser.js:136:21)
    at element.children.element.children.map.e (C:\Users\dcsdcr\AppData\Roaming\npm\node_modules\markbind-cli\lib\markbind\lib\parser.js:250:57)
    at Array.map (<anonymous>)
    at Parser._preprocess (C:\Users\dcsdcr\AppData\Roaming\npm\node_modules\markbind-cli\lib\markbind\lib\parser.js:250:43)
    at element.children.element.children.map.e (C:\Users\dcsdcr\AppData\Roaming\npm\node_modules\markbind-cli\lib\markbind\lib\parser.js:250:57)
    at Array.map (<anonymous>)
    at Parser._preprocess (C:\Users\dcsdcr\AppData\Roaming\npm\node_modules\markbind-cli\lib\markbind\lib\parser.js:250:43)
    at element.children.element.children.map.e (C:\Users\dcsdcr\AppData\Roaming\npm\node_modules\markbind-cli\lib\markbind\lib\parser.js:250:57)
    at Array.map (<anonymous>)
    at Parser._preprocess (C:\Users\dcsdcr\AppData\Roaming\npm\node_modules\markbind-cli\lib\markbind\lib\parser.js:250:43)
    at element.children.element.children.map.e (C:\Users\dcsdcr\AppData\Roaming\npm\node_modules\markbind-cli\lib\markbind\lib\parser.js:228:57)
    at Array.map (<anonymous>)
    at Parser._preprocess (C:\Users\dcsdcr\AppData\Roaming\npm\node_modules\markbind-cli\lib\markbind\lib\parser.js:228:43)
    at element.children.element.children.map.e (C:\Users\dcsdcr\AppData\Roaming\npm\node_modules\markbind-cli\lib\markbind\lib\parser.js:228:57)
    at Array.map (<anonymous>)
    at Parser._preprocess (C:\Users\dcsdcr\AppData\Roaming\npm\node_modules\markbind-cli\lib\markbind\lib\parser.js:228:43)
2018-07-11T11:05:07.468Z - error:  Error: No such file: C:\repos\nus-cs2103\website-base\book\oop\polymorphism\introduction\text.md
Missing reference in C:\repos\nus-cs2103\website-base\book\oop\polymorphism\introduction\unit-inParent-asPanel.md
    at Parser._preprocess (C:\Users\dcsdcr\AppData\Roaming\npm\node_modules\markbind-cli\lib\markbind\lib\parser.js:136:21)
    at element.children.element.children.map.e (C:\Users\dcsdcr\AppData\Roaming\npm\node_modules\markbind-cli\lib\markbind\lib\parser.js:250:57)
    at Array.map (<anonymous>)
    at Parser._preprocess (C:\Users\dcsdcr\AppData\Roaming\npm\node_modules\markbind-cli\lib\markbind\lib\parser.js:250:43)
    at element.children.element.children.map.e (C:\Users\dcsdcr\AppData\Roaming\npm\node_modules\markbind-cli\lib\markbind\lib\parser.js:228:57)
    at Array.map (<anonymous>)
    at Parser._preprocess (C:\Users\dcsdcr\AppData\Roaming\npm\node_modules\markbind-cli\lib\markbind\lib\parser.js:228:43)
    at element.children.element.children.map.e (C:\Users\dcsdcr\AppData\Roaming\npm\node_modules\markbind-cli\lib\markbind\lib\parser.js:228:57)
    at Array.map (<anonymous>)
    at Parser._preprocess (C:\Users\dcsdcr\AppData\Roaming\npm\node_modules\markbind-cli\lib\markbind\lib\parser.js:228:43)
    at element.children.element.children.map.e (C:\Users\dcsdcr\AppData\Roaming\npm\node_modules\markbind-cli\lib\markbind\lib\parser.js:250:57)
    at Array.map (<anonymous>)
    at Parser._preprocess (C:\Users\dcsdcr\AppData\Roaming\npm\node_modules\markbind-cli\lib\markbind\lib\parser.js:250:43)
    at element.children.element.children.map.e (C:\Users\dcsdcr\AppData\Roaming\npm\node_modules\markbind-cli\lib\markbind\lib\parser.js:228:57)
    at Array.map (<anonymous>)
    at Parser._preprocess (C:\Users\dcsdcr\AppData\Roaming\npm\node_modules\markbind-cli\lib\markbind\lib\parser.js:228:43)
2018-07-11T11:05:07.468Z - error:  Error: No such file: C:\repos\nus-cs2103\website-base\book\oop\polymorphism\introduction\text.md
Missing reference in C:\repos\nus-cs2103\website-base\book\oop\polymorphism\introduction\unit-inParent-asPanel.md
    at Parser._preprocess (C:\Users\dcsdcr\AppData\Roaming\npm\node_modules\markbind-cli\lib\markbind\lib\parser.js:136:21)
    at element.children.element.children.map.e (C:\Users\dcsdcr\AppData\Roaming\npm\node_modules\markbind-cli\lib\markbind\lib\parser.js:250:57)
    at Array.map (<anonymous>)
    at Parser._preprocess (C:\Users\dcsdcr\AppData\Roaming\npm\node_modules\markbind-cli\lib\markbind\lib\parser.js:250:43)
    at element.children.element.children.map.e (C:\Users\dcsdcr\AppData\Roaming\npm\node_modules\markbind-cli\lib\markbind\lib\parser.js:228:57)
    at Array.map (<anonymous>)
    at Parser._preprocess (C:\Users\dcsdcr\AppData\Roaming\npm\node_modules\markbind-cli\lib\markbind\lib\parser.js:228:43)
    at element.children.element.children.map.e (C:\Users\dcsdcr\AppData\Roaming\npm\node_modules\markbind-cli\lib\markbind\lib\parser.js:228:57)
    at Array.map (<anonymous>)
    at Parser._preprocess (C:\Users\dcsdcr\AppData\Roaming\npm\node_modules\markbind-cli\lib\markbind\lib\parser.js:228:43)
    at element.children.element.children.map.e (C:\Users\dcsdcr\AppData\Roaming\npm\node_modules\markbind-cli\lib\markbind\lib\parser.js:250:57)
    at Array.map (<anonymous>)
    at Parser._preprocess (C:\Users\dcsdcr\AppData\Roaming\npm\node_modules\markbind-cli\lib\markbind\lib\parser.js:250:43)
    at element.children.element.children.map.e (C:\Users\dcsdcr\AppData\Roaming\npm\node_modules\markbind-cli\lib\markbind\lib\parser.js:228:57)
    at Array.map (<anonymous>)
    at Parser._preprocess (C:\Users\dcsdcr\AppData\Roaming\npm\node_modules\markbind-cli\lib\markbind\lib\parser.js:228:43)
2018-07-11T11:05:07.469Z - error:  Error: No such file: C:\repos\nus-cs2103\website-base\book\oop\polymorphism\mechanism\text.md
Missing reference in C:\repos\nus-cs2103\website-base\book\oop\polymorphism\mechanism\unit-inParent-asPanel.md
    at Parser._preprocess (C:\Users\dcsdcr\AppData\Roaming\npm\node_modules\markbind-cli\lib\markbind\lib\parser.js:136:21)
    at element.children.element.children.map.e (C:\Users\dcsdcr\AppData\Roaming\npm\node_modules\markbind-cli\lib\markbind\lib\parser.js:250:57)
    at Array.map (<anonymous>)
    at Parser._preprocess (C:\Users\dcsdcr\AppData\Roaming\npm\node_modules\markbind-cli\lib\markbind\lib\parser.js:250:43)
    at element.children.element.children.map.e (C:\Users\dcsdcr\AppData\Roaming\npm\node_modules\markbind-cli\lib\markbind\lib\parser.js:250:57)
    at Array.map (<anonymous>)
    at Parser._preprocess (C:\Users\dcsdcr\AppData\Roaming\npm\node_modules\markbind-cli\lib\markbind\lib\parser.js:250:43)
    at element.children.element.children.map.e (C:\Users\dcsdcr\AppData\Roaming\npm\node_modules\markbind-cli\lib\markbind\lib\parser.js:228:57)
    at Array.map (<anonymous>)
    at Parser._preprocess (C:\Users\dcsdcr\AppData\Roaming\npm\node_modules\markbind-cli\lib\markbind\lib\parser.js:228:43)
    at element.children.element.children.map.e (C:\Users\dcsdcr\AppData\Roaming\npm\node_modules\markbind-cli\lib\markbind\lib\parser.js:228:57)
    at Array.map (<anonymous>)
    at Parser._preprocess (C:\Users\dcsdcr\AppData\Roaming\npm\node_modules\markbind-cli\lib\markbind\lib\parser.js:228:43)
    at element.children.element.children.map.e (C:\Users\dcsdcr\AppData\Roaming\npm\node_modules\markbind-cli\lib\markbind\lib\parser.js:250:57)
    at Array.map (<anonymous>)
    at Parser._preprocess (C:\Users\dcsdcr\AppData\Roaming\npm\node_modules\markbind-cli\lib\markbind\lib\parser.js:250:43)
2018-07-11T11:05:07.470Z - error:  Error: No such file: C:\repos\nus-cs2103\website-base\book\oop\polymorphism\mechanism\text.md
Missing reference in C:\repos\nus-cs2103\website-base\book\oop\polymorphism\mechanism\unit-inParent-asPanel.md
    at Parser._preprocess (C:\Users\dcsdcr\AppData\Roaming\npm\node_modules\markbind-cli\lib\markbind\lib\parser.js:136:21)
    at element.children.element.children.map.e (C:\Users\dcsdcr\AppData\Roaming\npm\node_modules\markbind-cli\lib\markbind\lib\parser.js:250:57)
    at Array.map (<anonymous>)
    at Parser._preprocess (C:\Users\dcsdcr\AppData\Roaming\npm\node_modules\markbind-cli\lib\markbind\lib\parser.js:250:43)
    at element.children.element.children.map.e (C:\Users\dcsdcr\AppData\Roaming\npm\node_modules\markbind-cli\lib\markbind\lib\parser.js:250:57)
    at Array.map (<anonymous>)
    at Parser._preprocess (C:\Users\dcsdcr\AppData\Roaming\npm\node_modules\markbind-cli\lib\markbind\lib\parser.js:250:43)
    at element.children.element.children.map.e (C:\Users\dcsdcr\AppData\Roaming\npm\node_modules\markbind-cli\lib\markbind\lib\parser.js:250:57)
    at Array.map (<anonymous>)
    at Parser._preprocess (C:\Users\dcsdcr\AppData\Roaming\npm\node_modules\markbind-cli\lib\markbind\lib\parser.js:250:43)
    at element.children.element.children.map.e (C:\Users\dcsdcr\AppData\Roaming\npm\node_modules\markbind-cli\lib\markbind\lib\parser.js:228:57)
    at Array.map (<anonymous>)
    at Parser._preprocess (C:\Users\dcsdcr\AppData\Roaming\npm\node_modules\markbind-cli\lib\markbind\lib\parser.js:228:43)
    at element.children.element.children.map.e (C:\Users\dcsdcr\AppData\Roaming\npm\node_modules\markbind-cli\lib\markbind\lib\parser.js:228:57)
    at Array.map (<anonymous>)
    at Parser._preprocess (C:\Users\dcsdcr\AppData\Roaming\npm\node_modules\markbind-cli\lib\markbind\lib\parser.js:228:43)
2018-07-11T11:05:07.470Z - error:  Error: No such file: C:\repos\nus-cs2103\website-base\book\oop\polymorphism\mechanism\text.md
Missing reference in C:\repos\nus-cs2103\website-base\book\oop\polymorphism\mechanism\unit-inParent-asPanel.md
    at Parser._preprocess (C:\Users\dcsdcr\AppData\Roaming\npm\node_modules\markbind-cli\lib\markbind\lib\parser.js:136:21)
    at element.children.element.children.map.e (C:\Users\dcsdcr\AppData\Roaming\npm\node_modules\markbind-cli\lib\markbind\lib\parser.js:250:57)
    at Array.map (<anonymous>)
    at Parser._preprocess (C:\Users\dcsdcr\AppData\Roaming\npm\node_modules\markbind-cli\lib\markbind\lib\parser.js:250:43)
    at element.children.element.children.map.e (C:\Users\dcsdcr\AppData\Roaming\npm\node_modules\markbind-cli\lib\markbind\lib\parser.js:228:57)
    at Array.map (<anonymous>)
    at Parser._preprocess (C:\Users\dcsdcr\AppData\Roaming\npm\node_modules\markbind-cli\lib\markbind\lib\parser.js:228:43)
    at element.children.element.children.map.e (C:\Users\dcsdcr\AppData\Roaming\npm\node_modules\markbind-cli\lib\markbind\lib\parser.js:228:57)
    at Array.map (<anonymous>)
    at Parser._preprocess (C:\Users\dcsdcr\AppData\Roaming\npm\node_modules\markbind-cli\lib\markbind\lib\parser.js:228:43)
    at element.children.element.children.map.e (C:\Users\dcsdcr\AppData\Roaming\npm\node_modules\markbind-cli\lib\markbind\lib\parser.js:250:57)
    at Array.map (<anonymous>)
    at Parser._preprocess (C:\Users\dcsdcr\AppData\Roaming\npm\node_modules\markbind-cli\lib\markbind\lib\parser.js:250:43)
    at element.children.element.children.map.e (C:\Users\dcsdcr\AppData\Roaming\npm\node_modules\markbind-cli\lib\markbind\lib\parser.js:228:57)
    at Array.map (<anonymous>)
    at Parser._preprocess (C:\Users\dcsdcr\AppData\Roaming\npm\node_modules\markbind-cli\lib\markbind\lib\parser.js:228:43)
2018-07-11T11:05:07.471Z - error:  Error: No such file: C:\repos\nus-cs2103\website-base\book\oop\polymorphism\mechanism\text.md
Missing reference in C:\repos\nus-cs2103\website-base\book\oop\polymorphism\mechanism\unit-inParent-asPanel.md
    at Parser._preprocess (C:\Users\dcsdcr\AppData\Roaming\npm\node_modules\markbind-cli\lib\markbind\lib\parser.js:136:21)
    at element.children.element.children.map.e (C:\Users\dcsdcr\AppData\Roaming\npm\node_modules\markbind-cli\lib\markbind\lib\parser.js:250:57)
    at Array.map (<anonymous>)
    at Parser._preprocess (C:\Users\dcsdcr\AppData\Roaming\npm\node_modules\markbind-cli\lib\markbind\lib\parser.js:250:43)
    at element.children.element.children.map.e (C:\Users\dcsdcr\AppData\Roaming\npm\node_modules\markbind-cli\lib\markbind\lib\parser.js:228:57)
    at Array.map (<anonymous>)
    at Parser._preprocess (C:\Users\dcsdcr\AppData\Roaming\npm\node_modules\markbind-cli\lib\markbind\lib\parser.js:228:43)
    at element.children.element.children.map.e (C:\Users\dcsdcr\AppData\Roaming\npm\node_modules\markbind-cli\lib\markbind\lib\parser.js:228:57)
    at Array.map (<anonymous>)
    at Parser._preprocess (C:\Users\dcsdcr\AppData\Roaming\npm\node_modules\markbind-cli\lib\markbind\lib\parser.js:228:43)
    at element.children.element.children.map.e (C:\Users\dcsdcr\AppData\Roaming\npm\node_modules\markbind-cli\lib\markbind\lib\parser.js:250:57)
    at Array.map (<anonymous>)
    at Parser._preprocess (C:\Users\dcsdcr\AppData\Roaming\npm\node_modules\markbind-cli\lib\markbind\lib\parser.js:250:43)
    at element.children.element.children.map.e (C:\Users\dcsdcr\AppData\Roaming\npm\node_modules\markbind-cli\lib\markbind\lib\parser.js:228:57)
    at Array.map (<anonymous>)
    at Parser._preprocess (C:\Users\dcsdcr\AppData\Roaming\npm\node_modules\markbind-cli\lib\markbind\lib\parser.js:228:43)
2018-07-11T11:05:07.898Z - error:  Error: No such file: C:\repos\nus-cs2103\website-base\book\oop\objects\basic\text.md
Missing reference in C:\repos\nus-cs2103\website-base\book\oop\objects\basic\unit-inParent-asPanel.md
    at Parser._preprocess (C:\Users\dcsdcr\AppData\Roaming\npm\node_modules\markbind-cli\lib\markbind\lib\parser.js:136:21)
    at element.children.element.children.map.e (C:\Users\dcsdcr\AppData\Roaming\npm\node_modules\markbind-cli\lib\markbind\lib\parser.js:250:57)
    at Array.map (<anonymous>)
    at Parser._preprocess (C:\Users\dcsdcr\AppData\Roaming\npm\node_modules\markbind-cli\lib\markbind\lib\parser.js:250:43)
    at element.children.element.children.map.e (C:\Users\dcsdcr\AppData\Roaming\npm\node_modules\markbind-cli\lib\markbind\lib\parser.js:250:57)
    at Array.map (<anonymous>)
    at Parser._preprocess (C:\Users\dcsdcr\AppData\Roaming\npm\node_modules\markbind-cli\lib\markbind\lib\parser.js:250:43)
    at element.children.element.children.map.e (C:\Users\dcsdcr\AppData\Roaming\npm\node_modules\markbind-cli\lib\markbind\lib\parser.js:228:57)
    at Array.map (<anonymous>)
    at Parser._preprocess (C:\Users\dcsdcr\AppData\Roaming\npm\node_modules\markbind-cli\lib\markbind\lib\parser.js:228:43)
    at element.children.element.children.map.e (C:\Users\dcsdcr\AppData\Roaming\npm\node_modules\markbind-cli\lib\markbind\lib\parser.js:228:57)
    at Array.map (<anonymous>)
    at Parser._preprocess (C:\Users\dcsdcr\AppData\Roaming\npm\node_modules\markbind-cli\lib\markbind\lib\parser.js:228:43)
    at element.children.element.children.map.e (C:\Users\dcsdcr\AppData\Roaming\npm\node_modules\markbind-cli\lib\markbind\lib\parser.js:250:57)
    at Array.map (<anonymous>)
    at Parser._preprocess (C:\Users\dcsdcr\AppData\Roaming\npm\node_modules\markbind-cli\lib\markbind\lib\parser.js:250:43)
2018-07-11T11:05:07.899Z - error:  Error: No such file: C:\repos\nus-cs2103\website-base\book\oop\objects\basic\text.md
Missing reference in C:\repos\nus-cs2103\website-base\book\oop\objects\basic\unit-inParent-asPanel.md
    at Parser._preprocess (C:\Users\dcsdcr\AppData\Roaming\npm\node_modules\markbind-cli\lib\markbind\lib\parser.js:136:21)
    at element.children.element.children.map.e (C:\Users\dcsdcr\AppData\Roaming\npm\node_modules\markbind-cli\lib\markbind\lib\parser.js:250:57)
    at Array.map (<anonymous>)
    at Parser._preprocess (C:\Users\dcsdcr\AppData\Roaming\npm\node_modules\markbind-cli\lib\markbind\lib\parser.js:250:43)
    at element.children.element.children.map.e (C:\Users\dcsdcr\AppData\Roaming\npm\node_modules\markbind-cli\lib\markbind\lib\parser.js:250:57)
    at Array.map (<anonymous>)
    at Parser._preprocess (C:\Users\dcsdcr\AppData\Roaming\npm\node_modules\markbind-cli\lib\markbind\lib\parser.js:250:43)
    at element.children.element.children.map.e (C:\Users\dcsdcr\AppData\Roaming\npm\node_modules\markbind-cli\lib\markbind\lib\parser.js:250:57)
    at Array.map (<anonymous>)
    at Parser._preprocess (C:\Users\dcsdcr\AppData\Roaming\npm\node_modules\markbind-cli\lib\markbind\lib\parser.js:250:43)
    at element.children.element.children.map.e (C:\Users\dcsdcr\AppData\Roaming\npm\node_modules\markbind-cli\lib\markbind\lib\parser.js:228:57)
    at Array.map (<anonymous>)
    at Parser._preprocess (C:\Users\dcsdcr\AppData\Roaming\npm\node_modules\markbind-cli\lib\markbind\lib\parser.js:228:43)
    at element.children.element.children.map.e (C:\Users\dcsdcr\AppData\Roaming\npm\node_modules\markbind-cli\lib\markbind\lib\parser.js:228:57)
    at Array.map (<anonymous>)
    at Parser._preprocess (C:\Users\dcsdcr\AppData\Roaming\npm\node_modules\markbind-cli\lib\markbind\lib\parser.js:228:43)
2018-07-11T11:05:07.899Z - error:  Error: No such file: C:\repos\nus-cs2103\website-base\book\oop\objects\basic\text.md
Missing reference in C:\repos\nus-cs2103\website-base\book\oop\objects\basic\unit-inParent-asPanel.md
    at Parser._preprocess (C:\Users\dcsdcr\AppData\Roaming\npm\node_modules\markbind-cli\lib\markbind\lib\parser.js:136:21)
    at element.children.element.children.map.e (C:\Users\dcsdcr\AppData\Roaming\npm\node_modules\markbind-cli\lib\markbind\lib\parser.js:250:57)
    at Array.map (<anonymous>)
    at Parser._preprocess (C:\Users\dcsdcr\AppData\Roaming\npm\node_modules\markbind-cli\lib\markbind\lib\parser.js:250:43)
    at element.children.element.children.map.e (C:\Users\dcsdcr\AppData\Roaming\npm\node_modules\markbind-cli\lib\markbind\lib\parser.js:228:57)
    at Array.map (<anonymous>)
    at Parser._preprocess (C:\Users\dcsdcr\AppData\Roaming\npm\node_modules\markbind-cli\lib\markbind\lib\parser.js:228:43)
    at element.children.element.children.map.e (C:\Users\dcsdcr\AppData\Roaming\npm\node_modules\markbind-cli\lib\markbind\lib\parser.js:228:57)
    at Array.map (<anonymous>)
    at Parser._preprocess (C:\Users\dcsdcr\AppData\Roaming\npm\node_modules\markbind-cli\lib\markbind\lib\parser.js:228:43)
    at element.children.element.children.map.e (C:\Users\dcsdcr\AppData\Roaming\npm\node_modules\markbind-cli\lib\markbind\lib\parser.js:250:57)
    at Array.map (<anonymous>)
    at Parser._preprocess (C:\Users\dcsdcr\AppData\Roaming\npm\node_modules\markbind-cli\lib\markbind\lib\parser.js:250:43)
    at element.children.element.children.map.e (C:\Users\dcsdcr\AppData\Roaming\npm\node_modules\markbind-cli\lib\markbind\lib\parser.js:250:57)
    at Array.map (<anonymous>)
    at Parser._preprocess (C:\Users\dcsdcr\AppData\Roaming\npm\node_modules\markbind-cli\lib\markbind\lib\parser.js:250:43)
2018-07-11T11:05:07.899Z - error:  Error: No such file: C:\repos\nus-cs2103\website-base\book\oop\objects\basic\text.md
Missing reference in C:\repos\nus-cs2103\website-base\book\oop\objects\basic\unit-inParent-asPanel.md
    at Parser._preprocess (C:\Users\dcsdcr\AppData\Roaming\npm\node_modules\markbind-cli\lib\markbind\lib\parser.js:136:21)
    at element.children.element.children.map.e (C:\Users\dcsdcr\AppData\Roaming\npm\node_modules\markbind-cli\lib\markbind\lib\parser.js:250:57)
    at Array.map (<anonymous>)
    at Parser._preprocess (C:\Users\dcsdcr\AppData\Roaming\npm\node_modules\markbind-cli\lib\markbind\lib\parser.js:250:43)
    at element.children.element.children.map.e (C:\Users\dcsdcr\AppData\Roaming\npm\node_modules\markbind-cli\lib\markbind\lib\parser.js:228:57)
    at Array.map (<anonymous>)
    at Parser._preprocess (C:\Users\dcsdcr\AppData\Roaming\npm\node_modules\markbind-cli\lib\markbind\lib\parser.js:228:43)
    at element.children.element.children.map.e (C:\Users\dcsdcr\AppData\Roaming\npm\node_modules\markbind-cli\lib\markbind\lib\parser.js:228:57)
    at Array.map (<anonymous>)
    at Parser._preprocess (C:\Users\dcsdcr\AppData\Roaming\npm\node_modules\markbind-cli\lib\markbind\lib\parser.js:228:43)
    at element.children.element.children.map.e (C:\Users\dcsdcr\AppData\Roaming\npm\node_modules\markbind-cli\lib\markbind\lib\parser.js:250:57)
    at Array.map (<anonymous>)
    at Parser._preprocess (C:\Users\dcsdcr\AppData\Roaming\npm\node_modules\markbind-cli\lib\markbind\lib\parser.js:250:43)
    at element.children.element.children.map.e (C:\Users\dcsdcr\AppData\Roaming\npm\node_modules\markbind-cli\lib\markbind\lib\parser.js:250:57)
    at Array.map (<anonymous>)
    at Parser._preprocess (C:\Users\dcsdcr\AppData\Roaming\npm\node_modules\markbind-cli\lib\markbind\lib\parser.js:250:43)
2018-07-11T11:05:07.949Z - error:  Error: No such file: C:\repos\nus-cs2103\website-base\book\oop\polymorphism\introduction\text.md
Missing reference in C:\repos\nus-cs2103\website-base\book\oop\polymorphism\introduction\unit-inParent-asPanel.md
    at Parser._preprocess (C:\Users\dcsdcr\AppData\Roaming\npm\node_modules\markbind-cli\lib\markbind\lib\parser.js:136:21)
    at element.children.element.children.map.e (C:\Users\dcsdcr\AppData\Roaming\npm\node_modules\markbind-cli\lib\markbind\lib\parser.js:250:57)
    at Array.map (<anonymous>)
    at Parser._preprocess (C:\Users\dcsdcr\AppData\Roaming\npm\node_modules\markbind-cli\lib\markbind\lib\parser.js:250:43)
    at element.children.element.children.map.e (C:\Users\dcsdcr\AppData\Roaming\npm\node_modules\markbind-cli\lib\markbind\lib\parser.js:250:57)
    at Array.map (<anonymous>)
    at Parser._preprocess (C:\Users\dcsdcr\AppData\Roaming\npm\node_modules\markbind-cli\lib\markbind\lib\parser.js:250:43)
    at element.children.element.children.map.e (C:\Users\dcsdcr\AppData\Roaming\npm\node_modules\markbind-cli\lib\markbind\lib\parser.js:228:57)
    at Array.map (<anonymous>)
    at Parser._preprocess (C:\Users\dcsdcr\AppData\Roaming\npm\node_modules\markbind-cli\lib\markbind\lib\parser.js:228:43)
    at element.children.element.children.map.e (C:\Users\dcsdcr\AppData\Roaming\npm\node_modules\markbind-cli\lib\markbind\lib\parser.js:228:57)
    at Array.map (<anonymous>)
    at Parser._preprocess (C:\Users\dcsdcr\AppData\Roaming\npm\node_modules\markbind-cli\lib\markbind\lib\parser.js:228:43)
    at element.children.element.children.map.e (C:\Users\dcsdcr\AppData\Roaming\npm\node_modules\markbind-cli\lib\markbind\lib\parser.js:250:57)
    at Array.map (<anonymous>)
    at Parser._preprocess (C:\Users\dcsdcr\AppData\Roaming\npm\node_modules\markbind-cli\lib\markbind\lib\parser.js:250:43)
2018-07-11T11:05:07.950Z - error:  Error: No such file: C:\repos\nus-cs2103\website-base\book\oop\polymorphism\introduction\text.md
Missing reference in C:\repos\nus-cs2103\website-base\book\oop\polymorphism\introduction\unit-inParent-asPanel.md
    at Parser._preprocess (C:\Users\dcsdcr\AppData\Roaming\npm\node_modules\markbind-cli\lib\markbind\lib\parser.js:136:21)
    at element.children.element.children.map.e (C:\Users\dcsdcr\AppData\Roaming\npm\node_modules\markbind-cli\lib\markbind\lib\parser.js:250:57)
    at Array.map (<anonymous>)
    at Parser._preprocess (C:\Users\dcsdcr\AppData\Roaming\npm\node_modules\markbind-cli\lib\markbind\lib\parser.js:250:43)
    at element.children.element.children.map.e (C:\Users\dcsdcr\AppData\Roaming\npm\node_modules\markbind-cli\lib\markbind\lib\parser.js:250:57)
    at Array.map (<anonymous>)
    at Parser._preprocess (C:\Users\dcsdcr\AppData\Roaming\npm\node_modules\markbind-cli\lib\markbind\lib\parser.js:250:43)
    at element.children.element.children.map.e (C:\Users\dcsdcr\AppData\Roaming\npm\node_modules\markbind-cli\lib\markbind\lib\parser.js:250:57)
    at Array.map (<anonymous>)
    at Parser._preprocess (C:\Users\dcsdcr\AppData\Roaming\npm\node_modules\markbind-cli\lib\markbind\lib\parser.js:250:43)
    at element.children.element.children.map.e (C:\Users\dcsdcr\AppData\Roaming\npm\node_modules\markbind-cli\lib\markbind\lib\parser.js:228:57)
    at Array.map (<anonymous>)
    at Parser._preprocess (C:\Users\dcsdcr\AppData\Roaming\npm\node_modules\markbind-cli\lib\markbind\lib\parser.js:228:43)
    at element.children.element.children.map.e (C:\Users\dcsdcr\AppData\Roaming\npm\node_modules\markbind-cli\lib\markbind\lib\parser.js:228:57)
    at Array.map (<anonymous>)
    at Parser._preprocess (C:\Users\dcsdcr\AppData\Roaming\npm\node_modules\markbind-cli\lib\markbind\lib\parser.js:228:43)
2018-07-11T11:05:07.950Z - error:  Error: No such file: C:\repos\nus-cs2103\website-base\book\oop\polymorphism\introduction\text.md
Missing reference in C:\repos\nus-cs2103\website-base\book\oop\polymorphism\introduction\unit-inParent-asPanel.md
    at Parser._preprocess (C:\Users\dcsdcr\AppData\Roaming\npm\node_modules\markbind-cli\lib\markbind\lib\parser.js:136:21)
    at element.children.element.children.map.e (C:\Users\dcsdcr\AppData\Roaming\npm\node_modules\markbind-cli\lib\markbind\lib\parser.js:250:57)
    at Array.map (<anonymous>)
    at Parser._preprocess (C:\Users\dcsdcr\AppData\Roaming\npm\node_modules\markbind-cli\lib\markbind\lib\parser.js:250:43)
    at element.children.element.children.map.e (C:\Users\dcsdcr\AppData\Roaming\npm\node_modules\markbind-cli\lib\markbind\lib\parser.js:228:57)
    at Array.map (<anonymous>)
    at Parser._preprocess (C:\Users\dcsdcr\AppData\Roaming\npm\node_modules\markbind-cli\lib\markbind\lib\parser.js:228:43)
    at element.children.element.children.map.e (C:\Users\dcsdcr\AppData\Roaming\npm\node_modules\markbind-cli\lib\markbind\lib\parser.js:228:57)
    at Array.map (<anonymous>)
    at Parser._preprocess (C:\Users\dcsdcr\AppData\Roaming\npm\node_modules\markbind-cli\lib\markbind\lib\parser.js:228:43)
    at element.children.element.children.map.e (C:\Users\dcsdcr\AppData\Roaming\npm\node_modules\markbind-cli\lib\markbind\lib\parser.js:250:57)
    at Array.map (<anonymous>)
    at Parser._preprocess (C:\Users\dcsdcr\AppData\Roaming\npm\node_modules\markbind-cli\lib\markbind\lib\parser.js:250:43)
    at element.children.element.children.map.e (C:\Users\dcsdcr\AppData\Roaming\npm\node_modules\markbind-cli\lib\markbind\lib\parser.js:250:57)
    at Array.map (<anonymous>)
    at Parser._preprocess (C:\Users\dcsdcr\AppData\Roaming\npm\node_modules\markbind-cli\lib\markbind\lib\parser.js:250:43)
2018-07-11T11:05:07.951Z - error:  Error: No such file: C:\repos\nus-cs2103\website-base\book\oop\polymorphism\introduction\text.md
Missing reference in C:\repos\nus-cs2103\website-base\book\oop\polymorphism\introduction\unit-inParent-asPanel.md
    at Parser._preprocess (C:\Users\dcsdcr\AppData\Roaming\npm\node_modules\markbind-cli\lib\markbind\lib\parser.js:136:21)
    at element.children.element.children.map.e (C:\Users\dcsdcr\AppData\Roaming\npm\node_modules\markbind-cli\lib\markbind\lib\parser.js:250:57)
    at Array.map (<anonymous>)
    at Parser._preprocess (C:\Users\dcsdcr\AppData\Roaming\npm\node_modules\markbind-cli\lib\markbind\lib\parser.js:250:43)
    at element.children.element.children.map.e (C:\Users\dcsdcr\AppData\Roaming\npm\node_modules\markbind-cli\lib\markbind\lib\parser.js:228:57)
    at Array.map (<anonymous>)
    at Parser._preprocess (C:\Users\dcsdcr\AppData\Roaming\npm\node_modules\markbind-cli\lib\markbind\lib\parser.js:228:43)
    at element.children.element.children.map.e (C:\Users\dcsdcr\AppData\Roaming\npm\node_modules\markbind-cli\lib\markbind\lib\parser.js:228:57)
    at Array.map (<anonymous>)
    at Parser._preprocess (C:\Users\dcsdcr\AppData\Roaming\npm\node_modules\markbind-cli\lib\markbind\lib\parser.js:228:43)
    at element.children.element.children.map.e (C:\Users\dcsdcr\AppData\Roaming\npm\node_modules\markbind-cli\lib\markbind\lib\parser.js:250:57)
    at Array.map (<anonymous>)
    at Parser._preprocess (C:\Users\dcsdcr\AppData\Roaming\npm\node_modules\markbind-cli\lib\markbind\lib\parser.js:250:43)
    at element.children.element.children.map.e (C:\Users\dcsdcr\AppData\Roaming\npm\node_modules\markbind-cli\lib\markbind\lib\parser.js:250:57)
    at Array.map (<anonymous>)
    at Parser._preprocess (C:\Users\dcsdcr\AppData\Roaming\npm\node_modules\markbind-cli\lib\markbind\lib\parser.js:250:43)
2018-07-11T11:05:07.951Z - error:  Error: No such file: C:\repos\nus-cs2103\website-base\book\oop\polymorphism\mechanism\text.md
Missing reference in C:\repos\nus-cs2103\website-base\book\oop\polymorphism\mechanism\unit-inParent-asPanel.md
    at Parser._preprocess (C:\Users\dcsdcr\AppData\Roaming\npm\node_modules\markbind-cli\lib\markbind\lib\parser.js:136:21)
    at element.children.element.children.map.e (C:\Users\dcsdcr\AppData\Roaming\npm\node_modules\markbind-cli\lib\markbind\lib\parser.js:250:57)
    at Array.map (<anonymous>)
    at Parser._preprocess (C:\Users\dcsdcr\AppData\Roaming\npm\node_modules\markbind-cli\lib\markbind\lib\parser.js:250:43)
    at element.children.element.children.map.e (C:\Users\dcsdcr\AppData\Roaming\npm\node_modules\markbind-cli\lib\markbind\lib\parser.js:250:57)
    at Array.map (<anonymous>)
    at Parser._preprocess (C:\Users\dcsdcr\AppData\Roaming\npm\node_modules\markbind-cli\lib\markbind\lib\parser.js:250:43)
    at element.children.element.children.map.e (C:\Users\dcsdcr\AppData\Roaming\npm\node_modules\markbind-cli\lib\markbind\lib\parser.js:228:57)
    at Array.map (<anonymous>)
    at Parser._preprocess (C:\Users\dcsdcr\AppData\Roaming\npm\node_modules\markbind-cli\lib\markbind\lib\parser.js:228:43)
    at element.children.element.children.map.e (C:\Users\dcsdcr\AppData\Roaming\npm\node_modules\markbind-cli\lib\markbind\lib\parser.js:228:57)
    at Array.map (<anonymous>)
    at Parser._preprocess (C:\Users\dcsdcr\AppData\Roaming\npm\node_modules\markbind-cli\lib\markbind\lib\parser.js:228:43)
    at element.children.element.children.map.e (C:\Users\dcsdcr\AppData\Roaming\npm\node_modules\markbind-cli\lib\markbind\lib\parser.js:250:57)
    at Array.map (<anonymous>)
    at Parser._preprocess (C:\Users\dcsdcr\AppData\Roaming\npm\node_modules\markbind-cli\lib\markbind\lib\parser.js:250:43)
2018-07-11T11:05:07.952Z - error:  Error: No such file: C:\repos\nus-cs2103\website-base\book\oop\polymorphism\mechanism\text.md
Missing reference in C:\repos\nus-cs2103\website-base\book\oop\polymorphism\mechanism\unit-inParent-asPanel.md
    at Parser._preprocess (C:\Users\dcsdcr\AppData\Roaming\npm\node_modules\markbind-cli\lib\markbind\lib\parser.js:136:21)
    at element.children.element.children.map.e (C:\Users\dcsdcr\AppData\Roaming\npm\node_modules\markbind-cli\lib\markbind\lib\parser.js:250:57)
    at Array.map (<anonymous>)
    at Parser._preprocess (C:\Users\dcsdcr\AppData\Roaming\npm\node_modules\markbind-cli\lib\markbind\lib\parser.js:250:43)
    at element.children.element.children.map.e (C:\Users\dcsdcr\AppData\Roaming\npm\node_modules\markbind-cli\lib\markbind\lib\parser.js:250:57)
    at Array.map (<anonymous>)
    at Parser._preprocess (C:\Users\dcsdcr\AppData\Roaming\npm\node_modules\markbind-cli\lib\markbind\lib\parser.js:250:43)
    at element.children.element.children.map.e (C:\Users\dcsdcr\AppData\Roaming\npm\node_modules\markbind-cli\lib\markbind\lib\parser.js:250:57)
    at Array.map (<anonymous>)
    at Parser._preprocess (C:\Users\dcsdcr\AppData\Roaming\npm\node_modules\markbind-cli\lib\markbind\lib\parser.js:250:43)
    at element.children.element.children.map.e (C:\Users\dcsdcr\AppData\Roaming\npm\node_modules\markbind-cli\lib\markbind\lib\parser.js:228:57)
    at Array.map (<anonymous>)
    at Parser._preprocess (C:\Users\dcsdcr\AppData\Roaming\npm\node_modules\markbind-cli\lib\markbind\lib\parser.js:228:43)
    at element.children.element.children.map.e (C:\Users\dcsdcr\AppData\Roaming\npm\node_modules\markbind-cli\lib\markbind\lib\parser.js:228:57)
    at Array.map (<anonymous>)
    at Parser._preprocess (C:\Users\dcsdcr\AppData\Roaming\npm\node_modules\markbind-cli\lib\markbind\lib\parser.js:228:43)
2018-07-11T11:05:07.952Z - error:  Error: No such file: C:\repos\nus-cs2103\website-base\book\oop\polymorphism\mechanism\text.md
Missing reference in C:\repos\nus-cs2103\website-base\book\oop\polymorphism\mechanism\unit-inParent-asPanel.md
    at Parser._preprocess (C:\Users\dcsdcr\AppData\Roaming\npm\node_modules\markbind-cli\lib\markbind\lib\parser.js:136:21)
    at element.children.element.children.map.e (C:\Users\dcsdcr\AppData\Roaming\npm\node_modules\markbind-cli\lib\markbind\lib\parser.js:250:57)
    at Array.map (<anonymous>)
    at Parser._preprocess (C:\Users\dcsdcr\AppData\Roaming\npm\node_modules\markbind-cli\lib\markbind\lib\parser.js:250:43)
    at element.children.element.children.map.e (C:\Users\dcsdcr\AppData\Roaming\npm\node_modules\markbind-cli\lib\markbind\lib\parser.js:228:57)
    at Array.map (<anonymous>)
    at Parser._preprocess (C:\Users\dcsdcr\AppData\Roaming\npm\node_modules\markbind-cli\lib\markbind\lib\parser.js:228:43)
    at element.children.element.children.map.e (C:\Users\dcsdcr\AppData\Roaming\npm\node_modules\markbind-cli\lib\markbind\lib\parser.js:228:57)
    at Array.map (<anonymous>)
    at Parser._preprocess (C:\Users\dcsdcr\AppData\Roaming\npm\node_modules\markbind-cli\lib\markbind\lib\parser.js:228:43)
    at element.children.element.children.map.e (C:\Users\dcsdcr\AppData\Roaming\npm\node_modules\markbind-cli\lib\markbind\lib\parser.js:250:57)
    at Array.map (<anonymous>)
    at Parser._preprocess (C:\Users\dcsdcr\AppData\Roaming\npm\node_modules\markbind-cli\lib\markbind\lib\parser.js:250:43)
    at element.children.element.children.map.e (C:\Users\dcsdcr\AppData\Roaming\npm\node_modules\markbind-cli\lib\markbind\lib\parser.js:250:57)
    at Array.map (<anonymous>)
    at Parser._preprocess (C:\Users\dcsdcr\AppData\Roaming\npm\node_modules\markbind-cli\lib\markbind\lib\parser.js:250:43)
2018-07-11T11:05:07.953Z - error:  Error: No such file: C:\repos\nus-cs2103\website-base\book\oop\polymorphism\mechanism\text.md
Missing reference in C:\repos\nus-cs2103\website-base\book\oop\polymorphism\mechanism\unit-inParent-asPanel.md
    at Parser._preprocess (C:\Users\dcsdcr\AppData\Roaming\npm\node_modules\markbind-cli\lib\markbind\lib\parser.js:136:21)
    at element.children.element.children.map.e (C:\Users\dcsdcr\AppData\Roaming\npm\node_modules\markbind-cli\lib\markbind\lib\parser.js:250:57)
    at Array.map (<anonymous>)
    at Parser._preprocess (C:\Users\dcsdcr\AppData\Roaming\npm\node_modules\markbind-cli\lib\markbind\lib\parser.js:250:43)
    at element.children.element.children.map.e (C:\Users\dcsdcr\AppData\Roaming\npm\node_modules\markbind-cli\lib\markbind\lib\parser.js:228:57)
    at Array.map (<anonymous>)
    at Parser._preprocess (C:\Users\dcsdcr\AppData\Roaming\npm\node_modules\markbind-cli\lib\markbind\lib\parser.js:228:43)
    at element.children.element.children.map.e (C:\Users\dcsdcr\AppData\Roaming\npm\node_modules\markbind-cli\lib\markbind\lib\parser.js:228:57)
    at Array.map (<anonymous>)
    at Parser._preprocess (C:\Users\dcsdcr\AppData\Roaming\npm\node_modules\markbind-cli\lib\markbind\lib\parser.js:228:43)
    at element.children.element.children.map.e (C:\Users\dcsdcr\AppData\Roaming\npm\node_modules\markbind-cli\lib\markbind\lib\parser.js:250:57)
    at Array.map (<anonymous>)
    at Parser._preprocess (C:\Users\dcsdcr\AppData\Roaming\npm\node_modules\markbind-cli\lib\markbind\lib\parser.js:250:43)
    at element.children.element.children.map.e (C:\Users\dcsdcr\AppData\Roaming\npm\node_modules\markbind-cli\lib\markbind\lib\parser.js:250:57)
    at Array.map (<anonymous>)
    at Parser._preprocess (C:\Users\dcsdcr\AppData\Roaming\npm\node_modules\markbind-cli\lib\markbind\lib\parser.js:250:43)
2018-07-11T11:05:14.503Z - error:  Error: No such file: C:\repos\nus-cs2103\website-base\book\uml\classDiagrams\associations\what\text.md
Missing reference in C:\repos\nus-cs2103\website-base\book\uml\classDiagrams\associations\what\unit-inParent-asFlat-print.md
    at Parser._preprocess (C:\Users\dcsdcr\AppData\Roaming\npm\node_modules\markbind-cli\lib\markbind\lib\parser.js:136:21)
    at element.children.element.children.map.e (C:\Users\dcsdcr\AppData\Roaming\npm\node_modules\markbind-cli\lib\markbind\lib\parser.js:228:57)
    at Array.map (<anonymous>)
    at Parser._preprocess (C:\Users\dcsdcr\AppData\Roaming\npm\node_modules\markbind-cli\lib\markbind\lib\parser.js:228:43)
    at element.children.element.children.map.e (C:\Users\dcsdcr\AppData\Roaming\npm\node_modules\markbind-cli\lib\markbind\lib\parser.js:228:57)
    at Array.map (<anonymous>)
    at Parser._preprocess (C:\Users\dcsdcr\AppData\Roaming\npm\node_modules\markbind-cli\lib\markbind\lib\parser.js:228:43)
    at element.children.element.children.map.e (C:\Users\dcsdcr\AppData\Roaming\npm\node_modules\markbind-cli\lib\markbind\lib\parser.js:250:57)
    at Array.map (<anonymous>)
    at Parser._preprocess (C:\Users\dcsdcr\AppData\Roaming\npm\node_modules\markbind-cli\lib\markbind\lib\parser.js:250:43)
    at element.children.element.children.map.e (C:\Users\dcsdcr\AppData\Roaming\npm\node_modules\markbind-cli\lib\markbind\lib\parser.js:250:57)
    at Array.map (<anonymous>)
    at Parser._preprocess (C:\Users\dcsdcr\AppData\Roaming\npm\node_modules\markbind-cli\lib\markbind\lib\parser.js:250:43)
    at element.children.element.children.map.e (C:\Users\dcsdcr\AppData\Roaming\npm\node_modules\markbind-cli\lib\markbind\lib\parser.js:250:57)
    at Array.map (<anonymous>)
    at Parser._preprocess (C:\Users\dcsdcr\AppData\Roaming\npm\node_modules\markbind-cli\lib\markbind\lib\parser.js:250:43)
2018-07-11T11:05:14.504Z - error:  Error: No such file: C:\repos\nus-cs2103\website-base\book\uml\classDiagrams\associations\what\text.md
Missing reference in C:\repos\nus-cs2103\website-base\book\uml\classDiagrams\associations\what\unit-inParent-asFlat-print.md
    at Parser._preprocess (C:\Users\dcsdcr\AppData\Roaming\npm\node_modules\markbind-cli\lib\markbind\lib\parser.js:136:21)
    at element.children.element.children.map.e (C:\Users\dcsdcr\AppData\Roaming\npm\node_modules\markbind-cli\lib\markbind\lib\parser.js:228:57)
    at Array.map (<anonymous>)
    at Parser._preprocess (C:\Users\dcsdcr\AppData\Roaming\npm\node_modules\markbind-cli\lib\markbind\lib\parser.js:228:43)
    at element.children.element.children.map.e (C:\Users\dcsdcr\AppData\Roaming\npm\node_modules\markbind-cli\lib\markbind\lib\parser.js:228:57)
    at Array.map (<anonymous>)
    at Parser._preprocess (C:\Users\dcsdcr\AppData\Roaming\npm\node_modules\markbind-cli\lib\markbind\lib\parser.js:228:43)
    at element.children.element.children.map.e (C:\Users\dcsdcr\AppData\Roaming\npm\node_modules\markbind-cli\lib\markbind\lib\parser.js:250:57)
    at Array.map (<anonymous>)
    at Parser._preprocess (C:\Users\dcsdcr\AppData\Roaming\npm\node_modules\markbind-cli\lib\markbind\lib\parser.js:250:43)
    at element.children.element.children.map.e (C:\Users\dcsdcr\AppData\Roaming\npm\node_modules\markbind-cli\lib\markbind\lib\parser.js:250:57)
    at Array.map (<anonymous>)
    at Parser._preprocess (C:\Users\dcsdcr\AppData\Roaming\npm\node_modules\markbind-cli\lib\markbind\lib\parser.js:250:43)
    at element.children.element.children.map.e (C:\Users\dcsdcr\AppData\Roaming\npm\node_modules\markbind-cli\lib\markbind\lib\parser.js:250:57)
    at Array.map (<anonymous>)
    at Parser._preprocess (C:\Users\dcsdcr\AppData\Roaming\npm\node_modules\markbind-cli\lib\markbind\lib\parser.js:250:43)
2018-07-11T11:05:16.154Z - error:  Error: No such file: C:\repos\nus-cs2103\website-base\book\uml\classDiagrams\associations\what\text.md
Missing reference in C:\repos\nus-cs2103\website-base\book\uml\classDiagrams\associations\what\unit-inParent-asFlat-print.md
    at Parser._preprocess (C:\Users\dcsdcr\AppData\Roaming\npm\node_modules\markbind-cli\lib\markbind\lib\parser.js:136:21)
    at element.children.element.children.map.e (C:\Users\dcsdcr\AppData\Roaming\npm\node_modules\markbind-cli\lib\markbind\lib\parser.js:228:57)
    at Array.map (<anonymous>)
    at Parser._preprocess (C:\Users\dcsdcr\AppData\Roaming\npm\node_modules\markbind-cli\lib\markbind\lib\parser.js:228:43)
    at element.children.element.children.map.e (C:\Users\dcsdcr\AppData\Roaming\npm\node_modules\markbind-cli\lib\markbind\lib\parser.js:250:57)
    at Array.map (<anonymous>)
    at Parser._preprocess (C:\Users\dcsdcr\AppData\Roaming\npm\node_modules\markbind-cli\lib\markbind\lib\parser.js:250:43)
    at element.children.element.children.map.e (C:\Users\dcsdcr\AppData\Roaming\npm\node_modules\markbind-cli\lib\markbind\lib\parser.js:250:57)
    at Array.map (<anonymous>)
    at Parser._preprocess (C:\Users\dcsdcr\AppData\Roaming\npm\node_modules\markbind-cli\lib\markbind\lib\parser.js:250:43)
    at element.children.element.children.map.e (C:\Users\dcsdcr\AppData\Roaming\npm\node_modules\markbind-cli\lib\markbind\lib\parser.js:250:57)
    at Array.map (<anonymous>)
    at Parser._preprocess (C:\Users\dcsdcr\AppData\Roaming\npm\node_modules\markbind-cli\lib\markbind\lib\parser.js:250:43)
    at dom.map (C:\Users\dcsdcr\AppData\Roaming\npm\node_modules\markbind-cli\lib\markbind\lib\parser.js:387:28)
    at Array.map (<anonymous>)
    at DomHandler.htmlparser.DomHandler [as _callback] (C:\Users\dcsdcr\AppData\Roaming\npm\node_modules\markbind-cli\lib\markbind\lib\parser.js:384:25)
2018-07-11T11:05:16.154Z - error:  Error: No such file: C:\repos\nus-cs2103\website-base\book\uml\classDiagrams\associations\what\text.md
Missing reference in C:\repos\nus-cs2103\website-base\book\uml\classDiagrams\associations\what\unit-inParent-asFlat-print.md
    at Parser._preprocess (C:\Users\dcsdcr\AppData\Roaming\npm\node_modules\markbind-cli\lib\markbind\lib\parser.js:136:21)
    at element.children.element.children.map.e (C:\Users\dcsdcr\AppData\Roaming\npm\node_modules\markbind-cli\lib\markbind\lib\parser.js:228:57)
    at Array.map (<anonymous>)
    at Parser._preprocess (C:\Users\dcsdcr\AppData\Roaming\npm\node_modules\markbind-cli\lib\markbind\lib\parser.js:228:43)
    at element.children.element.children.map.e (C:\Users\dcsdcr\AppData\Roaming\npm\node_modules\markbind-cli\lib\markbind\lib\parser.js:250:57)
    at Array.map (<anonymous>)
    at Parser._preprocess (C:\Users\dcsdcr\AppData\Roaming\npm\node_modules\markbind-cli\lib\markbind\lib\parser.js:250:43)
    at element.children.element.children.map.e (C:\Users\dcsdcr\AppData\Roaming\npm\node_modules\markbind-cli\lib\markbind\lib\parser.js:250:57)
    at Array.map (<anonymous>)
    at Parser._preprocess (C:\Users\dcsdcr\AppData\Roaming\npm\node_modules\markbind-cli\lib\markbind\lib\parser.js:250:43)
    at element.children.element.children.map.e (C:\Users\dcsdcr\AppData\Roaming\npm\node_modules\markbind-cli\lib\markbind\lib\parser.js:250:57)
    at Array.map (<anonymous>)
    at Parser._preprocess (C:\Users\dcsdcr\AppData\Roaming\npm\node_modules\markbind-cli\lib\markbind\lib\parser.js:250:43)
    at dom.map (C:\Users\dcsdcr\AppData\Roaming\npm\node_modules\markbind-cli\lib\markbind\lib\parser.js:387:28)
    at Array.map (<anonymous>)
    at DomHandler.htmlparser.DomHandler [as _callback] (C:\Users\dcsdcr\AppData\Roaming\npm\node_modules\markbind-cli\lib\markbind\lib\parser.js:384:25)
2018-07-11T11:05:20.878Z - error:  Error: No such file: C:\repos\nus-cs2103\website-base\book\uml\classDiagrams\associations\what\text.md
Missing reference in C:\repos\nus-cs2103\website-base\book\uml\classDiagrams\associations\what\unit-inParent-asOutcome.md
    at Parser._preprocess (C:\Users\dcsdcr\AppData\Roaming\npm\node_modules\markbind-cli\lib\markbind\lib\parser.js:136:21)
    at element.children.element.children.map.e (C:\Users\dcsdcr\AppData\Roaming\npm\node_modules\markbind-cli\lib\markbind\lib\parser.js:250:57)
    at Array.map (<anonymous>)
    at Parser._preprocess (C:\Users\dcsdcr\AppData\Roaming\npm\node_modules\markbind-cli\lib\markbind\lib\parser.js:250:43)
    at element.children.element.children.map.e (C:\Users\dcsdcr\AppData\Roaming\npm\node_modules\markbind-cli\lib\markbind\lib\parser.js:250:57)
    at Array.map (<anonymous>)
    at Parser._preprocess (C:\Users\dcsdcr\AppData\Roaming\npm\node_modules\markbind-cli\lib\markbind\lib\parser.js:250:43)
    at element.children.element.children.map.e (C:\Users\dcsdcr\AppData\Roaming\npm\node_modules\markbind-cli\lib\markbind\lib\parser.js:228:57)
    at Array.map (<anonymous>)
    at Parser._preprocess (C:\Users\dcsdcr\AppData\Roaming\npm\node_modules\markbind-cli\lib\markbind\lib\parser.js:228:43)
    at element.children.element.children.map.e (C:\Users\dcsdcr\AppData\Roaming\npm\node_modules\markbind-cli\lib\markbind\lib\parser.js:250:57)
    at Array.map (<anonymous>)
    at Parser._preprocess (C:\Users\dcsdcr\AppData\Roaming\npm\node_modules\markbind-cli\lib\markbind\lib\parser.js:250:43)
    at element.children.element.children.map.e (C:\Users\dcsdcr\AppData\Roaming\npm\node_modules\markbind-cli\lib\markbind\lib\parser.js:250:57)
    at Array.map (<anonymous>)
    at Parser._preprocess (C:\Users\dcsdcr\AppData\Roaming\npm\node_modules\markbind-cli\lib\markbind\lib\parser.js:250:43)
2018-07-11T11:05:34.845Z - error:  Error: No such file: C:\repos\nus-cs2103\website-base\book\uml\classDiagrams\associations\what\text.md
Missing reference in C:\repos\nus-cs2103\website-base\book\uml\classDiagrams\associations\what\unit-inElsewhere-asFlat.md
    at Parser._preprocess (C:\Users\dcsdcr\AppData\Roaming\npm\node_modules\markbind-cli\lib\markbind\lib\parser.js:136:21)
    at dom.map (C:\Users\dcsdcr\AppData\Roaming\npm\node_modules\markbind-cli\lib\markbind\lib\parser.js:387:28)
    at Array.map (<anonymous>)
    at DomHandler.htmlparser.DomHandler [as _callback] (C:\Users\dcsdcr\AppData\Roaming\npm\node_modules\markbind-cli\lib\markbind\lib\parser.js:384:25)
    at DomHandler._handleCallback.DomHandler.onerror (C:\Users\dcsdcr\AppData\Roaming\npm\node_modules\markbind-cli\node_modules\domhandler\index.js:52:8)
    at DomHandler.onend (C:\Users\dcsdcr\AppData\Roaming\npm\node_modules\markbind-cli\node_modules\domhandler\index.js:46:7)
    at Parser.onend (C:\Users\dcsdcr\AppData\Roaming\npm\node_modules\markbind-cli\node_modules\htmlparser2\lib\Parser.js:310:32)
    at Tokenizer._finish (C:\Users\dcsdcr\AppData\Roaming\npm\node_modules\markbind-cli\node_modules\htmlparser2\lib\Tokenizer.js:853:12)
    at Tokenizer.end (C:\Users\dcsdcr\AppData\Roaming\npm\node_modules\markbind-cli\node_modules\htmlparser2\lib\Tokenizer.js:844:25)
    at Parser.end (C:\Users\dcsdcr\AppData\Roaming\npm\node_modules\markbind-cli\node_modules\htmlparser2\lib\Parser.js:338:18)
    at Parser.parseComplete (C:\Users\dcsdcr\AppData\Roaming\npm\node_modules\markbind-cli\node_modules\htmlparser2\lib\Parser.js:330:7)
    at fs.readFile (C:\Users\dcsdcr\AppData\Roaming\npm\node_modules\markbind-cli\lib\markbind\lib\parser.js:423:16)
    at FSReqWrap.readFileAfterClose [as oncomplete] (fs.js:511:3)
2018-07-11T11:05:34.847Z - error:  Error: No such file: C:\repos\nus-cs2103\website-base\book\uml\classDiagrams\associations\what\text.md
Missing reference in C:\repos\nus-cs2103\website-base\book\uml\classDiagrams\associations\what\unit-inElsewhere-asFlat.md
    at Parser._preprocess (C:\Users\dcsdcr\AppData\Roaming\npm\node_modules\markbind-cli\lib\markbind\lib\parser.js:136:21)
    at element.children.element.children.map.e (C:\Users\dcsdcr\AppData\Roaming\npm\node_modules\markbind-cli\lib\markbind\lib\parser.js:250:57)
    at Array.map (<anonymous>)
    at Parser._preprocess (C:\Users\dcsdcr\AppData\Roaming\npm\node_modules\markbind-cli\lib\markbind\lib\parser.js:250:43)
    at dom.map (C:\Users\dcsdcr\AppData\Roaming\npm\node_modules\markbind-cli\lib\markbind\lib\parser.js:387:28)
    at Array.map (<anonymous>)
    at DomHandler.htmlparser.DomHandler [as _callback] (C:\Users\dcsdcr\AppData\Roaming\npm\node_modules\markbind-cli\lib\markbind\lib\parser.js:384:25)
    at DomHandler._handleCallback.DomHandler.onerror (C:\Users\dcsdcr\AppData\Roaming\npm\node_modules\markbind-cli\node_modules\domhandler\index.js:52:8)
    at DomHandler.onend (C:\Users\dcsdcr\AppData\Roaming\npm\node_modules\markbind-cli\node_modules\domhandler\index.js:46:7)
    at Parser.onend (C:\Users\dcsdcr\AppData\Roaming\npm\node_modules\markbind-cli\node_modules\htmlparser2\lib\Parser.js:310:32)
    at Tokenizer._finish (C:\Users\dcsdcr\AppData\Roaming\npm\node_modules\markbind-cli\node_modules\htmlparser2\lib\Tokenizer.js:853:12)
    at Tokenizer.end (C:\Users\dcsdcr\AppData\Roaming\npm\node_modules\markbind-cli\node_modules\htmlparser2\lib\Tokenizer.js:844:25)
    at Parser.end (C:\Users\dcsdcr\AppData\Roaming\npm\node_modules\markbind-cli\node_modules\htmlparser2\lib\Parser.js:338:18)
    at Parser.parseComplete (C:\Users\dcsdcr\AppData\Roaming\npm\node_modules\markbind-cli\node_modules\htmlparser2\lib\Parser.js:330:7)
    at fs.readFile (C:\Users\dcsdcr\AppData\Roaming\npm\node_modules\markbind-cli\lib\markbind\lib\parser.js:423:16)
    at FSReqWrap.readFileAfterClose [as oncomplete] (fs.js:511:3)
2018-07-11T11:05:34.847Z - error:  Error: No such file: C:\repos\nus-cs2103\website-base\book\uml\classDiagrams\associations\what\text.md
Missing reference in C:\repos\nus-cs2103\website-base\book\uml\classDiagrams\associations\what\unit-inElsewhere-asFlat.md
    at Parser._preprocess (C:\Users\dcsdcr\AppData\Roaming\npm\node_modules\markbind-cli\lib\markbind\lib\parser.js:136:21)
    at element.children.element.children.map.e (C:\Users\dcsdcr\AppData\Roaming\npm\node_modules\markbind-cli\lib\markbind\lib\parser.js:250:57)
    at Array.map (<anonymous>)
    at Parser._preprocess (C:\Users\dcsdcr\AppData\Roaming\npm\node_modules\markbind-cli\lib\markbind\lib\parser.js:250:43)
    at element.children.element.children.map.e (C:\Users\dcsdcr\AppData\Roaming\npm\node_modules\markbind-cli\lib\markbind\lib\parser.js:250:57)
    at Array.map (<anonymous>)
    at Parser._preprocess (C:\Users\dcsdcr\AppData\Roaming\npm\node_modules\markbind-cli\lib\markbind\lib\parser.js:250:43)
    at dom.map (C:\Users\dcsdcr\AppData\Roaming\npm\node_modules\markbind-cli\lib\markbind\lib\parser.js:387:28)
    at Array.map (<anonymous>)
    at DomHandler.htmlparser.DomHandler [as _callback] (C:\Users\dcsdcr\AppData\Roaming\npm\node_modules\markbind-cli\lib\markbind\lib\parser.js:384:25)
    at DomHandler._handleCallback.DomHandler.onerror (C:\Users\dcsdcr\AppData\Roaming\npm\node_modules\markbind-cli\node_modules\domhandler\index.js:52:8)
    at DomHandler.onend (C:\Users\dcsdcr\AppData\Roaming\npm\node_modules\markbind-cli\node_modules\domhandler\index.js:46:7)
    at Parser.onend (C:\Users\dcsdcr\AppData\Roaming\npm\node_modules\markbind-cli\node_modules\htmlparser2\lib\Parser.js:310:32)
    at Tokenizer._finish (C:\Users\dcsdcr\AppData\Roaming\npm\node_modules\markbind-cli\node_modules\htmlparser2\lib\Tokenizer.js:853:12)
    at Tokenizer.end (C:\Users\dcsdcr\AppData\Roaming\npm\node_modules\markbind-cli\node_modules\htmlparser2\lib\Tokenizer.js:844:25)
    at Parser.end (C:\Users\dcsdcr\AppData\Roaming\npm\node_modules\markbind-cli\node_modules\htmlparser2\lib\Parser.js:338:18)
2018-07-11T11:05:34.848Z - error:  Error: No such file: C:\repos\nus-cs2103\website-base\book\uml\classDiagrams\associations\what\text.md
Missing reference in C:\repos\nus-cs2103\website-base\book\uml\classDiagrams\associations\what\unit-inElsewhere-asFlat.md
    at Parser._preprocess (C:\Users\dcsdcr\AppData\Roaming\npm\node_modules\markbind-cli\lib\markbind\lib\parser.js:136:21)
    at element.children.element.children.map.e (C:\Users\dcsdcr\AppData\Roaming\npm\node_modules\markbind-cli\lib\markbind\lib\parser.js:250:57)
    at Array.map (<anonymous>)
    at Parser._preprocess (C:\Users\dcsdcr\AppData\Roaming\npm\node_modules\markbind-cli\lib\markbind\lib\parser.js:250:43)
    at element.children.element.children.map.e (C:\Users\dcsdcr\AppData\Roaming\npm\node_modules\markbind-cli\lib\markbind\lib\parser.js:250:57)
    at Array.map (<anonymous>)
    at Parser._preprocess (C:\Users\dcsdcr\AppData\Roaming\npm\node_modules\markbind-cli\lib\markbind\lib\parser.js:250:43)
    at dom.map (C:\Users\dcsdcr\AppData\Roaming\npm\node_modules\markbind-cli\lib\markbind\lib\parser.js:387:28)
    at Array.map (<anonymous>)
    at DomHandler.htmlparser.DomHandler [as _callback] (C:\Users\dcsdcr\AppData\Roaming\npm\node_modules\markbind-cli\lib\markbind\lib\parser.js:384:25)
    at DomHandler._handleCallback.DomHandler.onerror (C:\Users\dcsdcr\AppData\Roaming\npm\node_modules\markbind-cli\node_modules\domhandler\index.js:52:8)
    at DomHandler.onend (C:\Users\dcsdcr\AppData\Roaming\npm\node_modules\markbind-cli\node_modules\domhandler\index.js:46:7)
    at Parser.onend (C:\Users\dcsdcr\AppData\Roaming\npm\node_modules\markbind-cli\node_modules\htmlparser2\lib\Parser.js:310:32)
    at Tokenizer._finish (C:\Users\dcsdcr\AppData\Roaming\npm\node_modules\markbind-cli\node_modules\htmlparser2\lib\Tokenizer.js:853:12)
    at Tokenizer.end (C:\Users\dcsdcr\AppData\Roaming\npm\node_modules\markbind-cli\node_modules\htmlparser2\lib\Tokenizer.js:844:25)
    at Parser.end (C:\Users\dcsdcr\AppData\Roaming\npm\node_modules\markbind-cli\node_modules\htmlparser2\lib\Parser.js:338:18)
2018-07-11T11:05:41.903Z - info: Pages built
2018-07-11T11:05:41.982Z - info: Site data built
2018-07-11T11:05:41.991Z - info: Generate Site durationMs=73324
2018-07-11T11:05:42.335Z - info: Serving "C:\repos\nus-cs2103\website-base\book\_site" at http://127.0.0.1:8080
2018-07-11T11:05:42.336Z - info: Press CTRL+C to stop ...
2018-07-11T11:07:49.314Z - info: Reload for file change: C:\repos\nus-cs2103\website-base\book\oop\objects\text.md
2018-07-11T11:07:49.342Z - info: Reload for file change: C:\repos\nus-cs2103\website-base\book\oop\polymorphism\text.md
2018-07-11T11:07:50.325Z - verbose: Rebuild affected paths: C:\repos\nus-cs2103\website-base\book\oop\objects\text.md,C:\repos\nus-cs2103\website-base\book\oop\polymorphism\text.md
2018-07-11T11:07:50.325Z - info: Rebuilding 3 pages
2018-07-11T11:07:51.282Z - info: Pages rebuilt
2018-07-11T11:07:51.282Z - info: Site data built
2018-07-11T11:11:29.501Z - error:  Error: No such file: C:\repos\nus-cs2103\website-base\book\uml\classDiagrams\associations\basic\text.md
Missing reference in C:\repos\nus-cs2103\website-base\book\uml\classDiagrams\associations\basic\unit-inParent-asPanel.md
    at Parser._preprocess (C:\Users\dcsdcr\AppData\Roaming\npm\node_modules\markbind-cli\lib\markbind\lib\parser.js:136:21)
    at element.children.element.children.map.e (C:\Users\dcsdcr\AppData\Roaming\npm\node_modules\markbind-cli\lib\markbind\lib\parser.js:250:57)
    at Array.map (<anonymous>)
    at Parser._preprocess (C:\Users\dcsdcr\AppData\Roaming\npm\node_modules\markbind-cli\lib\markbind\lib\parser.js:250:43)
    at element.children.element.children.map.e (C:\Users\dcsdcr\AppData\Roaming\npm\node_modules\markbind-cli\lib\markbind\lib\parser.js:250:57)
    at Array.map (<anonymous>)
    at Parser._preprocess (C:\Users\dcsdcr\AppData\Roaming\npm\node_modules\markbind-cli\lib\markbind\lib\parser.js:250:43)
    at element.children.element.children.map.e (C:\Users\dcsdcr\AppData\Roaming\npm\node_modules\markbind-cli\lib\markbind\lib\parser.js:228:57)
    at Array.map (<anonymous>)
    at Parser._preprocess (C:\Users\dcsdcr\AppData\Roaming\npm\node_modules\markbind-cli\lib\markbind\lib\parser.js:228:43)
    at element.children.element.children.map.e (C:\Users\dcsdcr\AppData\Roaming\npm\node_modules\markbind-cli\lib\markbind\lib\parser.js:228:57)
    at Array.map (<anonymous>)
    at Parser._preprocess (C:\Users\dcsdcr\AppData\Roaming\npm\node_modules\markbind-cli\lib\markbind\lib\parser.js:228:43)
    at element.children.element.children.map.e (C:\Users\dcsdcr\AppData\Roaming\npm\node_modules\markbind-cli\lib\markbind\lib\parser.js:250:57)
    at Array.map (<anonymous>)
    at Parser._preprocess (C:\Users\dcsdcr\AppData\Roaming\npm\node_modules\markbind-cli\lib\markbind\lib\parser.js:250:43)
2018-07-11T11:11:29.502Z - error:  Error: No such file: C:\repos\nus-cs2103\website-base\book\uml\classDiagrams\associations\basic\text.md
Missing reference in C:\repos\nus-cs2103\website-base\book\uml\classDiagrams\associations\basic\unit-inParent-asPanel.md
    at Parser._preprocess (C:\Users\dcsdcr\AppData\Roaming\npm\node_modules\markbind-cli\lib\markbind\lib\parser.js:136:21)
    at element.children.element.children.map.e (C:\Users\dcsdcr\AppData\Roaming\npm\node_modules\markbind-cli\lib\markbind\lib\parser.js:250:57)
    at Array.map (<anonymous>)
    at Parser._preprocess (C:\Users\dcsdcr\AppData\Roaming\npm\node_modules\markbind-cli\lib\markbind\lib\parser.js:250:43)
    at element.children.element.children.map.e (C:\Users\dcsdcr\AppData\Roaming\npm\node_modules\markbind-cli\lib\markbind\lib\parser.js:250:57)
    at Array.map (<anonymous>)
    at Parser._preprocess (C:\Users\dcsdcr\AppData\Roaming\npm\node_modules\markbind-cli\lib\markbind\lib\parser.js:250:43)
    at element.children.element.children.map.e (C:\Users\dcsdcr\AppData\Roaming\npm\node_modules\markbind-cli\lib\markbind\lib\parser.js:250:57)
    at Array.map (<anonymous>)
    at Parser._preprocess (C:\Users\dcsdcr\AppData\Roaming\npm\node_modules\markbind-cli\lib\markbind\lib\parser.js:250:43)
    at element.children.element.children.map.e (C:\Users\dcsdcr\AppData\Roaming\npm\node_modules\markbind-cli\lib\markbind\lib\parser.js:228:57)
    at Array.map (<anonymous>)
    at Parser._preprocess (C:\Users\dcsdcr\AppData\Roaming\npm\node_modules\markbind-cli\lib\markbind\lib\parser.js:228:43)
    at element.children.element.children.map.e (C:\Users\dcsdcr\AppData\Roaming\npm\node_modules\markbind-cli\lib\markbind\lib\parser.js:228:57)
    at Array.map (<anonymous>)
    at Parser._preprocess (C:\Users\dcsdcr\AppData\Roaming\npm\node_modules\markbind-cli\lib\markbind\lib\parser.js:228:43)
2018-07-11T11:11:29.503Z - error:  Error: No such file: C:\repos\nus-cs2103\website-base\book\uml\classDiagrams\associations\basic\text.md
Missing reference in C:\repos\nus-cs2103\website-base\book\uml\classDiagrams\associations\basic\unit-inParent-asPanel.md
    at Parser._preprocess (C:\Users\dcsdcr\AppData\Roaming\npm\node_modules\markbind-cli\lib\markbind\lib\parser.js:136:21)
    at element.children.element.children.map.e (C:\Users\dcsdcr\AppData\Roaming\npm\node_modules\markbind-cli\lib\markbind\lib\parser.js:250:57)
    at Array.map (<anonymous>)
    at Parser._preprocess (C:\Users\dcsdcr\AppData\Roaming\npm\node_modules\markbind-cli\lib\markbind\lib\parser.js:250:43)
    at element.children.element.children.map.e (C:\Users\dcsdcr\AppData\Roaming\npm\node_modules\markbind-cli\lib\markbind\lib\parser.js:228:57)
    at Array.map (<anonymous>)
    at Parser._preprocess (C:\Users\dcsdcr\AppData\Roaming\npm\node_modules\markbind-cli\lib\markbind\lib\parser.js:228:43)
    at element.children.element.children.map.e (C:\Users\dcsdcr\AppData\Roaming\npm\node_modules\markbind-cli\lib\markbind\lib\parser.js:228:57)
    at Array.map (<anonymous>)
    at Parser._preprocess (C:\Users\dcsdcr\AppData\Roaming\npm\node_modules\markbind-cli\lib\markbind\lib\parser.js:228:43)
    at element.children.element.children.map.e (C:\Users\dcsdcr\AppData\Roaming\npm\node_modules\markbind-cli\lib\markbind\lib\parser.js:250:57)
    at Array.map (<anonymous>)
    at Parser._preprocess (C:\Users\dcsdcr\AppData\Roaming\npm\node_modules\markbind-cli\lib\markbind\lib\parser.js:250:43)
    at element.children.element.children.map.e (C:\Users\dcsdcr\AppData\Roaming\npm\node_modules\markbind-cli\lib\markbind\lib\parser.js:250:57)
    at Array.map (<anonymous>)
    at Parser._preprocess (C:\Users\dcsdcr\AppData\Roaming\npm\node_modules\markbind-cli\lib\markbind\lib\parser.js:250:43)
2018-07-11T11:11:29.503Z - error:  Error: No such file: C:\repos\nus-cs2103\website-base\book\uml\classDiagrams\associations\basic\text.md
Missing reference in C:\repos\nus-cs2103\website-base\book\uml\classDiagrams\associations\basic\unit-inParent-asPanel.md
    at Parser._preprocess (C:\Users\dcsdcr\AppData\Roaming\npm\node_modules\markbind-cli\lib\markbind\lib\parser.js:136:21)
    at element.children.element.children.map.e (C:\Users\dcsdcr\AppData\Roaming\npm\node_modules\markbind-cli\lib\markbind\lib\parser.js:250:57)
    at Array.map (<anonymous>)
    at Parser._preprocess (C:\Users\dcsdcr\AppData\Roaming\npm\node_modules\markbind-cli\lib\markbind\lib\parser.js:250:43)
    at element.children.element.children.map.e (C:\Users\dcsdcr\AppData\Roaming\npm\node_modules\markbind-cli\lib\markbind\lib\parser.js:228:57)
    at Array.map (<anonymous>)
    at Parser._preprocess (C:\Users\dcsdcr\AppData\Roaming\npm\node_modules\markbind-cli\lib\markbind\lib\parser.js:228:43)
    at element.children.element.children.map.e (C:\Users\dcsdcr\AppData\Roaming\npm\node_modules\markbind-cli\lib\markbind\lib\parser.js:228:57)
    at Array.map (<anonymous>)
    at Parser._preprocess (C:\Users\dcsdcr\AppData\Roaming\npm\node_modules\markbind-cli\lib\markbind\lib\parser.js:228:43)
    at element.children.element.children.map.e (C:\Users\dcsdcr\AppData\Roaming\npm\node_modules\markbind-cli\lib\markbind\lib\parser.js:250:57)
    at Array.map (<anonymous>)
    at Parser._preprocess (C:\Users\dcsdcr\AppData\Roaming\npm\node_modules\markbind-cli\lib\markbind\lib\parser.js:250:43)
    at element.children.element.children.map.e (C:\Users\dcsdcr\AppData\Roaming\npm\node_modules\markbind-cli\lib\markbind\lib\parser.js:250:57)
    at Array.map (<anonymous>)
    at Parser._preprocess (C:\Users\dcsdcr\AppData\Roaming\npm\node_modules\markbind-cli\lib\markbind\lib\parser.js:250:43)
2018-07-11T11:11:29.786Z - error:  Error: No such file: C:\repos\nus-cs2103\website-base\book\uml\classDiagrams\associations\basic\text.md
Missing reference in C:\repos\nus-cs2103\website-base\book\uml\classDiagrams\associations\basic\unit-inParent-asPanel.md
    at Parser._preprocess (C:\Users\dcsdcr\AppData\Roaming\npm\node_modules\markbind-cli\lib\markbind\lib\parser.js:136:21)
    at element.children.element.children.map.e (C:\Users\dcsdcr\AppData\Roaming\npm\node_modules\markbind-cli\lib\markbind\lib\parser.js:250:57)
    at Array.map (<anonymous>)
    at Parser._preprocess (C:\Users\dcsdcr\AppData\Roaming\npm\node_modules\markbind-cli\lib\markbind\lib\parser.js:250:43)
    at element.children.element.children.map.e (C:\Users\dcsdcr\AppData\Roaming\npm\node_modules\markbind-cli\lib\markbind\lib\parser.js:250:57)
    at Array.map (<anonymous>)
    at Parser._preprocess (C:\Users\dcsdcr\AppData\Roaming\npm\node_modules\markbind-cli\lib\markbind\lib\parser.js:250:43)
    at element.children.element.children.map.e (C:\Users\dcsdcr\AppData\Roaming\npm\node_modules\markbind-cli\lib\markbind\lib\parser.js:228:57)
    at Array.map (<anonymous>)
    at Parser._preprocess (C:\Users\dcsdcr\AppData\Roaming\npm\node_modules\markbind-cli\lib\markbind\lib\parser.js:228:43)
    at element.children.element.children.map.e (C:\Users\dcsdcr\AppData\Roaming\npm\node_modules\markbind-cli\lib\markbind\lib\parser.js:228:57)
    at Array.map (<anonymous>)
    at Parser._preprocess (C:\Users\dcsdcr\AppData\Roaming\npm\node_modules\markbind-cli\lib\markbind\lib\parser.js:228:43)
    at element.children.element.children.map.e (C:\Users\dcsdcr\AppData\Roaming\npm\node_modules\markbind-cli\lib\markbind\lib\parser.js:250:57)
    at Array.map (<anonymous>)
    at Parser._preprocess (C:\Users\dcsdcr\AppData\Roaming\npm\node_modules\markbind-cli\lib\markbind\lib\parser.js:250:43)
2018-07-11T11:11:29.786Z - error:  Error: No such file: C:\repos\nus-cs2103\website-base\book\uml\classDiagrams\associations\basic\text.md
Missing reference in C:\repos\nus-cs2103\website-base\book\uml\classDiagrams\associations\basic\unit-inParent-asPanel.md
    at Parser._preprocess (C:\Users\dcsdcr\AppData\Roaming\npm\node_modules\markbind-cli\lib\markbind\lib\parser.js:136:21)
    at element.children.element.children.map.e (C:\Users\dcsdcr\AppData\Roaming\npm\node_modules\markbind-cli\lib\markbind\lib\parser.js:250:57)
    at Array.map (<anonymous>)
    at Parser._preprocess (C:\Users\dcsdcr\AppData\Roaming\npm\node_modules\markbind-cli\lib\markbind\lib\parser.js:250:43)
    at element.children.element.children.map.e (C:\Users\dcsdcr\AppData\Roaming\npm\node_modules\markbind-cli\lib\markbind\lib\parser.js:250:57)
    at Array.map (<anonymous>)
    at Parser._preprocess (C:\Users\dcsdcr\AppData\Roaming\npm\node_modules\markbind-cli\lib\markbind\lib\parser.js:250:43)
    at element.children.element.children.map.e (C:\Users\dcsdcr\AppData\Roaming\npm\node_modules\markbind-cli\lib\markbind\lib\parser.js:250:57)
    at Array.map (<anonymous>)
    at Parser._preprocess (C:\Users\dcsdcr\AppData\Roaming\npm\node_modules\markbind-cli\lib\markbind\lib\parser.js:250:43)
    at element.children.element.children.map.e (C:\Users\dcsdcr\AppData\Roaming\npm\node_modules\markbind-cli\lib\markbind\lib\parser.js:228:57)
    at Array.map (<anonymous>)
    at Parser._preprocess (C:\Users\dcsdcr\AppData\Roaming\npm\node_modules\markbind-cli\lib\markbind\lib\parser.js:228:43)
    at element.children.element.children.map.e (C:\Users\dcsdcr\AppData\Roaming\npm\node_modules\markbind-cli\lib\markbind\lib\parser.js:228:57)
    at Array.map (<anonymous>)
    at Parser._preprocess (C:\Users\dcsdcr\AppData\Roaming\npm\node_modules\markbind-cli\lib\markbind\lib\parser.js:228:43)
2018-07-11T11:11:29.787Z - error:  Error: No such file: C:\repos\nus-cs2103\website-base\book\uml\classDiagrams\associations\basic\text.md
Missing reference in C:\repos\nus-cs2103\website-base\book\uml\classDiagrams\associations\basic\unit-inParent-asPanel.md
    at Parser._preprocess (C:\Users\dcsdcr\AppData\Roaming\npm\node_modules\markbind-cli\lib\markbind\lib\parser.js:136:21)
    at element.children.element.children.map.e (C:\Users\dcsdcr\AppData\Roaming\npm\node_modules\markbind-cli\lib\markbind\lib\parser.js:250:57)
    at Array.map (<anonymous>)
    at Parser._preprocess (C:\Users\dcsdcr\AppData\Roaming\npm\node_modules\markbind-cli\lib\markbind\lib\parser.js:250:43)
    at element.children.element.children.map.e (C:\Users\dcsdcr\AppData\Roaming\npm\node_modules\markbind-cli\lib\markbind\lib\parser.js:228:57)
    at Array.map (<anonymous>)
    at Parser._preprocess (C:\Users\dcsdcr\AppData\Roaming\npm\node_modules\markbind-cli\lib\markbind\lib\parser.js:228:43)
    at element.children.element.children.map.e (C:\Users\dcsdcr\AppData\Roaming\npm\node_modules\markbind-cli\lib\markbind\lib\parser.js:228:57)
    at Array.map (<anonymous>)
    at Parser._preprocess (C:\Users\dcsdcr\AppData\Roaming\npm\node_modules\markbind-cli\lib\markbind\lib\parser.js:228:43)
    at element.children.element.children.map.e (C:\Users\dcsdcr\AppData\Roaming\npm\node_modules\markbind-cli\lib\markbind\lib\parser.js:250:57)
    at Array.map (<anonymous>)
    at Parser._preprocess (C:\Users\dcsdcr\AppData\Roaming\npm\node_modules\markbind-cli\lib\markbind\lib\parser.js:250:43)
    at element.children.element.children.map.e (C:\Users\dcsdcr\AppData\Roaming\npm\node_modules\markbind-cli\lib\markbind\lib\parser.js:228:57)
    at Array.map (<anonymous>)
    at Parser._preprocess (C:\Users\dcsdcr\AppData\Roaming\npm\node_modules\markbind-cli\lib\markbind\lib\parser.js:228:43)
2018-07-11T11:11:29.787Z - error:  Error: No such file: C:\repos\nus-cs2103\website-base\book\uml\classDiagrams\associations\basic\text.md
Missing reference in C:\repos\nus-cs2103\website-base\book\uml\classDiagrams\associations\basic\unit-inParent-asPanel.md
    at Parser._preprocess (C:\Users\dcsdcr\AppData\Roaming\npm\node_modules\markbind-cli\lib\markbind\lib\parser.js:136:21)
    at element.children.element.children.map.e (C:\Users\dcsdcr\AppData\Roaming\npm\node_modules\markbind-cli\lib\markbind\lib\parser.js:250:57)
    at Array.map (<anonymous>)
    at Parser._preprocess (C:\Users\dcsdcr\AppData\Roaming\npm\node_modules\markbind-cli\lib\markbind\lib\parser.js:250:43)
    at element.children.element.children.map.e (C:\Users\dcsdcr\AppData\Roaming\npm\node_modules\markbind-cli\lib\markbind\lib\parser.js:228:57)
    at Array.map (<anonymous>)
    at Parser._preprocess (C:\Users\dcsdcr\AppData\Roaming\npm\node_modules\markbind-cli\lib\markbind\lib\parser.js:228:43)
    at element.children.element.children.map.e (C:\Users\dcsdcr\AppData\Roaming\npm\node_modules\markbind-cli\lib\markbind\lib\parser.js:228:57)
    at Array.map (<anonymous>)
    at Parser._preprocess (C:\Users\dcsdcr\AppData\Roaming\npm\node_modules\markbind-cli\lib\markbind\lib\parser.js:228:43)
    at element.children.element.children.map.e (C:\Users\dcsdcr\AppData\Roaming\npm\node_modules\markbind-cli\lib\markbind\lib\parser.js:250:57)
    at Array.map (<anonymous>)
    at Parser._preprocess (C:\Users\dcsdcr\AppData\Roaming\npm\node_modules\markbind-cli\lib\markbind\lib\parser.js:250:43)
    at element.children.element.children.map.e (C:\Users\dcsdcr\AppData\Roaming\npm\node_modules\markbind-cli\lib\markbind\lib\parser.js:228:57)
    at Array.map (<anonymous>)
    at Parser._preprocess (C:\Users\dcsdcr\AppData\Roaming\npm\node_modules\markbind-cli\lib\markbind\lib\parser.js:228:43)
2018-07-11T11:11:29.945Z - error:  Error: No such file: C:\repos\nus-cs2103\website-base\book\uml\classDiagrams\associations\basic\text.md
Missing reference in C:\repos\nus-cs2103\website-base\book\uml\classDiagrams\associations\basic\unit-inParent-asPanel.md
    at Parser._preprocess (C:\Users\dcsdcr\AppData\Roaming\npm\node_modules\markbind-cli\lib\markbind\lib\parser.js:136:21)
    at element.children.element.children.map.e (C:\Users\dcsdcr\AppData\Roaming\npm\node_modules\markbind-cli\lib\markbind\lib\parser.js:250:57)
    at Array.map (<anonymous>)
    at Parser._preprocess (C:\Users\dcsdcr\AppData\Roaming\npm\node_modules\markbind-cli\lib\markbind\lib\parser.js:250:43)
    at element.children.element.children.map.e (C:\Users\dcsdcr\AppData\Roaming\npm\node_modules\markbind-cli\lib\markbind\lib\parser.js:250:57)
    at Array.map (<anonymous>)
    at Parser._preprocess (C:\Users\dcsdcr\AppData\Roaming\npm\node_modules\markbind-cli\lib\markbind\lib\parser.js:250:43)
    at element.children.element.children.map.e (C:\Users\dcsdcr\AppData\Roaming\npm\node_modules\markbind-cli\lib\markbind\lib\parser.js:228:57)
    at Array.map (<anonymous>)
    at Parser._preprocess (C:\Users\dcsdcr\AppData\Roaming\npm\node_modules\markbind-cli\lib\markbind\lib\parser.js:228:43)
    at element.children.element.children.map.e (C:\Users\dcsdcr\AppData\Roaming\npm\node_modules\markbind-cli\lib\markbind\lib\parser.js:228:57)
    at Array.map (<anonymous>)
    at Parser._preprocess (C:\Users\dcsdcr\AppData\Roaming\npm\node_modules\markbind-cli\lib\markbind\lib\parser.js:228:43)
    at element.children.element.children.map.e (C:\Users\dcsdcr\AppData\Roaming\npm\node_modules\markbind-cli\lib\markbind\lib\parser.js:250:57)
    at Array.map (<anonymous>)
    at Parser._preprocess (C:\Users\dcsdcr\AppData\Roaming\npm\node_modules\markbind-cli\lib\markbind\lib\parser.js:250:43)
2018-07-11T11:11:29.945Z - error:  Error: No such file: C:\repos\nus-cs2103\website-base\book\uml\classDiagrams\associations\basic\text.md
Missing reference in C:\repos\nus-cs2103\website-base\book\uml\classDiagrams\associations\basic\unit-inParent-asPanel.md
    at Parser._preprocess (C:\Users\dcsdcr\AppData\Roaming\npm\node_modules\markbind-cli\lib\markbind\lib\parser.js:136:21)
    at element.children.element.children.map.e (C:\Users\dcsdcr\AppData\Roaming\npm\node_modules\markbind-cli\lib\markbind\lib\parser.js:250:57)
    at Array.map (<anonymous>)
    at Parser._preprocess (C:\Users\dcsdcr\AppData\Roaming\npm\node_modules\markbind-cli\lib\markbind\lib\parser.js:250:43)
    at element.children.element.children.map.e (C:\Users\dcsdcr\AppData\Roaming\npm\node_modules\markbind-cli\lib\markbind\lib\parser.js:250:57)
    at Array.map (<anonymous>)
    at Parser._preprocess (C:\Users\dcsdcr\AppData\Roaming\npm\node_modules\markbind-cli\lib\markbind\lib\parser.js:250:43)
    at element.children.element.children.map.e (C:\Users\dcsdcr\AppData\Roaming\npm\node_modules\markbind-cli\lib\markbind\lib\parser.js:250:57)
    at Array.map (<anonymous>)
    at Parser._preprocess (C:\Users\dcsdcr\AppData\Roaming\npm\node_modules\markbind-cli\lib\markbind\lib\parser.js:250:43)
    at element.children.element.children.map.e (C:\Users\dcsdcr\AppData\Roaming\npm\node_modules\markbind-cli\lib\markbind\lib\parser.js:228:57)
    at Array.map (<anonymous>)
    at Parser._preprocess (C:\Users\dcsdcr\AppData\Roaming\npm\node_modules\markbind-cli\lib\markbind\lib\parser.js:228:43)
    at element.children.element.children.map.e (C:\Users\dcsdcr\AppData\Roaming\npm\node_modules\markbind-cli\lib\markbind\lib\parser.js:228:57)
    at Array.map (<anonymous>)
    at Parser._preprocess (C:\Users\dcsdcr\AppData\Roaming\npm\node_modules\markbind-cli\lib\markbind\lib\parser.js:228:43)
2018-07-11T11:11:29.946Z - error:  Error: No such file: C:\repos\nus-cs2103\website-base\book\uml\classDiagrams\associations\basic\text.md
Missing reference in C:\repos\nus-cs2103\website-base\book\uml\classDiagrams\associations\basic\unit-inParent-asPanel.md
    at Parser._preprocess (C:\Users\dcsdcr\AppData\Roaming\npm\node_modules\markbind-cli\lib\markbind\lib\parser.js:136:21)
    at element.children.element.children.map.e (C:\Users\dcsdcr\AppData\Roaming\npm\node_modules\markbind-cli\lib\markbind\lib\parser.js:250:57)
    at Array.map (<anonymous>)
    at Parser._preprocess (C:\Users\dcsdcr\AppData\Roaming\npm\node_modules\markbind-cli\lib\markbind\lib\parser.js:250:43)
    at element.children.element.children.map.e (C:\Users\dcsdcr\AppData\Roaming\npm\node_modules\markbind-cli\lib\markbind\lib\parser.js:228:57)
    at Array.map (<anonymous>)
    at Parser._preprocess (C:\Users\dcsdcr\AppData\Roaming\npm\node_modules\markbind-cli\lib\markbind\lib\parser.js:228:43)
    at element.children.element.children.map.e (C:\Users\dcsdcr\AppData\Roaming\npm\node_modules\markbind-cli\lib\markbind\lib\parser.js:228:57)
    at Array.map (<anonymous>)
    at Parser._preprocess (C:\Users\dcsdcr\AppData\Roaming\npm\node_modules\markbind-cli\lib\markbind\lib\parser.js:228:43)
    at element.children.element.children.map.e (C:\Users\dcsdcr\AppData\Roaming\npm\node_modules\markbind-cli\lib\markbind\lib\parser.js:250:57)
    at Array.map (<anonymous>)
    at Parser._preprocess (C:\Users\dcsdcr\AppData\Roaming\npm\node_modules\markbind-cli\lib\markbind\lib\parser.js:250:43)
    at element.children.element.children.map.e (C:\Users\dcsdcr\AppData\Roaming\npm\node_modules\markbind-cli\lib\markbind\lib\parser.js:228:57)
    at Array.map (<anonymous>)
    at Parser._preprocess (C:\Users\dcsdcr\AppData\Roaming\npm\node_modules\markbind-cli\lib\markbind\lib\parser.js:228:43)
2018-07-11T11:11:29.946Z - error:  Error: No such file: C:\repos\nus-cs2103\website-base\book\uml\classDiagrams\associations\basic\text.md
Missing reference in C:\repos\nus-cs2103\website-base\book\uml\classDiagrams\associations\basic\unit-inParent-asPanel.md
    at Parser._preprocess (C:\Users\dcsdcr\AppData\Roaming\npm\node_modules\markbind-cli\lib\markbind\lib\parser.js:136:21)
    at element.children.element.children.map.e (C:\Users\dcsdcr\AppData\Roaming\npm\node_modules\markbind-cli\lib\markbind\lib\parser.js:250:57)
    at Array.map (<anonymous>)
    at Parser._preprocess (C:\Users\dcsdcr\AppData\Roaming\npm\node_modules\markbind-cli\lib\markbind\lib\parser.js:250:43)
    at element.children.element.children.map.e (C:\Users\dcsdcr\AppData\Roaming\npm\node_modules\markbind-cli\lib\markbind\lib\parser.js:228:57)
    at Array.map (<anonymous>)
    at Parser._preprocess (C:\Users\dcsdcr\AppData\Roaming\npm\node_modules\markbind-cli\lib\markbind\lib\parser.js:228:43)
    at element.children.element.children.map.e (C:\Users\dcsdcr\AppData\Roaming\npm\node_modules\markbind-cli\lib\markbind\lib\parser.js:228:57)
    at Array.map (<anonymous>)
    at Parser._preprocess (C:\Users\dcsdcr\AppData\Roaming\npm\node_modules\markbind-cli\lib\markbind\lib\parser.js:228:43)
    at element.children.element.children.map.e (C:\Users\dcsdcr\AppData\Roaming\npm\node_modules\markbind-cli\lib\markbind\lib\parser.js:250:57)
    at Array.map (<anonymous>)
    at Parser._preprocess (C:\Users\dcsdcr\AppData\Roaming\npm\node_modules\markbind-cli\lib\markbind\lib\parser.js:250:43)
    at element.children.element.children.map.e (C:\Users\dcsdcr\AppData\Roaming\npm\node_modules\markbind-cli\lib\markbind\lib\parser.js:228:57)
    at Array.map (<anonymous>)
    at Parser._preprocess (C:\Users\dcsdcr\AppData\Roaming\npm\node_modules\markbind-cli\lib\markbind\lib\parser.js:228:43)
2018-07-11T11:11:57.277Z - info: Pages built
2018-07-11T11:11:57.354Z - info: Site data built
2018-07-11T11:11:57.363Z - info: Generate Site durationMs=66410
2018-07-11T11:11:57.694Z - info: Serving "C:\repos\nus-cs2103\website-base\book\_site" at http://127.0.0.1:8080
2018-07-11T11:11:57.694Z - info: Press CTRL+C to stop ...
2018-07-11T11:15:24.960Z - info: Reload for file change: C:\repos\nus-cs2103\website-base\book\uml\classDiagrams\associations\text.md
2018-07-11T11:15:24.976Z - info: Reload for file change: C:\repos\nus-cs2103\website-base\book\uml\classDiagrams\associations\preview.md
2018-07-11T11:15:25.981Z - verbose: Rebuild affected paths: C:\repos\nus-cs2103\website-base\book\uml\classDiagrams\associations\text.md,C:\repos\nus-cs2103\website-base\book\uml\classDiagrams\associations\preview.md
2018-07-11T11:15:25.981Z - info: Rebuilding 3 pages
2018-07-11T11:16:53.284Z - info: Pages built
2018-07-11T11:16:53.368Z - info: Site data built
2018-07-11T11:16:53.378Z - info: Generate Site durationMs=71238
2018-07-11T11:16:53.717Z - info: Serving "C:\repos\nus-cs2103\website-base\book\_site" at http://127.0.0.1:8080
2018-07-11T11:16:53.717Z - info: Press CTRL+C to stop ...
